[0.020s] Invoking command in '/home/adam/ros_ws/build/loam_interface': CMAKE_PREFIX_PATH=/opt/ros/humble /usr/bin/cmake /home/adam/ros_ws/src/pb2025_sentry_nav/loam_interface -DCMAKE_BUILD_TYPE=Release -DAMENT_CMAKE_SYMLINK_INSTALL=1 -DCMAKE_INSTALL_PREFIX=/home/adam/ros_ws/install/loam_interface
[0.121s] -- The C compiler identification is GNU 11.4.0
[0.219s] -- The CXX compiler identification is GNU 11.4.0
[0.233s] -- Detecting C compiler ABI info
[0.310s] -- Detecting C compiler ABI info - done
[0.324s] -- Check for working C compiler: /usr/bin/cc - skipped
[0.328s] -- Detecting C compile features
[0.328s] -- Detecting C compile features - done
[0.328s] -- Detecting CXX compiler ABI info
[0.466s] -- Detecting CXX compiler ABI info - done
[0.483s] -- Check for working CXX compiler: /usr/bin/c++ - skipped
[0.484s] -- Detecting CXX compile features
[0.484s] -- Detecting CXX compile features - done
[0.490s] -- Found ament_cmake_auto: 1.3.11 (/opt/ros/humble/share/ament_cmake_auto/cmake)
[0.677s] -- Found Python3: /usr/bin/python3 (found version "3.10.12") found components: Interpreter 
[0.760s] -- Override CMake install command with custom implementation using symlinks instead of copying resources
[0.909s] -- Found rosidl_generator_c: 3.1.6 (/opt/ros/humble/share/rosidl_generator_c/cmake)
[0.917s] -- Found rosidl_adapter: 3.1.6 (/opt/ros/humble/share/rosidl_adapter/cmake)
[0.923s] -- Found rosidl_generator_cpp: 3.1.6 (/opt/ros/humble/share/rosidl_generator_cpp/cmake)
[0.940s] -- Using all available rosidl_typesupport_c: rosidl_typesupport_fastrtps_c;rosidl_typesupport_introspection_c
[0.960s] -- Using all available rosidl_typesupport_cpp: rosidl_typesupport_fastrtps_cpp;rosidl_typesupport_introspection_cpp
[1.015s] -- Found rmw_implementation_cmake: 6.1.2 (/opt/ros/humble/share/rmw_implementation_cmake/cmake)
[1.022s] -- Found rmw_fastrtps_cpp: 6.2.7 (/opt/ros/humble/share/rmw_fastrtps_cpp/cmake)
[1.114s] -- Found OpenSSL: /usr/lib/x86_64-linux-gnu/libcrypto.so (found version "3.0.2")  
[1.145s] -- Found FastRTPS: /opt/ros/humble/include  
[1.187s] -- Using RMW implementation 'rmw_fastrtps_cpp' as default
[1.198s] -- Looking for pthread.h
[1.280s] -- Looking for pthread.h - found
[1.280s] -- Performing Test CMAKE_HAVE_LIBC_PTHREAD
[1.374s] -- Performing Test CMAKE_HAVE_LIBC_PTHREAD - Success
[1.374s] -- Found Threads: TRUE  
[1.593s] -- Found eigen3_cmake_module: 0.1.1 (/opt/ros/humble/share/eigen3_cmake_module/cmake)
[1.594s] -- Found Eigen3: TRUE (found version "3.4.0") 
[1.595s] -- Ensuring Eigen3 include directory is part of orocos-kdl CMake target
[1.693s] -- Checking for module 'eigen3'
[1.709s] --   Found eigen3, version 3.4.0
[1.755s] -- Found Eigen: /usr/include/eigen3 (Required is at least version "3.1") 
[1.755s] -- Eigen found (include: /usr/include/eigen3, version: 3.4.0)
[1.791s] -- Checking for module 'flann'
[1.804s] --   Found flann, version 1.9.1
[1.849s] -- Found FLANN: /usr/lib/x86_64-linux-gnu/libflann_cpp.so  
[1.849s] -- FLANN found (include: /usr/include, lib: /usr/lib/x86_64-linux-gnu/libflann_cpp.so)
[3.343s] -- Checking for module 'libusb-1.0'
[3.369s] --   Found libusb-1.0, version 1.0.25
[3.453s] -- Found libusb: /usr/lib/x86_64-linux-gnu/libusb-1.0.so  
[3.453s] -- OpenNI found (version: 1.5.4.0, include: /usr/include/ni, lib: /usr/lib/libOpenNI.so;libusb::libusb)
[3.582s] -- OpenNI2 found (version: 2.2.0.33, include: /usr/include/openni2, lib: /usr/lib/x86_64-linux-gnu/libOpenNI2.so;libusb::libusb)
[3.836s] -- Eigen found (include: /usr/include/eigen3, version: 3.4.0)
[3.845s] -- OpenNI found (version: 1.5.4.0, include: /usr/include/ni, lib: /usr/lib/libOpenNI.so;libusb::libusb)
[3.852s] -- OpenNI2 found (version: 2.2.0.33, include: /usr/include/openni2, lib: /usr/lib/x86_64-linux-gnu/libOpenNI2.so;libusb::libusb)
[4.101s] -- Found Qhull version 8.0.2
[4.445s] -- OpenNI found (version: 1.5.4.0, include: /usr/include/ni, lib: /usr/lib/libOpenNI.so;libusb::libusb)
[4.839s] -- Found PCL_COMMON: /usr/lib/x86_64-linux-gnu/libpcl_common.so  
[4.840s] -- Found PCL_KDTREE: /usr/lib/x86_64-linux-gnu/libpcl_kdtree.so  
[4.842s] -- Found PCL_OCTREE: /usr/lib/x86_64-linux-gnu/libpcl_octree.so  
[4.843s] -- Found PCL_SEARCH: /usr/lib/x86_64-linux-gnu/libpcl_search.so  
[4.844s] -- Found PCL_SAMPLE_CONSENSUS: /usr/lib/x86_64-linux-gnu/libpcl_sample_consensus.so  
[4.845s] -- Found PCL_FILTERS: /usr/lib/x86_64-linux-gnu/libpcl_filters.so  
[4.846s] -- Found PCL_2D: /usr/include/pcl-1.12  
[4.846s] -- Found PCL_GEOMETRY: /usr/include/pcl-1.12  
[4.848s] -- Found PCL_IO: /usr/lib/x86_64-linux-gnu/libpcl_io.so  
[4.849s] -- Found PCL_FEATURES: /usr/lib/x86_64-linux-gnu/libpcl_features.so  
[4.852s] -- Found PCL_ML: /usr/lib/x86_64-linux-gnu/libpcl_ml.so  
[4.852s] -- Found PCL_SEGMENTATION: /usr/lib/x86_64-linux-gnu/libpcl_segmentation.so  
[4.854s] -- Found PCL_VISUALIZATION: /usr/lib/x86_64-linux-gnu/libpcl_visualization.so  
[4.855s] -- Found PCL_SURFACE: /usr/lib/x86_64-linux-gnu/libpcl_surface.so  
[4.857s] -- Found PCL_REGISTRATION: /usr/lib/x86_64-linux-gnu/libpcl_registration.so  
[4.860s] -- Found PCL_KEYPOINTS: /usr/lib/x86_64-linux-gnu/libpcl_keypoints.so  
[4.860s] -- Found PCL_TRACKING: /usr/lib/x86_64-linux-gnu/libpcl_tracking.so  
[4.861s] -- Found PCL_RECOGNITION: /usr/lib/x86_64-linux-gnu/libpcl_recognition.so  
[4.863s] -- Found PCL_STEREO: /usr/lib/x86_64-linux-gnu/libpcl_stereo.so  
[4.864s] -- Found PCL_APPS: /usr/lib/x86_64-linux-gnu/libpcl_apps.so  
[4.867s] -- Found PCL_IN_HAND_SCANNER: /usr/include/pcl-1.12  
[4.871s] -- Found PCL_MODELER: /usr/include/pcl-1.12  
[4.875s] -- Found PCL_POINT_CLOUD_EDITOR: /usr/include/pcl-1.12  
[4.877s] -- Found PCL_OUTOFCORE: /usr/lib/x86_64-linux-gnu/libpcl_outofcore.so  
[4.879s] -- Found PCL_PEOPLE: /usr/lib/x86_64-linux-gnu/libpcl_people.so  
[4.912s] -- Found ament_lint_auto: 0.12.11 (/opt/ros/humble/share/ament_lint_auto/cmake)
[4.941s] -- Added test 'copyright' to check source files copyright and LICENSE
[4.942s] -- Added test 'cppcheck' to perform static code analysis on C / C++ code
[4.942s] -- Configured cppcheck include dirs: /home/adam/ros_ws/src/pb2025_sentry_nav/loam_interface/include
[4.943s] -- Configured cppcheck exclude dirs and/or files: 
[4.943s] -- Added test 'cpplint' to check C / C++ code against the Google style
[4.944s] -- Configured cpplint exclude dirs and/or files: 
[4.944s] -- Added test 'lint_cmake' to check CMake code style
[4.945s] -- Added test 'pep257' to check Python code against some of the docstring style conventions in PEP 257
[4.945s] -- Added test 'xmllint' to check XML markup files
[4.946s] -- Added test 'clang_format' to check C / C++ code style
[4.947s] -- Added test 'black' to check Python code style
[4.951s] -- Configuring done
[4.996s] -- Generating done
[5.014s] -- Build files have been written to: /home/adam/ros_ws/build/loam_interface
[5.061s] Invoked command in '/home/adam/ros_ws/build/loam_interface' returned '0': CMAKE_PREFIX_PATH=/opt/ros/humble /usr/bin/cmake /home/adam/ros_ws/src/pb2025_sentry_nav/loam_interface -DCMAKE_BUILD_TYPE=Release -DAMENT_CMAKE_SYMLINK_INSTALL=1 -DCMAKE_INSTALL_PREFIX=/home/adam/ros_ws/install/loam_interface
[5.061s] Invoking command in '/home/adam/ros_ws/build/loam_interface': CMAKE_PREFIX_PATH=/opt/ros/humble /usr/bin/cmake --build /home/adam/ros_ws/build/loam_interface -- -j8 -l8
[26.079s] [ 25%] [32mBuilding CXX object CMakeFiles/loam_interface_node.dir/rclcpp_components/node_main_loam_interface_node.cpp.o[0m
[26.079s] [ 50%] [32mBuilding CXX object CMakeFiles/loam_interface.dir/src/loam_interface.cpp.o[0m
[26.079s] [ 75%] [32m[1mLinking CXX executable loam_interface_node[0m
[26.079s] [ 75%] Built target loam_interface_node
[39.972s] [100%] [32m[1mLinking CXX shared library libloam_interface.so[0m
[40.898s] [100%] Built target loam_interface
[40.916s] Invoked command in '/home/adam/ros_ws/build/loam_interface' returned '0': CMAKE_PREFIX_PATH=/opt/ros/humble /usr/bin/cmake --build /home/adam/ros_ws/build/loam_interface -- -j8 -l8
[40.917s] Invoking command in '/home/adam/ros_ws/build/loam_interface': CMAKE_PREFIX_PATH=/opt/ros/humble /usr/bin/cmake --install /home/adam/ros_ws/build/loam_interface
[40.936s] -- Install configuration: "Release"
[40.936s] -- Execute custom install script
[40.937s] -- Symlinking: /home/adam/ros_ws/install/loam_interface/lib/loam_interface/loam_interface_node
[40.960s] -- Symlinking: /home/adam/ros_ws/install/loam_interface/include/loam_interface/loam_interface.hpp
[40.977s] -- Symlinking: /home/adam/ros_ws/install/loam_interface/share/loam_interface/environment/library_path.sh
[40.995s] -- Symlinking: /home/adam/ros_ws/install/loam_interface/share/loam_interface/environment/library_path.dsv
[41.015s] -- Symlinking: /home/adam/ros_ws/install/loam_interface/lib/libloam_interface.so
[41.035s] -- Symlinking: /home/adam/ros_ws/install/loam_interface/share/loam_interface/launch/loam_interface_launch.py
[41.054s] -- Symlinking: /home/adam/ros_ws/install/loam_interface/share/ament_index/resource_index/package_run_dependencies/loam_interface
[41.065s] -- Symlinking: /home/adam/ros_ws/install/loam_interface/share/ament_index/resource_index/parent_prefix_path/loam_interface
[41.083s] -- Symlinking: /home/adam/ros_ws/install/loam_interface/share/loam_interface/environment/ament_prefix_path.sh
[41.111s] -- Symlinking: /home/adam/ros_ws/install/loam_interface/share/loam_interface/environment/ament_prefix_path.dsv
[41.129s] -- Symlinking: /home/adam/ros_ws/install/loam_interface/share/loam_interface/environment/path.sh
[41.145s] -- Symlinking: /home/adam/ros_ws/install/loam_interface/share/loam_interface/environment/path.dsv
[41.160s] -- Symlinking: /home/adam/ros_ws/install/loam_interface/share/loam_interface/local_setup.bash
[41.166s] -- Symlinking: /home/adam/ros_ws/install/loam_interface/share/loam_interface/local_setup.sh
[41.176s] -- Symlinking: /home/adam/ros_ws/install/loam_interface/share/loam_interface/local_setup.zsh
[41.195s] -- Symlinking: /home/adam/ros_ws/install/loam_interface/share/loam_interface/local_setup.dsv
[41.214s] -- Symlinking: /home/adam/ros_ws/install/loam_interface/share/loam_interface/package.dsv
[41.235s] -- Symlinking: /home/adam/ros_ws/install/loam_interface/share/ament_index/resource_index/packages/loam_interface
[41.255s] -- Symlinking: /home/adam/ros_ws/install/loam_interface/share/ament_index/resource_index/rclcpp_components/loam_interface
[41.274s] -- Symlinking: /home/adam/ros_ws/install/loam_interface/share/loam_interface/cmake/ament_cmake_export_dependencies-extras.cmake
[41.294s] -- Symlinking: /home/adam/ros_ws/install/loam_interface/share/loam_interface/cmake/ament_cmake_export_include_directories-extras.cmake
[41.315s] -- Symlinking: /home/adam/ros_ws/install/loam_interface/share/loam_interface/cmake/ament_cmake_export_libraries-extras.cmake
[41.337s] -- Symlinking: /home/adam/ros_ws/install/loam_interface/share/loam_interface/cmake/loam_interfaceConfig.cmake
[41.358s] -- Symlinking: /home/adam/ros_ws/install/loam_interface/share/loam_interface/cmake/loam_interfaceConfig-version.cmake
[41.377s] -- Symlinking: /home/adam/ros_ws/install/loam_interface/share/loam_interface/package.xml
[41.408s] Invoked command in '/home/adam/ros_ws/build/loam_interface' returned '0': CMAKE_PREFIX_PATH=/opt/ros/humble /usr/bin/cmake --install /home/adam/ros_ws/build/loam_interface
