[0.019s] Invoking command in '/home/adam/ros_ws/build/pb_nav2_plugins': CMAKE_PREFIX_PATH=/opt/ros/humble /usr/bin/cmake /home/adam/ros_ws/src/pb2025_sentry_nav/pb_nav2_plugins -DCMAKE_BUILD_TYPE=Release -DAMENT_CMAKE_SYMLINK_INSTALL=1 -DCMAKE_INSTALL_PREFIX=/home/adam/ros_ws/install/pb_nav2_plugins
[0.117s] -- The C compiler identification is GNU 11.4.0
[0.215s] -- The CXX compiler identification is GNU 11.4.0
[0.228s] -- Detecting C compiler ABI info
[0.306s] -- Detecting C compiler ABI info - done
[0.330s] -- Check for working C compiler: /usr/bin/cc - skipped
[0.330s] -- Detecting C compile features
[0.331s] -- Detecting C compile features - done
[0.336s] -- Detecting CXX compiler ABI info
[0.499s] -- Detecting CXX compiler ABI info - done
[0.511s] -- Check for working CXX compiler: /usr/bin/c++ - skipped
[0.512s] -- Detecting CXX compile features
[0.512s] -- Detecting CXX compile features - done
[0.516s] -- Found ament_cmake_auto: 1.3.11 (/opt/ros/humble/share/ament_cmake_auto/cmake)
[0.714s] -- Found Python3: /usr/bin/python3 (found version "3.10.12") found components: Interpreter 
[0.797s] -- Override CMake install command with custom implementation using symlinks instead of copying resources
[0.944s] -- Found rosidl_generator_c: 3.1.6 (/opt/ros/humble/share/rosidl_generator_c/cmake)
[0.949s] -- Found rosidl_adapter: 3.1.6 (/opt/ros/humble/share/rosidl_adapter/cmake)
[0.958s] -- Found rosidl_generator_cpp: 3.1.6 (/opt/ros/humble/share/rosidl_generator_cpp/cmake)
[0.973s] -- Using all available rosidl_typesupport_c: rosidl_typesupport_fastrtps_c;rosidl_typesupport_introspection_c
[0.991s] -- Using all available rosidl_typesupport_cpp: rosidl_typesupport_fastrtps_cpp;rosidl_typesupport_introspection_cpp
[1.042s] -- Found rmw_implementation_cmake: 6.1.2 (/opt/ros/humble/share/rmw_implementation_cmake/cmake)
[1.043s] -- Found rmw_fastrtps_cpp: 6.2.7 (/opt/ros/humble/share/rmw_fastrtps_cpp/cmake)
[1.135s] -- Found OpenSSL: /usr/lib/x86_64-linux-gnu/libcrypto.so (found version "3.0.2")  
[1.160s] -- Found FastRTPS: /opt/ros/humble/include  
[1.207s] -- Using RMW implementation 'rmw_fastrtps_cpp' as default
[1.216s] -- Looking for pthread.h
[1.307s] -- Looking for pthread.h - found
[1.307s] -- Performing Test CMAKE_HAVE_LIBC_PTHREAD
[1.388s] -- Performing Test CMAKE_HAVE_LIBC_PTHREAD - Success
[1.390s] -- Found Threads: TRUE  
[1.736s] -- Found eigen3_cmake_module: 0.1.1 (/opt/ros/humble/share/eigen3_cmake_module/cmake)
[1.737s] -- Found Eigen3: TRUE (found version "3.4.0") 
[1.737s] -- Ensuring Eigen3 include directory is part of orocos-kdl CMake target
[2.575s] -- Found ament_lint_auto: 0.12.11 (/opt/ros/humble/share/ament_lint_auto/cmake)
[2.602s] -- Added test 'copyright' to check source files copyright and LICENSE
[2.605s] -- Added test 'cppcheck' to perform static code analysis on C / C++ code
[2.606s] -- Configured cppcheck include dirs: /home/adam/ros_ws/src/pb2025_sentry_nav/pb_nav2_plugins/include
[2.607s] -- Configured cppcheck exclude dirs and/or files: 
[2.609s] -- Added test 'cpplint' to check C / C++ code against the Google style
[2.609s] -- Configured cpplint exclude dirs and/or files: 
[2.610s] -- Added test 'lint_cmake' to check CMake code style
[2.611s] -- Added test 'xmllint' to check XML markup files
[2.614s] -- Added test 'clang_format' to check C / C++ code style
[2.618s] -- Configuring done
[2.790s] -- Generating done
[2.819s] -- Build files have been written to: /home/adam/ros_ws/build/pb_nav2_plugins
[2.834s] Invoked command in '/home/adam/ros_ws/build/pb_nav2_plugins' returned '0': CMAKE_PREFIX_PATH=/opt/ros/humble /usr/bin/cmake /home/adam/ros_ws/src/pb2025_sentry_nav/pb_nav2_plugins -DCMAKE_BUILD_TYPE=Release -DAMENT_CMAKE_SYMLINK_INSTALL=1 -DCMAKE_INSTALL_PREFIX=/home/adam/ros_ws/install/pb_nav2_plugins
[2.838s] Invoking command in '/home/adam/ros_ws/build/pb_nav2_plugins': CMAKE_PREFIX_PATH=/opt/ros/humble /usr/bin/cmake --build /home/adam/ros_ws/build/pb_nav2_plugins -- -j8 -l8
[5.008s] [ 20%] [32mBuilding CXX object CMakeFiles/pb_back_up_frees_space_behavior.dir/src/behaviors/back_up_free_space.cpp.o[0m
[26.865s] [ 40%] [32m[1mLinking CXX shared library libpb_back_up_frees_space_behavior.so[0m
[27.407s] [ 40%] Built target pb_back_up_frees_space_behavior
[27.434s] [ 60%] [32mBuilding CXX object CMakeFiles/layers.dir/src/layers/intensity_obstacle_layer.cpp.o[0m
[27.434s] [ 80%] [32mBuilding CXX object CMakeFiles/layers.dir/src/layers/intensity_voxel_layer.cpp.o[0m
[59.804s] [100%] [32m[1mLinking CXX shared library liblayers.so[0m
[60.437s] [100%] Built target layers
[60.469s] Invoked command in '/home/adam/ros_ws/build/pb_nav2_plugins' returned '0': CMAKE_PREFIX_PATH=/opt/ros/humble /usr/bin/cmake --build /home/adam/ros_ws/build/pb_nav2_plugins -- -j8 -l8
[60.470s] Invoking command in '/home/adam/ros_ws/build/pb_nav2_plugins': CMAKE_PREFIX_PATH=/opt/ros/humble /usr/bin/cmake --install /home/adam/ros_ws/build/pb_nav2_plugins
[60.478s] -- Install configuration: "Release"
[60.479s] -- Execute custom install script
[60.480s] -- Symlinking: /home/adam/ros_ws/install/pb_nav2_plugins/share/pb_nav2_plugins//behavior_plugin.xml
[60.490s] -- Symlinking: /home/adam/ros_ws/install/pb_nav2_plugins/share/pb_nav2_plugins//costmap_plugins.xml
[60.500s] -- Symlinking: /home/adam/ros_ws/install/pb_nav2_plugins/include/pb_nav2_plugins/behaviors/back_up_free_space.hpp
[60.510s] -- Symlinking: /home/adam/ros_ws/install/pb_nav2_plugins/include/pb_nav2_plugins/layers/intensity_obstacle_layer.hpp
[60.520s] -- Symlinking: /home/adam/ros_ws/install/pb_nav2_plugins/include/pb_nav2_plugins/layers/intensity_voxel_layer.hpp
[60.530s] -- Symlinking: /home/adam/ros_ws/install/pb_nav2_plugins/share/pb_nav2_plugins/environment/library_path.sh
[60.540s] -- Symlinking: /home/adam/ros_ws/install/pb_nav2_plugins/share/pb_nav2_plugins/environment/library_path.dsv
[60.550s] -- Symlinking: /home/adam/ros_ws/install/pb_nav2_plugins/lib/libpb_back_up_frees_space_behavior.so
[60.560s] -- Symlinking: /home/adam/ros_ws/install/pb_nav2_plugins/lib/liblayers.so
[60.570s] -- Symlinking: /home/adam/ros_ws/install/pb_nav2_plugins/share/ament_index/resource_index/package_run_dependencies/pb_nav2_plugins
[60.590s] -- Symlinking: /home/adam/ros_ws/install/pb_nav2_plugins/share/ament_index/resource_index/parent_prefix_path/pb_nav2_plugins
[60.600s] -- Symlinking: /home/adam/ros_ws/install/pb_nav2_plugins/share/pb_nav2_plugins/environment/ament_prefix_path.sh
[60.611s] -- Symlinking: /home/adam/ros_ws/install/pb_nav2_plugins/share/pb_nav2_plugins/environment/ament_prefix_path.dsv
[60.627s] -- Symlinking: /home/adam/ros_ws/install/pb_nav2_plugins/share/pb_nav2_plugins/environment/path.sh
[60.635s] -- Symlinking: /home/adam/ros_ws/install/pb_nav2_plugins/share/pb_nav2_plugins/environment/path.dsv
[60.645s] -- Symlinking: /home/adam/ros_ws/install/pb_nav2_plugins/share/pb_nav2_plugins/local_setup.bash
[60.655s] -- Symlinking: /home/adam/ros_ws/install/pb_nav2_plugins/share/pb_nav2_plugins/local_setup.sh
[60.665s] -- Symlinking: /home/adam/ros_ws/install/pb_nav2_plugins/share/pb_nav2_plugins/local_setup.zsh
[60.675s] -- Symlinking: /home/adam/ros_ws/install/pb_nav2_plugins/share/pb_nav2_plugins/local_setup.dsv
[60.687s] -- Symlinking: /home/adam/ros_ws/install/pb_nav2_plugins/share/pb_nav2_plugins/package.dsv
[60.699s] -- Symlinking: /home/adam/ros_ws/install/pb_nav2_plugins/share/ament_index/resource_index/packages/pb_nav2_plugins
[60.711s] -- Symlinking: /home/adam/ros_ws/install/pb_nav2_plugins/share/ament_index/resource_index/nav2_core__pluginlib__plugin/pb_nav2_plugins
[60.737s] -- Symlinking: /home/adam/ros_ws/install/pb_nav2_plugins/share/ament_index/resource_index/nav2_costmap_2d__pluginlib__plugin/pb_nav2_plugins
[60.759s] -- Symlinking: /home/adam/ros_ws/install/pb_nav2_plugins/share/pb_nav2_plugins/cmake/ament_cmake_export_dependencies-extras.cmake
[60.792s] -- Symlinking: /home/adam/ros_ws/install/pb_nav2_plugins/share/pb_nav2_plugins/cmake/ament_cmake_export_include_directories-extras.cmake
[60.815s] -- Symlinking: /home/adam/ros_ws/install/pb_nav2_plugins/share/pb_nav2_plugins/cmake/ament_cmake_export_libraries-extras.cmake
[60.827s] -- Symlinking: /home/adam/ros_ws/install/pb_nav2_plugins/share/pb_nav2_plugins/cmake/pb_nav2_pluginsConfig.cmake
[60.839s] -- Symlinking: /home/adam/ros_ws/install/pb_nav2_plugins/share/pb_nav2_plugins/cmake/pb_nav2_pluginsConfig-version.cmake
[60.851s] -- Symlinking: /home/adam/ros_ws/install/pb_nav2_plugins/share/pb_nav2_plugins/package.xml
[60.864s] Invoked command in '/home/adam/ros_ws/build/pb_nav2_plugins' returned '0': CMAKE_PREFIX_PATH=/opt/ros/humble /usr/bin/cmake --install /home/adam/ros_ws/build/pb_nav2_plugins
