[0.035s] Invoking command in '/home/adam/ros_ws1/build/ign_sim_pointcloud_tool': CMAKE_PREFIX_PATH=/opt/ros/humble /usr/bin/cmake --build /home/adam/ros_ws1/build/ign_sim_pointcloud_tool -- -j8 -l8
[0.165s] [ 50%] Built target ign_sim_pointcloud_tool_node
[0.190s] [100%] Built target ign_sim_pointcloud_tool
[0.223s] Invoked command in '/home/adam/ros_ws1/build/ign_sim_pointcloud_tool' returned '0': CMAKE_PREFIX_PATH=/opt/ros/humble /usr/bin/cmake --build /home/adam/ros_ws1/build/ign_sim_pointcloud_tool -- -j8 -l8
[0.227s] Invoking command in '/home/adam/ros_ws1/build/ign_sim_pointcloud_tool': CMAKE_PREFIX_PATH=/opt/ros/humble /usr/bin/cmake --install /home/adam/ros_ws1/build/ign_sim_pointcloud_tool
[0.253s] -- Install configuration: "Release"
[0.253s] -- Execute custom install script
[0.253s] -- Up-to-date symlink: /home/adam/ros_ws1/install/ign_sim_pointcloud_tool/lib/ign_sim_pointcloud_tool/ign_sim_pointcloud_tool_node
[0.254s] -- Up-to-date symlink: /home/adam/ros_ws1/install/ign_sim_pointcloud_tool/include/ign_sim_pointcloud_tool/point_cloud_converter.hpp
[0.254s] -- Up-to-date symlink: /home/adam/ros_ws1/install/ign_sim_pointcloud_tool/share/ign_sim_pointcloud_tool/environment/library_path.sh
[0.254s] -- Up-to-date symlink: /home/adam/ros_ws1/install/ign_sim_pointcloud_tool/share/ign_sim_pointcloud_tool/environment/library_path.dsv
[0.254s] -- Up-to-date symlink: /home/adam/ros_ws1/install/ign_sim_pointcloud_tool/lib/libign_sim_pointcloud_tool.so
[0.254s] -- Up-to-date symlink: /home/adam/ros_ws1/install/ign_sim_pointcloud_tool/share/ament_index/resource_index/package_run_dependencies/ign_sim_pointcloud_tool
[0.254s] -- Up-to-date symlink: /home/adam/ros_ws1/install/ign_sim_pointcloud_tool/share/ament_index/resource_index/parent_prefix_path/ign_sim_pointcloud_tool
[0.254s] -- Up-to-date symlink: /home/adam/ros_ws1/install/ign_sim_pointcloud_tool/share/ign_sim_pointcloud_tool/environment/ament_prefix_path.sh
[0.255s] -- Up-to-date symlink: /home/adam/ros_ws1/install/ign_sim_pointcloud_tool/share/ign_sim_pointcloud_tool/environment/ament_prefix_path.dsv
[0.255s] -- Up-to-date symlink: /home/adam/ros_ws1/install/ign_sim_pointcloud_tool/share/ign_sim_pointcloud_tool/environment/path.sh
[0.255s] -- Up-to-date symlink: /home/adam/ros_ws1/install/ign_sim_pointcloud_tool/share/ign_sim_pointcloud_tool/environment/path.dsv
[0.255s] -- Up-to-date symlink: /home/adam/ros_ws1/install/ign_sim_pointcloud_tool/share/ign_sim_pointcloud_tool/local_setup.bash
[0.255s] -- Up-to-date symlink: /home/adam/ros_ws1/install/ign_sim_pointcloud_tool/share/ign_sim_pointcloud_tool/local_setup.sh
[0.255s] -- Up-to-date symlink: /home/adam/ros_ws1/install/ign_sim_pointcloud_tool/share/ign_sim_pointcloud_tool/local_setup.zsh
[0.255s] -- Up-to-date symlink: /home/adam/ros_ws1/install/ign_sim_pointcloud_tool/share/ign_sim_pointcloud_tool/local_setup.dsv
[0.255s] -- Symlinking: /home/adam/ros_ws1/install/ign_sim_pointcloud_tool/share/ign_sim_pointcloud_tool/package.dsv
[0.262s] -- Up-to-date symlink: /home/adam/ros_ws1/install/ign_sim_pointcloud_tool/share/ament_index/resource_index/packages/ign_sim_pointcloud_tool
[0.262s] -- Up-to-date symlink: /home/adam/ros_ws1/install/ign_sim_pointcloud_tool/share/ament_index/resource_index/rclcpp_components/ign_sim_pointcloud_tool
[0.262s] -- Up-to-date symlink: /home/adam/ros_ws1/install/ign_sim_pointcloud_tool/share/ign_sim_pointcloud_tool/cmake/ament_cmake_export_dependencies-extras.cmake
[0.262s] -- Up-to-date symlink: /home/adam/ros_ws1/install/ign_sim_pointcloud_tool/share/ign_sim_pointcloud_tool/cmake/ament_cmake_export_include_directories-extras.cmake
[0.262s] -- Up-to-date symlink: /home/adam/ros_ws1/install/ign_sim_pointcloud_tool/share/ign_sim_pointcloud_tool/cmake/ament_cmake_export_libraries-extras.cmake
[0.264s] -- Up-to-date symlink: /home/adam/ros_ws1/install/ign_sim_pointcloud_tool/share/ign_sim_pointcloud_tool/cmake/ign_sim_pointcloud_toolConfig.cmake
[0.264s] -- Up-to-date symlink: /home/adam/ros_ws1/install/ign_sim_pointcloud_tool/share/ign_sim_pointcloud_tool/cmake/ign_sim_pointcloud_toolConfig-version.cmake
[0.264s] -- Up-to-date symlink: /home/adam/ros_ws1/install/ign_sim_pointcloud_tool/share/ign_sim_pointcloud_tool/package.xml
[0.322s] Invoked command in '/home/adam/ros_ws1/build/ign_sim_pointcloud_tool' returned '0': CMAKE_PREFIX_PATH=/opt/ros/humble /usr/bin/cmake --install /home/adam/ros_ws1/build/ign_sim_pointcloud_tool
