[0.006s] Invoking command in '/home/adam/ros_ws/build/terrain_analysis': CMAKE_PREFIX_PATH=/opt/ros/humble /usr/bin/cmake /home/adam/ros_ws/src/pb2025_sentry_nav/terrain_analysis -DCMAKE_BUILD_TYPE=Release -DAMENT_CMAKE_SYMLINK_INSTALL=1 -DCMAKE_INSTALL_PREFIX=/home/adam/ros_ws/install/terrain_analysis
[1.013s] -- The C compiler identification is GNU 11.4.0
[1.013s] -- The CXX compiler identification is GNU 11.4.0
[1.013s] -- Detecting C compiler ABI info
[1.013s] -- Detecting C compiler ABI info - done
[1.013s] -- Check for working C compiler: /usr/bin/cc - skipped
[1.013s] -- Detecting C compile features
[1.013s] -- Detecting C compile features - done
[1.013s] -- Detecting CXX compiler ABI info
[1.013s] -- Detecting CXX compiler ABI info - done
[1.013s] -- Check for working CXX compiler: /usr/bin/c++ - skipped
[1.013s] -- Detecting CXX compile features
[1.014s] -- Detecting CXX compile features - done
[1.014s] -- Found ament_cmake_auto: 1.3.11 (/opt/ros/humble/share/ament_cmake_auto/cmake)
[1.014s] -- Found Python3: /usr/bin/python3 (found version "3.10.12") found components: Interpreter 
[1.014s] -- Override CMake install command with custom implementation using symlinks instead of copying resources
[1.163s] -- Found rosidl_generator_c: 3.1.6 (/opt/ros/humble/share/rosidl_generator_c/cmake)
[1.171s] -- Found rosidl_adapter: 3.1.6 (/opt/ros/humble/share/rosidl_adapter/cmake)
[1.180s] -- Found rosidl_generator_cpp: 3.1.6 (/opt/ros/humble/share/rosidl_generator_cpp/cmake)
[1.202s] -- Using all available rosidl_typesupport_c: rosidl_typesupport_fastrtps_c;rosidl_typesupport_introspection_c
[1.217s] -- Using all available rosidl_typesupport_cpp: rosidl_typesupport_fastrtps_cpp;rosidl_typesupport_introspection_cpp
[1.277s] -- Found rmw_implementation_cmake: 6.1.2 (/opt/ros/humble/share/rmw_implementation_cmake/cmake)
[1.277s] -- Found rmw_fastrtps_cpp: 6.2.7 (/opt/ros/humble/share/rmw_fastrtps_cpp/cmake)
[1.397s] -- Found OpenSSL: /usr/lib/x86_64-linux-gnu/libcrypto.so (found version "3.0.2")  
[1.450s] -- Found FastRTPS: /opt/ros/humble/include  
[1.500s] -- Using RMW implementation 'rmw_fastrtps_cpp' as default
[1.510s] -- Looking for pthread.h
[1.609s] -- Looking for pthread.h - found
[1.611s] -- Performing Test CMAKE_HAVE_LIBC_PTHREAD
[1.759s] -- Performing Test CMAKE_HAVE_LIBC_PTHREAD - Success
[1.764s] -- Found Threads: TRUE  
[2.029s] -- Checking for module 'eigen3'
[2.044s] --   Found eigen3, version 3.4.0
[2.082s] -- Found Eigen: /usr/include/eigen3 (Required is at least version "3.1") 
[2.082s] -- Eigen found (include: /usr/include/eigen3, version: 3.4.0)
[2.121s] -- Checking for module 'flann'
[2.137s] --   Found flann, version 1.9.1
[2.185s] -- Found FLANN: /usr/lib/x86_64-linux-gnu/libflann_cpp.so  
[2.185s] -- FLANN found (include: /usr/include, lib: /usr/lib/x86_64-linux-gnu/libflann_cpp.so)
[3.319s] -- Checking for module 'libusb-1.0'
[3.334s] --   Found libusb-1.0, version 1.0.25
[3.378s] -- Found libusb: /usr/lib/x86_64-linux-gnu/libusb-1.0.so  
[3.379s] -- OpenNI found (version: 1.5.4.0, include: /usr/include/ni, lib: /usr/lib/libOpenNI.so;libusb::libusb)
[3.446s] -- OpenNI2 found (version: 2.2.0.33, include: /usr/include/openni2, lib: /usr/lib/x86_64-linux-gnu/libOpenNI2.so;libusb::libusb)
[3.667s] -- Eigen found (include: /usr/include/eigen3, version: 3.4.0)
[3.680s] -- OpenNI found (version: 1.5.4.0, include: /usr/include/ni, lib: /usr/lib/libOpenNI.so;libusb::libusb)
[3.690s] -- OpenNI2 found (version: 2.2.0.33, include: /usr/include/openni2, lib: /usr/lib/x86_64-linux-gnu/libOpenNI2.so;libusb::libusb)
[3.872s] -- Found Qhull version 8.0.2
[4.061s] -- OpenNI found (version: 1.5.4.0, include: /usr/include/ni, lib: /usr/lib/libOpenNI.so;libusb::libusb)
[4.215s] -- Found PCL_COMMON: /usr/lib/x86_64-linux-gnu/libpcl_common.so  
[4.216s] -- Found PCL_KDTREE: /usr/lib/x86_64-linux-gnu/libpcl_kdtree.so  
[4.217s] -- Found PCL_OCTREE: /usr/lib/x86_64-linux-gnu/libpcl_octree.so  
[4.218s] -- Found PCL_SEARCH: /usr/lib/x86_64-linux-gnu/libpcl_search.so  
[4.219s] -- Found PCL_SAMPLE_CONSENSUS: /usr/lib/x86_64-linux-gnu/libpcl_sample_consensus.so  
[4.219s] -- Found PCL_FILTERS: /usr/lib/x86_64-linux-gnu/libpcl_filters.so  
[4.220s] -- Found PCL_2D: /usr/include/pcl-1.12  
[4.220s] -- Found PCL_GEOMETRY: /usr/include/pcl-1.12  
[4.221s] -- Found PCL_IO: /usr/lib/x86_64-linux-gnu/libpcl_io.so  
[4.223s] -- Found PCL_FEATURES: /usr/lib/x86_64-linux-gnu/libpcl_features.so  
[4.224s] -- Found PCL_ML: /usr/lib/x86_64-linux-gnu/libpcl_ml.so  
[4.225s] -- Found PCL_SEGMENTATION: /usr/lib/x86_64-linux-gnu/libpcl_segmentation.so  
[4.226s] -- Found PCL_VISUALIZATION: /usr/lib/x86_64-linux-gnu/libpcl_visualization.so  
[4.227s] -- Found PCL_SURFACE: /usr/lib/x86_64-linux-gnu/libpcl_surface.so  
[4.227s] -- Found PCL_REGISTRATION: /usr/lib/x86_64-linux-gnu/libpcl_registration.so  
[4.228s] -- Found PCL_KEYPOINTS: /usr/lib/x86_64-linux-gnu/libpcl_keypoints.so  
[4.229s] -- Found PCL_TRACKING: /usr/lib/x86_64-linux-gnu/libpcl_tracking.so  
[4.230s] -- Found PCL_RECOGNITION: /usr/lib/x86_64-linux-gnu/libpcl_recognition.so  
[4.231s] -- Found PCL_STEREO: /usr/lib/x86_64-linux-gnu/libpcl_stereo.so  
[4.232s] -- Found PCL_APPS: /usr/lib/x86_64-linux-gnu/libpcl_apps.so  
[4.233s] -- Found PCL_IN_HAND_SCANNER: /usr/include/pcl-1.12  
[4.233s] -- Found PCL_MODELER: /usr/include/pcl-1.12  
[4.233s] -- Found PCL_POINT_CLOUD_EDITOR: /usr/include/pcl-1.12  
[4.234s] -- Found PCL_OUTOFCORE: /usr/lib/x86_64-linux-gnu/libpcl_outofcore.so  
[4.235s] -- Found PCL_PEOPLE: /usr/lib/x86_64-linux-gnu/libpcl_people.so  
[4.260s] -- Found eigen3_cmake_module: 0.1.1 (/opt/ros/humble/share/eigen3_cmake_module/cmake)
[4.261s] -- Found Eigen3: TRUE (found version "3.4.0") 
[4.261s] -- Ensuring Eigen3 include directory is part of orocos-kdl CMake target
[4.329s] -- Found ament_lint_auto: 0.12.11 (/opt/ros/humble/share/ament_lint_auto/cmake)
[4.353s] -- Added test 'copyright' to check source files copyright and LICENSE
[4.353s] -- Added test 'cppcheck' to perform static code analysis on C / C++ code
[4.353s] -- Configured cppcheck include dirs: /home/adam/ros_ws/src/pb2025_sentry_nav/terrain_analysis/include
[4.353s] -- Configured cppcheck exclude dirs and/or files: 
[4.354s] -- Added test 'cpplint' to check C / C++ code against the Google style
[4.354s] -- Configured cpplint exclude dirs and/or files: 
[4.354s] -- Added test 'lint_cmake' to check CMake code style
[4.354s] -- Added test 'pep257' to check Python code against some of the docstring style conventions in PEP 257
[4.357s] -- Added test 'xmllint' to check XML markup files
[4.358s] -- Added test 'clang_format' to check C / C++ code style
[4.359s] -- Added test 'black' to check Python code style
[4.371s] -- Configuring done
[4.420s] -- Generating done
[4.436s] -- Build files have been written to: /home/adam/ros_ws/build/terrain_analysis
[4.468s] Invoked command in '/home/adam/ros_ws/build/terrain_analysis' returned '0': CMAKE_PREFIX_PATH=/opt/ros/humble /usr/bin/cmake /home/adam/ros_ws/src/pb2025_sentry_nav/terrain_analysis -DCMAKE_BUILD_TYPE=Release -DAMENT_CMAKE_SYMLINK_INSTALL=1 -DCMAKE_INSTALL_PREFIX=/home/adam/ros_ws/install/terrain_analysis
[4.474s] Invoking command in '/home/adam/ros_ws/build/terrain_analysis': CMAKE_PREFIX_PATH=/opt/ros/humble /usr/bin/cmake --build /home/adam/ros_ws/build/terrain_analysis -- -j8 -l8
[4.527s] [ 25%] [32mBuilding CXX object CMakeFiles/terrain_analysis.dir/src/terrain_analysis.cpp.o[0m
[4.541s] [ 50%] [32mBuilding CXX object CMakeFiles/terrain_analysis_node.dir/rclcpp_components/node_main_terrain_analysis_node.cpp.o[0m
[11.714s] [ 75%] [32m[1mLinking CXX executable terrain_analysis_node[0m
[11.991s] [ 75%] Built target terrain_analysis_node
[39.755s] [100%] [32m[1mLinking CXX shared library libterrain_analysis.so[0m
[40.435s] [100%] Built target terrain_analysis
[40.444s] Invoked command in '/home/adam/ros_ws/build/terrain_analysis' returned '0': CMAKE_PREFIX_PATH=/opt/ros/humble /usr/bin/cmake --build /home/adam/ros_ws/build/terrain_analysis -- -j8 -l8
[40.445s] Invoking command in '/home/adam/ros_ws/build/terrain_analysis': CMAKE_PREFIX_PATH=/opt/ros/humble /usr/bin/cmake --install /home/adam/ros_ws/build/terrain_analysis
[40.450s] -- Install configuration: "Release"
[40.451s] -- Execute custom install script
[40.451s] -- Symlinking: /home/adam/ros_ws/install/terrain_analysis/lib/terrain_analysis/terrain_analysis_node
[40.458s] -- Symlinking: /home/adam/ros_ws/install/terrain_analysis/include/terrain_analysis/terrain_analysis.hpp
[40.465s] -- Symlinking: /home/adam/ros_ws/install/terrain_analysis/share/terrain_analysis/environment/library_path.sh
[40.472s] -- Symlinking: /home/adam/ros_ws/install/terrain_analysis/share/terrain_analysis/environment/library_path.dsv
[40.479s] -- Symlinking: /home/adam/ros_ws/install/terrain_analysis/lib/libterrain_analysis.so
[40.485s] -- Symlinking: /home/adam/ros_ws/install/terrain_analysis/share/terrain_analysis/launch/terrain_analysis_launch.py
[40.492s] -- Symlinking: /home/adam/ros_ws/install/terrain_analysis/share/ament_index/resource_index/package_run_dependencies/terrain_analysis
[40.498s] -- Symlinking: /home/adam/ros_ws/install/terrain_analysis/share/ament_index/resource_index/parent_prefix_path/terrain_analysis
[40.505s] -- Symlinking: /home/adam/ros_ws/install/terrain_analysis/share/terrain_analysis/environment/ament_prefix_path.sh
[40.511s] -- Symlinking: /home/adam/ros_ws/install/terrain_analysis/share/terrain_analysis/environment/ament_prefix_path.dsv
[40.517s] -- Symlinking: /home/adam/ros_ws/install/terrain_analysis/share/terrain_analysis/environment/path.sh
[40.524s] -- Symlinking: /home/adam/ros_ws/install/terrain_analysis/share/terrain_analysis/environment/path.dsv
[40.530s] -- Symlinking: /home/adam/ros_ws/install/terrain_analysis/share/terrain_analysis/local_setup.bash
[40.536s] -- Symlinking: /home/adam/ros_ws/install/terrain_analysis/share/terrain_analysis/local_setup.sh
[40.543s] -- Symlinking: /home/adam/ros_ws/install/terrain_analysis/share/terrain_analysis/local_setup.zsh
[40.549s] -- Symlinking: /home/adam/ros_ws/install/terrain_analysis/share/terrain_analysis/local_setup.dsv
[40.556s] -- Symlinking: /home/adam/ros_ws/install/terrain_analysis/share/terrain_analysis/package.dsv
[40.562s] -- Symlinking: /home/adam/ros_ws/install/terrain_analysis/share/ament_index/resource_index/packages/terrain_analysis
[40.568s] -- Symlinking: /home/adam/ros_ws/install/terrain_analysis/share/ament_index/resource_index/rclcpp_components/terrain_analysis
[40.575s] -- Symlinking: /home/adam/ros_ws/install/terrain_analysis/share/terrain_analysis/cmake/ament_cmake_export_dependencies-extras.cmake
[40.581s] -- Symlinking: /home/adam/ros_ws/install/terrain_analysis/share/terrain_analysis/cmake/ament_cmake_export_include_directories-extras.cmake
[40.587s] -- Symlinking: /home/adam/ros_ws/install/terrain_analysis/share/terrain_analysis/cmake/ament_cmake_export_libraries-extras.cmake
[40.594s] -- Symlinking: /home/adam/ros_ws/install/terrain_analysis/share/terrain_analysis/cmake/terrain_analysisConfig.cmake
[40.600s] -- Symlinking: /home/adam/ros_ws/install/terrain_analysis/share/terrain_analysis/cmake/terrain_analysisConfig-version.cmake
[40.607s] -- Symlinking: /home/adam/ros_ws/install/terrain_analysis/share/terrain_analysis/package.xml
[40.615s] Invoked command in '/home/adam/ros_ws/build/terrain_analysis' returned '0': CMAKE_PREFIX_PATH=/opt/ros/humble /usr/bin/cmake --install /home/adam/ros_ws/build/terrain_analysis
