[0.020s] Invoking command in '/home/adam/ros_ws/build/pb_omni_pid_pursuit_controller': CMAKE_PREFIX_PATH=/opt/ros/humble /usr/bin/cmake /home/adam/ros_ws/src/pb2025_sentry_nav/pb_omni_pid_pursuit_controller -DCMAKE_BUILD_TYPE=Release -DAMENT_CMAKE_SYMLINK_INSTALL=1 -DCMAKE_INSTALL_PREFIX=/home/adam/ros_ws/install/pb_omni_pid_pursuit_controller
[1.728s] -- The C compiler identification is GNU 11.4.0
[1.728s] -- The CXX compiler identification is GNU 11.4.0
[1.728s] -- Detecting C compiler ABI info
[1.728s] -- Detecting C compiler ABI info - done
[1.728s] -- Check for working C compiler: /usr/bin/cc - skipped
[1.728s] -- Detecting C compile features
[1.728s] -- Detecting C compile features - done
[1.728s] -- Detecting CXX compiler ABI info
[1.728s] -- Detecting CXX compiler ABI info - done
[1.728s] -- Check for working CXX compiler: /usr/bin/c++ - skipped
[1.729s] -- Detecting CXX compile features
[1.729s] -- Detecting CXX compile features - done
[1.729s] -- Found ament_cmake_auto: 1.3.11 (/opt/ros/humble/share/ament_cmake_auto/cmake)
[1.729s] -- Found Python3: /usr/bin/python3 (found version "3.10.12") found components: Interpreter 
[1.729s] -- Override CMake install command with custom implementation using symlinks instead of copying resources
[1.729s] -- Found rosidl_generator_c: 3.1.6 (/opt/ros/humble/share/rosidl_generator_c/cmake)
[1.729s] -- Found rosidl_adapter: 3.1.6 (/opt/ros/humble/share/rosidl_adapter/cmake)
[1.729s] -- Found rosidl_generator_cpp: 3.1.6 (/opt/ros/humble/share/rosidl_generator_cpp/cmake)
[1.729s] -- Using all available rosidl_typesupport_c: rosidl_typesupport_fastrtps_c;rosidl_typesupport_introspection_c
[1.729s] -- Using all available rosidl_typesupport_cpp: rosidl_typesupport_fastrtps_cpp;rosidl_typesupport_introspection_cpp
[1.729s] -- Found rmw_implementation_cmake: 6.1.2 (/opt/ros/humble/share/rmw_implementation_cmake/cmake)
[1.729s] -- Found rmw_fastrtps_cpp: 6.2.7 (/opt/ros/humble/share/rmw_fastrtps_cpp/cmake)
[1.729s] -- Found OpenSSL: /usr/lib/x86_64-linux-gnu/libcrypto.so (found version "3.0.2")  
[1.729s] -- Found FastRTPS: /opt/ros/humble/include  
[1.729s] -- Using RMW implementation 'rmw_fastrtps_cpp' as default
[1.730s] -- Looking for pthread.h
[1.730s] -- Looking for pthread.h - found
[1.730s] -- Performing Test CMAKE_HAVE_LIBC_PTHREAD
[1.730s] -- Performing Test CMAKE_HAVE_LIBC_PTHREAD - Success
[1.730s] -- Found Threads: TRUE  
[1.738s] -- Found Eigen3: TRUE (found version "3.4.0") 
[1.738s] -- Ensuring Eigen3 include directory is part of orocos-kdl CMake target
[1.953s] -- Found ament_lint_auto: 0.12.11 (/opt/ros/humble/share/ament_lint_auto/cmake)
[1.978s] -- Added test 'copyright' to check source files copyright and LICENSE
[1.979s] -- Added test 'cppcheck' to perform static code analysis on C / C++ code
[1.980s] -- Configured cppcheck include dirs: /home/adam/ros_ws/src/pb2025_sentry_nav/pb_omni_pid_pursuit_controller/include
[1.980s] -- Configured cppcheck exclude dirs and/or files: 
[1.981s] -- Added test 'cpplint' to check C / C++ code against the Google style
[1.981s] -- Configured cpplint exclude dirs and/or files: 
[1.983s] -- Added test 'lint_cmake' to check CMake code style
[1.983s] -- Added test 'xmllint' to check XML markup files
[1.984s] -- Added test 'clang_format' to check C / C++ code style
[1.988s] -- Configuring done
[2.082s] -- Generating done
[2.095s] -- Build files have been written to: /home/adam/ros_ws/build/pb_omni_pid_pursuit_controller
[2.116s] Invoked command in '/home/adam/ros_ws/build/pb_omni_pid_pursuit_controller' returned '0': CMAKE_PREFIX_PATH=/opt/ros/humble /usr/bin/cmake /home/adam/ros_ws/src/pb2025_sentry_nav/pb_omni_pid_pursuit_controller -DCMAKE_BUILD_TYPE=Release -DAMENT_CMAKE_SYMLINK_INSTALL=1 -DCMAKE_INSTALL_PREFIX=/home/adam/ros_ws/install/pb_omni_pid_pursuit_controller
[2.119s] Invoking command in '/home/adam/ros_ws/build/pb_omni_pid_pursuit_controller': CMAKE_PREFIX_PATH=/opt/ros/humble /usr/bin/cmake --build /home/adam/ros_ws/build/pb_omni_pid_pursuit_controller -- -j8 -l8
[2.832s] [ 33%] [32mBuilding CXX object CMakeFiles/pb_omni_pid_pursuit_controller.dir/src/omni_pid_pursuit_controller.cpp.o[0m
[2.832s] [ 66%] [32mBuilding CXX object CMakeFiles/pb_omni_pid_pursuit_controller.dir/src/pid.cpp.o[0m
[25.139s] [100%] [32m[1mLinking CXX shared library libpb_omni_pid_pursuit_controller.so[0m
[26.045s] [100%] Built target pb_omni_pid_pursuit_controller
[26.072s] Invoked command in '/home/adam/ros_ws/build/pb_omni_pid_pursuit_controller' returned '0': CMAKE_PREFIX_PATH=/opt/ros/humble /usr/bin/cmake --build /home/adam/ros_ws/build/pb_omni_pid_pursuit_controller -- -j8 -l8
[26.099s] Invoking command in '/home/adam/ros_ws/build/pb_omni_pid_pursuit_controller': CMAKE_PREFIX_PATH=/opt/ros/humble /usr/bin/cmake --install /home/adam/ros_ws/build/pb_omni_pid_pursuit_controller
[33.672s] -- Install configuration: "Release"
[33.672s] -- Execute custom install script
[33.672s] -- Symlinking: /home/adam/ros_ws/install/pb_omni_pid_pursuit_controller/share/pb_omni_pid_pursuit_controller//pb_omni_pid_pursuit_controller.xml
[33.673s] -- Symlinking: /home/adam/ros_ws/install/pb_omni_pid_pursuit_controller/include/pb_omni_pid_pursuit_controller/omni_pid_pursuit_controller.hpp
[33.673s] -- Symlinking: /home/adam/ros_ws/install/pb_omni_pid_pursuit_controller/include/pb_omni_pid_pursuit_controller/pid.hpp
[33.673s] -- Symlinking: /home/adam/ros_ws/install/pb_omni_pid_pursuit_controller/share/pb_omni_pid_pursuit_controller/environment/library_path.sh
[33.673s] -- Symlinking: /home/adam/ros_ws/install/pb_omni_pid_pursuit_controller/share/pb_omni_pid_pursuit_controller/environment/library_path.dsv
[33.673s] -- Symlinking: /home/adam/ros_ws/install/pb_omni_pid_pursuit_controller/lib/libpb_omni_pid_pursuit_controller.so
[33.673s] -- Symlinking: /home/adam/ros_ws/install/pb_omni_pid_pursuit_controller/share/ament_index/resource_index/package_run_dependencies/pb_omni_pid_pursuit_controller
[33.673s] -- Symlinking: /home/adam/ros_ws/install/pb_omni_pid_pursuit_controller/share/ament_index/resource_index/parent_prefix_path/pb_omni_pid_pursuit_controller
[33.673s] -- Symlinking: /home/adam/ros_ws/install/pb_omni_pid_pursuit_controller/share/pb_omni_pid_pursuit_controller/environment/ament_prefix_path.sh
[33.673s] -- Symlinking: /home/adam/ros_ws/install/pb_omni_pid_pursuit_controller/share/pb_omni_pid_pursuit_controller/environment/ament_prefix_path.dsv
[33.673s] -- Symlinking: /home/adam/ros_ws/install/pb_omni_pid_pursuit_controller/share/pb_omni_pid_pursuit_controller/environment/path.sh
[33.674s] -- Symlinking: /home/adam/ros_ws/install/pb_omni_pid_pursuit_controller/share/pb_omni_pid_pursuit_controller/environment/path.dsv
[33.674s] -- Symlinking: /home/adam/ros_ws/install/pb_omni_pid_pursuit_controller/share/pb_omni_pid_pursuit_controller/local_setup.bash
[33.674s] -- Symlinking: /home/adam/ros_ws/install/pb_omni_pid_pursuit_controller/share/pb_omni_pid_pursuit_controller/local_setup.sh
[33.674s] -- Symlinking: /home/adam/ros_ws/install/pb_omni_pid_pursuit_controller/share/pb_omni_pid_pursuit_controller/local_setup.zsh
[33.674s] -- Symlinking: /home/adam/ros_ws/install/pb_omni_pid_pursuit_controller/share/pb_omni_pid_pursuit_controller/local_setup.dsv
[33.674s] -- Symlinking: /home/adam/ros_ws/install/pb_omni_pid_pursuit_controller/share/pb_omni_pid_pursuit_controller/package.dsv
[33.674s] -- Symlinking: /home/adam/ros_ws/install/pb_omni_pid_pursuit_controller/share/ament_index/resource_index/packages/pb_omni_pid_pursuit_controller
[33.674s] -- Symlinking: /home/adam/ros_ws/install/pb_omni_pid_pursuit_controller/share/ament_index/resource_index/nav2_core__pluginlib__plugin/pb_omni_pid_pursuit_controller
[33.674s] -- Symlinking: /home/adam/ros_ws/install/pb_omni_pid_pursuit_controller/share/pb_omni_pid_pursuit_controller/cmake/ament_cmake_export_dependencies-extras.cmake
[33.674s] -- Symlinking: /home/adam/ros_ws/install/pb_omni_pid_pursuit_controller/share/pb_omni_pid_pursuit_controller/cmake/ament_cmake_export_include_directories-extras.cmake
[33.674s] -- Symlinking: /home/adam/ros_ws/install/pb_omni_pid_pursuit_controller/share/pb_omni_pid_pursuit_controller/cmake/ament_cmake_export_libraries-extras.cmake
[33.675s] -- Symlinking: /home/adam/ros_ws/install/pb_omni_pid_pursuit_controller/share/pb_omni_pid_pursuit_controller/cmake/pb_omni_pid_pursuit_controllerConfig.cmake
[33.675s] -- Symlinking: /home/adam/ros_ws/install/pb_omni_pid_pursuit_controller/share/pb_omni_pid_pursuit_controller/cmake/pb_omni_pid_pursuit_controllerConfig-version.cmake
[33.675s] -- Symlinking: /home/adam/ros_ws/install/pb_omni_pid_pursuit_controller/share/pb_omni_pid_pursuit_controller/package.xml
[33.687s] Invoked command in '/home/adam/ros_ws/build/pb_omni_pid_pursuit_controller' returned '0': CMAKE_PREFIX_PATH=/opt/ros/humble /usr/bin/cmake --install /home/adam/ros_ws/build/pb_omni_pid_pursuit_controller
