[0.230s] Invoking command in '/home/adam/ros_ws/build/pb2025_sentry_nav': AMENT_PREFIX_PATH=/home/adam/ros_ws/install/sensor_scan_generation:/home/adam/ros_ws/install/loam_interface:/home/adam/ros_ws/install/ign_sim_pointcloud_tool:/home/adam/ros_ws/install/fake_vel_transform:${AMENT_PREFIX_PATH} CMAKE_PREFIX_PATH=/home/adam/ros_ws/install/sensor_scan_generation:/home/adam/ros_ws/install/loam_interface:/home/adam/ros_ws/install/ign_sim_pointcloud_tool:/home/adam/ros_ws/install/fake_vel_transform:/opt/ros/humble LD_LIBRARY_PATH=/home/adam/ros_ws/install/sensor_scan_generation/lib:/home/adam/ros_ws/install/loam_interface/lib:/home/adam/ros_ws/install/ign_sim_pointcloud_tool/lib:/home/adam/ros_ws/install/fake_vel_transform/lib:${LD_LIBRARY_PATH} /usr/bin/cmake --build /home/adam/ros_ws/build/pb2025_sentry_nav -- -j8 -l8
[0.412s] Invoked command in '/home/adam/ros_ws/build/pb2025_sentry_nav' returned '0': AMENT_PREFIX_PATH=/home/adam/ros_ws/install/sensor_scan_generation:/home/adam/ros_ws/install/loam_interface:/home/adam/ros_ws/install/ign_sim_pointcloud_tool:/home/adam/ros_ws/install/fake_vel_transform:${AMENT_PREFIX_PATH} CMAKE_PREFIX_PATH=/home/adam/ros_ws/install/sensor_scan_generation:/home/adam/ros_ws/install/loam_interface:/home/adam/ros_ws/install/ign_sim_pointcloud_tool:/home/adam/ros_ws/install/fake_vel_transform:/opt/ros/humble LD_LIBRARY_PATH=/home/adam/ros_ws/install/sensor_scan_generation/lib:/home/adam/ros_ws/install/loam_interface/lib:/home/adam/ros_ws/install/ign_sim_pointcloud_tool/lib:/home/adam/ros_ws/install/fake_vel_transform/lib:${LD_LIBRARY_PATH} /usr/bin/cmake --build /home/adam/ros_ws/build/pb2025_sentry_nav -- -j8 -l8
[0.416s] Invoking command in '/home/adam/ros_ws/build/pb2025_sentry_nav': AMENT_PREFIX_PATH=/home/adam/ros_ws/install/sensor_scan_generation:/home/adam/ros_ws/install/loam_interface:/home/adam/ros_ws/install/ign_sim_pointcloud_tool:/home/adam/ros_ws/install/fake_vel_transform:${AMENT_PREFIX_PATH} CMAKE_PREFIX_PATH=/home/adam/ros_ws/install/sensor_scan_generation:/home/adam/ros_ws/install/loam_interface:/home/adam/ros_ws/install/ign_sim_pointcloud_tool:/home/adam/ros_ws/install/fake_vel_transform:/opt/ros/humble LD_LIBRARY_PATH=/home/adam/ros_ws/install/sensor_scan_generation/lib:/home/adam/ros_ws/install/loam_interface/lib:/home/adam/ros_ws/install/ign_sim_pointcloud_tool/lib:/home/adam/ros_ws/install/fake_vel_transform/lib:${LD_LIBRARY_PATH} /usr/bin/cmake --install /home/adam/ros_ws/build/pb2025_sentry_nav
[0.433s] -- Install configuration: "Release"
[0.433s] -- Execute custom install script
[0.434s] -- Up-to-date symlink: /home/adam/ros_ws/install/pb2025_sentry_nav/share/ament_index/resource_index/package_run_dependencies/pb2025_sentry_nav
[0.434s] -- Up-to-date symlink: /home/adam/ros_ws/install/pb2025_sentry_nav/share/ament_index/resource_index/parent_prefix_path/pb2025_sentry_nav
[0.434s] -- Up-to-date symlink: /home/adam/ros_ws/install/pb2025_sentry_nav/share/pb2025_sentry_nav/environment/ament_prefix_path.sh
[0.434s] -- Up-to-date symlink: /home/adam/ros_ws/install/pb2025_sentry_nav/share/pb2025_sentry_nav/environment/ament_prefix_path.dsv
[0.434s] -- Up-to-date symlink: /home/adam/ros_ws/install/pb2025_sentry_nav/share/pb2025_sentry_nav/environment/path.sh
[0.434s] -- Up-to-date symlink: /home/adam/ros_ws/install/pb2025_sentry_nav/share/pb2025_sentry_nav/environment/path.dsv
[0.434s] -- Up-to-date symlink: /home/adam/ros_ws/install/pb2025_sentry_nav/share/pb2025_sentry_nav/local_setup.bash
[0.434s] -- Up-to-date symlink: /home/adam/ros_ws/install/pb2025_sentry_nav/share/pb2025_sentry_nav/local_setup.sh
[0.434s] -- Up-to-date symlink: /home/adam/ros_ws/install/pb2025_sentry_nav/share/pb2025_sentry_nav/local_setup.zsh
[0.434s] -- Up-to-date symlink: /home/adam/ros_ws/install/pb2025_sentry_nav/share/pb2025_sentry_nav/local_setup.dsv
[0.435s] -- Symlinking: /home/adam/ros_ws/install/pb2025_sentry_nav/share/pb2025_sentry_nav/package.dsv
[0.438s] -- Up-to-date symlink: /home/adam/ros_ws/install/pb2025_sentry_nav/share/ament_index/resource_index/packages/pb2025_sentry_nav
[0.438s] -- Up-to-date symlink: /home/adam/ros_ws/install/pb2025_sentry_nav/share/pb2025_sentry_nav/cmake/pb2025_sentry_navConfig.cmake
[0.438s] -- Up-to-date symlink: /home/adam/ros_ws/install/pb2025_sentry_nav/share/pb2025_sentry_nav/cmake/pb2025_sentry_navConfig-version.cmake
[0.438s] -- Up-to-date symlink: /home/adam/ros_ws/install/pb2025_sentry_nav/share/pb2025_sentry_nav/package.xml
[0.467s] Invoked command in '/home/adam/ros_ws/build/pb2025_sentry_nav' returned '0': AMENT_PREFIX_PATH=/home/adam/ros_ws/install/sensor_scan_generation:/home/adam/ros_ws/install/loam_interface:/home/adam/ros_ws/install/ign_sim_pointcloud_tool:/home/adam/ros_ws/install/fake_vel_transform:${AMENT_PREFIX_PATH} CMAKE_PREFIX_PATH=/home/adam/ros_ws/install/sensor_scan_generation:/home/adam/ros_ws/install/loam_interface:/home/adam/ros_ws/install/ign_sim_pointcloud_tool:/home/adam/ros_ws/install/fake_vel_transform:/opt/ros/humble LD_LIBRARY_PATH=/home/adam/ros_ws/install/sensor_scan_generation/lib:/home/adam/ros_ws/install/loam_interface/lib:/home/adam/ros_ws/install/ign_sim_pointcloud_tool/lib:/home/adam/ros_ws/install/fake_vel_transform/lib:${LD_LIBRARY_PATH} /usr/bin/cmake --install /home/adam/ros_ws/build/pb2025_sentry_nav
