[0.034s] Invoking command in '/home/adam/ros_ws1/build/sensor_scan_generation': CMAKE_PREFIX_PATH=/opt/ros/humble /usr/bin/cmake --build /home/adam/ros_ws1/build/sensor_scan_generation -- -j8 -l8
[0.158s] [ 50%] Built target sensor_scan_generation_node
[0.196s] [100%] Built target sensor_scan_generation
[0.247s] Invoked command in '/home/adam/ros_ws1/build/sensor_scan_generation' returned '0': CMAKE_PREFIX_PATH=/opt/ros/humble /usr/bin/cmake --build /home/adam/ros_ws1/build/sensor_scan_generation -- -j8 -l8
[0.257s] Invoking command in '/home/adam/ros_ws1/build/sensor_scan_generation': CMAKE_PREFIX_PATH=/opt/ros/humble /usr/bin/cmake --install /home/adam/ros_ws1/build/sensor_scan_generation
[0.267s] -- Install configuration: "Release"
[0.267s] -- Execute custom install script
[0.267s] -- Up-to-date symlink: /home/adam/ros_ws1/install/sensor_scan_generation/lib/sensor_scan_generation/sensor_scan_generation_node
[0.267s] -- Up-to-date symlink: /home/adam/ros_ws1/install/sensor_scan_generation/include/sensor_scan_generation/sensor_scan_generation.hpp
[0.267s] -- Up-to-date symlink: /home/adam/ros_ws1/install/sensor_scan_generation/share/sensor_scan_generation/environment/library_path.sh
[0.268s] -- Up-to-date symlink: /home/adam/ros_ws1/install/sensor_scan_generation/share/sensor_scan_generation/environment/library_path.dsv
[0.268s] -- Up-to-date symlink: /home/adam/ros_ws1/install/sensor_scan_generation/lib/libsensor_scan_generation.so
[0.268s] -- Up-to-date symlink: /home/adam/ros_ws1/install/sensor_scan_generation/share/sensor_scan_generation/launch/sensor_scan_generation.launch.py
[0.268s] -- Up-to-date symlink: /home/adam/ros_ws1/install/sensor_scan_generation/share/ament_index/resource_index/package_run_dependencies/sensor_scan_generation
[0.268s] -- Up-to-date symlink: /home/adam/ros_ws1/install/sensor_scan_generation/share/ament_index/resource_index/parent_prefix_path/sensor_scan_generation
[0.268s] -- Up-to-date symlink: /home/adam/ros_ws1/install/sensor_scan_generation/share/sensor_scan_generation/environment/ament_prefix_path.sh
[0.268s] -- Up-to-date symlink: /home/adam/ros_ws1/install/sensor_scan_generation/share/sensor_scan_generation/environment/ament_prefix_path.dsv
[0.269s] -- Up-to-date symlink: /home/adam/ros_ws1/install/sensor_scan_generation/share/sensor_scan_generation/environment/path.sh
[0.269s] -- Up-to-date symlink: /home/adam/ros_ws1/install/sensor_scan_generation/share/sensor_scan_generation/environment/path.dsv
[0.269s] -- Up-to-date symlink: /home/adam/ros_ws1/install/sensor_scan_generation/share/sensor_scan_generation/local_setup.bash
[0.269s] -- Up-to-date symlink: /home/adam/ros_ws1/install/sensor_scan_generation/share/sensor_scan_generation/local_setup.sh
[0.269s] -- Up-to-date symlink: /home/adam/ros_ws1/install/sensor_scan_generation/share/sensor_scan_generation/local_setup.zsh
[0.269s] -- Up-to-date symlink: /home/adam/ros_ws1/install/sensor_scan_generation/share/sensor_scan_generation/local_setup.dsv
[0.269s] -- Symlinking: /home/adam/ros_ws1/install/sensor_scan_generation/share/sensor_scan_generation/package.dsv
[0.278s] -- Up-to-date symlink: /home/adam/ros_ws1/install/sensor_scan_generation/share/ament_index/resource_index/packages/sensor_scan_generation
[0.279s] -- Up-to-date symlink: /home/adam/ros_ws1/install/sensor_scan_generation/share/ament_index/resource_index/rclcpp_components/sensor_scan_generation
[0.281s] -- Up-to-date symlink: /home/adam/ros_ws1/install/sensor_scan_generation/share/sensor_scan_generation/cmake/ament_cmake_export_dependencies-extras.cmake
[0.281s] -- Up-to-date symlink: /home/adam/ros_ws1/install/sensor_scan_generation/share/sensor_scan_generation/cmake/ament_cmake_export_include_directories-extras.cmake
[0.281s] -- Up-to-date symlink: /home/adam/ros_ws1/install/sensor_scan_generation/share/sensor_scan_generation/cmake/ament_cmake_export_libraries-extras.cmake
[0.281s] -- Up-to-date symlink: /home/adam/ros_ws1/install/sensor_scan_generation/share/sensor_scan_generation/cmake/sensor_scan_generationConfig.cmake
[0.282s] -- Up-to-date symlink: /home/adam/ros_ws1/install/sensor_scan_generation/share/sensor_scan_generation/cmake/sensor_scan_generationConfig-version.cmake
[0.283s] -- Up-to-date symlink: /home/adam/ros_ws1/install/sensor_scan_generation/share/sensor_scan_generation/package.xml
[0.384s] Invoked command in '/home/adam/ros_ws1/build/sensor_scan_generation' returned '0': CMAKE_PREFIX_PATH=/opt/ros/humble /usr/bin/cmake --install /home/adam/ros_ws1/build/sensor_scan_generation
