[0.035s] Invoking command in '/home/adam/ros_ws1/build/loam_interface': CMAKE_PREFIX_PATH=/opt/ros/humble /usr/bin/cmake /home/adam/ros_ws1/src/pb2025_sentry_nav/loam_interface -DCMAKE_BUILD_TYPE=Release -DAMENT_CMAKE_SYMLINK_INSTALL=1 -DCMAKE_INSTALL_PREFIX=/home/adam/ros_ws1/install/loam_interface
[0.126s] -- The C compiler identification is GNU 11.4.0
[0.196s] -- The CXX compiler identification is GNU 11.4.0
[0.207s] -- Detecting C compiler ABI info
[0.293s] -- Detecting C compiler ABI info - done
[0.307s] -- Check for working C compiler: /usr/bin/cc - skipped
[0.307s] -- Detecting C compile features
[0.310s] -- Detecting C compile features - done
[0.310s] -- Detecting CXX compiler ABI info
[0.427s] -- Detecting CXX compiler ABI info - done
[0.446s] -- Check for working CXX compiler: /usr/bin/c++ - skipped
[0.446s] -- Detecting CXX compile features
[0.447s] -- Detecting CXX compile features - done
[0.449s] -- Found ament_cmake_auto: 1.3.11 (/opt/ros/humble/share/ament_cmake_auto/cmake)
[0.682s] -- Found Python3: /usr/bin/python3 (found version "3.10.12") found components: Interpreter 
[0.784s] -- Override CMake install command with custom implementation using symlinks instead of copying resources
[0.969s] -- Found rosidl_generator_c: 3.1.6 (/opt/ros/humble/share/rosidl_generator_c/cmake)
[0.975s] -- Found rosidl_adapter: 3.1.6 (/opt/ros/humble/share/rosidl_adapter/cmake)
[0.984s] -- Found rosidl_generator_cpp: 3.1.6 (/opt/ros/humble/share/rosidl_generator_cpp/cmake)
[0.998s] -- Using all available rosidl_typesupport_c: rosidl_typesupport_fastrtps_c;rosidl_typesupport_introspection_c
[1.026s] -- Using all available rosidl_typesupport_cpp: rosidl_typesupport_fastrtps_cpp;rosidl_typesupport_introspection_cpp
[1.078s] -- Found rmw_implementation_cmake: 6.1.2 (/opt/ros/humble/share/rmw_implementation_cmake/cmake)
[1.080s] -- Found rmw_fastrtps_cpp: 6.2.7 (/opt/ros/humble/share/rmw_fastrtps_cpp/cmake)
[1.180s] -- Found OpenSSL: /usr/lib/x86_64-linux-gnu/libcrypto.so (found version "3.0.2")  
[1.218s] -- Found FastRTPS: /opt/ros/humble/include  
[1.274s] -- Using RMW implementation 'rmw_fastrtps_cpp' as default
[1.281s] -- Looking for pthread.h
[1.377s] -- Looking for pthread.h - found
[1.377s] -- Performing Test CMAKE_HAVE_LIBC_PTHREAD
[1.469s] -- Performing Test CMAKE_HAVE_LIBC_PTHREAD - Success
[1.470s] -- Found Threads: TRUE  
[1.698s] -- Found eigen3_cmake_module: 0.1.1 (/opt/ros/humble/share/eigen3_cmake_module/cmake)
[1.700s] -- Found Eigen3: TRUE (found version "3.4.0") 
[1.700s] -- Ensuring Eigen3 include directory is part of orocos-kdl CMake target
[1.798s] -- Checking for module 'eigen3'
[1.817s] --   Found eigen3, version 3.4.0
[1.877s] -- Found Eigen: /usr/include/eigen3 (Required is at least version "3.1") 
[1.877s] -- Eigen found (include: /usr/include/eigen3, version: 3.4.0)
[1.915s] -- Checking for module 'flann'
[1.937s] --   Found flann, version 1.9.1
[1.987s] -- Found FLANN: /usr/lib/x86_64-linux-gnu/libflann_cpp.so  
[1.988s] -- FLANN found (include: /usr/include, lib: /usr/lib/x86_64-linux-gnu/libflann_cpp.so)
[3.925s] -- Checking for module 'libusb-1.0'
[3.964s] --   Found libusb-1.0, version 1.0.25
[4.046s] -- Found libusb: /usr/lib/x86_64-linux-gnu/libusb-1.0.so  
[4.047s] -- OpenNI found (version: 1.5.4.0, include: /usr/include/ni, lib: /usr/lib/libOpenNI.so;libusb::libusb)
[4.185s] -- OpenNI2 found (version: 2.2.0.33, include: /usr/include/openni2, lib: /usr/lib/x86_64-linux-gnu/libOpenNI2.so;libusb::libusb)
[4.565s] -- Eigen found (include: /usr/include/eigen3, version: 3.4.0)
[4.577s] -- OpenNI found (version: 1.5.4.0, include: /usr/include/ni, lib: /usr/lib/libOpenNI.so;libusb::libusb)
[4.592s] -- OpenNI2 found (version: 2.2.0.33, include: /usr/include/openni2, lib: /usr/lib/x86_64-linux-gnu/libOpenNI2.so;libusb::libusb)
[4.914s] -- Found Qhull version 8.0.2
[5.206s] -- OpenNI found (version: 1.5.4.0, include: /usr/include/ni, lib: /usr/lib/libOpenNI.so;libusb::libusb)
[5.510s] -- Found PCL_COMMON: /usr/lib/x86_64-linux-gnu/libpcl_common.so  
[5.514s] -- Found PCL_KDTREE: /usr/lib/x86_64-linux-gnu/libpcl_kdtree.so  
[5.514s] -- Found PCL_OCTREE: /usr/lib/x86_64-linux-gnu/libpcl_octree.so  
[5.515s] -- Found PCL_SEARCH: /usr/lib/x86_64-linux-gnu/libpcl_search.so  
[5.517s] -- Found PCL_SAMPLE_CONSENSUS: /usr/lib/x86_64-linux-gnu/libpcl_sample_consensus.so  
[5.518s] -- Found PCL_FILTERS: /usr/lib/x86_64-linux-gnu/libpcl_filters.so  
[5.518s] -- Found PCL_2D: /usr/include/pcl-1.12  
[5.519s] -- Found PCL_GEOMETRY: /usr/include/pcl-1.12  
[5.524s] -- Found PCL_IO: /usr/lib/x86_64-linux-gnu/libpcl_io.so  
[5.526s] -- Found PCL_FEATURES: /usr/lib/x86_64-linux-gnu/libpcl_features.so  
[5.528s] -- Found PCL_ML: /usr/lib/x86_64-linux-gnu/libpcl_ml.so  
[5.537s] -- Found PCL_SEGMENTATION: /usr/lib/x86_64-linux-gnu/libpcl_segmentation.so  
[5.537s] -- Found PCL_VISUALIZATION: /usr/lib/x86_64-linux-gnu/libpcl_visualization.so  
[5.544s] -- Found PCL_SURFACE: /usr/lib/x86_64-linux-gnu/libpcl_surface.so  
[5.545s] -- Found PCL_REGISTRATION: /usr/lib/x86_64-linux-gnu/libpcl_registration.so  
[5.550s] -- Found PCL_KEYPOINTS: /usr/lib/x86_64-linux-gnu/libpcl_keypoints.so  
[5.552s] -- Found PCL_TRACKING: /usr/lib/x86_64-linux-gnu/libpcl_tracking.so  
[5.557s] -- Found PCL_RECOGNITION: /usr/lib/x86_64-linux-gnu/libpcl_recognition.so  
[5.563s] -- Found PCL_STEREO: /usr/lib/x86_64-linux-gnu/libpcl_stereo.so  
[5.567s] -- Found PCL_APPS: /usr/lib/x86_64-linux-gnu/libpcl_apps.so  
[5.567s] -- Found PCL_IN_HAND_SCANNER: /usr/include/pcl-1.12  
[5.568s] -- Found PCL_MODELER: /usr/include/pcl-1.12  
[5.572s] -- Found PCL_POINT_CLOUD_EDITOR: /usr/include/pcl-1.12  
[5.576s] -- Found PCL_OUTOFCORE: /usr/lib/x86_64-linux-gnu/libpcl_outofcore.so  
[5.581s] -- Found PCL_PEOPLE: /usr/lib/x86_64-linux-gnu/libpcl_people.so  
[5.624s] -- Found ament_lint_auto: 0.12.11 (/opt/ros/humble/share/ament_lint_auto/cmake)
[5.661s] -- Added test 'copyright' to check source files copyright and LICENSE
[5.663s] -- Added test 'cppcheck' to perform static code analysis on C / C++ code
[5.663s] -- Configured cppcheck include dirs: /home/adam/ros_ws1/src/pb2025_sentry_nav/loam_interface/include
[5.663s] -- Configured cppcheck exclude dirs and/or files: 
[5.665s] -- Added test 'cpplint' to check C / C++ code against the Google style
[5.666s] -- Configured cpplint exclude dirs and/or files: 
[5.668s] -- Added test 'lint_cmake' to check CMake code style
[5.668s] -- Added test 'pep257' to check Python code against some of the docstring style conventions in PEP 257
[5.668s] -- Added test 'xmllint' to check XML markup files
[5.668s] -- Added test 'clang_format' to check C / C++ code style
[5.669s] -- Added test 'black' to check Python code style
[5.682s] -- Configuring done
[5.759s] -- Generating done
[5.791s] -- Build files have been written to: /home/adam/ros_ws1/build/loam_interface
[5.831s] Invoked command in '/home/adam/ros_ws1/build/loam_interface' returned '0': CMAKE_PREFIX_PATH=/opt/ros/humble /usr/bin/cmake /home/adam/ros_ws1/src/pb2025_sentry_nav/loam_interface -DCMAKE_BUILD_TYPE=Release -DAMENT_CMAKE_SYMLINK_INSTALL=1 -DCMAKE_INSTALL_PREFIX=/home/adam/ros_ws1/install/loam_interface
[5.833s] Invoking command in '/home/adam/ros_ws1/build/loam_interface': CMAKE_PREFIX_PATH=/opt/ros/humble /usr/bin/cmake --build /home/adam/ros_ws1/build/loam_interface -- -j8 -l8
[8.549s] [ 25%] [32mBuilding CXX object CMakeFiles/loam_interface_node.dir/rclcpp_components/node_main_loam_interface_node.cpp.o[0m
[8.549s] [ 50%] [32mBuilding CXX object CMakeFiles/loam_interface.dir/src/loam_interface.cpp.o[0m
[14.143s] [ 75%] [32m[1mLinking CXX executable loam_interface_node[0m
[14.426s] [ 75%] Built target loam_interface_node
[43.172s] [100%] [32m[1mLinking CXX shared library libloam_interface.so[0m
[43.943s] [100%] Built target loam_interface
[43.968s] Invoked command in '/home/adam/ros_ws1/build/loam_interface' returned '0': CMAKE_PREFIX_PATH=/opt/ros/humble /usr/bin/cmake --build /home/adam/ros_ws1/build/loam_interface -- -j8 -l8
[43.991s] Invoking command in '/home/adam/ros_ws1/build/loam_interface': CMAKE_PREFIX_PATH=/opt/ros/humble /usr/bin/cmake --install /home/adam/ros_ws1/build/loam_interface
[43.991s] -- Install configuration: "Release"
[43.991s] -- Execute custom install script
[43.992s] -- Symlinking: /home/adam/ros_ws1/install/loam_interface/lib/loam_interface/loam_interface_node
[43.998s] -- Symlinking: /home/adam/ros_ws1/install/loam_interface/include/loam_interface/loam_interface.hpp
[44.020s] -- Symlinking: /home/adam/ros_ws1/install/loam_interface/share/loam_interface/environment/library_path.sh
[44.034s] -- Symlinking: /home/adam/ros_ws1/install/loam_interface/share/loam_interface/environment/library_path.dsv
[44.069s] -- Symlinking: /home/adam/ros_ws1/install/loam_interface/lib/libloam_interface.so
[44.107s] -- Symlinking: /home/adam/ros_ws1/install/loam_interface/share/loam_interface/launch/loam_interface_launch.py
[44.128s] -- Symlinking: /home/adam/ros_ws1/install/loam_interface/share/ament_index/resource_index/package_run_dependencies/loam_interface
[44.150s] -- Symlinking: /home/adam/ros_ws1/install/loam_interface/share/ament_index/resource_index/parent_prefix_path/loam_interface
[44.162s] -- Symlinking: /home/adam/ros_ws1/install/loam_interface/share/loam_interface/environment/ament_prefix_path.sh
[44.185s] -- Symlinking: /home/adam/ros_ws1/install/loam_interface/share/loam_interface/environment/ament_prefix_path.dsv
[44.194s] -- Symlinking: /home/adam/ros_ws1/install/loam_interface/share/loam_interface/environment/path.sh
[44.207s] -- Symlinking: /home/adam/ros_ws1/install/loam_interface/share/loam_interface/environment/path.dsv
[44.219s] -- Symlinking: /home/adam/ros_ws1/install/loam_interface/share/loam_interface/local_setup.bash
[44.231s] -- Symlinking: /home/adam/ros_ws1/install/loam_interface/share/loam_interface/local_setup.sh
[44.262s] -- Symlinking: /home/adam/ros_ws1/install/loam_interface/share/loam_interface/local_setup.zsh
[44.278s] -- Symlinking: /home/adam/ros_ws1/install/loam_interface/share/loam_interface/local_setup.dsv
[44.290s] -- Symlinking: /home/adam/ros_ws1/install/loam_interface/share/loam_interface/package.dsv
[44.298s] -- Symlinking: /home/adam/ros_ws1/install/loam_interface/share/ament_index/resource_index/packages/loam_interface
[44.310s] -- Symlinking: /home/adam/ros_ws1/install/loam_interface/share/ament_index/resource_index/rclcpp_components/loam_interface
[44.322s] -- Symlinking: /home/adam/ros_ws1/install/loam_interface/share/loam_interface/cmake/ament_cmake_export_dependencies-extras.cmake
[44.332s] -- Symlinking: /home/adam/ros_ws1/install/loam_interface/share/loam_interface/cmake/ament_cmake_export_include_directories-extras.cmake
[44.351s] -- Symlinking: /home/adam/ros_ws1/install/loam_interface/share/loam_interface/cmake/ament_cmake_export_libraries-extras.cmake
[44.369s] -- Symlinking: /home/adam/ros_ws1/install/loam_interface/share/loam_interface/cmake/loam_interfaceConfig.cmake
[44.382s] -- Symlinking: /home/adam/ros_ws1/install/loam_interface/share/loam_interface/cmake/loam_interfaceConfig-version.cmake
[44.396s] -- Symlinking: /home/adam/ros_ws1/install/loam_interface/share/loam_interface/package.xml
[44.414s] Invoked command in '/home/adam/ros_ws1/build/loam_interface' returned '0': CMAKE_PREFIX_PATH=/opt/ros/humble /usr/bin/cmake --install /home/adam/ros_ws1/build/loam_interface
