[0.023s] Invoking command in '/home/adam/ros_ws/build/fake_vel_transform': CMAKE_PREFIX_PATH=/opt/ros/humble /usr/bin/cmake --build /home/adam/ros_ws/build/fake_vel_transform -- -j8 -l8
[0.088s] [ 50%] Built target fake_vel_transform
[0.100s] [100%] Built target fake_vel_transform_node
[0.125s] Invoked command in '/home/adam/ros_ws/build/fake_vel_transform' returned '0': CMAKE_PREFIX_PATH=/opt/ros/humble /usr/bin/cmake --build /home/adam/ros_ws/build/fake_vel_transform -- -j8 -l8
[0.140s] Invoking command in '/home/adam/ros_ws/build/fake_vel_transform': CMAKE_PREFIX_PATH=/opt/ros/humble /usr/bin/cmake --install /home/adam/ros_ws/build/fake_vel_transform
[0.152s] -- Install configuration: "Release"
[0.152s] -- Execute custom install script
[0.152s] -- Up-to-date symlink: /home/adam/ros_ws/install/fake_vel_transform/lib/fake_vel_transform/fake_vel_transform_node
[0.153s] -- Up-to-date symlink: /home/adam/ros_ws/install/fake_vel_transform/include/fake_vel_transform/fake_vel_transform.hpp
[0.157s] -- Up-to-date symlink: /home/adam/ros_ws/install/fake_vel_transform/share/fake_vel_transform/environment/library_path.sh
[0.157s] -- Up-to-date symlink: /home/adam/ros_ws/install/fake_vel_transform/share/fake_vel_transform/environment/library_path.dsv
[0.158s] -- Up-to-date symlink: /home/adam/ros_ws/install/fake_vel_transform/lib/libfake_vel_transform.so
[0.158s] -- Up-to-date symlink: /home/adam/ros_ws/install/fake_vel_transform/share/fake_vel_transform/launch/fake_vel_transform_launch.py
[0.158s] -- Up-to-date symlink: /home/adam/ros_ws/install/fake_vel_transform/share/ament_index/resource_index/package_run_dependencies/fake_vel_transform
[0.158s] -- Up-to-date symlink: /home/adam/ros_ws/install/fake_vel_transform/share/ament_index/resource_index/parent_prefix_path/fake_vel_transform
[0.158s] -- Up-to-date symlink: /home/adam/ros_ws/install/fake_vel_transform/share/fake_vel_transform/environment/ament_prefix_path.sh
[0.158s] -- Up-to-date symlink: /home/adam/ros_ws/install/fake_vel_transform/share/fake_vel_transform/environment/ament_prefix_path.dsv
[0.158s] -- Up-to-date symlink: /home/adam/ros_ws/install/fake_vel_transform/share/fake_vel_transform/environment/path.sh
[0.158s] -- Up-to-date symlink: /home/adam/ros_ws/install/fake_vel_transform/share/fake_vel_transform/environment/path.dsv
[0.161s] -- Up-to-date symlink: /home/adam/ros_ws/install/fake_vel_transform/share/fake_vel_transform/local_setup.bash
[0.162s] -- Up-to-date symlink: /home/adam/ros_ws/install/fake_vel_transform/share/fake_vel_transform/local_setup.sh
[0.162s] -- Up-to-date symlink: /home/adam/ros_ws/install/fake_vel_transform/share/fake_vel_transform/local_setup.zsh
[0.162s] -- Up-to-date symlink: /home/adam/ros_ws/install/fake_vel_transform/share/fake_vel_transform/local_setup.dsv
[0.162s] -- Symlinking: /home/adam/ros_ws/install/fake_vel_transform/share/fake_vel_transform/package.dsv
[0.173s] -- Up-to-date symlink: /home/adam/ros_ws/install/fake_vel_transform/share/ament_index/resource_index/packages/fake_vel_transform
[0.173s] -- Up-to-date symlink: /home/adam/ros_ws/install/fake_vel_transform/share/ament_index/resource_index/rclcpp_components/fake_vel_transform
[0.173s] -- Up-to-date symlink: /home/adam/ros_ws/install/fake_vel_transform/share/fake_vel_transform/cmake/ament_cmake_export_dependencies-extras.cmake
[0.173s] -- Up-to-date symlink: /home/adam/ros_ws/install/fake_vel_transform/share/fake_vel_transform/cmake/ament_cmake_export_include_directories-extras.cmake
[0.173s] -- Up-to-date symlink: /home/adam/ros_ws/install/fake_vel_transform/share/fake_vel_transform/cmake/ament_cmake_export_libraries-extras.cmake
[0.174s] -- Up-to-date symlink: /home/adam/ros_ws/install/fake_vel_transform/share/fake_vel_transform/cmake/fake_vel_transformConfig.cmake
[0.174s] -- Up-to-date symlink: /home/adam/ros_ws/install/fake_vel_transform/share/fake_vel_transform/cmake/fake_vel_transformConfig-version.cmake
[0.174s] -- Up-to-date symlink: /home/adam/ros_ws/install/fake_vel_transform/share/fake_vel_transform/package.xml
[0.212s] Invoked command in '/home/adam/ros_ws/build/fake_vel_transform' returned '0': CMAKE_PREFIX_PATH=/opt/ros/humble /usr/bin/cmake --install /home/adam/ros_ws/build/fake_vel_transform
