running develop
running egg_info
creating my_nav_controller.egg-info
writing my_nav_controller.egg-info/PKG-INFO
writing dependency_links to my_nav_controller.egg-info/dependency_links.txt
writing entry points to my_nav_controller.egg-info/entry_points.txt
writing requirements to my_nav_controller.egg-info/requires.txt
writing top-level names to my_nav_controller.egg-info/top_level.txt
writing manifest file 'my_nav_controller.egg-info/SOURCES.txt'
reading manifest file 'my_nav_controller.egg-info/SOURCES.txt'
writing manifest file 'my_nav_controller.egg-info/SOURCES.txt'
running build_ext
Creating /home/adam/ros_ws1/install/my_nav_controller/lib/python3.10/site-packages/my-nav-controller.egg-link (link to .)
Installing send_goal script to /home/adam/ros_ws1/install/my_nav_controller/lib/my_nav_controller

Installed /home/adam/ros_ws1/build/my_nav_controller
running symlink_data
creating /home/adam/ros_ws1/install/my_nav_controller/share/ament_index
creating /home/adam/ros_ws1/install/my_nav_controller/share/ament_index/resource_index
creating /home/adam/ros_ws1/install/my_nav_controller/share/ament_index/resource_index/packages
symbolically linking /home/adam/ros_ws1/build/my_nav_controller/resource/my_nav_controller -> /home/adam/ros_ws1/install/my_nav_controller/share/ament_index/resource_index/packages
symbolically linking /home/adam/ros_ws1/build/my_nav_controller/package.xml -> /home/adam/ros_ws1/install/my_nav_controller/share/my_nav_controller
creating /home/adam/ros_ws1/install/my_nav_controller/share/my_nav_controller/launch
symbolically linking /home/adam/ros_ws1/build/my_nav_controller/launch/navigation_client.launch.py -> /home/adam/ros_ws1/install/my_nav_controller/share/my_nav_controller/launch
