[1.271s] Invoking command in '/home/adam/ros_ws1/build/my_nav_controller': PYTHONPATH=/home/adam/ros_ws1/build/my_nav_controller/prefix_override:/usr/lib/python3/dist-packages/colcon_core/task/python/colcon_distutils_commands:/home/adam/ros_ws1/install/my_nav_controller/lib/python3.10/site-packages:${PYTHONPATH} /usr/bin/python3 -W ignore:setup.py install is deprecated -W ignore:easy_install command is deprecated setup.py develop --editable --build-directory /home/adam/ros_ws1/build/my_nav_controller/build --no-deps symlink_data
[6.060s] running develop
[6.060s] running egg_info
[6.062s] creating my_nav_controller.egg-info
[6.063s] writing my_nav_controller.egg-info/PKG-INFO
[6.063s] writing dependency_links to my_nav_controller.egg-info/dependency_links.txt
[6.063s] writing entry points to my_nav_controller.egg-info/entry_points.txt
[6.063s] writing requirements to my_nav_controller.egg-info/requires.txt
[6.063s] writing top-level names to my_nav_controller.egg-info/top_level.txt
[6.063s] writing manifest file 'my_nav_controller.egg-info/SOURCES.txt'
[6.063s] reading manifest file 'my_nav_controller.egg-info/SOURCES.txt'
[6.063s] writing manifest file 'my_nav_controller.egg-info/SOURCES.txt'
[6.063s] running build_ext
[6.063s] Creating /home/adam/ros_ws1/install/my_nav_controller/lib/python3.10/site-packages/my-nav-controller.egg-link (link to .)
[6.063s] Installing send_goal script to /home/adam/ros_ws1/install/my_nav_controller/lib/my_nav_controller
[6.063s] 
[6.063s] Installed /home/adam/ros_ws1/build/my_nav_controller
[6.063s] running symlink_data
[6.063s] creating /home/adam/ros_ws1/install/my_nav_controller/share/ament_index
[6.064s] creating /home/adam/ros_ws1/install/my_nav_controller/share/ament_index/resource_index
[6.064s] creating /home/adam/ros_ws1/install/my_nav_controller/share/ament_index/resource_index/packages
[6.064s] symbolically linking /home/adam/ros_ws1/build/my_nav_controller/resource/my_nav_controller -> /home/adam/ros_ws1/install/my_nav_controller/share/ament_index/resource_index/packages
[6.064s] symbolically linking /home/adam/ros_ws1/build/my_nav_controller/package.xml -> /home/adam/ros_ws1/install/my_nav_controller/share/my_nav_controller
[6.064s] creating /home/adam/ros_ws1/install/my_nav_controller/share/my_nav_controller/launch
[6.064s] symbolically linking /home/adam/ros_ws1/build/my_nav_controller/launch/navigation_client.launch.py -> /home/adam/ros_ws1/install/my_nav_controller/share/my_nav_controller/launch
[6.086s] Invoked command in '/home/adam/ros_ws1/build/my_nav_controller' returned '0': PYTHONPATH=/home/adam/ros_ws1/build/my_nav_controller/prefix_override:/usr/lib/python3/dist-packages/colcon_core/task/python/colcon_distutils_commands:/home/adam/ros_ws1/install/my_nav_controller/lib/python3.10/site-packages:${PYTHONPATH} /usr/bin/python3 -W ignore:setup.py install is deprecated -W ignore:easy_install command is deprecated setup.py develop --editable --build-directory /home/adam/ros_ws1/build/my_nav_controller/build --no-deps symlink_data
