[0.073s] Invoking command in '/home/adam/ros_ws/build/terrain_analysis': CMAKE_PREFIX_PATH=/opt/ros/humble /usr/bin/cmake --build /home/adam/ros_ws/build/terrain_analysis -- -j8 -l8
[0.129s] [ 50%] Built target terrain_analysis_node
[0.135s] [100%] Built target terrain_analysis
[0.449s] Invoked command in '/home/adam/ros_ws/build/terrain_analysis' returned '0': CMAKE_PREFIX_PATH=/opt/ros/humble /usr/bin/cmake --build /home/adam/ros_ws/build/terrain_analysis -- -j8 -l8
[0.449s] Invoking command in '/home/adam/ros_ws/build/terrain_analysis': CMAKE_PREFIX_PATH=/opt/ros/humble /usr/bin/cmake --install /home/adam/ros_ws/build/terrain_analysis
[0.460s] -- Install configuration: "Release"
[0.460s] -- Execute custom install script
[0.460s] -- Up-to-date symlink: /home/adam/ros_ws/install/terrain_analysis/lib/terrain_analysis/terrain_analysis_node
[0.461s] -- Up-to-date symlink: /home/adam/ros_ws/install/terrain_analysis/include/terrain_analysis/terrain_analysis.hpp
[0.461s] -- Up-to-date symlink: /home/adam/ros_ws/install/terrain_analysis/share/terrain_analysis/environment/library_path.sh
[0.461s] -- Up-to-date symlink: /home/adam/ros_ws/install/terrain_analysis/share/terrain_analysis/environment/library_path.dsv
[0.461s] -- Up-to-date symlink: /home/adam/ros_ws/install/terrain_analysis/lib/libterrain_analysis.so
[0.461s] -- Up-to-date symlink: /home/adam/ros_ws/install/terrain_analysis/share/terrain_analysis/launch/terrain_analysis_launch.py
[0.461s] -- Up-to-date symlink: /home/adam/ros_ws/install/terrain_analysis/share/ament_index/resource_index/package_run_dependencies/terrain_analysis
[0.461s] -- Up-to-date symlink: /home/adam/ros_ws/install/terrain_analysis/share/ament_index/resource_index/parent_prefix_path/terrain_analysis
[0.461s] -- Up-to-date symlink: /home/adam/ros_ws/install/terrain_analysis/share/terrain_analysis/environment/ament_prefix_path.sh
[0.461s] -- Up-to-date symlink: /home/adam/ros_ws/install/terrain_analysis/share/terrain_analysis/environment/ament_prefix_path.dsv
[0.461s] -- Up-to-date symlink: /home/adam/ros_ws/install/terrain_analysis/share/terrain_analysis/environment/path.sh
[0.461s] -- Up-to-date symlink: /home/adam/ros_ws/install/terrain_analysis/share/terrain_analysis/environment/path.dsv
[0.461s] -- Up-to-date symlink: /home/adam/ros_ws/install/terrain_analysis/share/terrain_analysis/local_setup.bash
[0.461s] -- Up-to-date symlink: /home/adam/ros_ws/install/terrain_analysis/share/terrain_analysis/local_setup.sh
[0.462s] -- Up-to-date symlink: /home/adam/ros_ws/install/terrain_analysis/share/terrain_analysis/local_setup.zsh
[0.462s] -- Up-to-date symlink: /home/adam/ros_ws/install/terrain_analysis/share/terrain_analysis/local_setup.dsv
[0.462s] -- Symlinking: /home/adam/ros_ws/install/terrain_analysis/share/terrain_analysis/package.dsv
[0.472s] -- Up-to-date symlink: /home/adam/ros_ws/install/terrain_analysis/share/ament_index/resource_index/packages/terrain_analysis
[0.472s] -- Up-to-date symlink: /home/adam/ros_ws/install/terrain_analysis/share/ament_index/resource_index/rclcpp_components/terrain_analysis
[0.473s] -- Up-to-date symlink: /home/adam/ros_ws/install/terrain_analysis/share/terrain_analysis/cmake/ament_cmake_export_dependencies-extras.cmake
[0.473s] -- Up-to-date symlink: /home/adam/ros_ws/install/terrain_analysis/share/terrain_analysis/cmake/ament_cmake_export_include_directories-extras.cmake
[0.473s] -- Up-to-date symlink: /home/adam/ros_ws/install/terrain_analysis/share/terrain_analysis/cmake/ament_cmake_export_libraries-extras.cmake
[0.475s] -- Up-to-date symlink: /home/adam/ros_ws/install/terrain_analysis/share/terrain_analysis/cmake/terrain_analysisConfig.cmake
[0.475s] -- Up-to-date symlink: /home/adam/ros_ws/install/terrain_analysis/share/terrain_analysis/cmake/terrain_analysisConfig-version.cmake
[0.475s] -- Up-to-date symlink: /home/adam/ros_ws/install/terrain_analysis/share/terrain_analysis/package.xml
[0.476s] Invoked command in '/home/adam/ros_ws/build/terrain_analysis' returned '0': CMAKE_PREFIX_PATH=/opt/ros/humble /usr/bin/cmake --install /home/adam/ros_ws/build/terrain_analysis
