[0.031s] Invoking command in '/home/adam/ros_ws1/build/pb2025_nav_bringup': AMENT_PREFIX_PATH=/home/adam/ros_ws1/install/point_lio:/home/adam/ros_ws1/install/pb2025_sentry_nav:/home/adam/ros_ws1/install/terrain_analysis:/home/adam/ros_ws1/install/small_gicp_relocalization:/home/adam/ros_ws1/install/sensor_scan_generation:/home/adam/ros_ws1/install/pointcloud_to_laserscan:/home/adam/ros_ws1/install/pb_teleop_twist_joy:/home/adam/ros_ws1/install/pb_omni_pid_pursuit_controller:/home/adam/ros_ws1/install/pb_nav2_plugins:/home/adam/ros_ws1/install/loam_interface:/home/adam/ros_ws1/install/livox_ros_driver2:/home/adam/ros_ws1/install/ign_sim_pointcloud_tool:/home/adam/ros_ws1/install/fake_vel_transform:${AMENT_PREFIX_PATH} CMAKE_PREFIX_PATH=/home/adam/ros_ws1/install/point_lio:/home/adam/ros_ws1/install/pb2025_sentry_nav:/home/adam/ros_ws1/install/terrain_analysis:/home/adam/ros_ws1/install/small_gicp_relocalization:/home/adam/ros_ws1/install/sensor_scan_generation:/home/adam/ros_ws1/install/pointcloud_to_laserscan:/home/adam/ros_ws1/install/pb_teleop_twist_joy:/home/adam/ros_ws1/install/pb_omni_pid_pursuit_controller:/home/adam/ros_ws1/install/pb_nav2_plugins:/home/adam/ros_ws1/install/loam_interface:/home/adam/ros_ws1/install/livox_ros_driver2:/home/adam/ros_ws1/install/ign_sim_pointcloud_tool:/home/adam/ros_ws1/install/fake_vel_transform:/opt/ros/humble LD_LIBRARY_PATH=/home/adam/ros_ws1/install/terrain_analysis/lib:/home/adam/ros_ws1/install/small_gicp_relocalization/lib:/home/adam/ros_ws1/install/sensor_scan_generation/lib:/home/adam/ros_ws1/install/pointcloud_to_laserscan/lib:/home/adam/ros_ws1/install/pb_teleop_twist_joy/lib:/home/adam/ros_ws1/install/pb_omni_pid_pursuit_controller/lib:/home/adam/ros_ws1/install/pb_nav2_plugins/lib:/home/adam/ros_ws1/install/loam_interface/lib:/home/adam/ros_ws1/install/livox_ros_driver2/lib:/home/adam/ros_ws1/install/ign_sim_pointcloud_tool/lib:/home/adam/ros_ws1/install/fake_vel_transform/lib:${LD_LIBRARY_PATH} PYTHONPATH=/home/adam/ros_ws1/install/livox_ros_driver2/local/lib/python3.10/dist-packages:${PYTHONPATH} /usr/bin/cmake /home/adam/ros_ws1/src/pb2025_sentry_nav/pb2025_nav_bringup -DCMAKE_BUILD_TYPE=Release -DAMENT_CMAKE_SYMLINK_INSTALL=1 -DCMAKE_INSTALL_PREFIX=/home/adam/ros_ws1/install/pb2025_nav_bringup
[0.079s] -- The C compiler identification is GNU 11.4.0
[0.121s] -- The CXX compiler identification is GNU 11.4.0
[0.127s] -- Detecting C compiler ABI info
[0.184s] -- Detecting C compiler ABI info - done
[0.191s] -- Check for working C compiler: /usr/bin/cc - skipped
[0.191s] -- Detecting C compile features
[0.191s] -- Detecting C compile features - done
[0.194s] -- Detecting CXX compiler ABI info
[0.255s] -- Detecting CXX compiler ABI info - done
[0.261s] -- Check for working CXX compiler: /usr/bin/c++ - skipped
[0.261s] -- Detecting CXX compile features
[0.261s] -- Detecting CXX compile features - done
[0.265s] -- Found ament_cmake_auto: 1.3.11 (/opt/ros/humble/share/ament_cmake_auto/cmake)
[0.384s] -- Found Python3: /usr/bin/python3 (found version "3.10.12") found components: Interpreter 
[0.431s] -- Override CMake install command with custom implementation using symlinks instead of copying resources
[0.457s] -- Found ament_lint_auto: 0.12.11 (/opt/ros/humble/share/ament_lint_auto/cmake)
[0.530s] -- Added test 'copyright' to check source files copyright and LICENSE
[0.532s] -- Added test 'lint_cmake' to check CMake code style
[0.533s] -- Added test 'pep257' to check Python code against some of the docstring style conventions in PEP 257
[0.533s] -- Added test 'xmllint' to check XML markup files
[0.535s] -- Added test 'black' to check Python code style
[0.536s] -- Configuring done
[0.539s] -- Generating done
[0.540s] -- Build files have been written to: /home/adam/ros_ws1/build/pb2025_nav_bringup
[0.545s] Invoked command in '/home/adam/ros_ws1/build/pb2025_nav_bringup' returned '0': AMENT_PREFIX_PATH=/home/adam/ros_ws1/install/point_lio:/home/adam/ros_ws1/install/pb2025_sentry_nav:/home/adam/ros_ws1/install/terrain_analysis:/home/adam/ros_ws1/install/small_gicp_relocalization:/home/adam/ros_ws1/install/sensor_scan_generation:/home/adam/ros_ws1/install/pointcloud_to_laserscan:/home/adam/ros_ws1/install/pb_teleop_twist_joy:/home/adam/ros_ws1/install/pb_omni_pid_pursuit_controller:/home/adam/ros_ws1/install/pb_nav2_plugins:/home/adam/ros_ws1/install/loam_interface:/home/adam/ros_ws1/install/livox_ros_driver2:/home/adam/ros_ws1/install/ign_sim_pointcloud_tool:/home/adam/ros_ws1/install/fake_vel_transform:${AMENT_PREFIX_PATH} CMAKE_PREFIX_PATH=/home/adam/ros_ws1/install/point_lio:/home/adam/ros_ws1/install/pb2025_sentry_nav:/home/adam/ros_ws1/install/terrain_analysis:/home/adam/ros_ws1/install/small_gicp_relocalization:/home/adam/ros_ws1/install/sensor_scan_generation:/home/adam/ros_ws1/install/pointcloud_to_laserscan:/home/adam/ros_ws1/install/pb_teleop_twist_joy:/home/adam/ros_ws1/install/pb_omni_pid_pursuit_controller:/home/adam/ros_ws1/install/pb_nav2_plugins:/home/adam/ros_ws1/install/loam_interface:/home/adam/ros_ws1/install/livox_ros_driver2:/home/adam/ros_ws1/install/ign_sim_pointcloud_tool:/home/adam/ros_ws1/install/fake_vel_transform:/opt/ros/humble LD_LIBRARY_PATH=/home/adam/ros_ws1/install/terrain_analysis/lib:/home/adam/ros_ws1/install/small_gicp_relocalization/lib:/home/adam/ros_ws1/install/sensor_scan_generation/lib:/home/adam/ros_ws1/install/pointcloud_to_laserscan/lib:/home/adam/ros_ws1/install/pb_teleop_twist_joy/lib:/home/adam/ros_ws1/install/pb_omni_pid_pursuit_controller/lib:/home/adam/ros_ws1/install/pb_nav2_plugins/lib:/home/adam/ros_ws1/install/loam_interface/lib:/home/adam/ros_ws1/install/livox_ros_driver2/lib:/home/adam/ros_ws1/install/ign_sim_pointcloud_tool/lib:/home/adam/ros_ws1/install/fake_vel_transform/lib:${LD_LIBRARY_PATH} PYTHONPATH=/home/adam/ros_ws1/install/livox_ros_driver2/local/lib/python3.10/dist-packages:${PYTHONPATH} /usr/bin/cmake /home/adam/ros_ws1/src/pb2025_sentry_nav/pb2025_nav_bringup -DCMAKE_BUILD_TYPE=Release -DAMENT_CMAKE_SYMLINK_INSTALL=1 -DCMAKE_INSTALL_PREFIX=/home/adam/ros_ws1/install/pb2025_nav_bringup
[0.545s] Invoking command in '/home/adam/ros_ws1/build/pb2025_nav_bringup': AMENT_PREFIX_PATH=/home/adam/ros_ws1/install/point_lio:/home/adam/ros_ws1/install/pb2025_sentry_nav:/home/adam/ros_ws1/install/terrain_analysis:/home/adam/ros_ws1/install/small_gicp_relocalization:/home/adam/ros_ws1/install/sensor_scan_generation:/home/adam/ros_ws1/install/pointcloud_to_laserscan:/home/adam/ros_ws1/install/pb_teleop_twist_joy:/home/adam/ros_ws1/install/pb_omni_pid_pursuit_controller:/home/adam/ros_ws1/install/pb_nav2_plugins:/home/adam/ros_ws1/install/loam_interface:/home/adam/ros_ws1/install/livox_ros_driver2:/home/adam/ros_ws1/install/ign_sim_pointcloud_tool:/home/adam/ros_ws1/install/fake_vel_transform:${AMENT_PREFIX_PATH} CMAKE_PREFIX_PATH=/home/adam/ros_ws1/install/point_lio:/home/adam/ros_ws1/install/pb2025_sentry_nav:/home/adam/ros_ws1/install/terrain_analysis:/home/adam/ros_ws1/install/small_gicp_relocalization:/home/adam/ros_ws1/install/sensor_scan_generation:/home/adam/ros_ws1/install/pointcloud_to_laserscan:/home/adam/ros_ws1/install/pb_teleop_twist_joy:/home/adam/ros_ws1/install/pb_omni_pid_pursuit_controller:/home/adam/ros_ws1/install/pb_nav2_plugins:/home/adam/ros_ws1/install/loam_interface:/home/adam/ros_ws1/install/livox_ros_driver2:/home/adam/ros_ws1/install/ign_sim_pointcloud_tool:/home/adam/ros_ws1/install/fake_vel_transform:/opt/ros/humble LD_LIBRARY_PATH=/home/adam/ros_ws1/install/terrain_analysis/lib:/home/adam/ros_ws1/install/small_gicp_relocalization/lib:/home/adam/ros_ws1/install/sensor_scan_generation/lib:/home/adam/ros_ws1/install/pointcloud_to_laserscan/lib:/home/adam/ros_ws1/install/pb_teleop_twist_joy/lib:/home/adam/ros_ws1/install/pb_omni_pid_pursuit_controller/lib:/home/adam/ros_ws1/install/pb_nav2_plugins/lib:/home/adam/ros_ws1/install/loam_interface/lib:/home/adam/ros_ws1/install/livox_ros_driver2/lib:/home/adam/ros_ws1/install/ign_sim_pointcloud_tool/lib:/home/adam/ros_ws1/install/fake_vel_transform/lib:${LD_LIBRARY_PATH} PYTHONPATH=/home/adam/ros_ws1/install/livox_ros_driver2/local/lib/python3.10/dist-packages:${PYTHONPATH} /usr/bin/cmake --build /home/adam/ros_ws1/build/pb2025_nav_bringup -- -j8 -l8
[0.581s] Invoked command in '/home/adam/ros_ws1/build/pb2025_nav_bringup' returned '0': AMENT_PREFIX_PATH=/home/adam/ros_ws1/install/point_lio:/home/adam/ros_ws1/install/pb2025_sentry_nav:/home/adam/ros_ws1/install/terrain_analysis:/home/adam/ros_ws1/install/small_gicp_relocalization:/home/adam/ros_ws1/install/sensor_scan_generation:/home/adam/ros_ws1/install/pointcloud_to_laserscan:/home/adam/ros_ws1/install/pb_teleop_twist_joy:/home/adam/ros_ws1/install/pb_omni_pid_pursuit_controller:/home/adam/ros_ws1/install/pb_nav2_plugins:/home/adam/ros_ws1/install/loam_interface:/home/adam/ros_ws1/install/livox_ros_driver2:/home/adam/ros_ws1/install/ign_sim_pointcloud_tool:/home/adam/ros_ws1/install/fake_vel_transform:${AMENT_PREFIX_PATH} CMAKE_PREFIX_PATH=/home/adam/ros_ws1/install/point_lio:/home/adam/ros_ws1/install/pb2025_sentry_nav:/home/adam/ros_ws1/install/terrain_analysis:/home/adam/ros_ws1/install/small_gicp_relocalization:/home/adam/ros_ws1/install/sensor_scan_generation:/home/adam/ros_ws1/install/pointcloud_to_laserscan:/home/adam/ros_ws1/install/pb_teleop_twist_joy:/home/adam/ros_ws1/install/pb_omni_pid_pursuit_controller:/home/adam/ros_ws1/install/pb_nav2_plugins:/home/adam/ros_ws1/install/loam_interface:/home/adam/ros_ws1/install/livox_ros_driver2:/home/adam/ros_ws1/install/ign_sim_pointcloud_tool:/home/adam/ros_ws1/install/fake_vel_transform:/opt/ros/humble LD_LIBRARY_PATH=/home/adam/ros_ws1/install/terrain_analysis/lib:/home/adam/ros_ws1/install/small_gicp_relocalization/lib:/home/adam/ros_ws1/install/sensor_scan_generation/lib:/home/adam/ros_ws1/install/pointcloud_to_laserscan/lib:/home/adam/ros_ws1/install/pb_teleop_twist_joy/lib:/home/adam/ros_ws1/install/pb_omni_pid_pursuit_controller/lib:/home/adam/ros_ws1/install/pb_nav2_plugins/lib:/home/adam/ros_ws1/install/loam_interface/lib:/home/adam/ros_ws1/install/livox_ros_driver2/lib:/home/adam/ros_ws1/install/ign_sim_pointcloud_tool/lib:/home/adam/ros_ws1/install/fake_vel_transform/lib:${LD_LIBRARY_PATH} PYTHONPATH=/home/adam/ros_ws1/install/livox_ros_driver2/local/lib/python3.10/dist-packages:${PYTHONPATH} /usr/bin/cmake --build /home/adam/ros_ws1/build/pb2025_nav_bringup -- -j8 -l8
[0.582s] Invoking command in '/home/adam/ros_ws1/build/pb2025_nav_bringup': AMENT_PREFIX_PATH=/home/adam/ros_ws1/install/point_lio:/home/adam/ros_ws1/install/pb2025_sentry_nav:/home/adam/ros_ws1/install/terrain_analysis:/home/adam/ros_ws1/install/small_gicp_relocalization:/home/adam/ros_ws1/install/sensor_scan_generation:/home/adam/ros_ws1/install/pointcloud_to_laserscan:/home/adam/ros_ws1/install/pb_teleop_twist_joy:/home/adam/ros_ws1/install/pb_omni_pid_pursuit_controller:/home/adam/ros_ws1/install/pb_nav2_plugins:/home/adam/ros_ws1/install/loam_interface:/home/adam/ros_ws1/install/livox_ros_driver2:/home/adam/ros_ws1/install/ign_sim_pointcloud_tool:/home/adam/ros_ws1/install/fake_vel_transform:${AMENT_PREFIX_PATH} CMAKE_PREFIX_PATH=/home/adam/ros_ws1/install/point_lio:/home/adam/ros_ws1/install/pb2025_sentry_nav:/home/adam/ros_ws1/install/terrain_analysis:/home/adam/ros_ws1/install/small_gicp_relocalization:/home/adam/ros_ws1/install/sensor_scan_generation:/home/adam/ros_ws1/install/pointcloud_to_laserscan:/home/adam/ros_ws1/install/pb_teleop_twist_joy:/home/adam/ros_ws1/install/pb_omni_pid_pursuit_controller:/home/adam/ros_ws1/install/pb_nav2_plugins:/home/adam/ros_ws1/install/loam_interface:/home/adam/ros_ws1/install/livox_ros_driver2:/home/adam/ros_ws1/install/ign_sim_pointcloud_tool:/home/adam/ros_ws1/install/fake_vel_transform:/opt/ros/humble LD_LIBRARY_PATH=/home/adam/ros_ws1/install/terrain_analysis/lib:/home/adam/ros_ws1/install/small_gicp_relocalization/lib:/home/adam/ros_ws1/install/sensor_scan_generation/lib:/home/adam/ros_ws1/install/pointcloud_to_laserscan/lib:/home/adam/ros_ws1/install/pb_teleop_twist_joy/lib:/home/adam/ros_ws1/install/pb_omni_pid_pursuit_controller/lib:/home/adam/ros_ws1/install/pb_nav2_plugins/lib:/home/adam/ros_ws1/install/loam_interface/lib:/home/adam/ros_ws1/install/livox_ros_driver2/lib:/home/adam/ros_ws1/install/ign_sim_pointcloud_tool/lib:/home/adam/ros_ws1/install/fake_vel_transform/lib:${LD_LIBRARY_PATH} PYTHONPATH=/home/adam/ros_ws1/install/livox_ros_driver2/local/lib/python3.10/dist-packages:${PYTHONPATH} /usr/bin/cmake --install /home/adam/ros_ws1/build/pb2025_nav_bringup
[0.588s] -- Install configuration: "Release"
[0.588s] -- Execute custom install script
[0.589s] -- Symlinking: /home/adam/ros_ws1/install/pb2025_nav_bringup/share/pb2025_nav_bringup/launch/bringup_launch.py
[0.596s] -- Symlinking: /home/adam/ros_ws1/install/pb2025_nav_bringup/share/pb2025_nav_bringup/launch/joy_teleop_launch.py
[0.603s] -- Symlinking: /home/adam/ros_ws1/install/pb2025_nav_bringup/share/pb2025_nav_bringup/launch/localization_launch.py
[0.609s] -- Symlinking: /home/adam/ros_ws1/install/pb2025_nav_bringup/share/pb2025_nav_bringup/launch/navigation_launch.py
[0.616s] -- Symlinking: /home/adam/ros_ws1/install/pb2025_nav_bringup/share/pb2025_nav_bringup/launch/rm_multi_navigation_simulation_launch.py
[0.622s] -- Symlinking: /home/adam/ros_ws1/install/pb2025_nav_bringup/share/pb2025_nav_bringup/launch/rm_navigation_reality_launch.py
[0.628s] -- Symlinking: /home/adam/ros_ws1/install/pb2025_nav_bringup/share/pb2025_nav_bringup/launch/rm_navigation_simulation_launch.py
[0.635s] -- Symlinking: /home/adam/ros_ws1/install/pb2025_nav_bringup/share/pb2025_nav_bringup/launch/robot_state_publisher_launch.py
[0.641s] -- Symlinking: /home/adam/ros_ws1/install/pb2025_nav_bringup/share/pb2025_nav_bringup/launch/rviz_launch.py
[0.648s] -- Symlinking: /home/adam/ros_ws1/install/pb2025_nav_bringup/share/pb2025_nav_bringup/launch/slam_launch.py
[0.655s] -- Symlinking: /home/adam/ros_ws1/install/pb2025_nav_bringup/share/pb2025_nav_bringup/map/reality/reserve
[0.663s] -- Symlinking: /home/adam/ros_ws1/install/pb2025_nav_bringup/share/pb2025_nav_bringup/map/simulation/rmuc_2024.pgm
[0.671s] -- Symlinking: /home/adam/ros_ws1/install/pb2025_nav_bringup/share/pb2025_nav_bringup/map/simulation/rmuc_2024.yaml
[0.678s] -- Symlinking: /home/adam/ros_ws1/install/pb2025_nav_bringup/share/pb2025_nav_bringup/map/simulation/rmuc_2025.pgm
[0.686s] -- Symlinking: /home/adam/ros_ws1/install/pb2025_nav_bringup/share/pb2025_nav_bringup/map/simulation/rmuc_2025.yaml
[0.692s] -- Symlinking: /home/adam/ros_ws1/install/pb2025_nav_bringup/share/pb2025_nav_bringup/map/simulation/rmul_2024.pgm
[0.699s] -- Symlinking: /home/adam/ros_ws1/install/pb2025_nav_bringup/share/pb2025_nav_bringup/map/simulation/rmul_2024.yaml
[0.705s] -- Symlinking: /home/adam/ros_ws1/install/pb2025_nav_bringup/share/pb2025_nav_bringup/map/simulation/rmul_2025.pgm
[0.712s] -- Symlinking: /home/adam/ros_ws1/install/pb2025_nav_bringup/share/pb2025_nav_bringup/map/simulation/rmul_2025.yaml
[0.718s] -- Symlinking: /home/adam/ros_ws1/install/pb2025_nav_bringup/share/pb2025_nav_bringup/pcd/reality/reserve
[0.725s] -- Symlinking: /home/adam/ros_ws1/install/pb2025_nav_bringup/share/pb2025_nav_bringup/pcd/simulation/readme.md
[0.732s] -- Symlinking: /home/adam/ros_ws1/install/pb2025_nav_bringup/share/pb2025_nav_bringup/config/reality/mid360_user_config.json
[0.738s] -- Symlinking: /home/adam/ros_ws1/install/pb2025_nav_bringup/share/pb2025_nav_bringup/config/reality/nav2_params.yaml
[0.744s] -- Symlinking: /home/adam/ros_ws1/install/pb2025_nav_bringup/share/pb2025_nav_bringup/config/simulation/nav2_params.yaml
[0.751s] -- Symlinking: /home/adam/ros_ws1/install/pb2025_nav_bringup/share/pb2025_nav_bringup/behavior_trees/navigate_through_poses_w_replanning_and_recovery.xml
[0.758s] -- Symlinking: /home/adam/ros_ws1/install/pb2025_nav_bringup/share/pb2025_nav_bringup/behavior_trees/navigate_to_pose_w_replanning_and_recovery.xml
[0.767s] -- Symlinking: /home/adam/ros_ws1/install/pb2025_nav_bringup/share/pb2025_nav_bringup/rviz/nav2_default_view.rviz
[0.775s] -- Symlinking: /home/adam/ros_ws1/install/pb2025_nav_bringup/share/ament_index/resource_index/package_run_dependencies/pb2025_nav_bringup
[0.782s] -- Symlinking: /home/adam/ros_ws1/install/pb2025_nav_bringup/share/ament_index/resource_index/parent_prefix_path/pb2025_nav_bringup
[0.789s] -- Symlinking: /home/adam/ros_ws1/install/pb2025_nav_bringup/share/pb2025_nav_bringup/environment/ament_prefix_path.sh
[0.796s] -- Symlinking: /home/adam/ros_ws1/install/pb2025_nav_bringup/share/pb2025_nav_bringup/environment/ament_prefix_path.dsv
[0.803s] -- Symlinking: /home/adam/ros_ws1/install/pb2025_nav_bringup/share/pb2025_nav_bringup/environment/path.sh
[0.810s] -- Symlinking: /home/adam/ros_ws1/install/pb2025_nav_bringup/share/pb2025_nav_bringup/environment/path.dsv
[0.816s] -- Symlinking: /home/adam/ros_ws1/install/pb2025_nav_bringup/share/pb2025_nav_bringup/local_setup.bash
[0.823s] -- Symlinking: /home/adam/ros_ws1/install/pb2025_nav_bringup/share/pb2025_nav_bringup/local_setup.sh
[0.829s] -- Symlinking: /home/adam/ros_ws1/install/pb2025_nav_bringup/share/pb2025_nav_bringup/local_setup.zsh
[0.835s] -- Symlinking: /home/adam/ros_ws1/install/pb2025_nav_bringup/share/pb2025_nav_bringup/local_setup.dsv
[0.842s] -- Symlinking: /home/adam/ros_ws1/install/pb2025_nav_bringup/share/pb2025_nav_bringup/package.dsv
[0.848s] -- Symlinking: /home/adam/ros_ws1/install/pb2025_nav_bringup/share/ament_index/resource_index/packages/pb2025_nav_bringup
[0.855s] -- Symlinking: /home/adam/ros_ws1/install/pb2025_nav_bringup/share/pb2025_nav_bringup/cmake/pb2025_nav_bringupConfig.cmake
[0.863s] -- Symlinking: /home/adam/ros_ws1/install/pb2025_nav_bringup/share/pb2025_nav_bringup/cmake/pb2025_nav_bringupConfig-version.cmake
[0.872s] -- Symlinking: /home/adam/ros_ws1/install/pb2025_nav_bringup/share/pb2025_nav_bringup/package.xml
[0.881s] Invoked command in '/home/adam/ros_ws1/build/pb2025_nav_bringup' returned '0': AMENT_PREFIX_PATH=/home/adam/ros_ws1/install/point_lio:/home/adam/ros_ws1/install/pb2025_sentry_nav:/home/adam/ros_ws1/install/terrain_analysis:/home/adam/ros_ws1/install/small_gicp_relocalization:/home/adam/ros_ws1/install/sensor_scan_generation:/home/adam/ros_ws1/install/pointcloud_to_laserscan:/home/adam/ros_ws1/install/pb_teleop_twist_joy:/home/adam/ros_ws1/install/pb_omni_pid_pursuit_controller:/home/adam/ros_ws1/install/pb_nav2_plugins:/home/adam/ros_ws1/install/loam_interface:/home/adam/ros_ws1/install/livox_ros_driver2:/home/adam/ros_ws1/install/ign_sim_pointcloud_tool:/home/adam/ros_ws1/install/fake_vel_transform:${AMENT_PREFIX_PATH} CMAKE_PREFIX_PATH=/home/adam/ros_ws1/install/point_lio:/home/adam/ros_ws1/install/pb2025_sentry_nav:/home/adam/ros_ws1/install/terrain_analysis:/home/adam/ros_ws1/install/small_gicp_relocalization:/home/adam/ros_ws1/install/sensor_scan_generation:/home/adam/ros_ws1/install/pointcloud_to_laserscan:/home/adam/ros_ws1/install/pb_teleop_twist_joy:/home/adam/ros_ws1/install/pb_omni_pid_pursuit_controller:/home/adam/ros_ws1/install/pb_nav2_plugins:/home/adam/ros_ws1/install/loam_interface:/home/adam/ros_ws1/install/livox_ros_driver2:/home/adam/ros_ws1/install/ign_sim_pointcloud_tool:/home/adam/ros_ws1/install/fake_vel_transform:/opt/ros/humble LD_LIBRARY_PATH=/home/adam/ros_ws1/install/terrain_analysis/lib:/home/adam/ros_ws1/install/small_gicp_relocalization/lib:/home/adam/ros_ws1/install/sensor_scan_generation/lib:/home/adam/ros_ws1/install/pointcloud_to_laserscan/lib:/home/adam/ros_ws1/install/pb_teleop_twist_joy/lib:/home/adam/ros_ws1/install/pb_omni_pid_pursuit_controller/lib:/home/adam/ros_ws1/install/pb_nav2_plugins/lib:/home/adam/ros_ws1/install/loam_interface/lib:/home/adam/ros_ws1/install/livox_ros_driver2/lib:/home/adam/ros_ws1/install/ign_sim_pointcloud_tool/lib:/home/adam/ros_ws1/install/fake_vel_transform/lib:${LD_LIBRARY_PATH} PYTHONPATH=/home/adam/ros_ws1/install/livox_ros_driver2/local/lib/python3.10/dist-packages:${PYTHONPATH} /usr/bin/cmake --install /home/adam/ros_ws1/build/pb2025_nav_bringup
