[0.095s] Invoking command in '/home/adam/ros_ws/build/small_gicp_relocalization': CMAKE_PREFIX_PATH=/opt/ros/humble /usr/bin/cmake --build /home/adam/ros_ws/build/small_gicp_relocalization -- -j8 -l8
[0.144s] [ 50%] Built target small_gicp_relocalization_node
[0.154s] [100%] Built target small_gicp_relocalization
[0.460s] Invoked command in '/home/adam/ros_ws/build/small_gicp_relocalization' returned '0': CMAKE_PREFIX_PATH=/opt/ros/humble /usr/bin/cmake --build /home/adam/ros_ws/build/small_gicp_relocalization -- -j8 -l8
[0.461s] Invoking command in '/home/adam/ros_ws/build/small_gicp_relocalization': CMAKE_PREFIX_PATH=/opt/ros/humble /usr/bin/cmake --install /home/adam/ros_ws/build/small_gicp_relocalization
[0.471s] -- Install configuration: "Release"
[0.471s] -- Execute custom install script
[0.472s] -- Up-to-date symlink: /home/adam/ros_ws/install/small_gicp_relocalization/lib/small_gicp_relocalization/small_gicp_relocalization_node
[0.472s] -- Up-to-date symlink: /home/adam/ros_ws/install/small_gicp_relocalization/include/small_gicp_relocalization/small_gicp_relocalization.hpp
[0.472s] -- Up-to-date symlink: /home/adam/ros_ws/install/small_gicp_relocalization/share/small_gicp_relocalization/environment/library_path.sh
[0.472s] -- Up-to-date symlink: /home/adam/ros_ws/install/small_gicp_relocalization/share/small_gicp_relocalization/environment/library_path.dsv
[0.472s] -- Up-to-date symlink: /home/adam/ros_ws/install/small_gicp_relocalization/lib/libsmall_gicp_relocalization.so
[0.472s] -- Up-to-date symlink: /home/adam/ros_ws/install/small_gicp_relocalization/share/small_gicp_relocalization/launch/small_gicp_relocalization_launch.py
[0.476s] -- Up-to-date symlink: /home/adam/ros_ws/install/small_gicp_relocalization/share/ament_index/resource_index/package_run_dependencies/small_gicp_relocalization
[0.477s] -- Up-to-date symlink: /home/adam/ros_ws/install/small_gicp_relocalization/share/ament_index/resource_index/parent_prefix_path/small_gicp_relocalization
[0.477s] -- Up-to-date symlink: /home/adam/ros_ws/install/small_gicp_relocalization/share/small_gicp_relocalization/environment/ament_prefix_path.sh
[0.477s] -- Up-to-date symlink: /home/adam/ros_ws/install/small_gicp_relocalization/share/small_gicp_relocalization/environment/ament_prefix_path.dsv
[0.477s] -- Up-to-date symlink: /home/adam/ros_ws/install/small_gicp_relocalization/share/small_gicp_relocalization/environment/path.sh
[0.477s] -- Up-to-date symlink: /home/adam/ros_ws/install/small_gicp_relocalization/share/small_gicp_relocalization/environment/path.dsv
[0.477s] -- Up-to-date symlink: /home/adam/ros_ws/install/small_gicp_relocalization/share/small_gicp_relocalization/local_setup.bash
[0.477s] -- Up-to-date symlink: /home/adam/ros_ws/install/small_gicp_relocalization/share/small_gicp_relocalization/local_setup.sh
[0.477s] -- Up-to-date symlink: /home/adam/ros_ws/install/small_gicp_relocalization/share/small_gicp_relocalization/local_setup.zsh
[0.477s] -- Up-to-date symlink: /home/adam/ros_ws/install/small_gicp_relocalization/share/small_gicp_relocalization/local_setup.dsv
[0.477s] -- Symlinking: /home/adam/ros_ws/install/small_gicp_relocalization/share/small_gicp_relocalization/package.dsv
[0.482s] -- Up-to-date symlink: /home/adam/ros_ws/install/small_gicp_relocalization/share/ament_index/resource_index/packages/small_gicp_relocalization
[0.482s] -- Up-to-date symlink: /home/adam/ros_ws/install/small_gicp_relocalization/share/ament_index/resource_index/rclcpp_components/small_gicp_relocalization
[0.483s] -- Up-to-date symlink: /home/adam/ros_ws/install/small_gicp_relocalization/share/small_gicp_relocalization/cmake/ament_cmake_export_dependencies-extras.cmake
[0.483s] -- Up-to-date symlink: /home/adam/ros_ws/install/small_gicp_relocalization/share/small_gicp_relocalization/cmake/ament_cmake_export_include_directories-extras.cmake
[0.483s] -- Up-to-date symlink: /home/adam/ros_ws/install/small_gicp_relocalization/share/small_gicp_relocalization/cmake/ament_cmake_export_libraries-extras.cmake
[0.483s] -- Up-to-date symlink: /home/adam/ros_ws/install/small_gicp_relocalization/share/small_gicp_relocalization/cmake/small_gicp_relocalizationConfig.cmake
[0.483s] -- Up-to-date symlink: /home/adam/ros_ws/install/small_gicp_relocalization/share/small_gicp_relocalization/cmake/small_gicp_relocalizationConfig-version.cmake
[0.483s] -- Up-to-date symlink: /home/adam/ros_ws/install/small_gicp_relocalization/share/small_gicp_relocalization/package.xml
[0.503s] Invoked command in '/home/adam/ros_ws/build/small_gicp_relocalization' returned '0': CMAKE_PREFIX_PATH=/opt/ros/humble /usr/bin/cmake --install /home/adam/ros_ws/build/small_gicp_relocalization
