[0.008s] Invoking command in '/home/adam/ros_ws/build/point_lio': AMENT_PREFIX_PATH=/home/adam/ros_ws/install/livox_ros_driver2:${AMENT_PREFIX_PATH} CMAKE_PREFIX_PATH=/home/adam/ros_ws/install/livox_ros_driver2:/opt/ros/humble LD_LIBRARY_PATH=/home/adam/ros_ws/install/livox_ros_driver2/lib:${LD_LIBRARY_PATH} PYTHONPATH=/home/adam/ros_ws/install/livox_ros_driver2/local/lib/python3.10/dist-packages:${PYTHONPATH} /usr/bin/cmake --build /home/adam/ros_ws/build/point_lio -- -j8 -l8
[0.071s] [100%] Built target pointlio_mapping
[0.079s] Invoked command in '/home/adam/ros_ws/build/point_lio' returned '0': AMENT_PREFIX_PATH=/home/adam/ros_ws/install/livox_ros_driver2:${AMENT_PREFIX_PATH} CMAKE_PREFIX_PATH=/home/adam/ros_ws/install/livox_ros_driver2:/opt/ros/humble LD_LIBRARY_PATH=/home/adam/ros_ws/install/livox_ros_driver2/lib:${LD_LIBRARY_PATH} PYTHONPATH=/home/adam/ros_ws/install/livox_ros_driver2/local/lib/python3.10/dist-packages:${PYTHONPATH} /usr/bin/cmake --build /home/adam/ros_ws/build/point_lio -- -j8 -l8
[0.081s] Invoking command in '/home/adam/ros_ws/build/point_lio': AMENT_PREFIX_PATH=/home/adam/ros_ws/install/livox_ros_driver2:${AMENT_PREFIX_PATH} CMAKE_PREFIX_PATH=/home/adam/ros_ws/install/livox_ros_driver2:/opt/ros/humble LD_LIBRARY_PATH=/home/adam/ros_ws/install/livox_ros_driver2/lib:${LD_LIBRARY_PATH} PYTHONPATH=/home/adam/ros_ws/install/livox_ros_driver2/local/lib/python3.10/dist-packages:${PYTHONPATH} /usr/bin/cmake --install /home/adam/ros_ws/build/point_lio
[0.086s] -- Install configuration: "Release"
[0.086s] -- Execute custom install script
[0.087s] -- Up-to-date symlink: /home/adam/ros_ws/install/point_lio/lib/point_lio/pointlio_mapping
[0.087s] -- Up-to-date symlink: /home/adam/ros_ws/install/point_lio/share/point_lio/config/avia.yaml
[0.087s] -- Up-to-date symlink: /home/adam/ros_ws/install/point_lio/share/point_lio/config/horizon.yaml
[0.087s] -- Up-to-date symlink: /home/adam/ros_ws/install/point_lio/share/point_lio/config/mid360.yaml
[0.087s] -- Up-to-date symlink: /home/adam/ros_ws/install/point_lio/share/point_lio/config/ouster64.yaml
[0.087s] -- Up-to-date symlink: /home/adam/ros_ws/install/point_lio/share/point_lio/config/velody16.yaml
[0.088s] -- Up-to-date symlink: /home/adam/ros_ws/install/point_lio/share/point_lio/launch/point_lio.launch.py
[0.088s] -- Up-to-date symlink: /home/adam/ros_ws/install/point_lio/share/point_lio/rviz_cfg/.gitignore
[0.088s] -- Up-to-date symlink: /home/adam/ros_ws/install/point_lio/share/point_lio/rviz_cfg/loam_livox.rviz
[0.088s] -- Up-to-date symlink: /home/adam/ros_ws/install/point_lio/share/ament_index/resource_index/package_run_dependencies/point_lio
[0.088s] -- Up-to-date symlink: /home/adam/ros_ws/install/point_lio/share/ament_index/resource_index/parent_prefix_path/point_lio
[0.088s] -- Up-to-date symlink: /home/adam/ros_ws/install/point_lio/share/point_lio/environment/ament_prefix_path.sh
[0.089s] -- Up-to-date symlink: /home/adam/ros_ws/install/point_lio/share/point_lio/environment/ament_prefix_path.dsv
[0.089s] -- Up-to-date symlink: /home/adam/ros_ws/install/point_lio/share/point_lio/environment/path.sh
[0.089s] -- Up-to-date symlink: /home/adam/ros_ws/install/point_lio/share/point_lio/environment/path.dsv
[0.089s] -- Up-to-date symlink: /home/adam/ros_ws/install/point_lio/share/point_lio/local_setup.bash
[0.089s] -- Up-to-date symlink: /home/adam/ros_ws/install/point_lio/share/point_lio/local_setup.sh
[0.089s] -- Up-to-date symlink: /home/adam/ros_ws/install/point_lio/share/point_lio/local_setup.zsh
[0.090s] -- Up-to-date symlink: /home/adam/ros_ws/install/point_lio/share/point_lio/local_setup.dsv
[0.090s] -- Symlinking: /home/adam/ros_ws/install/point_lio/share/point_lio/package.dsv
[0.096s] -- Up-to-date symlink: /home/adam/ros_ws/install/point_lio/share/ament_index/resource_index/packages/point_lio
[0.096s] -- Up-to-date symlink: /home/adam/ros_ws/install/point_lio/share/point_lio/cmake/ament_cmake_export_dependencies-extras.cmake
[0.096s] -- Up-to-date symlink: /home/adam/ros_ws/install/point_lio/share/point_lio/cmake/point_lioConfig.cmake
[0.097s] -- Up-to-date symlink: /home/adam/ros_ws/install/point_lio/share/point_lio/cmake/point_lioConfig-version.cmake
[0.097s] -- Up-to-date symlink: /home/adam/ros_ws/install/point_lio/share/point_lio/package.xml
[0.099s] Invoked command in '/home/adam/ros_ws/build/point_lio' returned '0': AMENT_PREFIX_PATH=/home/adam/ros_ws/install/livox_ros_driver2:${AMENT_PREFIX_PATH} CMAKE_PREFIX_PATH=/home/adam/ros_ws/install/livox_ros_driver2:/opt/ros/humble LD_LIBRARY_PATH=/home/adam/ros_ws/install/livox_ros_driver2/lib:${LD_LIBRARY_PATH} PYTHONPATH=/home/adam/ros_ws/install/livox_ros_driver2/local/lib/python3.10/dist-packages:${PYTHONPATH} /usr/bin/cmake --install /home/adam/ros_ws/build/point_lio
