[0.016s] Invoking command in '/home/adam/ros_ws1/build/pointcloud_to_laserscan': CMAKE_PREFIX_PATH=/opt/ros/humble /usr/bin/cmake /home/adam/ros_ws1/src/pb2025_sentry_nav/pointcloud_to_laserscan -DCMAKE_BUILD_TYPE=Release -DAMENT_CMAKE_SYMLINK_INSTALL=1 -DCMAKE_INSTALL_PREFIX=/home/adam/ros_ws1/install/pointcloud_to_laserscan
[0.619s] -- The C compiler identification is GNU 11.4.0
[0.619s] -- The CXX compiler identification is GNU 11.4.0
[0.619s] -- Detecting C compiler ABI info
[0.620s] -- Detecting C compiler ABI info - done
[0.620s] -- Check for working C compiler: /usr/bin/cc - skipped
[0.620s] -- Detecting C compile features
[0.620s] -- Detecting C compile features - done
[0.620s] -- Detecting CXX compiler ABI info
[0.620s] -- Detecting CXX compiler ABI info - done
[0.620s] -- Check for working CXX compiler: /usr/bin/c++ - skipped
[0.620s] -- Detecting CXX compile features
[0.620s] -- Detecting CXX compile features - done
[0.620s] -- Found ament_cmake_auto: 1.3.11 (/opt/ros/humble/share/ament_cmake_auto/cmake)
[0.686s] -- Found Python3: /usr/bin/python3 (found version "3.10.12") found components: Interpreter 
[0.778s] -- Override CMake install command with custom implementation using symlinks instead of copying resources
[0.985s] -- Found rosidl_generator_c: 3.1.6 (/opt/ros/humble/share/rosidl_generator_c/cmake)
[0.988s] -- Found rosidl_adapter: 3.1.6 (/opt/ros/humble/share/rosidl_adapter/cmake)
[0.999s] -- Found rosidl_generator_cpp: 3.1.6 (/opt/ros/humble/share/rosidl_generator_cpp/cmake)
[1.020s] -- Using all available rosidl_typesupport_c: rosidl_typesupport_fastrtps_c;rosidl_typesupport_introspection_c
[1.037s] -- Using all available rosidl_typesupport_cpp: rosidl_typesupport_fastrtps_cpp;rosidl_typesupport_introspection_cpp
[1.075s] -- Found rmw_implementation_cmake: 6.1.2 (/opt/ros/humble/share/rmw_implementation_cmake/cmake)
[1.077s] -- Found rmw_fastrtps_cpp: 6.2.7 (/opt/ros/humble/share/rmw_fastrtps_cpp/cmake)
[1.192s] -- Found OpenSSL: /usr/lib/x86_64-linux-gnu/libcrypto.so (found version "3.0.2")  
[1.233s] -- Found FastRTPS: /opt/ros/humble/include  
[1.275s] -- Using RMW implementation 'rmw_fastrtps_cpp' as default
[1.285s] -- Looking for pthread.h
[1.376s] -- Looking for pthread.h - found
[1.376s] -- Performing Test CMAKE_HAVE_LIBC_PTHREAD
[1.467s] -- Performing Test CMAKE_HAVE_LIBC_PTHREAD - Success
[1.468s] -- Found Threads: TRUE  
[1.753s] -- Found ament_lint_auto: 0.12.11 (/opt/ros/humble/share/ament_lint_auto/cmake)
[1.780s] -- Added test 'cppcheck' to perform static code analysis on C / C++ code
[1.780s] -- Configured cppcheck include dirs: /home/adam/ros_ws1/src/pb2025_sentry_nav/pointcloud_to_laserscan/include
[1.780s] -- Configured cppcheck exclude dirs and/or files: 
[1.780s] -- Added test 'cpplint' to check C / C++ code against the Google style
[1.780s] -- Configured cpplint exclude dirs and/or files: 
[1.780s] -- Added test 'flake8' to check Python code syntax and style conventions
[1.780s] -- Added test 'lint_cmake' to check CMake code style
[1.780s] -- Added test 'pep257' to check Python code against some of the docstring style conventions in PEP 257
[1.780s] -- Added test 'uncrustify' to check C / C++ code style
[1.780s] -- Configured uncrustify additional arguments: 
[1.781s] -- Added test 'xmllint' to check XML markup files
[1.787s] -- Configuring done
[1.835s] -- Generating done
[1.852s] -- Build files have been written to: /home/adam/ros_ws1/build/pointcloud_to_laserscan
[1.866s] Invoked command in '/home/adam/ros_ws1/build/pointcloud_to_laserscan' returned '0': CMAKE_PREFIX_PATH=/opt/ros/humble /usr/bin/cmake /home/adam/ros_ws1/src/pb2025_sentry_nav/pointcloud_to_laserscan -DCMAKE_BUILD_TYPE=Release -DAMENT_CMAKE_SYMLINK_INSTALL=1 -DCMAKE_INSTALL_PREFIX=/home/adam/ros_ws1/install/pointcloud_to_laserscan
[1.870s] Invoking command in '/home/adam/ros_ws1/build/pointcloud_to_laserscan': CMAKE_PREFIX_PATH=/opt/ros/humble /usr/bin/cmake --build /home/adam/ros_ws1/build/pointcloud_to_laserscan -- -j8 -l8
[2.671s] [ 10%] [32mBuilding CXX object CMakeFiles/pointcloud_to_laserscan_node.dir/rclcpp_components/node_main_pointcloud_to_laserscan_node.cpp.o[0m
[2.671s] [ 30%] [32mBuilding CXX object CMakeFiles/laserscan_to_pointcloud.dir/src/laserscan_to_pointcloud_node.cpp.o[0m
[2.671s] [ 30%] [32mBuilding CXX object CMakeFiles/laserscan_to_pointcloud_node.dir/rclcpp_components/node_main_laserscan_to_pointcloud_node.cpp.o[0m
[8.365s] [ 40%] [32m[1mLinking CXX executable pointcloud_to_laserscan_node[0m
[8.558s] [ 40%] Built target pointcloud_to_laserscan_node
[9.564s] [ 50%] [32m[1mLinking CXX executable laserscan_to_pointcloud_node[0m
[9.897s] [ 50%] Built target laserscan_to_pointcloud_node
[26.104s] [ 60%] [32m[1mLinking CXX shared library liblaserscan_to_pointcloud.so[0m
[26.348s] [ 60%] Built target laserscan_to_pointcloud
[26.373s] [ 70%] [32mBuilding CXX object CMakeFiles/pointcloud_to_laserscan.dir/src/pointcloud_to_laserscan_node.cpp.o[0m
[44.103s] [ 80%] [32m[1mLinking CXX shared library libpointcloud_to_laserscan.so[0m
[44.298s] [ 80%] Built target pointcloud_to_laserscan
[44.313s] [ 90%] [32mBuilding CXX object CMakeFiles/dummy_pointcloud_publisher.dir/src/dummy_pointcloud_publisher.cpp.o[0m
[49.493s] [100%] [32m[1mLinking CXX executable dummy_pointcloud_publisher[0m
[49.642s] [100%] Built target dummy_pointcloud_publisher
[49.655s] Invoked command in '/home/adam/ros_ws1/build/pointcloud_to_laserscan' returned '0': CMAKE_PREFIX_PATH=/opt/ros/humble /usr/bin/cmake --build /home/adam/ros_ws1/build/pointcloud_to_laserscan -- -j8 -l8
[49.657s] Invoking command in '/home/adam/ros_ws1/build/pointcloud_to_laserscan': CMAKE_PREFIX_PATH=/opt/ros/humble /usr/bin/cmake --install /home/adam/ros_ws1/build/pointcloud_to_laserscan
[49.664s] -- Install configuration: "Release"
[49.664s] -- Execute custom install script
[49.665s] -- Symlinking: /home/adam/ros_ws1/install/pointcloud_to_laserscan/lib/pointcloud_to_laserscan/laserscan_to_pointcloud_node
[49.678s] -- Symlinking: /home/adam/ros_ws1/install/pointcloud_to_laserscan/lib/pointcloud_to_laserscan/pointcloud_to_laserscan_node
[49.686s] -- Symlinking: /home/adam/ros_ws1/install/pointcloud_to_laserscan/include/pointcloud_to_laserscan/laserscan_to_pointcloud_node.hpp
[49.695s] -- Symlinking: /home/adam/ros_ws1/install/pointcloud_to_laserscan/include/pointcloud_to_laserscan/pointcloud_to_laserscan_node.hpp
[49.703s] -- Symlinking: /home/adam/ros_ws1/install/pointcloud_to_laserscan/include/pointcloud_to_laserscan/visibility_control.h
[49.710s] -- Symlinking: /home/adam/ros_ws1/install/pointcloud_to_laserscan/share/pointcloud_to_laserscan/environment/library_path.sh
[49.717s] -- Symlinking: /home/adam/ros_ws1/install/pointcloud_to_laserscan/share/pointcloud_to_laserscan/environment/library_path.dsv
[49.724s] -- Symlinking: /home/adam/ros_ws1/install/pointcloud_to_laserscan/lib/liblaserscan_to_pointcloud.so
[49.732s] -- Symlinking: /home/adam/ros_ws1/install/pointcloud_to_laserscan/lib/libpointcloud_to_laserscan.so
[49.739s] -- Symlinking: /home/adam/ros_ws1/install/pointcloud_to_laserscan/lib/pointcloud_to_laserscan/dummy_pointcloud_publisher
[49.748s] -- Symlinking: /home/adam/ros_ws1/install/pointcloud_to_laserscan/share/pointcloud_to_laserscan/launch/sample_laserscan_to_pointcloud_launch.py
[49.757s] -- Symlinking: /home/adam/ros_ws1/install/pointcloud_to_laserscan/share/pointcloud_to_laserscan/launch/sample_pointcloud_to_laserscan_launch.py
[49.768s] -- Symlinking: /home/adam/ros_ws1/install/pointcloud_to_laserscan/share/ament_index/resource_index/package_run_dependencies/pointcloud_to_laserscan
[49.778s] -- Symlinking: /home/adam/ros_ws1/install/pointcloud_to_laserscan/share/ament_index/resource_index/parent_prefix_path/pointcloud_to_laserscan
[49.787s] -- Symlinking: /home/adam/ros_ws1/install/pointcloud_to_laserscan/share/pointcloud_to_laserscan/environment/ament_prefix_path.sh
[49.797s] -- Symlinking: /home/adam/ros_ws1/install/pointcloud_to_laserscan/share/pointcloud_to_laserscan/environment/ament_prefix_path.dsv
[49.805s] -- Symlinking: /home/adam/ros_ws1/install/pointcloud_to_laserscan/share/pointcloud_to_laserscan/environment/path.sh
[49.812s] -- Symlinking: /home/adam/ros_ws1/install/pointcloud_to_laserscan/share/pointcloud_to_laserscan/environment/path.dsv
[49.819s] -- Symlinking: /home/adam/ros_ws1/install/pointcloud_to_laserscan/share/pointcloud_to_laserscan/local_setup.bash
[49.825s] -- Symlinking: /home/adam/ros_ws1/install/pointcloud_to_laserscan/share/pointcloud_to_laserscan/local_setup.sh
[49.832s] -- Symlinking: /home/adam/ros_ws1/install/pointcloud_to_laserscan/share/pointcloud_to_laserscan/local_setup.zsh
[49.839s] -- Symlinking: /home/adam/ros_ws1/install/pointcloud_to_laserscan/share/pointcloud_to_laserscan/local_setup.dsv
[49.846s] -- Symlinking: /home/adam/ros_ws1/install/pointcloud_to_laserscan/share/pointcloud_to_laserscan/package.dsv
[49.854s] -- Symlinking: /home/adam/ros_ws1/install/pointcloud_to_laserscan/share/ament_index/resource_index/packages/pointcloud_to_laserscan
[49.866s] -- Symlinking: /home/adam/ros_ws1/install/pointcloud_to_laserscan/share/ament_index/resource_index/rclcpp_components/pointcloud_to_laserscan
[49.875s] -- Symlinking: /home/adam/ros_ws1/install/pointcloud_to_laserscan/share/pointcloud_to_laserscan/cmake/ament_cmake_export_dependencies-extras.cmake
[49.884s] -- Symlinking: /home/adam/ros_ws1/install/pointcloud_to_laserscan/share/pointcloud_to_laserscan/cmake/ament_cmake_export_include_directories-extras.cmake
[49.891s] -- Symlinking: /home/adam/ros_ws1/install/pointcloud_to_laserscan/share/pointcloud_to_laserscan/cmake/ament_cmake_export_libraries-extras.cmake
[49.898s] -- Symlinking: /home/adam/ros_ws1/install/pointcloud_to_laserscan/share/pointcloud_to_laserscan/cmake/pointcloud_to_laserscanConfig.cmake
[49.905s] -- Symlinking: /home/adam/ros_ws1/install/pointcloud_to_laserscan/share/pointcloud_to_laserscan/cmake/pointcloud_to_laserscanConfig-version.cmake
[49.912s] -- Symlinking: /home/adam/ros_ws1/install/pointcloud_to_laserscan/share/pointcloud_to_laserscan/package.xml
[49.922s] Invoked command in '/home/adam/ros_ws1/build/pointcloud_to_laserscan' returned '0': CMAKE_PREFIX_PATH=/opt/ros/humble /usr/bin/cmake --install /home/adam/ros_ws1/build/pointcloud_to_laserscan
