[0.029s] Invoking command in '/home/kswlt/Desktop/Nav导航改进/ros_ws/build/sensor_scan_generation': CMAKE_PREFIX_PATH=/opt/ros/humble /usr/bin/cmake /home/kswlt/Desktop/Nav导航改进/ros_ws/src/pb2025_sentry_nav/sensor_scan_generation -DCMAKE_BUILD_TYPE=Release -DAMENT_CMAKE_SYMLINK_INSTALL=1 -DCMAKE_INSTALL_PREFIX=/home/kswlt/Desktop/Nav导航改进/ros_ws/install/sensor_scan_generation
[0.383s] -- The C compiler identification is GNU 11.4.0
[0.383s] -- The CXX compiler identification is GNU 11.4.0
[0.383s] -- Detecting C compiler ABI info
[0.383s] -- Detecting C compiler ABI info - done
[0.383s] -- Check for working C compiler: /usr/bin/cc - skipped
[0.383s] -- Detecting C compile features
[0.383s] -- Detecting C compile features - done
[0.383s] -- Detecting CXX compiler ABI info
[0.384s] -- Detecting CXX compiler ABI info - done
[0.384s] -- Check for working CXX compiler: /usr/bin/c++ - skipped
[0.384s] -- Detecting CXX compile features
[0.384s] -- Detecting CXX compile features - done
[0.384s] -- Found ament_cmake_auto: 1.3.11 (/opt/ros/humble/share/ament_cmake_auto/cmake)
[0.423s] -- Found Python3: /usr/bin/python3 (found version "3.10.12") found components: Interpreter 
[0.485s] -- Override CMake install command with custom implementation using symlinks instead of copying resources
[0.596s] -- Found rosidl_generator_c: 3.1.6 (/opt/ros/humble/share/rosidl_generator_c/cmake)
[0.601s] -- Found rosidl_adapter: 3.1.6 (/opt/ros/humble/share/rosidl_adapter/cmake)
[0.609s] -- Found rosidl_generator_cpp: 3.1.6 (/opt/ros/humble/share/rosidl_generator_cpp/cmake)
[0.620s] -- Using all available rosidl_typesupport_c: rosidl_typesupport_fastrtps_c;rosidl_typesupport_introspection_c
[0.635s] -- Using all available rosidl_typesupport_cpp: rosidl_typesupport_fastrtps_cpp;rosidl_typesupport_introspection_cpp
[0.675s] -- Found rmw_implementation_cmake: 6.1.2 (/opt/ros/humble/share/rmw_implementation_cmake/cmake)
[0.678s] -- Found rmw_fastrtps_cpp: 6.2.7 (/opt/ros/humble/share/rmw_fastrtps_cpp/cmake)
[0.748s] -- Found OpenSSL: /usr/lib/x86_64-linux-gnu/libcrypto.so (found version "3.0.2")  
[0.776s] -- Found FastRTPS: /opt/ros/humble/include  
[0.817s] -- Using RMW implementation 'rmw_fastrtps_cpp' as default
[0.824s] -- Looking for pthread.h
[0.874s] -- Looking for pthread.h - found
[0.874s] -- Performing Test CMAKE_HAVE_LIBC_PTHREAD
[0.924s] -- Performing Test CMAKE_HAVE_LIBC_PTHREAD - Success
[0.925s] -- Found Threads: TRUE  
[1.037s] -- Checking for module 'eigen3'
[1.045s] --   Found eigen3, version 3.4.0
[1.064s] -- Found Eigen: /usr/include/eigen3 (Required is at least version "3.1") 
[1.065s] -- Eigen found (include: /usr/include/eigen3, version: 3.4.0)
[1.087s] -- Checking for module 'flann'
[1.096s] --   Found flann, version 1.9.1
[1.124s] -- Found FLANN: /usr/lib/x86_64-linux-gnu/libflann_cpp.so  
[1.124s] -- FLANN found (include: /usr/include, lib: /usr/lib/x86_64-linux-gnu/libflann_cpp.so)
[1.782s] -- Checking for module 'libusb-1.0'
[1.791s] --   Found libusb-1.0, version 1.0.25
[1.815s] -- Found libusb: /usr/lib/x86_64-linux-gnu/libusb-1.0.so  
[1.816s] -- OpenNI found (version: 1.5.4.0, include: /usr/include/ni, lib: /usr/lib/libOpenNI.so;libusb::libusb)
[1.855s] -- OpenNI2 found (version: 2.2.0.33, include: /usr/include/openni2, lib: /usr/lib/x86_64-linux-gnu/libOpenNI2.so;libusb::libusb)
[1.962s] -- Eigen found (include: /usr/include/eigen3, version: 3.4.0)
[1.966s] -- OpenNI found (version: 1.5.4.0, include: /usr/include/ni, lib: /usr/lib/libOpenNI.so;libusb::libusb)
[1.971s] -- OpenNI2 found (version: 2.2.0.33, include: /usr/include/openni2, lib: /usr/lib/x86_64-linux-gnu/libOpenNI2.so;libusb::libusb)
[2.095s] -- Found Qhull version 8.0.2
[2.196s] -- OpenNI found (version: 1.5.4.0, include: /usr/include/ni, lib: /usr/lib/libOpenNI.so;libusb::libusb)
[2.294s] -- Found PCL_COMMON: /usr/lib/x86_64-linux-gnu/libpcl_common.so  
[2.294s] -- Found PCL_KDTREE: /usr/lib/x86_64-linux-gnu/libpcl_kdtree.so  
[2.294s] -- Found PCL_OCTREE: /usr/lib/x86_64-linux-gnu/libpcl_octree.so  
[2.295s] -- Found PCL_SEARCH: /usr/lib/x86_64-linux-gnu/libpcl_search.so  
[2.296s] -- Found PCL_SAMPLE_CONSENSUS: /usr/lib/x86_64-linux-gnu/libpcl_sample_consensus.so  
[2.296s] -- Found PCL_FILTERS: /usr/lib/x86_64-linux-gnu/libpcl_filters.so  
[2.297s] -- Found PCL_2D: /usr/include/pcl-1.12  
[2.297s] -- Found PCL_GEOMETRY: /usr/include/pcl-1.12  
[2.297s] -- Found PCL_IO: /usr/lib/x86_64-linux-gnu/libpcl_io.so  
[2.298s] -- Found PCL_FEATURES: /usr/lib/x86_64-linux-gnu/libpcl_features.so  
[2.299s] -- Found PCL_ML: /usr/lib/x86_64-linux-gnu/libpcl_ml.so  
[2.299s] -- Found PCL_SEGMENTATION: /usr/lib/x86_64-linux-gnu/libpcl_segmentation.so  
[2.300s] -- Found PCL_VISUALIZATION: /usr/lib/x86_64-linux-gnu/libpcl_visualization.so  
[2.301s] -- Found PCL_SURFACE: /usr/lib/x86_64-linux-gnu/libpcl_surface.so  
[2.301s] -- Found PCL_REGISTRATION: /usr/lib/x86_64-linux-gnu/libpcl_registration.so  
[2.302s] -- Found PCL_KEYPOINTS: /usr/lib/x86_64-linux-gnu/libpcl_keypoints.so  
[2.303s] -- Found PCL_TRACKING: /usr/lib/x86_64-linux-gnu/libpcl_tracking.so  
[2.303s] -- Found PCL_RECOGNITION: /usr/lib/x86_64-linux-gnu/libpcl_recognition.so  
[2.304s] -- Found PCL_STEREO: /usr/lib/x86_64-linux-gnu/libpcl_stereo.so  
[2.304s] -- Found PCL_APPS: /usr/lib/x86_64-linux-gnu/libpcl_apps.so  
[2.305s] -- Found PCL_IN_HAND_SCANNER: /usr/include/pcl-1.12  
[2.305s] -- Found PCL_MODELER: /usr/include/pcl-1.12  
[2.305s] -- Found PCL_POINT_CLOUD_EDITOR: /usr/include/pcl-1.12  
[2.306s] -- Found PCL_OUTOFCORE: /usr/lib/x86_64-linux-gnu/libpcl_outofcore.so  
[2.307s] -- Found PCL_PEOPLE: /usr/lib/x86_64-linux-gnu/libpcl_people.so  
[2.323s] -- Found eigen3_cmake_module: 0.1.1 (/opt/ros/humble/share/eigen3_cmake_module/cmake)
[2.324s] -- Found Eigen3: TRUE (found version "3.4.0") 
[2.324s] -- Ensuring Eigen3 include directory is part of orocos-kdl CMake target
[2.378s] -- Found ament_lint_auto: 0.12.12 (/opt/ros/humble/share/ament_lint_auto/cmake)
[2.393s] -- Added test 'copyright' to check source files copyright and LICENSE
[2.394s] -- Added test 'cppcheck' to perform static code analysis on C / C++ code
[2.394s] -- Configured cppcheck include dirs: /home/kswlt/Desktop/Nav导航改进/ros_ws/src/pb2025_sentry_nav/sensor_scan_generation/include
[2.394s] -- Configured cppcheck exclude dirs and/or files: 
[2.395s] -- Added test 'cpplint' to check C / C++ code against the Google style
[2.395s] -- Configured cpplint exclude dirs and/or files: 
[2.395s] -- Added test 'lint_cmake' to check CMake code style
[2.395s] -- Added test 'pep257' to check Python code against some of the docstring style conventions in PEP 257
[2.395s] -- Added test 'xmllint' to check XML markup files
[2.396s] -- Added test 'clang_format' to check C / C++ code style
[2.396s] -- Added test 'black' to check Python code style
[2.398s] -- Configuring done
[2.423s] -- Generating done
[2.430s] -- Build files have been written to: /home/kswlt/Desktop/Nav导航改进/ros_ws/build/sensor_scan_generation
