[0.025s] Invoking command in '/home/adam/ros_ws/build/sensor_scan_generation': CMAKE_PREFIX_PATH=/opt/ros/humble /usr/bin/cmake --build /home/adam/ros_ws/build/sensor_scan_generation -- -j8 -l8
[0.084s] [35m[1mConsolidate compiler generated dependencies of target sensor_scan_generation[0m
[0.092s] [35m[1mConsolidate compiler generated dependencies of target sensor_scan_generation_node[0m
[0.144s] [ 50%] Built target sensor_scan_generation_node
[0.145s] [100%] Built target sensor_scan_generation
[0.183s] Invoked command in '/home/adam/ros_ws/build/sensor_scan_generation' returned '0': CMAKE_PREFIX_PATH=/opt/ros/humble /usr/bin/cmake --build /home/adam/ros_ws/build/sensor_scan_generation -- -j8 -l8
[0.184s] Invoking command in '/home/adam/ros_ws/build/sensor_scan_generation': CMAKE_PREFIX_PATH=/opt/ros/humble /usr/bin/cmake --install /home/adam/ros_ws/build/sensor_scan_generation
[0.193s] -- Install configuration: "Release"
[0.195s] -- Execute custom install script
[0.195s] -- Up-to-date symlink: /home/adam/ros_ws/install/sensor_scan_generation/lib/sensor_scan_generation/sensor_scan_generation_node
[0.196s] -- Up-to-date symlink: /home/adam/ros_ws/install/sensor_scan_generation/include/sensor_scan_generation/sensor_scan_generation.hpp
[0.196s] -- Up-to-date symlink: /home/adam/ros_ws/install/sensor_scan_generation/share/sensor_scan_generation/environment/library_path.sh
[0.197s] -- Up-to-date symlink: /home/adam/ros_ws/install/sensor_scan_generation/share/sensor_scan_generation/environment/library_path.dsv
[0.197s] -- Up-to-date symlink: /home/adam/ros_ws/install/sensor_scan_generation/lib/libsensor_scan_generation.so
[0.197s] -- Up-to-date symlink: /home/adam/ros_ws/install/sensor_scan_generation/share/sensor_scan_generation/launch/sensor_scan_generation.launch.py
[0.197s] -- Up-to-date symlink: /home/adam/ros_ws/install/sensor_scan_generation/share/ament_index/resource_index/package_run_dependencies/sensor_scan_generation
[0.197s] -- Up-to-date symlink: /home/adam/ros_ws/install/sensor_scan_generation/share/ament_index/resource_index/parent_prefix_path/sensor_scan_generation
[0.201s] -- Up-to-date symlink: /home/adam/ros_ws/install/sensor_scan_generation/share/sensor_scan_generation/environment/ament_prefix_path.sh
[0.201s] -- Up-to-date symlink: /home/adam/ros_ws/install/sensor_scan_generation/share/sensor_scan_generation/environment/ament_prefix_path.dsv
[0.202s] -- Up-to-date symlink: /home/adam/ros_ws/install/sensor_scan_generation/share/sensor_scan_generation/environment/path.sh
[0.202s] -- Up-to-date symlink: /home/adam/ros_ws/install/sensor_scan_generation/share/sensor_scan_generation/environment/path.dsv
[0.202s] -- Up-to-date symlink: /home/adam/ros_ws/install/sensor_scan_generation/share/sensor_scan_generation/local_setup.bash
[0.202s] -- Up-to-date symlink: /home/adam/ros_ws/install/sensor_scan_generation/share/sensor_scan_generation/local_setup.sh
[0.202s] -- Up-to-date symlink: /home/adam/ros_ws/install/sensor_scan_generation/share/sensor_scan_generation/local_setup.zsh
[0.202s] -- Up-to-date symlink: /home/adam/ros_ws/install/sensor_scan_generation/share/sensor_scan_generation/local_setup.dsv
[0.202s] -- Symlinking: /home/adam/ros_ws/install/sensor_scan_generation/share/sensor_scan_generation/package.dsv
[0.206s] -- Up-to-date symlink: /home/adam/ros_ws/install/sensor_scan_generation/share/ament_index/resource_index/packages/sensor_scan_generation
[0.206s] -- Up-to-date symlink: /home/adam/ros_ws/install/sensor_scan_generation/share/ament_index/resource_index/rclcpp_components/sensor_scan_generation
[0.207s] -- Up-to-date symlink: /home/adam/ros_ws/install/sensor_scan_generation/share/sensor_scan_generation/cmake/ament_cmake_export_dependencies-extras.cmake
[0.207s] -- Up-to-date symlink: /home/adam/ros_ws/install/sensor_scan_generation/share/sensor_scan_generation/cmake/ament_cmake_export_include_directories-extras.cmake
[0.207s] -- Up-to-date symlink: /home/adam/ros_ws/install/sensor_scan_generation/share/sensor_scan_generation/cmake/ament_cmake_export_libraries-extras.cmake
[0.207s] -- Up-to-date symlink: /home/adam/ros_ws/install/sensor_scan_generation/share/sensor_scan_generation/cmake/sensor_scan_generationConfig.cmake
[0.207s] -- Up-to-date symlink: /home/adam/ros_ws/install/sensor_scan_generation/share/sensor_scan_generation/cmake/sensor_scan_generationConfig-version.cmake
[0.207s] -- Up-to-date symlink: /home/adam/ros_ws/install/sensor_scan_generation/share/sensor_scan_generation/package.xml
[0.276s] Invoked command in '/home/adam/ros_ws/build/sensor_scan_generation' returned '0': CMAKE_PREFIX_PATH=/opt/ros/humble /usr/bin/cmake --install /home/adam/ros_ws/build/sensor_scan_generation
