[0.825s] Invoking command in '/home/adam/ros_ws/build/my_serial_py': PYTHONPATH=/home/adam/ros_ws/build/my_serial_py/prefix_override:/usr/lib/python3/dist-packages/colcon_core/task/python/colcon_distutils_commands:/home/adam/ros_ws/install/my_serial_py/lib/python3.10/site-packages:${PYTHONPATH} /usr/bin/python3 -W ignore:setup.py install is deprecated -W ignore:easy_install command is deprecated setup.py develop --editable --build-directory /home/adam/ros_ws/build/my_serial_py/build --no-deps symlink_data
[2.910s] running develop
[2.910s] running egg_info
[2.910s] creating my_serial_py.egg-info
[2.910s] writing my_serial_py.egg-info/PKG-INFO
[2.910s] writing dependency_links to my_serial_py.egg-info/dependency_links.txt
[2.910s] writing entry points to my_serial_py.egg-info/entry_points.txt
[2.910s] writing requirements to my_serial_py.egg-info/requires.txt
[2.910s] writing top-level names to my_serial_py.egg-info/top_level.txt
[2.910s] writing manifest file 'my_serial_py.egg-info/SOURCES.txt'
[2.911s] reading manifest file 'my_serial_py.egg-info/SOURCES.txt'
[2.911s] writing manifest file 'my_serial_py.egg-info/SOURCES.txt'
[2.911s] running build_ext
[2.911s] Creating /home/adam/ros_ws/install/my_serial_py/lib/python3.10/site-packages/my-serial-py.egg-link (link to .)
[2.911s] Installing serial_node script to /home/adam/ros_ws/install/my_serial_py/lib/my_serial_py
[2.911s] 
[2.911s] Installed /home/adam/ros_ws/build/my_serial_py
[2.911s] running symlink_data
[2.911s] creating /home/adam/ros_ws/install/my_serial_py/share/ament_index
[2.911s] creating /home/adam/ros_ws/install/my_serial_py/share/ament_index/resource_index
[2.911s] creating /home/adam/ros_ws/install/my_serial_py/share/ament_index/resource_index/packages
[2.911s] symbolically linking /home/adam/ros_ws/build/my_serial_py/resource/my_serial_py -> /home/adam/ros_ws/install/my_serial_py/share/ament_index/resource_index/packages
[2.911s] symbolically linking /home/adam/ros_ws/build/my_serial_py/package.xml -> /home/adam/ros_ws/install/my_serial_py/share/my_serial_py
[2.911s] creating /home/adam/ros_ws/install/my_serial_py/share/my_serial_py/launch
[2.911s] symbolically linking /home/adam/ros_ws/build/my_serial_py/launch/serial.launch.py -> /home/adam/ros_ws/install/my_serial_py/share/my_serial_py/launch
[2.951s] Invoked command in '/home/adam/ros_ws/build/my_serial_py' returned '0': PYTHONPATH=/home/adam/ros_ws/build/my_serial_py/prefix_override:/usr/lib/python3/dist-packages/colcon_core/task/python/colcon_distutils_commands:/home/adam/ros_ws/install/my_serial_py/lib/python3.10/site-packages:${PYTHONPATH} /usr/bin/python3 -W ignore:setup.py install is deprecated -W ignore:easy_install command is deprecated setup.py develop --editable --build-directory /home/adam/ros_ws/build/my_serial_py/build --no-deps symlink_data
