[0.069s] DEBUG:colcon:Command line arguments: ['/usr/bin/colcon', 'build', '--symlink-install', '--cmake-args', '-DCMAKE_BUILD_TYPE=Release']
[0.069s] DEBUG:colcon:Parsed command line arguments: Namespace(log_base=None, log_level=None, verb_name='build', build_base='build', install_base='install', merge_install=False, symlink_install=True, test_result_base=None, continue_on_error=False, executor='parallel', parallel_workers=24, event_handlers=None, ignore_user_meta=False, metas=['./colcon.meta'], base_paths=['.'], packages_ignore=None, packages_ignore_regex=None, paths=None, packages_up_to=None, packages_up_to_regex=None, packages_above=None, packages_above_and_dependencies=None, packages_above_depth=None, packages_select_by_dep=None, packages_skip_by_dep=None, packages_skip_up_to=None, packages_select_build_failed=False, packages_skip_build_finished=False, packages_select_test_failures=False, packages_skip_test_passed=False, packages_select=None, packages_skip=None, packages_select_regex=None, packages_skip_regex=None, packages_start=None, packages_end=None, allow_overriding=[], cmake_args=['-DCMAKE_BUILD_TYPE=Release'], cmake_target=None, cmake_target_skip_unavailable=False, cmake_clean_cache=False, cmake_clean_first=False, cmake_force_configure=False, ament_cmake_args=None, catkin_cmake_args=None, catkin_skip_building_tests=False, verb_parser=<colcon_defaults.argument_parser.defaults.DefaultArgumentsDecorator object at 0x7fc5e4820040>, verb_extension=<colcon_core.verb.build.BuildVerb object at 0x7fc5e497d3f0>, main=<bound method BuildVerb.main of <colcon_core.verb.build.BuildVerb object at 0x7fc5e497d3f0>>)
[0.176s] Level 1:colcon.colcon_core.package_discovery:discover_packages(colcon_meta) check parameters
[0.176s] Level 1:colcon.colcon_core.package_discovery:discover_packages(recursive) check parameters
[0.176s] Level 1:colcon.colcon_core.package_discovery:discover_packages(ignore) check parameters
[0.176s] Level 1:colcon.colcon_core.package_discovery:discover_packages(path) check parameters
[0.176s] Level 1:colcon.colcon_core.package_discovery:discover_packages(colcon_meta) discover
[0.176s] Level 1:colcon.colcon_core.package_discovery:discover_packages(recursive) discover
[0.176s] INFO:colcon.colcon_core.package_discovery:Crawling recursively for packages in '/home/kswlt/Desktop/Nav导航改进/ros_ws'
[0.176s] Level 1:colcon.colcon_core.package_identification:_identify(.) by extensions ['ignore', 'ignore_ament_install']
[0.177s] Level 1:colcon.colcon_core.package_identification:_identify(.) by extension 'ignore'
[0.177s] Level 1:colcon.colcon_core.package_identification:_identify(.) by extension 'ignore_ament_install'
[0.177s] Level 1:colcon.colcon_core.package_identification:_identify(.) by extensions ['colcon_pkg']
[0.177s] Level 1:colcon.colcon_core.package_identification:_identify(.) by extension 'colcon_pkg'
[0.177s] Level 1:colcon.colcon_core.package_identification:_identify(.) by extensions ['colcon_meta']
[0.177s] Level 1:colcon.colcon_core.package_identification:_identify(.) by extension 'colcon_meta'
[0.177s] Level 1:colcon.colcon_core.package_identification:_identify(.) by extensions ['ros']
[0.177s] Level 1:colcon.colcon_core.package_identification:_identify(.) by extension 'ros'
[0.184s] Level 1:colcon.colcon_core.package_identification:_identify(.) by extensions ['cmake', 'python']
[0.184s] Level 1:colcon.colcon_core.package_identification:_identify(.) by extension 'cmake'
[0.184s] Level 1:colcon.colcon_core.package_identification:_identify(.) by extension 'python'
[0.184s] Level 1:colcon.colcon_core.package_identification:_identify(.) by extensions ['python_setup_py']
[0.184s] Level 1:colcon.colcon_core.package_identification:_identify(.) by extension 'python_setup_py'
[0.184s] Level 1:colcon.colcon_core.package_identification:_identify(build) by extensions ['ignore', 'ignore_ament_install']
[0.184s] Level 1:colcon.colcon_core.package_identification:_identify(build) by extension 'ignore'
[0.184s] Level 1:colcon.colcon_core.package_identification:_identify(build) ignored
[0.185s] Level 1:colcon.colcon_core.package_identification:_identify(install) by extensions ['ignore', 'ignore_ament_install']
[0.185s] Level 1:colcon.colcon_core.package_identification:_identify(install) by extension 'ignore'
[0.185s] Level 1:colcon.colcon_core.package_identification:_identify(install) ignored
[0.185s] Level 1:colcon.colcon_core.package_identification:_identify(log) by extensions ['ignore', 'ignore_ament_install']
[0.185s] Level 1:colcon.colcon_core.package_identification:_identify(log) by extension 'ignore'
[0.185s] Level 1:colcon.colcon_core.package_identification:_identify(log) ignored
[0.185s] Level 1:colcon.colcon_core.package_identification:_identify(src) by extensions ['ignore', 'ignore_ament_install']
[0.185s] Level 1:colcon.colcon_core.package_identification:_identify(src) by extension 'ignore'
[0.185s] Level 1:colcon.colcon_core.package_identification:_identify(src) by extension 'ignore_ament_install'
[0.185s] Level 1:colcon.colcon_core.package_identification:_identify(src) by extensions ['colcon_pkg']
[0.185s] Level 1:colcon.colcon_core.package_identification:_identify(src) by extension 'colcon_pkg'
[0.185s] Level 1:colcon.colcon_core.package_identification:_identify(src) by extensions ['colcon_meta']
[0.185s] Level 1:colcon.colcon_core.package_identification:_identify(src) by extension 'colcon_meta'
[0.185s] Level 1:colcon.colcon_core.package_identification:_identify(src) by extensions ['ros']
[0.185s] Level 1:colcon.colcon_core.package_identification:_identify(src) by extension 'ros'
[0.185s] Level 1:colcon.colcon_core.package_identification:_identify(src) by extensions ['cmake', 'python']
[0.185s] Level 1:colcon.colcon_core.package_identification:_identify(src) by extension 'cmake'
[0.185s] Level 1:colcon.colcon_core.package_identification:_identify(src) by extension 'python'
[0.185s] Level 1:colcon.colcon_core.package_identification:_identify(src) by extensions ['python_setup_py']
[0.185s] Level 1:colcon.colcon_core.package_identification:_identify(src) by extension 'python_setup_py'
[0.185s] Level 1:colcon.colcon_core.package_identification:_identify(src/pb2025_sentry_nav) by extensions ['ignore', 'ignore_ament_install']
[0.185s] Level 1:colcon.colcon_core.package_identification:_identify(src/pb2025_sentry_nav) by extension 'ignore'
[0.185s] Level 1:colcon.colcon_core.package_identification:_identify(src/pb2025_sentry_nav) by extension 'ignore_ament_install'
[0.185s] Level 1:colcon.colcon_core.package_identification:_identify(src/pb2025_sentry_nav) by extensions ['colcon_pkg']
[0.185s] Level 1:colcon.colcon_core.package_identification:_identify(src/pb2025_sentry_nav) by extension 'colcon_pkg'
[0.185s] Level 1:colcon.colcon_core.package_identification:_identify(src/pb2025_sentry_nav) by extensions ['colcon_meta']
[0.185s] Level 1:colcon.colcon_core.package_identification:_identify(src/pb2025_sentry_nav) by extension 'colcon_meta'
[0.185s] Level 1:colcon.colcon_core.package_identification:_identify(src/pb2025_sentry_nav) by extensions ['ros']
[0.185s] Level 1:colcon.colcon_core.package_identification:_identify(src/pb2025_sentry_nav) by extension 'ros'
[0.185s] Level 1:colcon.colcon_core.package_identification:_identify(src/pb2025_sentry_nav) by extensions ['cmake', 'python']
[0.185s] Level 1:colcon.colcon_core.package_identification:_identify(src/pb2025_sentry_nav) by extension 'cmake'
[0.185s] Level 1:colcon.colcon_core.package_identification:_identify(src/pb2025_sentry_nav) by extension 'python'
[0.185s] Level 1:colcon.colcon_core.package_identification:_identify(src/pb2025_sentry_nav) by extensions ['python_setup_py']
[0.185s] Level 1:colcon.colcon_core.package_identification:_identify(src/pb2025_sentry_nav) by extension 'python_setup_py'
[0.186s] Level 1:colcon.colcon_core.package_identification:_identify(src/pb2025_sentry_nav/fake_vel_transform) by extensions ['ignore', 'ignore_ament_install']
[0.186s] Level 1:colcon.colcon_core.package_identification:_identify(src/pb2025_sentry_nav/fake_vel_transform) by extension 'ignore'
[0.186s] Level 1:colcon.colcon_core.package_identification:_identify(src/pb2025_sentry_nav/fake_vel_transform) by extension 'ignore_ament_install'
[0.186s] Level 1:colcon.colcon_core.package_identification:_identify(src/pb2025_sentry_nav/fake_vel_transform) by extensions ['colcon_pkg']
[0.186s] Level 1:colcon.colcon_core.package_identification:_identify(src/pb2025_sentry_nav/fake_vel_transform) by extension 'colcon_pkg'
[0.186s] Level 1:colcon.colcon_core.package_identification:_identify(src/pb2025_sentry_nav/fake_vel_transform) by extensions ['colcon_meta']
[0.186s] Level 1:colcon.colcon_core.package_identification:_identify(src/pb2025_sentry_nav/fake_vel_transform) by extension 'colcon_meta'
[0.186s] Level 1:colcon.colcon_core.package_identification:_identify(src/pb2025_sentry_nav/fake_vel_transform) by extensions ['ros']
[0.186s] Level 1:colcon.colcon_core.package_identification:_identify(src/pb2025_sentry_nav/fake_vel_transform) by extension 'ros'
[0.188s] DEBUG:colcon.colcon_core.package_identification:Package 'src/pb2025_sentry_nav/fake_vel_transform' with type 'ros.ament_cmake' and name 'fake_vel_transform'
[0.188s] Level 1:colcon.colcon_core.package_identification:_identify(src/pb2025_sentry_nav/ign_sim_pointcloud_tool) by extensions ['ignore', 'ignore_ament_install']
[0.188s] Level 1:colcon.colcon_core.package_identification:_identify(src/pb2025_sentry_nav/ign_sim_pointcloud_tool) by extension 'ignore'
[0.188s] Level 1:colcon.colcon_core.package_identification:_identify(src/pb2025_sentry_nav/ign_sim_pointcloud_tool) by extension 'ignore_ament_install'
[0.188s] Level 1:colcon.colcon_core.package_identification:_identify(src/pb2025_sentry_nav/ign_sim_pointcloud_tool) by extensions ['colcon_pkg']
[0.188s] Level 1:colcon.colcon_core.package_identification:_identify(src/pb2025_sentry_nav/ign_sim_pointcloud_tool) by extension 'colcon_pkg'
[0.188s] Level 1:colcon.colcon_core.package_identification:_identify(src/pb2025_sentry_nav/ign_sim_pointcloud_tool) by extensions ['colcon_meta']
[0.188s] Level 1:colcon.colcon_core.package_identification:_identify(src/pb2025_sentry_nav/ign_sim_pointcloud_tool) by extension 'colcon_meta'
[0.188s] Level 1:colcon.colcon_core.package_identification:_identify(src/pb2025_sentry_nav/ign_sim_pointcloud_tool) by extensions ['ros']
[0.188s] Level 1:colcon.colcon_core.package_identification:_identify(src/pb2025_sentry_nav/ign_sim_pointcloud_tool) by extension 'ros'
[0.188s] DEBUG:colcon.colcon_core.package_identification:Package 'src/pb2025_sentry_nav/ign_sim_pointcloud_tool' with type 'ros.ament_cmake' and name 'ign_sim_pointcloud_tool'
[0.188s] Level 1:colcon.colcon_core.package_identification:_identify(src/pb2025_sentry_nav/livox_ros_driver2) by extensions ['ignore', 'ignore_ament_install']
[0.188s] Level 1:colcon.colcon_core.package_identification:_identify(src/pb2025_sentry_nav/livox_ros_driver2) by extension 'ignore'
[0.189s] Level 1:colcon.colcon_core.package_identification:_identify(src/pb2025_sentry_nav/livox_ros_driver2) by extension 'ignore_ament_install'
[0.189s] Level 1:colcon.colcon_core.package_identification:_identify(src/pb2025_sentry_nav/livox_ros_driver2) by extensions ['colcon_pkg']
[0.189s] Level 1:colcon.colcon_core.package_identification:_identify(src/pb2025_sentry_nav/livox_ros_driver2) by extension 'colcon_pkg'
[0.189s] Level 1:colcon.colcon_core.package_identification:_identify(src/pb2025_sentry_nav/livox_ros_driver2) by extensions ['colcon_meta']
[0.189s] Level 1:colcon.colcon_core.package_identification:_identify(src/pb2025_sentry_nav/livox_ros_driver2) by extension 'colcon_meta'
[0.189s] Level 1:colcon.colcon_core.package_identification:_identify(src/pb2025_sentry_nav/livox_ros_driver2) by extensions ['ros']
[0.189s] Level 1:colcon.colcon_core.package_identification:_identify(src/pb2025_sentry_nav/livox_ros_driver2) by extension 'ros'
[0.189s] DEBUG:colcon.colcon_core.package_identification:Package 'src/pb2025_sentry_nav/livox_ros_driver2' with type 'ros.ament_cmake' and name 'livox_ros_driver2'
[0.189s] Level 1:colcon.colcon_core.package_identification:_identify(src/pb2025_sentry_nav/loam_interface) by extensions ['ignore', 'ignore_ament_install']
[0.190s] Level 1:colcon.colcon_core.package_identification:_identify(src/pb2025_sentry_nav/loam_interface) by extension 'ignore'
[0.190s] Level 1:colcon.colcon_core.package_identification:_identify(src/pb2025_sentry_nav/loam_interface) by extension 'ignore_ament_install'
[0.190s] Level 1:colcon.colcon_core.package_identification:_identify(src/pb2025_sentry_nav/loam_interface) by extensions ['colcon_pkg']
[0.190s] Level 1:colcon.colcon_core.package_identification:_identify(src/pb2025_sentry_nav/loam_interface) by extension 'colcon_pkg'
[0.190s] Level 1:colcon.colcon_core.package_identification:_identify(src/pb2025_sentry_nav/loam_interface) by extensions ['colcon_meta']
[0.190s] Level 1:colcon.colcon_core.package_identification:_identify(src/pb2025_sentry_nav/loam_interface) by extension 'colcon_meta'
[0.190s] Level 1:colcon.colcon_core.package_identification:_identify(src/pb2025_sentry_nav/loam_interface) by extensions ['ros']
[0.190s] Level 1:colcon.colcon_core.package_identification:_identify(src/pb2025_sentry_nav/loam_interface) by extension 'ros'
[0.190s] DEBUG:colcon.colcon_core.package_identification:Package 'src/pb2025_sentry_nav/loam_interface' with type 'ros.ament_cmake' and name 'loam_interface'
[0.190s] Level 1:colcon.colcon_core.package_identification:_identify(src/pb2025_sentry_nav/lookuptf2) by extensions ['ignore', 'ignore_ament_install']
[0.190s] Level 1:colcon.colcon_core.package_identification:_identify(src/pb2025_sentry_nav/lookuptf2) by extension 'ignore'
[0.190s] Level 1:colcon.colcon_core.package_identification:_identify(src/pb2025_sentry_nav/lookuptf2) by extension 'ignore_ament_install'
[0.191s] Level 1:colcon.colcon_core.package_identification:_identify(src/pb2025_sentry_nav/lookuptf2) by extensions ['colcon_pkg']
[0.191s] Level 1:colcon.colcon_core.package_identification:_identify(src/pb2025_sentry_nav/lookuptf2) by extension 'colcon_pkg'
[0.191s] Level 1:colcon.colcon_core.package_identification:_identify(src/pb2025_sentry_nav/lookuptf2) by extensions ['colcon_meta']
[0.191s] Level 1:colcon.colcon_core.package_identification:_identify(src/pb2025_sentry_nav/lookuptf2) by extension 'colcon_meta'
[0.191s] Level 1:colcon.colcon_core.package_identification:_identify(src/pb2025_sentry_nav/lookuptf2) by extensions ['ros']
[0.191s] Level 1:colcon.colcon_core.package_identification:_identify(src/pb2025_sentry_nav/lookuptf2) by extension 'ros'
[0.191s] Level 1:colcon.colcon_core.package_identification:_identify(src/pb2025_sentry_nav/lookuptf2) by extensions ['cmake', 'python']
[0.191s] Level 1:colcon.colcon_core.package_identification:_identify(src/pb2025_sentry_nav/lookuptf2) by extension 'cmake'
[0.191s] Level 1:colcon.colcon_core.package_identification:_identify(src/pb2025_sentry_nav/lookuptf2) by extension 'python'
[0.191s] Level 1:colcon.colcon_core.package_identification:_identify(src/pb2025_sentry_nav/lookuptf2) by extensions ['python_setup_py']
[0.191s] Level 1:colcon.colcon_core.package_identification:_identify(src/pb2025_sentry_nav/lookuptf2) by extension 'python_setup_py'
[0.191s] Level 1:colcon.colcon_core.package_identification:_identify(src/pb2025_sentry_nav/lookuptf2/look) by extensions ['ignore', 'ignore_ament_install']
[0.191s] Level 1:colcon.colcon_core.package_identification:_identify(src/pb2025_sentry_nav/lookuptf2/look) by extension 'ignore'
[0.191s] Level 1:colcon.colcon_core.package_identification:_identify(src/pb2025_sentry_nav/lookuptf2/look) by extension 'ignore_ament_install'
[0.191s] Level 1:colcon.colcon_core.package_identification:_identify(src/pb2025_sentry_nav/lookuptf2/look) by extensions ['colcon_pkg']
[0.191s] Level 1:colcon.colcon_core.package_identification:_identify(src/pb2025_sentry_nav/lookuptf2/look) by extension 'colcon_pkg'
[0.191s] Level 1:colcon.colcon_core.package_identification:_identify(src/pb2025_sentry_nav/lookuptf2/look) by extensions ['colcon_meta']
[0.191s] Level 1:colcon.colcon_core.package_identification:_identify(src/pb2025_sentry_nav/lookuptf2/look) by extension 'colcon_meta'
[0.191s] Level 1:colcon.colcon_core.package_identification:_identify(src/pb2025_sentry_nav/lookuptf2/look) by extensions ['ros']
[0.191s] Level 1:colcon.colcon_core.package_identification:_identify(src/pb2025_sentry_nav/lookuptf2/look) by extension 'ros'
[0.191s] Level 1:colcon.colcon_core.package_identification:_identify(src/pb2025_sentry_nav/lookuptf2/look) by extensions ['cmake', 'python']
[0.191s] Level 1:colcon.colcon_core.package_identification:_identify(src/pb2025_sentry_nav/lookuptf2/look) by extension 'cmake'
[0.191s] Level 1:colcon.colcon_core.package_identification:_identify(src/pb2025_sentry_nav/lookuptf2/look) by extension 'python'
[0.191s] Level 1:colcon.colcon_core.package_identification:_identify(src/pb2025_sentry_nav/lookuptf2/look) by extensions ['python_setup_py']
[0.191s] Level 1:colcon.colcon_core.package_identification:_identify(src/pb2025_sentry_nav/lookuptf2/look) by extension 'python_setup_py'
[0.191s] Level 1:colcon.colcon_core.package_identification:_identify(src/pb2025_sentry_nav/my_nav_controller) by extensions ['ignore', 'ignore_ament_install']
[0.191s] Level 1:colcon.colcon_core.package_identification:_identify(src/pb2025_sentry_nav/my_nav_controller) by extension 'ignore'
[0.191s] Level 1:colcon.colcon_core.package_identification:_identify(src/pb2025_sentry_nav/my_nav_controller) by extension 'ignore_ament_install'
[0.191s] Level 1:colcon.colcon_core.package_identification:_identify(src/pb2025_sentry_nav/my_nav_controller) by extensions ['colcon_pkg']
[0.191s] Level 1:colcon.colcon_core.package_identification:_identify(src/pb2025_sentry_nav/my_nav_controller) by extension 'colcon_pkg'
[0.191s] Level 1:colcon.colcon_core.package_identification:_identify(src/pb2025_sentry_nav/my_nav_controller) by extensions ['colcon_meta']
[0.191s] Level 1:colcon.colcon_core.package_identification:_identify(src/pb2025_sentry_nav/my_nav_controller) by extension 'colcon_meta'
[0.191s] Level 1:colcon.colcon_core.package_identification:_identify(src/pb2025_sentry_nav/my_nav_controller) by extensions ['ros']
[0.191s] Level 1:colcon.colcon_core.package_identification:_identify(src/pb2025_sentry_nav/my_nav_controller) by extension 'ros'
[0.192s] DEBUG:colcon.colcon_core.package_identification:Package 'src/pb2025_sentry_nav/my_nav_controller' with type 'ros.ament_python' and name 'my_nav_controller'
[0.192s] Level 1:colcon.colcon_core.package_identification:_identify(src/pb2025_sentry_nav/my_serial_py) by extensions ['ignore', 'ignore_ament_install']
[0.192s] Level 1:colcon.colcon_core.package_identification:_identify(src/pb2025_sentry_nav/my_serial_py) by extension 'ignore'
[0.192s] Level 1:colcon.colcon_core.package_identification:_identify(src/pb2025_sentry_nav/my_serial_py) by extension 'ignore_ament_install'
[0.192s] Level 1:colcon.colcon_core.package_identification:_identify(src/pb2025_sentry_nav/my_serial_py) by extensions ['colcon_pkg']
[0.192s] Level 1:colcon.colcon_core.package_identification:_identify(src/pb2025_sentry_nav/my_serial_py) by extension 'colcon_pkg'
[0.192s] Level 1:colcon.colcon_core.package_identification:_identify(src/pb2025_sentry_nav/my_serial_py) by extensions ['colcon_meta']
[0.192s] Level 1:colcon.colcon_core.package_identification:_identify(src/pb2025_sentry_nav/my_serial_py) by extension 'colcon_meta'
[0.192s] Level 1:colcon.colcon_core.package_identification:_identify(src/pb2025_sentry_nav/my_serial_py) by extensions ['ros']
[0.192s] Level 1:colcon.colcon_core.package_identification:_identify(src/pb2025_sentry_nav/my_serial_py) by extension 'ros'
[0.192s] DEBUG:colcon.colcon_core.package_identification:Package 'src/pb2025_sentry_nav/my_serial_py' with type 'ros.ament_python' and name 'my_serial_py'
[0.192s] Level 1:colcon.colcon_core.package_identification:_identify(src/pb2025_sentry_nav/pb2025_nav_bringup) by extensions ['ignore', 'ignore_ament_install']
[0.193s] Level 1:colcon.colcon_core.package_identification:_identify(src/pb2025_sentry_nav/pb2025_nav_bringup) by extension 'ignore'
[0.193s] Level 1:colcon.colcon_core.package_identification:_identify(src/pb2025_sentry_nav/pb2025_nav_bringup) by extension 'ignore_ament_install'
[0.193s] Level 1:colcon.colcon_core.package_identification:_identify(src/pb2025_sentry_nav/pb2025_nav_bringup) by extensions ['colcon_pkg']
[0.193s] Level 1:colcon.colcon_core.package_identification:_identify(src/pb2025_sentry_nav/pb2025_nav_bringup) by extension 'colcon_pkg'
[0.193s] Level 1:colcon.colcon_core.package_identification:_identify(src/pb2025_sentry_nav/pb2025_nav_bringup) by extensions ['colcon_meta']
[0.193s] Level 1:colcon.colcon_core.package_identification:_identify(src/pb2025_sentry_nav/pb2025_nav_bringup) by extension 'colcon_meta'
[0.193s] Level 1:colcon.colcon_core.package_identification:_identify(src/pb2025_sentry_nav/pb2025_nav_bringup) by extensions ['ros']
[0.193s] Level 1:colcon.colcon_core.package_identification:_identify(src/pb2025_sentry_nav/pb2025_nav_bringup) by extension 'ros'
[0.193s] DEBUG:colcon.colcon_core.package_identification:Package 'src/pb2025_sentry_nav/pb2025_nav_bringup' with type 'ros.ament_cmake' and name 'pb2025_nav_bringup'
[0.193s] Level 1:colcon.colcon_core.package_identification:_identify(src/pb2025_sentry_nav/pb2025_sentry_nav) by extensions ['ignore', 'ignore_ament_install']
[0.193s] Level 1:colcon.colcon_core.package_identification:_identify(src/pb2025_sentry_nav/pb2025_sentry_nav) by extension 'ignore'
[0.193s] Level 1:colcon.colcon_core.package_identification:_identify(src/pb2025_sentry_nav/pb2025_sentry_nav) by extension 'ignore_ament_install'
[0.193s] Level 1:colcon.colcon_core.package_identification:_identify(src/pb2025_sentry_nav/pb2025_sentry_nav) by extensions ['colcon_pkg']
[0.193s] Level 1:colcon.colcon_core.package_identification:_identify(src/pb2025_sentry_nav/pb2025_sentry_nav) by extension 'colcon_pkg'
[0.193s] Level 1:colcon.colcon_core.package_identification:_identify(src/pb2025_sentry_nav/pb2025_sentry_nav) by extensions ['colcon_meta']
[0.193s] Level 1:colcon.colcon_core.package_identification:_identify(src/pb2025_sentry_nav/pb2025_sentry_nav) by extension 'colcon_meta'
[0.193s] Level 1:colcon.colcon_core.package_identification:_identify(src/pb2025_sentry_nav/pb2025_sentry_nav) by extensions ['ros']
[0.193s] Level 1:colcon.colcon_core.package_identification:_identify(src/pb2025_sentry_nav/pb2025_sentry_nav) by extension 'ros'
[0.194s] DEBUG:colcon.colcon_core.package_identification:Package 'src/pb2025_sentry_nav/pb2025_sentry_nav' with type 'ros.ament_cmake' and name 'pb2025_sentry_nav'
[0.194s] Level 1:colcon.colcon_core.package_identification:_identify(src/pb2025_sentry_nav/pb_nav2_plugins) by extensions ['ignore', 'ignore_ament_install']
[0.194s] Level 1:colcon.colcon_core.package_identification:_identify(src/pb2025_sentry_nav/pb_nav2_plugins) by extension 'ignore'
[0.194s] Level 1:colcon.colcon_core.package_identification:_identify(src/pb2025_sentry_nav/pb_nav2_plugins) by extension 'ignore_ament_install'
[0.194s] Level 1:colcon.colcon_core.package_identification:_identify(src/pb2025_sentry_nav/pb_nav2_plugins) by extensions ['colcon_pkg']
[0.194s] Level 1:colcon.colcon_core.package_identification:_identify(src/pb2025_sentry_nav/pb_nav2_plugins) by extension 'colcon_pkg'
[0.194s] Level 1:colcon.colcon_core.package_identification:_identify(src/pb2025_sentry_nav/pb_nav2_plugins) by extensions ['colcon_meta']
[0.194s] Level 1:colcon.colcon_core.package_identification:_identify(src/pb2025_sentry_nav/pb_nav2_plugins) by extension 'colcon_meta'
[0.194s] Level 1:colcon.colcon_core.package_identification:_identify(src/pb2025_sentry_nav/pb_nav2_plugins) by extensions ['ros']
[0.194s] Level 1:colcon.colcon_core.package_identification:_identify(src/pb2025_sentry_nav/pb_nav2_plugins) by extension 'ros'
[0.195s] DEBUG:colcon.colcon_core.package_identification:Package 'src/pb2025_sentry_nav/pb_nav2_plugins' with type 'ros.ament_cmake' and name 'pb_nav2_plugins'
[0.195s] Level 1:colcon.colcon_core.package_identification:_identify(src/pb2025_sentry_nav/pb_omni_pid_pursuit_controller) by extensions ['ignore', 'ignore_ament_install']
[0.195s] Level 1:colcon.colcon_core.package_identification:_identify(src/pb2025_sentry_nav/pb_omni_pid_pursuit_controller) by extension 'ignore'
[0.195s] Level 1:colcon.colcon_core.package_identification:_identify(src/pb2025_sentry_nav/pb_omni_pid_pursuit_controller) by extension 'ignore_ament_install'
[0.195s] Level 1:colcon.colcon_core.package_identification:_identify(src/pb2025_sentry_nav/pb_omni_pid_pursuit_controller) by extensions ['colcon_pkg']
[0.195s] Level 1:colcon.colcon_core.package_identification:_identify(src/pb2025_sentry_nav/pb_omni_pid_pursuit_controller) by extension 'colcon_pkg'
[0.195s] Level 1:colcon.colcon_core.package_identification:_identify(src/pb2025_sentry_nav/pb_omni_pid_pursuit_controller) by extensions ['colcon_meta']
[0.195s] Level 1:colcon.colcon_core.package_identification:_identify(src/pb2025_sentry_nav/pb_omni_pid_pursuit_controller) by extension 'colcon_meta'
[0.195s] Level 1:colcon.colcon_core.package_identification:_identify(src/pb2025_sentry_nav/pb_omni_pid_pursuit_controller) by extensions ['ros']
[0.196s] Level 1:colcon.colcon_core.package_identification:_identify(src/pb2025_sentry_nav/pb_omni_pid_pursuit_controller) by extension 'ros'
[0.196s] DEBUG:colcon.colcon_core.package_identification:Package 'src/pb2025_sentry_nav/pb_omni_pid_pursuit_controller' with type 'ros.ament_cmake' and name 'pb_omni_pid_pursuit_controller'
[0.196s] Level 1:colcon.colcon_core.package_identification:_identify(src/pb2025_sentry_nav/pb_teleop_twist_joy) by extensions ['ignore', 'ignore_ament_install']
[0.196s] Level 1:colcon.colcon_core.package_identification:_identify(src/pb2025_sentry_nav/pb_teleop_twist_joy) by extension 'ignore'
[0.196s] Level 1:colcon.colcon_core.package_identification:_identify(src/pb2025_sentry_nav/pb_teleop_twist_joy) by extension 'ignore_ament_install'
[0.196s] Level 1:colcon.colcon_core.package_identification:_identify(src/pb2025_sentry_nav/pb_teleop_twist_joy) by extensions ['colcon_pkg']
[0.196s] Level 1:colcon.colcon_core.package_identification:_identify(src/pb2025_sentry_nav/pb_teleop_twist_joy) by extension 'colcon_pkg'
[0.196s] Level 1:colcon.colcon_core.package_identification:_identify(src/pb2025_sentry_nav/pb_teleop_twist_joy) by extensions ['colcon_meta']
[0.196s] Level 1:colcon.colcon_core.package_identification:_identify(src/pb2025_sentry_nav/pb_teleop_twist_joy) by extension 'colcon_meta'
[0.196s] Level 1:colcon.colcon_core.package_identification:_identify(src/pb2025_sentry_nav/pb_teleop_twist_joy) by extensions ['ros']
[0.196s] Level 1:colcon.colcon_core.package_identification:_identify(src/pb2025_sentry_nav/pb_teleop_twist_joy) by extension 'ros'
[0.197s] DEBUG:colcon.colcon_core.package_identification:Package 'src/pb2025_sentry_nav/pb_teleop_twist_joy' with type 'ros.ament_cmake' and name 'pb_teleop_twist_joy'
[0.197s] Level 1:colcon.colcon_core.package_identification:_identify(src/pb2025_sentry_nav/point_lio) by extensions ['ignore', 'ignore_ament_install']
[0.197s] Level 1:colcon.colcon_core.package_identification:_identify(src/pb2025_sentry_nav/point_lio) by extension 'ignore'
[0.197s] Level 1:colcon.colcon_core.package_identification:_identify(src/pb2025_sentry_nav/point_lio) by extension 'ignore_ament_install'
[0.197s] Level 1:colcon.colcon_core.package_identification:_identify(src/pb2025_sentry_nav/point_lio) by extensions ['colcon_pkg']
[0.197s] Level 1:colcon.colcon_core.package_identification:_identify(src/pb2025_sentry_nav/point_lio) by extension 'colcon_pkg'
[0.197s] Level 1:colcon.colcon_core.package_identification:_identify(src/pb2025_sentry_nav/point_lio) by extensions ['colcon_meta']
[0.197s] Level 1:colcon.colcon_core.package_identification:_identify(src/pb2025_sentry_nav/point_lio) by extension 'colcon_meta'
[0.198s] Level 1:colcon.colcon_core.package_identification:_identify(src/pb2025_sentry_nav/point_lio) by extensions ['ros']
[0.198s] Level 1:colcon.colcon_core.package_identification:_identify(src/pb2025_sentry_nav/point_lio) by extension 'ros'
[0.198s] DEBUG:colcon.colcon_core.package_identification:Package 'src/pb2025_sentry_nav/point_lio' with type 'ros.ament_cmake' and name 'point_lio'
[0.198s] Level 1:colcon.colcon_core.package_identification:_identify(src/pb2025_sentry_nav/referee_msg) by extensions ['ignore', 'ignore_ament_install']
[0.198s] Level 1:colcon.colcon_core.package_identification:_identify(src/pb2025_sentry_nav/referee_msg) by extension 'ignore'
[0.198s] Level 1:colcon.colcon_core.package_identification:_identify(src/pb2025_sentry_nav/referee_msg) by extension 'ignore_ament_install'
[0.198s] Level 1:colcon.colcon_core.package_identification:_identify(src/pb2025_sentry_nav/referee_msg) by extensions ['colcon_pkg']
[0.198s] Level 1:colcon.colcon_core.package_identification:_identify(src/pb2025_sentry_nav/referee_msg) by extension 'colcon_pkg'
[0.199s] Level 1:colcon.colcon_core.package_identification:_identify(src/pb2025_sentry_nav/referee_msg) by extensions ['colcon_meta']
[0.199s] Level 1:colcon.colcon_core.package_identification:_identify(src/pb2025_sentry_nav/referee_msg) by extension 'colcon_meta'
[0.199s] Level 1:colcon.colcon_core.package_identification:_identify(src/pb2025_sentry_nav/referee_msg) by extensions ['ros']
[0.199s] Level 1:colcon.colcon_core.package_identification:_identify(src/pb2025_sentry_nav/referee_msg) by extension 'ros'
[0.199s] DEBUG:colcon.colcon_core.package_identification:Package 'src/pb2025_sentry_nav/referee_msg' with type 'ros.ament_cmake' and name 'referee_msg'
[0.199s] Level 1:colcon.colcon_core.package_identification:_identify(src/pb2025_sentry_nav/rm_static_tf) by extensions ['ignore', 'ignore_ament_install']
[0.199s] Level 1:colcon.colcon_core.package_identification:_identify(src/pb2025_sentry_nav/rm_static_tf) by extension 'ignore'
[0.199s] Level 1:colcon.colcon_core.package_identification:_identify(src/pb2025_sentry_nav/rm_static_tf) by extension 'ignore_ament_install'
[0.199s] Level 1:colcon.colcon_core.package_identification:_identify(src/pb2025_sentry_nav/rm_static_tf) by extensions ['colcon_pkg']
[0.199s] Level 1:colcon.colcon_core.package_identification:_identify(src/pb2025_sentry_nav/rm_static_tf) by extension 'colcon_pkg'
[0.199s] Level 1:colcon.colcon_core.package_identification:_identify(src/pb2025_sentry_nav/rm_static_tf) by extensions ['colcon_meta']
[0.199s] Level 1:colcon.colcon_core.package_identification:_identify(src/pb2025_sentry_nav/rm_static_tf) by extension 'colcon_meta'
[0.199s] Level 1:colcon.colcon_core.package_identification:_identify(src/pb2025_sentry_nav/rm_static_tf) by extensions ['ros']
[0.199s] Level 1:colcon.colcon_core.package_identification:_identify(src/pb2025_sentry_nav/rm_static_tf) by extension 'ros'
[0.200s] DEBUG:colcon.colcon_core.package_identification:Package 'src/pb2025_sentry_nav/rm_static_tf' with type 'ros.ament_python' and name 'rm_static_tf'
[0.200s] Level 1:colcon.colcon_core.package_identification:_identify(src/pb2025_sentry_nav/sensor_scan_generation) by extensions ['ignore', 'ignore_ament_install']
[0.200s] Level 1:colcon.colcon_core.package_identification:_identify(src/pb2025_sentry_nav/sensor_scan_generation) by extension 'ignore'
[0.200s] Level 1:colcon.colcon_core.package_identification:_identify(src/pb2025_sentry_nav/sensor_scan_generation) by extension 'ignore_ament_install'
[0.200s] Level 1:colcon.colcon_core.package_identification:_identify(src/pb2025_sentry_nav/sensor_scan_generation) by extensions ['colcon_pkg']
[0.200s] Level 1:colcon.colcon_core.package_identification:_identify(src/pb2025_sentry_nav/sensor_scan_generation) by extension 'colcon_pkg'
[0.200s] Level 1:colcon.colcon_core.package_identification:_identify(src/pb2025_sentry_nav/sensor_scan_generation) by extensions ['colcon_meta']
[0.200s] Level 1:colcon.colcon_core.package_identification:_identify(src/pb2025_sentry_nav/sensor_scan_generation) by extension 'colcon_meta'
[0.200s] Level 1:colcon.colcon_core.package_identification:_identify(src/pb2025_sentry_nav/sensor_scan_generation) by extensions ['ros']
[0.200s] Level 1:colcon.colcon_core.package_identification:_identify(src/pb2025_sentry_nav/sensor_scan_generation) by extension 'ros'
[0.201s] DEBUG:colcon.colcon_core.package_identification:Package 'src/pb2025_sentry_nav/sensor_scan_generation' with type 'ros.ament_cmake' and name 'sensor_scan_generation'
[0.201s] Level 1:colcon.colcon_core.package_identification:_identify(src/pb2025_sentry_nav/small_gicp_relocalization) by extensions ['ignore', 'ignore_ament_install']
[0.201s] Level 1:colcon.colcon_core.package_identification:_identify(src/pb2025_sentry_nav/small_gicp_relocalization) by extension 'ignore'
[0.201s] Level 1:colcon.colcon_core.package_identification:_identify(src/pb2025_sentry_nav/small_gicp_relocalization) by extension 'ignore_ament_install'
[0.201s] Level 1:colcon.colcon_core.package_identification:_identify(src/pb2025_sentry_nav/small_gicp_relocalization) by extensions ['colcon_pkg']
[0.201s] Level 1:colcon.colcon_core.package_identification:_identify(src/pb2025_sentry_nav/small_gicp_relocalization) by extension 'colcon_pkg'
[0.201s] Level 1:colcon.colcon_core.package_identification:_identify(src/pb2025_sentry_nav/small_gicp_relocalization) by extensions ['colcon_meta']
[0.201s] Level 1:colcon.colcon_core.package_identification:_identify(src/pb2025_sentry_nav/small_gicp_relocalization) by extension 'colcon_meta'
[0.201s] Level 1:colcon.colcon_core.package_identification:_identify(src/pb2025_sentry_nav/small_gicp_relocalization) by extensions ['ros']
[0.201s] Level 1:colcon.colcon_core.package_identification:_identify(src/pb2025_sentry_nav/small_gicp_relocalization) by extension 'ros'
[0.202s] DEBUG:colcon.colcon_core.package_identification:Package 'src/pb2025_sentry_nav/small_gicp_relocalization' with type 'ros.ament_cmake' and name 'small_gicp_relocalization'
[0.202s] Level 1:colcon.colcon_core.package_identification:_identify(src/pb2025_sentry_nav/terrain_analysis) by extensions ['ignore', 'ignore_ament_install']
[0.202s] Level 1:colcon.colcon_core.package_identification:_identify(src/pb2025_sentry_nav/terrain_analysis) by extension 'ignore'
[0.202s] Level 1:colcon.colcon_core.package_identification:_identify(src/pb2025_sentry_nav/terrain_analysis) by extension 'ignore_ament_install'
[0.202s] Level 1:colcon.colcon_core.package_identification:_identify(src/pb2025_sentry_nav/terrain_analysis) by extensions ['colcon_pkg']
[0.202s] Level 1:colcon.colcon_core.package_identification:_identify(src/pb2025_sentry_nav/terrain_analysis) by extension 'colcon_pkg'
[0.202s] Level 1:colcon.colcon_core.package_identification:_identify(src/pb2025_sentry_nav/terrain_analysis) by extensions ['colcon_meta']
[0.202s] Level 1:colcon.colcon_core.package_identification:_identify(src/pb2025_sentry_nav/terrain_analysis) by extension 'colcon_meta'
[0.202s] Level 1:colcon.colcon_core.package_identification:_identify(src/pb2025_sentry_nav/terrain_analysis) by extensions ['ros']
[0.202s] Level 1:colcon.colcon_core.package_identification:_identify(src/pb2025_sentry_nav/terrain_analysis) by extension 'ros'
[0.202s] DEBUG:colcon.colcon_core.package_identification:Package 'src/pb2025_sentry_nav/terrain_analysis' with type 'ros.ament_cmake' and name 'terrain_analysis'
[0.203s] Level 1:colcon.colcon_core.package_discovery:discover_packages(recursive) using defaults
[0.203s] Level 1:colcon.colcon_core.package_discovery:discover_packages(ignore) discover
[0.203s] Level 1:colcon.colcon_core.package_discovery:discover_packages(ignore) using defaults
[0.203s] Level 1:colcon.colcon_core.package_discovery:discover_packages(path) discover
[0.203s] Level 1:colcon.colcon_core.package_discovery:discover_packages(path) using defaults
[0.223s] Level 1:colcon.colcon_core.package_discovery:discover_packages(prefix_path) check parameters
[0.223s] Level 1:colcon.colcon_core.package_discovery:discover_packages(prefix_path) discover
[0.225s] DEBUG:colcon.colcon_installed_package_information.package_discovery:Found 328 installed packages in /opt/ros/humble
[0.226s] Level 1:colcon.colcon_core.package_discovery:discover_packages(prefix_path) using defaults
[0.250s] Level 5:colcon.colcon_core.verb:set package 'fake_vel_transform' build argument 'cmake_args' from command line to '['-DCMAKE_BUILD_TYPE=Release']'
[0.250s] Level 5:colcon.colcon_core.verb:set package 'fake_vel_transform' build argument 'cmake_target' from command line to 'None'
[0.250s] Level 5:colcon.colcon_core.verb:set package 'fake_vel_transform' build argument 'cmake_target_skip_unavailable' from command line to 'False'
[0.250s] Level 5:colcon.colcon_core.verb:set package 'fake_vel_transform' build argument 'cmake_clean_cache' from command line to 'False'
[0.250s] Level 5:colcon.colcon_core.verb:set package 'fake_vel_transform' build argument 'cmake_clean_first' from command line to 'False'
[0.250s] Level 5:colcon.colcon_core.verb:set package 'fake_vel_transform' build argument 'cmake_force_configure' from command line to 'False'
[0.250s] Level 5:colcon.colcon_core.verb:set package 'fake_vel_transform' build argument 'ament_cmake_args' from command line to 'None'
[0.250s] Level 5:colcon.colcon_core.verb:set package 'fake_vel_transform' build argument 'catkin_cmake_args' from command line to 'None'
[0.250s] Level 5:colcon.colcon_core.verb:set package 'fake_vel_transform' build argument 'catkin_skip_building_tests' from command line to 'False'
[0.250s] DEBUG:colcon.colcon_core.verb:Building package 'fake_vel_transform' with the following arguments: {'ament_cmake_args': None, 'build_base': '/home/kswlt/Desktop/Nav导航改进/ros_ws/build/fake_vel_transform', 'catkin_cmake_args': None, 'catkin_skip_building_tests': False, 'cmake_args': ['-DCMAKE_BUILD_TYPE=Release'], 'cmake_clean_cache': False, 'cmake_clean_first': False, 'cmake_force_configure': False, 'cmake_target': None, 'cmake_target_skip_unavailable': False, 'install_base': '/home/kswlt/Desktop/Nav导航改进/ros_ws/install/fake_vel_transform', 'merge_install': False, 'path': '/home/kswlt/Desktop/Nav导航改进/ros_ws/src/pb2025_sentry_nav/fake_vel_transform', 'symlink_install': True, 'test_result_base': None}
[0.251s] Level 5:colcon.colcon_core.verb:set package 'ign_sim_pointcloud_tool' build argument 'cmake_args' from command line to '['-DCMAKE_BUILD_TYPE=Release']'
[0.251s] Level 5:colcon.colcon_core.verb:set package 'ign_sim_pointcloud_tool' build argument 'cmake_target' from command line to 'None'
[0.251s] Level 5:colcon.colcon_core.verb:set package 'ign_sim_pointcloud_tool' build argument 'cmake_target_skip_unavailable' from command line to 'False'
[0.251s] Level 5:colcon.colcon_core.verb:set package 'ign_sim_pointcloud_tool' build argument 'cmake_clean_cache' from command line to 'False'
[0.251s] Level 5:colcon.colcon_core.verb:set package 'ign_sim_pointcloud_tool' build argument 'cmake_clean_first' from command line to 'False'
[0.251s] Level 5:colcon.colcon_core.verb:set package 'ign_sim_pointcloud_tool' build argument 'cmake_force_configure' from command line to 'False'
[0.251s] Level 5:colcon.colcon_core.verb:set package 'ign_sim_pointcloud_tool' build argument 'ament_cmake_args' from command line to 'None'
[0.251s] Level 5:colcon.colcon_core.verb:set package 'ign_sim_pointcloud_tool' build argument 'catkin_cmake_args' from command line to 'None'
[0.251s] Level 5:colcon.colcon_core.verb:set package 'ign_sim_pointcloud_tool' build argument 'catkin_skip_building_tests' from command line to 'False'
[0.251s] DEBUG:colcon.colcon_core.verb:Building package 'ign_sim_pointcloud_tool' with the following arguments: {'ament_cmake_args': None, 'build_base': '/home/kswlt/Desktop/Nav导航改进/ros_ws/build/ign_sim_pointcloud_tool', 'catkin_cmake_args': None, 'catkin_skip_building_tests': False, 'cmake_args': ['-DCMAKE_BUILD_TYPE=Release'], 'cmake_clean_cache': False, 'cmake_clean_first': False, 'cmake_force_configure': False, 'cmake_target': None, 'cmake_target_skip_unavailable': False, 'install_base': '/home/kswlt/Desktop/Nav导航改进/ros_ws/install/ign_sim_pointcloud_tool', 'merge_install': False, 'path': '/home/kswlt/Desktop/Nav导航改进/ros_ws/src/pb2025_sentry_nav/ign_sim_pointcloud_tool', 'symlink_install': True, 'test_result_base': None}
[0.251s] Level 5:colcon.colcon_core.verb:set package 'livox_ros_driver2' build argument 'cmake_args' from command line to '['-DCMAKE_BUILD_TYPE=Release']'
[0.251s] Level 5:colcon.colcon_core.verb:set package 'livox_ros_driver2' build argument 'cmake_target' from command line to 'None'
[0.251s] Level 5:colcon.colcon_core.verb:set package 'livox_ros_driver2' build argument 'cmake_target_skip_unavailable' from command line to 'False'
[0.251s] Level 5:colcon.colcon_core.verb:set package 'livox_ros_driver2' build argument 'cmake_clean_cache' from command line to 'False'
[0.251s] Level 5:colcon.colcon_core.verb:set package 'livox_ros_driver2' build argument 'cmake_clean_first' from command line to 'False'
[0.251s] Level 5:colcon.colcon_core.verb:set package 'livox_ros_driver2' build argument 'cmake_force_configure' from command line to 'False'
[0.251s] Level 5:colcon.colcon_core.verb:set package 'livox_ros_driver2' build argument 'ament_cmake_args' from command line to 'None'
[0.251s] Level 5:colcon.colcon_core.verb:set package 'livox_ros_driver2' build argument 'catkin_cmake_args' from command line to 'None'
[0.251s] Level 5:colcon.colcon_core.verb:set package 'livox_ros_driver2' build argument 'catkin_skip_building_tests' from command line to 'False'
[0.251s] DEBUG:colcon.colcon_core.verb:Building package 'livox_ros_driver2' with the following arguments: {'ament_cmake_args': None, 'build_base': '/home/kswlt/Desktop/Nav导航改进/ros_ws/build/livox_ros_driver2', 'catkin_cmake_args': None, 'catkin_skip_building_tests': False, 'cmake_args': ['-DCMAKE_BUILD_TYPE=Release'], 'cmake_clean_cache': False, 'cmake_clean_first': False, 'cmake_force_configure': False, 'cmake_target': None, 'cmake_target_skip_unavailable': False, 'install_base': '/home/kswlt/Desktop/Nav导航改进/ros_ws/install/livox_ros_driver2', 'merge_install': False, 'path': '/home/kswlt/Desktop/Nav导航改进/ros_ws/src/pb2025_sentry_nav/livox_ros_driver2', 'symlink_install': True, 'test_result_base': None}
[0.251s] Level 5:colcon.colcon_core.verb:set package 'loam_interface' build argument 'cmake_args' from command line to '['-DCMAKE_BUILD_TYPE=Release']'
[0.251s] Level 5:colcon.colcon_core.verb:set package 'loam_interface' build argument 'cmake_target' from command line to 'None'
[0.251s] Level 5:colcon.colcon_core.verb:set package 'loam_interface' build argument 'cmake_target_skip_unavailable' from command line to 'False'
[0.251s] Level 5:colcon.colcon_core.verb:set package 'loam_interface' build argument 'cmake_clean_cache' from command line to 'False'
[0.251s] Level 5:colcon.colcon_core.verb:set package 'loam_interface' build argument 'cmake_clean_first' from command line to 'False'
[0.251s] Level 5:colcon.colcon_core.verb:set package 'loam_interface' build argument 'cmake_force_configure' from command line to 'False'
[0.251s] Level 5:colcon.colcon_core.verb:set package 'loam_interface' build argument 'ament_cmake_args' from command line to 'None'
[0.251s] Level 5:colcon.colcon_core.verb:set package 'loam_interface' build argument 'catkin_cmake_args' from command line to 'None'
[0.251s] Level 5:colcon.colcon_core.verb:set package 'loam_interface' build argument 'catkin_skip_building_tests' from command line to 'False'
[0.251s] DEBUG:colcon.colcon_core.verb:Building package 'loam_interface' with the following arguments: {'ament_cmake_args': None, 'build_base': '/home/kswlt/Desktop/Nav导航改进/ros_ws/build/loam_interface', 'catkin_cmake_args': None, 'catkin_skip_building_tests': False, 'cmake_args': ['-DCMAKE_BUILD_TYPE=Release'], 'cmake_clean_cache': False, 'cmake_clean_first': False, 'cmake_force_configure': False, 'cmake_target': None, 'cmake_target_skip_unavailable': False, 'install_base': '/home/kswlt/Desktop/Nav导航改进/ros_ws/install/loam_interface', 'merge_install': False, 'path': '/home/kswlt/Desktop/Nav导航改进/ros_ws/src/pb2025_sentry_nav/loam_interface', 'symlink_install': True, 'test_result_base': None}
[0.252s] Level 5:colcon.colcon_core.verb:set package 'my_nav_controller' build argument 'cmake_args' from command line to '['-DCMAKE_BUILD_TYPE=Release']'
[0.252s] Level 5:colcon.colcon_core.verb:set package 'my_nav_controller' build argument 'cmake_target' from command line to 'None'
[0.252s] Level 5:colcon.colcon_core.verb:set package 'my_nav_controller' build argument 'cmake_target_skip_unavailable' from command line to 'False'
[0.252s] Level 5:colcon.colcon_core.verb:set package 'my_nav_controller' build argument 'cmake_clean_cache' from command line to 'False'
[0.252s] Level 5:colcon.colcon_core.verb:set package 'my_nav_controller' build argument 'cmake_clean_first' from command line to 'False'
[0.252s] Level 5:colcon.colcon_core.verb:set package 'my_nav_controller' build argument 'cmake_force_configure' from command line to 'False'
[0.252s] Level 5:colcon.colcon_core.verb:set package 'my_nav_controller' build argument 'ament_cmake_args' from command line to 'None'
[0.252s] Level 5:colcon.colcon_core.verb:set package 'my_nav_controller' build argument 'catkin_cmake_args' from command line to 'None'
[0.252s] Level 5:colcon.colcon_core.verb:set package 'my_nav_controller' build argument 'catkin_skip_building_tests' from command line to 'False'
[0.252s] DEBUG:colcon.colcon_core.verb:Building package 'my_nav_controller' with the following arguments: {'ament_cmake_args': None, 'build_base': '/home/kswlt/Desktop/Nav导航改进/ros_ws/build/my_nav_controller', 'catkin_cmake_args': None, 'catkin_skip_building_tests': False, 'cmake_args': ['-DCMAKE_BUILD_TYPE=Release'], 'cmake_clean_cache': False, 'cmake_clean_first': False, 'cmake_force_configure': False, 'cmake_target': None, 'cmake_target_skip_unavailable': False, 'install_base': '/home/kswlt/Desktop/Nav导航改进/ros_ws/install/my_nav_controller', 'merge_install': False, 'path': '/home/kswlt/Desktop/Nav导航改进/ros_ws/src/pb2025_sentry_nav/my_nav_controller', 'symlink_install': True, 'test_result_base': None}
[0.252s] Level 5:colcon.colcon_core.verb:set package 'pb_nav2_plugins' build argument 'cmake_args' from command line to '['-DCMAKE_BUILD_TYPE=Release']'
[0.252s] Level 5:colcon.colcon_core.verb:set package 'pb_nav2_plugins' build argument 'cmake_target' from command line to 'None'
[0.252s] Level 5:colcon.colcon_core.verb:set package 'pb_nav2_plugins' build argument 'cmake_target_skip_unavailable' from command line to 'False'
[0.252s] Level 5:colcon.colcon_core.verb:set package 'pb_nav2_plugins' build argument 'cmake_clean_cache' from command line to 'False'
[0.252s] Level 5:colcon.colcon_core.verb:set package 'pb_nav2_plugins' build argument 'cmake_clean_first' from command line to 'False'
[0.252s] Level 5:colcon.colcon_core.verb:set package 'pb_nav2_plugins' build argument 'cmake_force_configure' from command line to 'False'
[0.252s] Level 5:colcon.colcon_core.verb:set package 'pb_nav2_plugins' build argument 'ament_cmake_args' from command line to 'None'
[0.252s] Level 5:colcon.colcon_core.verb:set package 'pb_nav2_plugins' build argument 'catkin_cmake_args' from command line to 'None'
[0.252s] Level 5:colcon.colcon_core.verb:set package 'pb_nav2_plugins' build argument 'catkin_skip_building_tests' from command line to 'False'
[0.252s] DEBUG:colcon.colcon_core.verb:Building package 'pb_nav2_plugins' with the following arguments: {'ament_cmake_args': None, 'build_base': '/home/kswlt/Desktop/Nav导航改进/ros_ws/build/pb_nav2_plugins', 'catkin_cmake_args': None, 'catkin_skip_building_tests': False, 'cmake_args': ['-DCMAKE_BUILD_TYPE=Release'], 'cmake_clean_cache': False, 'cmake_clean_first': False, 'cmake_force_configure': False, 'cmake_target': None, 'cmake_target_skip_unavailable': False, 'install_base': '/home/kswlt/Desktop/Nav导航改进/ros_ws/install/pb_nav2_plugins', 'merge_install': False, 'path': '/home/kswlt/Desktop/Nav导航改进/ros_ws/src/pb2025_sentry_nav/pb_nav2_plugins', 'symlink_install': True, 'test_result_base': None}
[0.252s] Level 5:colcon.colcon_core.verb:set package 'pb_omni_pid_pursuit_controller' build argument 'cmake_args' from command line to '['-DCMAKE_BUILD_TYPE=Release']'
[0.252s] Level 5:colcon.colcon_core.verb:set package 'pb_omni_pid_pursuit_controller' build argument 'cmake_target' from command line to 'None'
[0.252s] Level 5:colcon.colcon_core.verb:set package 'pb_omni_pid_pursuit_controller' build argument 'cmake_target_skip_unavailable' from command line to 'False'
[0.252s] Level 5:colcon.colcon_core.verb:set package 'pb_omni_pid_pursuit_controller' build argument 'cmake_clean_cache' from command line to 'False'
[0.252s] Level 5:colcon.colcon_core.verb:set package 'pb_omni_pid_pursuit_controller' build argument 'cmake_clean_first' from command line to 'False'
[0.252s] Level 5:colcon.colcon_core.verb:set package 'pb_omni_pid_pursuit_controller' build argument 'cmake_force_configure' from command line to 'False'
[0.252s] Level 5:colcon.colcon_core.verb:set package 'pb_omni_pid_pursuit_controller' build argument 'ament_cmake_args' from command line to 'None'
[0.252s] Level 5:colcon.colcon_core.verb:set package 'pb_omni_pid_pursuit_controller' build argument 'catkin_cmake_args' from command line to 'None'
[0.252s] Level 5:colcon.colcon_core.verb:set package 'pb_omni_pid_pursuit_controller' build argument 'catkin_skip_building_tests' from command line to 'False'
[0.252s] DEBUG:colcon.colcon_core.verb:Building package 'pb_omni_pid_pursuit_controller' with the following arguments: {'ament_cmake_args': None, 'build_base': '/home/kswlt/Desktop/Nav导航改进/ros_ws/build/pb_omni_pid_pursuit_controller', 'catkin_cmake_args': None, 'catkin_skip_building_tests': False, 'cmake_args': ['-DCMAKE_BUILD_TYPE=Release'], 'cmake_clean_cache': False, 'cmake_clean_first': False, 'cmake_force_configure': False, 'cmake_target': None, 'cmake_target_skip_unavailable': False, 'install_base': '/home/kswlt/Desktop/Nav导航改进/ros_ws/install/pb_omni_pid_pursuit_controller', 'merge_install': False, 'path': '/home/kswlt/Desktop/Nav导航改进/ros_ws/src/pb2025_sentry_nav/pb_omni_pid_pursuit_controller', 'symlink_install': True, 'test_result_base': None}
[0.252s] Level 5:colcon.colcon_core.verb:set package 'pb_teleop_twist_joy' build argument 'cmake_args' from command line to '['-DCMAKE_BUILD_TYPE=Release']'
[0.252s] Level 5:colcon.colcon_core.verb:set package 'pb_teleop_twist_joy' build argument 'cmake_target' from command line to 'None'
[0.253s] Level 5:colcon.colcon_core.verb:set package 'pb_teleop_twist_joy' build argument 'cmake_target_skip_unavailable' from command line to 'False'
[0.253s] Level 5:colcon.colcon_core.verb:set package 'pb_teleop_twist_joy' build argument 'cmake_clean_cache' from command line to 'False'
[0.253s] Level 5:colcon.colcon_core.verb:set package 'pb_teleop_twist_joy' build argument 'cmake_clean_first' from command line to 'False'
[0.253s] Level 5:colcon.colcon_core.verb:set package 'pb_teleop_twist_joy' build argument 'cmake_force_configure' from command line to 'False'
[0.253s] Level 5:colcon.colcon_core.verb:set package 'pb_teleop_twist_joy' build argument 'ament_cmake_args' from command line to 'None'
[0.253s] Level 5:colcon.colcon_core.verb:set package 'pb_teleop_twist_joy' build argument 'catkin_cmake_args' from command line to 'None'
[0.253s] Level 5:colcon.colcon_core.verb:set package 'pb_teleop_twist_joy' build argument 'catkin_skip_building_tests' from command line to 'False'
[0.253s] DEBUG:colcon.colcon_core.verb:Building package 'pb_teleop_twist_joy' with the following arguments: {'ament_cmake_args': None, 'build_base': '/home/kswlt/Desktop/Nav导航改进/ros_ws/build/pb_teleop_twist_joy', 'catkin_cmake_args': None, 'catkin_skip_building_tests': False, 'cmake_args': ['-DCMAKE_BUILD_TYPE=Release'], 'cmake_clean_cache': False, 'cmake_clean_first': False, 'cmake_force_configure': False, 'cmake_target': None, 'cmake_target_skip_unavailable': False, 'install_base': '/home/kswlt/Desktop/Nav导航改进/ros_ws/install/pb_teleop_twist_joy', 'merge_install': False, 'path': '/home/kswlt/Desktop/Nav导航改进/ros_ws/src/pb2025_sentry_nav/pb_teleop_twist_joy', 'symlink_install': True, 'test_result_base': None}
[0.253s] Level 5:colcon.colcon_core.verb:set package 'referee_msg' build argument 'cmake_args' from command line to '['-DCMAKE_BUILD_TYPE=Release']'
[0.253s] Level 5:colcon.colcon_core.verb:set package 'referee_msg' build argument 'cmake_target' from command line to 'None'
[0.253s] Level 5:colcon.colcon_core.verb:set package 'referee_msg' build argument 'cmake_target_skip_unavailable' from command line to 'False'
[0.253s] Level 5:colcon.colcon_core.verb:set package 'referee_msg' build argument 'cmake_clean_cache' from command line to 'False'
[0.253s] Level 5:colcon.colcon_core.verb:set package 'referee_msg' build argument 'cmake_clean_first' from command line to 'False'
[0.253s] Level 5:colcon.colcon_core.verb:set package 'referee_msg' build argument 'cmake_force_configure' from command line to 'False'
[0.253s] Level 5:colcon.colcon_core.verb:set package 'referee_msg' build argument 'ament_cmake_args' from command line to 'None'
[0.253s] Level 5:colcon.colcon_core.verb:set package 'referee_msg' build argument 'catkin_cmake_args' from command line to 'None'
[0.253s] Level 5:colcon.colcon_core.verb:set package 'referee_msg' build argument 'catkin_skip_building_tests' from command line to 'False'
[0.253s] DEBUG:colcon.colcon_core.verb:Building package 'referee_msg' with the following arguments: {'ament_cmake_args': None, 'build_base': '/home/kswlt/Desktop/Nav导航改进/ros_ws/build/referee_msg', 'catkin_cmake_args': None, 'catkin_skip_building_tests': False, 'cmake_args': ['-DCMAKE_BUILD_TYPE=Release'], 'cmake_clean_cache': False, 'cmake_clean_first': False, 'cmake_force_configure': False, 'cmake_target': None, 'cmake_target_skip_unavailable': False, 'install_base': '/home/kswlt/Desktop/Nav导航改进/ros_ws/install/referee_msg', 'merge_install': False, 'path': '/home/kswlt/Desktop/Nav导航改进/ros_ws/src/pb2025_sentry_nav/referee_msg', 'symlink_install': True, 'test_result_base': None}
[0.253s] Level 5:colcon.colcon_core.verb:set package 'rm_static_tf' build argument 'cmake_args' from command line to '['-DCMAKE_BUILD_TYPE=Release']'
[0.253s] Level 5:colcon.colcon_core.verb:set package 'rm_static_tf' build argument 'cmake_target' from command line to 'None'
[0.253s] Level 5:colcon.colcon_core.verb:set package 'rm_static_tf' build argument 'cmake_target_skip_unavailable' from command line to 'False'
[0.253s] Level 5:colcon.colcon_core.verb:set package 'rm_static_tf' build argument 'cmake_clean_cache' from command line to 'False'
[0.253s] Level 5:colcon.colcon_core.verb:set package 'rm_static_tf' build argument 'cmake_clean_first' from command line to 'False'
[0.253s] Level 5:colcon.colcon_core.verb:set package 'rm_static_tf' build argument 'cmake_force_configure' from command line to 'False'
[0.253s] Level 5:colcon.colcon_core.verb:set package 'rm_static_tf' build argument 'ament_cmake_args' from command line to 'None'
[0.253s] Level 5:colcon.colcon_core.verb:set package 'rm_static_tf' build argument 'catkin_cmake_args' from command line to 'None'
[0.253s] Level 5:colcon.colcon_core.verb:set package 'rm_static_tf' build argument 'catkin_skip_building_tests' from command line to 'False'
[0.253s] DEBUG:colcon.colcon_core.verb:Building package 'rm_static_tf' with the following arguments: {'ament_cmake_args': None, 'build_base': '/home/kswlt/Desktop/Nav导航改进/ros_ws/build/rm_static_tf', 'catkin_cmake_args': None, 'catkin_skip_building_tests': False, 'cmake_args': ['-DCMAKE_BUILD_TYPE=Release'], 'cmake_clean_cache': False, 'cmake_clean_first': False, 'cmake_force_configure': False, 'cmake_target': None, 'cmake_target_skip_unavailable': False, 'install_base': '/home/kswlt/Desktop/Nav导航改进/ros_ws/install/rm_static_tf', 'merge_install': False, 'path': '/home/kswlt/Desktop/Nav导航改进/ros_ws/src/pb2025_sentry_nav/rm_static_tf', 'symlink_install': True, 'test_result_base': None}
[0.253s] Level 5:colcon.colcon_core.verb:set package 'sensor_scan_generation' build argument 'cmake_args' from command line to '['-DCMAKE_BUILD_TYPE=Release']'
[0.253s] Level 5:colcon.colcon_core.verb:set package 'sensor_scan_generation' build argument 'cmake_target' from command line to 'None'
[0.253s] Level 5:colcon.colcon_core.verb:set package 'sensor_scan_generation' build argument 'cmake_target_skip_unavailable' from command line to 'False'
[0.253s] Level 5:colcon.colcon_core.verb:set package 'sensor_scan_generation' build argument 'cmake_clean_cache' from command line to 'False'
[0.253s] Level 5:colcon.colcon_core.verb:set package 'sensor_scan_generation' build argument 'cmake_clean_first' from command line to 'False'
[0.253s] Level 5:colcon.colcon_core.verb:set package 'sensor_scan_generation' build argument 'cmake_force_configure' from command line to 'False'
[0.253s] Level 5:colcon.colcon_core.verb:set package 'sensor_scan_generation' build argument 'ament_cmake_args' from command line to 'None'
[0.254s] Level 5:colcon.colcon_core.verb:set package 'sensor_scan_generation' build argument 'catkin_cmake_args' from command line to 'None'
[0.254s] Level 5:colcon.colcon_core.verb:set package 'sensor_scan_generation' build argument 'catkin_skip_building_tests' from command line to 'False'
[0.254s] DEBUG:colcon.colcon_core.verb:Building package 'sensor_scan_generation' with the following arguments: {'ament_cmake_args': None, 'build_base': '/home/kswlt/Desktop/Nav导航改进/ros_ws/build/sensor_scan_generation', 'catkin_cmake_args': None, 'catkin_skip_building_tests': False, 'cmake_args': ['-DCMAKE_BUILD_TYPE=Release'], 'cmake_clean_cache': False, 'cmake_clean_first': False, 'cmake_force_configure': False, 'cmake_target': None, 'cmake_target_skip_unavailable': False, 'install_base': '/home/kswlt/Desktop/Nav导航改进/ros_ws/install/sensor_scan_generation', 'merge_install': False, 'path': '/home/kswlt/Desktop/Nav导航改进/ros_ws/src/pb2025_sentry_nav/sensor_scan_generation', 'symlink_install': True, 'test_result_base': None}
[0.254s] Level 5:colcon.colcon_core.verb:set package 'small_gicp_relocalization' build argument 'cmake_args' from command line to '['-DCMAKE_BUILD_TYPE=Release']'
[0.254s] Level 5:colcon.colcon_core.verb:set package 'small_gicp_relocalization' build argument 'cmake_target' from command line to 'None'
[0.254s] Level 5:colcon.colcon_core.verb:set package 'small_gicp_relocalization' build argument 'cmake_target_skip_unavailable' from command line to 'False'
[0.254s] Level 5:colcon.colcon_core.verb:set package 'small_gicp_relocalization' build argument 'cmake_clean_cache' from command line to 'False'
[0.254s] Level 5:colcon.colcon_core.verb:set package 'small_gicp_relocalization' build argument 'cmake_clean_first' from command line to 'False'
[0.254s] Level 5:colcon.colcon_core.verb:set package 'small_gicp_relocalization' build argument 'cmake_force_configure' from command line to 'False'
[0.254s] Level 5:colcon.colcon_core.verb:set package 'small_gicp_relocalization' build argument 'ament_cmake_args' from command line to 'None'
[0.254s] Level 5:colcon.colcon_core.verb:set package 'small_gicp_relocalization' build argument 'catkin_cmake_args' from command line to 'None'
[0.254s] Level 5:colcon.colcon_core.verb:set package 'small_gicp_relocalization' build argument 'catkin_skip_building_tests' from command line to 'False'
[0.254s] DEBUG:colcon.colcon_core.verb:Building package 'small_gicp_relocalization' with the following arguments: {'ament_cmake_args': None, 'build_base': '/home/kswlt/Desktop/Nav导航改进/ros_ws/build/small_gicp_relocalization', 'catkin_cmake_args': None, 'catkin_skip_building_tests': False, 'cmake_args': ['-DCMAKE_BUILD_TYPE=Release'], 'cmake_clean_cache': False, 'cmake_clean_first': False, 'cmake_force_configure': False, 'cmake_target': None, 'cmake_target_skip_unavailable': False, 'install_base': '/home/kswlt/Desktop/Nav导航改进/ros_ws/install/small_gicp_relocalization', 'merge_install': False, 'path': '/home/kswlt/Desktop/Nav导航改进/ros_ws/src/pb2025_sentry_nav/small_gicp_relocalization', 'symlink_install': True, 'test_result_base': None}
[0.254s] Level 5:colcon.colcon_core.verb:set package 'terrain_analysis' build argument 'cmake_args' from command line to '['-DCMAKE_BUILD_TYPE=Release']'
[0.254s] Level 5:colcon.colcon_core.verb:set package 'terrain_analysis' build argument 'cmake_target' from command line to 'None'
[0.254s] Level 5:colcon.colcon_core.verb:set package 'terrain_analysis' build argument 'cmake_target_skip_unavailable' from command line to 'False'
[0.254s] Level 5:colcon.colcon_core.verb:set package 'terrain_analysis' build argument 'cmake_clean_cache' from command line to 'False'
[0.254s] Level 5:colcon.colcon_core.verb:set package 'terrain_analysis' build argument 'cmake_clean_first' from command line to 'False'
[0.254s] Level 5:colcon.colcon_core.verb:set package 'terrain_analysis' build argument 'cmake_force_configure' from command line to 'False'
[0.254s] Level 5:colcon.colcon_core.verb:set package 'terrain_analysis' build argument 'ament_cmake_args' from command line to 'None'
[0.254s] Level 5:colcon.colcon_core.verb:set package 'terrain_analysis' build argument 'catkin_cmake_args' from command line to 'None'
[0.254s] Level 5:colcon.colcon_core.verb:set package 'terrain_analysis' build argument 'catkin_skip_building_tests' from command line to 'False'
[0.254s] DEBUG:colcon.colcon_core.verb:Building package 'terrain_analysis' with the following arguments: {'ament_cmake_args': None, 'build_base': '/home/kswlt/Desktop/Nav导航改进/ros_ws/build/terrain_analysis', 'catkin_cmake_args': None, 'catkin_skip_building_tests': False, 'cmake_args': ['-DCMAKE_BUILD_TYPE=Release'], 'cmake_clean_cache': False, 'cmake_clean_first': False, 'cmake_force_configure': False, 'cmake_target': None, 'cmake_target_skip_unavailable': False, 'install_base': '/home/kswlt/Desktop/Nav导航改进/ros_ws/install/terrain_analysis', 'merge_install': False, 'path': '/home/kswlt/Desktop/Nav导航改进/ros_ws/src/pb2025_sentry_nav/terrain_analysis', 'symlink_install': True, 'test_result_base': None}
[0.254s] Level 5:colcon.colcon_core.verb:set package 'my_serial_py' build argument 'cmake_args' from command line to '['-DCMAKE_BUILD_TYPE=Release']'
[0.254s] Level 5:colcon.colcon_core.verb:set package 'my_serial_py' build argument 'cmake_target' from command line to 'None'
[0.254s] Level 5:colcon.colcon_core.verb:set package 'my_serial_py' build argument 'cmake_target_skip_unavailable' from command line to 'False'
[0.254s] Level 5:colcon.colcon_core.verb:set package 'my_serial_py' build argument 'cmake_clean_cache' from command line to 'False'
[0.254s] Level 5:colcon.colcon_core.verb:set package 'my_serial_py' build argument 'cmake_clean_first' from command line to 'False'
[0.254s] Level 5:colcon.colcon_core.verb:set package 'my_serial_py' build argument 'cmake_force_configure' from command line to 'False'
[0.254s] Level 5:colcon.colcon_core.verb:set package 'my_serial_py' build argument 'ament_cmake_args' from command line to 'None'
[0.254s] Level 5:colcon.colcon_core.verb:set package 'my_serial_py' build argument 'catkin_cmake_args' from command line to 'None'
[0.254s] Level 5:colcon.colcon_core.verb:set package 'my_serial_py' build argument 'catkin_skip_building_tests' from command line to 'False'
[0.254s] DEBUG:colcon.colcon_core.verb:Building package 'my_serial_py' with the following arguments: {'ament_cmake_args': None, 'build_base': '/home/kswlt/Desktop/Nav导航改进/ros_ws/build/my_serial_py', 'catkin_cmake_args': None, 'catkin_skip_building_tests': False, 'cmake_args': ['-DCMAKE_BUILD_TYPE=Release'], 'cmake_clean_cache': False, 'cmake_clean_first': False, 'cmake_force_configure': False, 'cmake_target': None, 'cmake_target_skip_unavailable': False, 'install_base': '/home/kswlt/Desktop/Nav导航改进/ros_ws/install/my_serial_py', 'merge_install': False, 'path': '/home/kswlt/Desktop/Nav导航改进/ros_ws/src/pb2025_sentry_nav/my_serial_py', 'symlink_install': True, 'test_result_base': None}
[0.255s] Level 5:colcon.colcon_core.verb:set package 'pb2025_sentry_nav' build argument 'cmake_args' from command line to '['-DCMAKE_BUILD_TYPE=Release']'
[0.255s] Level 5:colcon.colcon_core.verb:set package 'pb2025_sentry_nav' build argument 'cmake_target' from command line to 'None'
[0.255s] Level 5:colcon.colcon_core.verb:set package 'pb2025_sentry_nav' build argument 'cmake_target_skip_unavailable' from command line to 'False'
[0.255s] Level 5:colcon.colcon_core.verb:set package 'pb2025_sentry_nav' build argument 'cmake_clean_cache' from command line to 'False'
[0.255s] Level 5:colcon.colcon_core.verb:set package 'pb2025_sentry_nav' build argument 'cmake_clean_first' from command line to 'False'
[0.255s] Level 5:colcon.colcon_core.verb:set package 'pb2025_sentry_nav' build argument 'cmake_force_configure' from command line to 'False'
[0.255s] Level 5:colcon.colcon_core.verb:set package 'pb2025_sentry_nav' build argument 'ament_cmake_args' from command line to 'None'
[0.255s] Level 5:colcon.colcon_core.verb:set package 'pb2025_sentry_nav' build argument 'catkin_cmake_args' from command line to 'None'
[0.255s] Level 5:colcon.colcon_core.verb:set package 'pb2025_sentry_nav' build argument 'catkin_skip_building_tests' from command line to 'False'
[0.255s] DEBUG:colcon.colcon_core.verb:Building package 'pb2025_sentry_nav' with the following arguments: {'ament_cmake_args': None, 'build_base': '/home/kswlt/Desktop/Nav导航改进/ros_ws/build/pb2025_sentry_nav', 'catkin_cmake_args': None, 'catkin_skip_building_tests': False, 'cmake_args': ['-DCMAKE_BUILD_TYPE=Release'], 'cmake_clean_cache': False, 'cmake_clean_first': False, 'cmake_force_configure': False, 'cmake_target': None, 'cmake_target_skip_unavailable': False, 'install_base': '/home/kswlt/Desktop/Nav导航改进/ros_ws/install/pb2025_sentry_nav', 'merge_install': False, 'path': '/home/kswlt/Desktop/Nav导航改进/ros_ws/src/pb2025_sentry_nav/pb2025_sentry_nav', 'symlink_install': True, 'test_result_base': None}
[0.255s] Level 5:colcon.colcon_core.verb:set package 'point_lio' build argument 'cmake_args' from command line to '['-DCMAKE_BUILD_TYPE=Release']'
[0.255s] Level 5:colcon.colcon_core.verb:set package 'point_lio' build argument 'cmake_target' from command line to 'None'
[0.255s] Level 5:colcon.colcon_core.verb:set package 'point_lio' build argument 'cmake_target_skip_unavailable' from command line to 'False'
[0.255s] Level 5:colcon.colcon_core.verb:set package 'point_lio' build argument 'cmake_clean_cache' from command line to 'False'
[0.255s] Level 5:colcon.colcon_core.verb:set package 'point_lio' build argument 'cmake_clean_first' from command line to 'False'
[0.255s] Level 5:colcon.colcon_core.verb:set package 'point_lio' build argument 'cmake_force_configure' from command line to 'False'
[0.255s] Level 5:colcon.colcon_core.verb:set package 'point_lio' build argument 'ament_cmake_args' from command line to 'None'
[0.255s] Level 5:colcon.colcon_core.verb:set package 'point_lio' build argument 'catkin_cmake_args' from command line to 'None'
[0.255s] Level 5:colcon.colcon_core.verb:set package 'point_lio' build argument 'catkin_skip_building_tests' from command line to 'False'
[0.255s] DEBUG:colcon.colcon_core.verb:Building package 'point_lio' with the following arguments: {'ament_cmake_args': None, 'build_base': '/home/kswlt/Desktop/Nav导航改进/ros_ws/build/point_lio', 'catkin_cmake_args': None, 'catkin_skip_building_tests': False, 'cmake_args': ['-DCMAKE_BUILD_TYPE=Release'], 'cmake_clean_cache': False, 'cmake_clean_first': False, 'cmake_force_configure': False, 'cmake_target': None, 'cmake_target_skip_unavailable': False, 'install_base': '/home/kswlt/Desktop/Nav导航改进/ros_ws/install/point_lio', 'merge_install': False, 'path': '/home/kswlt/Desktop/Nav导航改进/ros_ws/src/pb2025_sentry_nav/point_lio', 'symlink_install': True, 'test_result_base': None}
[0.255s] Level 5:colcon.colcon_core.verb:set package 'pb2025_nav_bringup' build argument 'cmake_args' from command line to '['-DCMAKE_BUILD_TYPE=Release']'
[0.255s] Level 5:colcon.colcon_core.verb:set package 'pb2025_nav_bringup' build argument 'cmake_target' from command line to 'None'
[0.255s] Level 5:colcon.colcon_core.verb:set package 'pb2025_nav_bringup' build argument 'cmake_target_skip_unavailable' from command line to 'False'
[0.255s] Level 5:colcon.colcon_core.verb:set package 'pb2025_nav_bringup' build argument 'cmake_clean_cache' from command line to 'False'
[0.255s] Level 5:colcon.colcon_core.verb:set package 'pb2025_nav_bringup' build argument 'cmake_clean_first' from command line to 'False'
[0.255s] Level 5:colcon.colcon_core.verb:set package 'pb2025_nav_bringup' build argument 'cmake_force_configure' from command line to 'False'
[0.255s] Level 5:colcon.colcon_core.verb:set package 'pb2025_nav_bringup' build argument 'ament_cmake_args' from command line to 'None'
[0.255s] Level 5:colcon.colcon_core.verb:set package 'pb2025_nav_bringup' build argument 'catkin_cmake_args' from command line to 'None'
[0.255s] Level 5:colcon.colcon_core.verb:set package 'pb2025_nav_bringup' build argument 'catkin_skip_building_tests' from command line to 'False'
[0.255s] DEBUG:colcon.colcon_core.verb:Building package 'pb2025_nav_bringup' with the following arguments: {'ament_cmake_args': None, 'build_base': '/home/kswlt/Desktop/Nav导航改进/ros_ws/build/pb2025_nav_bringup', 'catkin_cmake_args': None, 'catkin_skip_building_tests': False, 'cmake_args': ['-DCMAKE_BUILD_TYPE=Release'], 'cmake_clean_cache': False, 'cmake_clean_first': False, 'cmake_force_configure': False, 'cmake_target': None, 'cmake_target_skip_unavailable': False, 'install_base': '/home/kswlt/Desktop/Nav导航改进/ros_ws/install/pb2025_nav_bringup', 'merge_install': False, 'path': '/home/kswlt/Desktop/Nav导航改进/ros_ws/src/pb2025_sentry_nav/pb2025_nav_bringup', 'symlink_install': True, 'test_result_base': None}
[0.255s] INFO:colcon.colcon_core.executor:Executing jobs using 'parallel' executor
[0.256s] DEBUG:colcon.colcon_parallel_executor.executor.parallel:run_until_complete
[0.256s] INFO:colcon.colcon_ros.task.ament_cmake.build:Building ROS package in '/home/kswlt/Desktop/Nav导航改进/ros_ws/src/pb2025_sentry_nav/fake_vel_transform' with build type 'ament_cmake'
[0.257s] INFO:colcon.colcon_cmake.task.cmake.build:Building CMake package in '/home/kswlt/Desktop/Nav导航改进/ros_ws/src/pb2025_sentry_nav/fake_vel_transform'
[0.261s] INFO:colcon.colcon_core.plugin_system:Skipping extension 'colcon_core.shell.bat': Not used on non-Windows systems
[0.261s] INFO:colcon.colcon_core.shell:Skip shell extension 'powershell' for command environment: Not usable outside of PowerShell
[0.261s] DEBUG:colcon.colcon_core.shell:Skip shell extension 'dsv' for command environment
[0.264s] INFO:colcon.colcon_ros.task.ament_cmake.build:Building ROS package in '/home/kswlt/Desktop/Nav导航改进/ros_ws/src/pb2025_sentry_nav/ign_sim_pointcloud_tool' with build type 'ament_cmake'
[0.264s] INFO:colcon.colcon_cmake.task.cmake.build:Building CMake package in '/home/kswlt/Desktop/Nav导航改进/ros_ws/src/pb2025_sentry_nav/ign_sim_pointcloud_tool'
[0.264s] INFO:colcon.colcon_core.shell:Skip shell extension 'powershell' for command environment: Not usable outside of PowerShell
[0.264s] DEBUG:colcon.colcon_core.shell:Skip shell extension 'dsv' for command environment
[0.266s] INFO:colcon.colcon_ros.task.ament_cmake.build:Building ROS package in '/home/kswlt/Desktop/Nav导航改进/ros_ws/src/pb2025_sentry_nav/livox_ros_driver2' with build type 'ament_cmake'
[0.266s] INFO:colcon.colcon_cmake.task.cmake.build:Building CMake package in '/home/kswlt/Desktop/Nav导航改进/ros_ws/src/pb2025_sentry_nav/livox_ros_driver2'
[0.266s] INFO:colcon.colcon_core.shell:Skip shell extension 'powershell' for command environment: Not usable outside of PowerShell
[0.266s] DEBUG:colcon.colcon_core.shell:Skip shell extension 'dsv' for command environment
[0.267s] INFO:colcon.colcon_ros.task.ament_cmake.build:Building ROS package in '/home/kswlt/Desktop/Nav导航改进/ros_ws/src/pb2025_sentry_nav/loam_interface' with build type 'ament_cmake'
[0.268s] INFO:colcon.colcon_cmake.task.cmake.build:Building CMake package in '/home/kswlt/Desktop/Nav导航改进/ros_ws/src/pb2025_sentry_nav/loam_interface'
[0.268s] INFO:colcon.colcon_core.shell:Skip shell extension 'powershell' for command environment: Not usable outside of PowerShell
[0.268s] DEBUG:colcon.colcon_core.shell:Skip shell extension 'dsv' for command environment
[0.269s] INFO:colcon.colcon_ros.task.ament_cmake.build:Building ROS package in '/home/kswlt/Desktop/Nav导航改进/ros_ws/src/pb2025_sentry_nav/sensor_scan_generation' with build type 'ament_cmake'
[0.269s] INFO:colcon.colcon_cmake.task.cmake.build:Building CMake package in '/home/kswlt/Desktop/Nav导航改进/ros_ws/src/pb2025_sentry_nav/sensor_scan_generation'
[0.269s] INFO:colcon.colcon_core.shell:Skip shell extension 'powershell' for command environment: Not usable outside of PowerShell
[0.269s] DEBUG:colcon.colcon_core.shell:Skip shell extension 'dsv' for command environment
[0.271s] INFO:colcon.colcon_ros.task.ament_cmake.build:Building ROS package in '/home/kswlt/Desktop/Nav导航改进/ros_ws/src/pb2025_sentry_nav/pb_nav2_plugins' with build type 'ament_cmake'
[0.271s] INFO:colcon.colcon_cmake.task.cmake.build:Building CMake package in '/home/kswlt/Desktop/Nav导航改进/ros_ws/src/pb2025_sentry_nav/pb_nav2_plugins'
[0.271s] INFO:colcon.colcon_core.shell:Skip shell extension 'powershell' for command environment: Not usable outside of PowerShell
[0.271s] DEBUG:colcon.colcon_core.shell:Skip shell extension 'dsv' for command environment
[0.273s] INFO:colcon.colcon_ros.task.ament_cmake.build:Building ROS package in '/home/kswlt/Desktop/Nav导航改进/ros_ws/src/pb2025_sentry_nav/pb_omni_pid_pursuit_controller' with build type 'ament_cmake'
[0.273s] INFO:colcon.colcon_cmake.task.cmake.build:Building CMake package in '/home/kswlt/Desktop/Nav导航改进/ros_ws/src/pb2025_sentry_nav/pb_omni_pid_pursuit_controller'
[0.273s] INFO:colcon.colcon_core.shell:Skip shell extension 'powershell' for command environment: Not usable outside of PowerShell
[0.273s] DEBUG:colcon.colcon_core.shell:Skip shell extension 'dsv' for command environment
[0.275s] INFO:colcon.colcon_ros.task.ament_cmake.build:Building ROS package in '/home/kswlt/Desktop/Nav导航改进/ros_ws/src/pb2025_sentry_nav/pb_teleop_twist_joy' with build type 'ament_cmake'
[0.275s] INFO:colcon.colcon_cmake.task.cmake.build:Building CMake package in '/home/kswlt/Desktop/Nav导航改进/ros_ws/src/pb2025_sentry_nav/pb_teleop_twist_joy'
[0.275s] INFO:colcon.colcon_core.shell:Skip shell extension 'powershell' for command environment: Not usable outside of PowerShell
[0.275s] DEBUG:colcon.colcon_core.shell:Skip shell extension 'dsv' for command environment
[0.277s] INFO:colcon.colcon_ros.task.ament_cmake.build:Building ROS package in '/home/kswlt/Desktop/Nav导航改进/ros_ws/src/pb2025_sentry_nav/referee_msg' with build type 'ament_cmake'
[0.277s] INFO:colcon.colcon_cmake.task.cmake.build:Building CMake package in '/home/kswlt/Desktop/Nav导航改进/ros_ws/src/pb2025_sentry_nav/referee_msg'
[0.277s] INFO:colcon.colcon_core.shell:Skip shell extension 'powershell' for command environment: Not usable outside of PowerShell
[0.277s] DEBUG:colcon.colcon_core.shell:Skip shell extension 'dsv' for command environment
[0.279s] INFO:colcon.colcon_ros.task.ament_cmake.build:Building ROS package in '/home/kswlt/Desktop/Nav导航改进/ros_ws/src/pb2025_sentry_nav/small_gicp_relocalization' with build type 'ament_cmake'
[0.279s] INFO:colcon.colcon_cmake.task.cmake.build:Building CMake package in '/home/kswlt/Desktop/Nav导航改进/ros_ws/src/pb2025_sentry_nav/small_gicp_relocalization'
[0.279s] INFO:colcon.colcon_core.shell:Skip shell extension 'powershell' for command environment: Not usable outside of PowerShell
[0.279s] DEBUG:colcon.colcon_core.shell:Skip shell extension 'dsv' for command environment
[0.280s] INFO:colcon.colcon_ros.task.ament_cmake.build:Building ROS package in '/home/kswlt/Desktop/Nav导航改进/ros_ws/src/pb2025_sentry_nav/terrain_analysis' with build type 'ament_cmake'
[0.281s] INFO:colcon.colcon_cmake.task.cmake.build:Building CMake package in '/home/kswlt/Desktop/Nav导航改进/ros_ws/src/pb2025_sentry_nav/terrain_analysis'
[0.281s] INFO:colcon.colcon_core.shell:Skip shell extension 'powershell' for command environment: Not usable outside of PowerShell
[0.281s] DEBUG:colcon.colcon_core.shell:Skip shell extension 'dsv' for command environment
[0.282s] INFO:colcon.colcon_ros.task.ament_python.build:Building ROS package in '/home/kswlt/Desktop/Nav导航改进/ros_ws/src/pb2025_sentry_nav/my_nav_controller' with build type 'ament_python'
[0.282s] Level 1:colcon.colcon_core.shell:create_environment_hook('my_nav_controller', 'ament_prefix_path')
[0.283s] INFO:colcon.colcon_core.shell:Creating environment hook '/home/kswlt/Desktop/Nav导航改进/ros_ws/install/my_nav_controller/share/my_nav_controller/hook/ament_prefix_path.ps1'
[0.284s] INFO:colcon.colcon_core.shell:Creating environment descriptor '/home/kswlt/Desktop/Nav导航改进/ros_ws/install/my_nav_controller/share/my_nav_controller/hook/ament_prefix_path.dsv'
[0.284s] INFO:colcon.colcon_core.shell:Creating environment hook '/home/kswlt/Desktop/Nav导航改进/ros_ws/install/my_nav_controller/share/my_nav_controller/hook/ament_prefix_path.sh'
[0.285s] INFO:colcon.colcon_core.shell:Skip shell extension 'powershell' for command environment: Not usable outside of PowerShell
[0.285s] DEBUG:colcon.colcon_core.shell:Skip shell extension 'dsv' for command environment
[0.286s] INFO:colcon.colcon_ros.task.ament_python.build:Building ROS package in '/home/kswlt/Desktop/Nav导航改进/ros_ws/src/pb2025_sentry_nav/rm_static_tf' with build type 'ament_python'
[0.286s] Level 1:colcon.colcon_core.shell:create_environment_hook('rm_static_tf', 'ament_prefix_path')
[0.287s] INFO:colcon.colcon_core.shell:Creating environment hook '/home/kswlt/Desktop/Nav导航改进/ros_ws/install/rm_static_tf/share/rm_static_tf/hook/ament_prefix_path.ps1'
[0.287s] INFO:colcon.colcon_core.shell:Creating environment descriptor '/home/kswlt/Desktop/Nav导航改进/ros_ws/install/rm_static_tf/share/rm_static_tf/hook/ament_prefix_path.dsv'
[0.287s] INFO:colcon.colcon_core.shell:Creating environment hook '/home/kswlt/Desktop/Nav导航改进/ros_ws/install/rm_static_tf/share/rm_static_tf/hook/ament_prefix_path.sh'
[0.287s] INFO:colcon.colcon_core.shell:Skip shell extension 'powershell' for command environment: Not usable outside of PowerShell
[0.287s] DEBUG:colcon.colcon_core.shell:Skip shell extension 'dsv' for command environment
[0.291s] DEBUG:colcon.colcon_core.event_handler.log_command:Invoking command in '/home/kswlt/Desktop/Nav导航改进/ros_ws/build/fake_vel_transform': CMAKE_PREFIX_PATH=/opt/ros/humble /usr/bin/cmake /home/kswlt/Desktop/Nav导航改进/ros_ws/src/pb2025_sentry_nav/fake_vel_transform -DCMAKE_BUILD_TYPE=Release -DAMENT_CMAKE_SYMLINK_INSTALL=1 -DCMAKE_INSTALL_PREFIX=/home/kswlt/Desktop/Nav导航改进/ros_ws/install/fake_vel_transform
[0.295s] DEBUG:colcon.colcon_core.event_handler.log_command:Invoking command in '/home/kswlt/Desktop/Nav导航改进/ros_ws/build/ign_sim_pointcloud_tool': CMAKE_PREFIX_PATH=/opt/ros/humble /usr/bin/cmake /home/kswlt/Desktop/Nav导航改进/ros_ws/src/pb2025_sentry_nav/ign_sim_pointcloud_tool -DCMAKE_BUILD_TYPE=Release -DAMENT_CMAKE_SYMLINK_INSTALL=1 -DCMAKE_INSTALL_PREFIX=/home/kswlt/Desktop/Nav导航改进/ros_ws/install/ign_sim_pointcloud_tool
[0.296s] DEBUG:colcon.colcon_core.event_handler.log_command:Invoking command in '/home/kswlt/Desktop/Nav导航改进/ros_ws/build/livox_ros_driver2': CMAKE_PREFIX_PATH=/opt/ros/humble /usr/bin/cmake /home/kswlt/Desktop/Nav导航改进/ros_ws/src/pb2025_sentry_nav/livox_ros_driver2 -DCMAKE_BUILD_TYPE=Release -DAMENT_CMAKE_SYMLINK_INSTALL=1 -DCMAKE_INSTALL_PREFIX=/home/kswlt/Desktop/Nav导航改进/ros_ws/install/livox_ros_driver2
[0.297s] DEBUG:colcon.colcon_core.event_handler.log_command:Invoking command in '/home/kswlt/Desktop/Nav导航改进/ros_ws/build/loam_interface': CMAKE_PREFIX_PATH=/opt/ros/humble /usr/bin/cmake /home/kswlt/Desktop/Nav导航改进/ros_ws/src/pb2025_sentry_nav/loam_interface -DCMAKE_BUILD_TYPE=Release -DAMENT_CMAKE_SYMLINK_INSTALL=1 -DCMAKE_INSTALL_PREFIX=/home/kswlt/Desktop/Nav导航改进/ros_ws/install/loam_interface
[0.298s] DEBUG:colcon.colcon_core.event_handler.log_command:Invoking command in '/home/kswlt/Desktop/Nav导航改进/ros_ws/build/sensor_scan_generation': CMAKE_PREFIX_PATH=/opt/ros/humble /usr/bin/cmake /home/kswlt/Desktop/Nav导航改进/ros_ws/src/pb2025_sentry_nav/sensor_scan_generation -DCMAKE_BUILD_TYPE=Release -DAMENT_CMAKE_SYMLINK_INSTALL=1 -DCMAKE_INSTALL_PREFIX=/home/kswlt/Desktop/Nav导航改进/ros_ws/install/sensor_scan_generation
[0.299s] DEBUG:colcon.colcon_core.event_handler.log_command:Invoking command in '/home/kswlt/Desktop/Nav导航改进/ros_ws/build/pb_nav2_plugins': CMAKE_PREFIX_PATH=/opt/ros/humble /usr/bin/cmake /home/kswlt/Desktop/Nav导航改进/ros_ws/src/pb2025_sentry_nav/pb_nav2_plugins -DCMAKE_BUILD_TYPE=Release -DAMENT_CMAKE_SYMLINK_INSTALL=1 -DCMAKE_INSTALL_PREFIX=/home/kswlt/Desktop/Nav导航改进/ros_ws/install/pb_nav2_plugins
[0.300s] DEBUG:colcon.colcon_core.event_handler.log_command:Invoking command in '/home/kswlt/Desktop/Nav导航改进/ros_ws/build/pb_omni_pid_pursuit_controller': CMAKE_PREFIX_PATH=/opt/ros/humble /usr/bin/cmake /home/kswlt/Desktop/Nav导航改进/ros_ws/src/pb2025_sentry_nav/pb_omni_pid_pursuit_controller -DCMAKE_BUILD_TYPE=Release -DAMENT_CMAKE_SYMLINK_INSTALL=1 -DCMAKE_INSTALL_PREFIX=/home/kswlt/Desktop/Nav导航改进/ros_ws/install/pb_omni_pid_pursuit_controller
[0.302s] DEBUG:colcon.colcon_core.event_handler.log_command:Invoking command in '/home/kswlt/Desktop/Nav导航改进/ros_ws/build/pb_teleop_twist_joy': CMAKE_PREFIX_PATH=/opt/ros/humble /usr/bin/cmake /home/kswlt/Desktop/Nav导航改进/ros_ws/src/pb2025_sentry_nav/pb_teleop_twist_joy -DCMAKE_BUILD_TYPE=Release -DAMENT_CMAKE_SYMLINK_INSTALL=1 -DCMAKE_INSTALL_PREFIX=/home/kswlt/Desktop/Nav导航改进/ros_ws/install/pb_teleop_twist_joy
[0.305s] DEBUG:colcon.colcon_core.event_handler.log_command:Invoking command in '/home/kswlt/Desktop/Nav导航改进/ros_ws/build/referee_msg': CMAKE_PREFIX_PATH=/opt/ros/humble /usr/bin/cmake /home/kswlt/Desktop/Nav导航改进/ros_ws/src/pb2025_sentry_nav/referee_msg -DCMAKE_BUILD_TYPE=Release -DAMENT_CMAKE_SYMLINK_INSTALL=1 -DCMAKE_INSTALL_PREFIX=/home/kswlt/Desktop/Nav导航改进/ros_ws/install/referee_msg
[0.306s] DEBUG:colcon.colcon_core.event_handler.log_command:Invoking command in '/home/kswlt/Desktop/Nav导航改进/ros_ws/build/small_gicp_relocalization': CMAKE_PREFIX_PATH=/opt/ros/humble /usr/bin/cmake /home/kswlt/Desktop/Nav导航改进/ros_ws/src/pb2025_sentry_nav/small_gicp_relocalization -DCMAKE_BUILD_TYPE=Release -DAMENT_CMAKE_SYMLINK_INSTALL=1 -DCMAKE_INSTALL_PREFIX=/home/kswlt/Desktop/Nav导航改进/ros_ws/install/small_gicp_relocalization
[0.308s] DEBUG:colcon.colcon_core.event_handler.log_command:Invoking command in '/home/kswlt/Desktop/Nav导航改进/ros_ws/build/terrain_analysis': CMAKE_PREFIX_PATH=/opt/ros/humble /usr/bin/cmake /home/kswlt/Desktop/Nav导航改进/ros_ws/src/pb2025_sentry_nav/terrain_analysis -DCMAKE_BUILD_TYPE=Release -DAMENT_CMAKE_SYMLINK_INSTALL=1 -DCMAKE_INSTALL_PREFIX=/home/kswlt/Desktop/Nav导航改进/ros_ws/install/terrain_analysis
[0.483s] INFO:colcon.colcon_core.task.python.build:Building Python package in '/home/kswlt/Desktop/Nav导航改进/ros_ws/src/pb2025_sentry_nav/my_nav_controller'
[0.483s] INFO:colcon.colcon_core.shell:Skip shell extension 'powershell' for command environment: Not usable outside of PowerShell
[0.483s] DEBUG:colcon.colcon_core.shell:Skip shell extension 'dsv' for command environment
[0.641s] INFO:colcon.colcon_core.task.python.build:Building Python package in '/home/kswlt/Desktop/Nav导航改进/ros_ws/src/pb2025_sentry_nav/rm_static_tf'
[0.641s] INFO:colcon.colcon_core.shell:Skip shell extension 'powershell' for command environment: Not usable outside of PowerShell
[0.641s] DEBUG:colcon.colcon_core.shell:Skip shell extension 'dsv' for command environment
[0.908s] DEBUG:colcon.colcon_core.event_handler.log_command:Invoking command in '/home/kswlt/Desktop/Nav导航改进/ros_ws/build/rm_static_tf': PYTHONPATH=/home/kswlt/Desktop/Nav导航改进/ros_ws/build/rm_static_tf/prefix_override:/usr/lib/python3/dist-packages/colcon_core/task/python/colcon_distutils_commands:/home/kswlt/Desktop/Nav导航改进/ros_ws/install/rm_static_tf/lib/python3.10/site-packages:${PYTHONPATH} /usr/bin/python3 -W ignore:setup.py install is deprecated -W ignore:easy_install command is deprecated setup.py develop --editable --build-directory /home/kswlt/Desktop/Nav导航改进/ros_ws/build/rm_static_tf/build --no-deps symlink_data
[0.914s] DEBUG:colcon.colcon_core.event_handler.log_command:Invoking command in '/home/kswlt/Desktop/Nav导航改进/ros_ws/build/my_nav_controller': PYTHONPATH=/home/kswlt/Desktop/Nav导航改进/ros_ws/build/my_nav_controller/prefix_override:/usr/lib/python3/dist-packages/colcon_core/task/python/colcon_distutils_commands:/home/kswlt/Desktop/Nav导航改进/ros_ws/install/my_nav_controller/lib/python3.10/site-packages:${PYTHONPATH} /usr/bin/python3 -W ignore:setup.py install is deprecated -W ignore:easy_install command is deprecated setup.py develop --editable --build-directory /home/kswlt/Desktop/Nav导航改进/ros_ws/build/my_nav_controller/build --no-deps symlink_data
[1.006s] DEBUG:colcon.colcon_core.event_handler.log_command:Invoked command in '/home/kswlt/Desktop/Nav导航改进/ros_ws/build/referee_msg' returned '1': CMAKE_PREFIX_PATH=/opt/ros/humble /usr/bin/cmake /home/kswlt/Desktop/Nav导航改进/ros_ws/src/pb2025_sentry_nav/referee_msg -DCMAKE_BUILD_TYPE=Release -DAMENT_CMAKE_SYMLINK_INSTALL=1 -DCMAKE_INSTALL_PREFIX=/home/kswlt/Desktop/Nav导航改进/ros_ws/install/referee_msg
[1.015s] Level 1:colcon.colcon_core.environment:create_environment_scripts_only(referee_msg)
[1.017s] Level 1:colcon.colcon_core.environment:checking '/home/kswlt/Desktop/Nav导航改进/ros_ws/install/referee_msg' for CMake module files
[1.018s] Level 1:colcon.colcon_core.environment:checking '/home/kswlt/Desktop/Nav导航改进/ros_ws/install/referee_msg' for CMake config files
[1.018s] Level 1:colcon.colcon_core.environment:checking '/home/kswlt/Desktop/Nav导航改进/ros_ws/install/referee_msg/bin'
[1.019s] Level 1:colcon.colcon_core.environment:checking '/home/kswlt/Desktop/Nav导航改进/ros_ws/install/referee_msg/lib/pkgconfig/referee_msg.pc'
[1.019s] Level 1:colcon.colcon_core.environment:checking '/home/kswlt/Desktop/Nav导航改进/ros_ws/install/referee_msg/lib/python3.10/site-packages'
[1.019s] Level 1:colcon.colcon_core.environment:checking '/home/kswlt/Desktop/Nav导航改进/ros_ws/install/referee_msg/bin'
[1.019s] INFO:colcon.colcon_core.shell:Creating package script '/home/kswlt/Desktop/Nav导航改进/ros_ws/install/referee_msg/share/referee_msg/package.ps1'
[1.021s] INFO:colcon.colcon_core.shell:Creating package descriptor '/home/kswlt/Desktop/Nav导航改进/ros_ws/install/referee_msg/share/referee_msg/package.dsv'
[1.021s] INFO:colcon.colcon_core.shell:Creating package script '/home/kswlt/Desktop/Nav导航改进/ros_ws/install/referee_msg/share/referee_msg/package.sh'
[1.022s] INFO:colcon.colcon_core.shell:Creating package script '/home/kswlt/Desktop/Nav导航改进/ros_ws/install/referee_msg/share/referee_msg/package.bash'
[1.023s] INFO:colcon.colcon_core.shell:Creating package script '/home/kswlt/Desktop/Nav导航改进/ros_ws/install/referee_msg/share/referee_msg/package.zsh'
[1.023s] Level 1:colcon.colcon_core.environment:create_file_with_runtime_dependencies(/home/kswlt/Desktop/Nav导航改进/ros_ws/install/referee_msg/share/colcon-core/packages/referee_msg)
[2.822s] DEBUG:colcon.colcon_parallel_executor.executor.parallel:closing loop
[2.822s] DEBUG:colcon.colcon_parallel_executor.executor.parallel:loop closed
[2.823s] DEBUG:colcon.colcon_parallel_executor.executor.parallel:run_until_complete finished with '1'
[2.823s] DEBUG:colcon.colcon_core.event_reactor:joining thread
[2.827s] INFO:colcon.colcon_core.plugin_system:Skipping extension 'colcon_notification.desktop_notification.terminal_notifier': Not used on non-Darwin systems
[2.827s] INFO:colcon.colcon_core.plugin_system:Skipping extension 'colcon_notification.desktop_notification.win32': Not used on non-Windows systems
[2.827s] INFO:colcon.colcon_notification.desktop_notification:Sending desktop notification using 'notify2'
[2.843s] DEBUG:colcon.colcon_core.event_reactor:joined thread
[2.844s] INFO:colcon.colcon_core.shell:Creating prefix script '/home/kswlt/Desktop/Nav导航改进/ros_ws/install/local_setup.ps1'
[2.846s] INFO:colcon.colcon_core.shell:Creating prefix util module '/home/kswlt/Desktop/Nav导航改进/ros_ws/install/_local_setup_util_ps1.py'
[2.848s] INFO:colcon.colcon_core.shell:Creating prefix chain script '/home/kswlt/Desktop/Nav导航改进/ros_ws/install/setup.ps1'
[2.849s] INFO:colcon.colcon_core.shell:Creating prefix script '/home/kswlt/Desktop/Nav导航改进/ros_ws/install/local_setup.sh'
[2.850s] INFO:colcon.colcon_core.shell:Creating prefix util module '/home/kswlt/Desktop/Nav导航改进/ros_ws/install/_local_setup_util_sh.py'
[2.851s] INFO:colcon.colcon_core.shell:Creating prefix chain script '/home/kswlt/Desktop/Nav导航改进/ros_ws/install/setup.sh'
[2.852s] INFO:colcon.colcon_core.shell:Creating prefix script '/home/kswlt/Desktop/Nav导航改进/ros_ws/install/local_setup.bash'
[2.852s] INFO:colcon.colcon_core.shell:Creating prefix chain script '/home/kswlt/Desktop/Nav导航改进/ros_ws/install/setup.bash'
[2.853s] INFO:colcon.colcon_core.shell:Creating prefix script '/home/kswlt/Desktop/Nav导航改进/ros_ws/install/local_setup.zsh'
[2.854s] INFO:colcon.colcon_core.shell:Creating prefix chain script '/home/kswlt/Desktop/Nav导航改进/ros_ws/install/setup.zsh'
