[1.246s] Invoking command in '/home/adam/ros_ws1/build/rm_static_tf': PYTHONPATH=/home/adam/ros_ws1/build/rm_static_tf/prefix_override:/usr/lib/python3/dist-packages/colcon_core/task/python/colcon_distutils_commands:/home/adam/ros_ws1/install/rm_static_tf/lib/python3.10/site-packages:${PYTHONPATH} /usr/bin/python3 -W ignore:setup.py install is deprecated -W ignore:easy_install command is deprecated setup.py develop --editable --build-directory /home/adam/ros_ws1/build/rm_static_tf/build --no-deps symlink_data
[5.222s] running develop
[5.222s] running egg_info
[5.222s] creating rm_static_tf.egg-info
[5.225s] writing rm_static_tf.egg-info/PKG-INFO
[5.226s] writing dependency_links to rm_static_tf.egg-info/dependency_links.txt
[5.226s] writing entry points to rm_static_tf.egg-info/entry_points.txt
[5.226s] writing requirements to rm_static_tf.egg-info/requires.txt
[5.226s] writing top-level names to rm_static_tf.egg-info/top_level.txt
[5.226s] writing manifest file 'rm_static_tf.egg-info/SOURCES.txt'
[5.226s] reading manifest file 'rm_static_tf.egg-info/SOURCES.txt'
[5.226s] writing manifest file 'rm_static_tf.egg-info/SOURCES.txt'
[5.227s] running build_ext
[5.227s] Creating /home/adam/ros_ws1/install/rm_static_tf/lib/python3.10/site-packages/rm-static-tf.egg-link (link to .)
[5.227s] 
[5.227s] Installed /home/adam/ros_ws1/build/rm_static_tf
[5.227s] running symlink_data
[5.227s] creating /home/adam/ros_ws1/install/rm_static_tf/share/ament_index
[5.227s] creating /home/adam/ros_ws1/install/rm_static_tf/share/ament_index/resource_index
[5.227s] creating /home/adam/ros_ws1/install/rm_static_tf/share/ament_index/resource_index/packages
[5.227s] symbolically linking /home/adam/ros_ws1/build/rm_static_tf/resource/rm_static_tf -> /home/adam/ros_ws1/install/rm_static_tf/share/ament_index/resource_index/packages
[5.228s] symbolically linking /home/adam/ros_ws1/build/rm_static_tf/package.xml -> /home/adam/ros_ws1/install/rm_static_tf/share/rm_static_tf
[5.228s] creating /home/adam/ros_ws1/install/rm_static_tf/share/rm_static_tf/launch
[5.228s] symbolically linking /home/adam/ros_ws1/build/rm_static_tf/launch/static_tf.launch.py -> /home/adam/ros_ws1/install/rm_static_tf/share/rm_static_tf/launch
[5.233s] Invoked command in '/home/adam/ros_ws1/build/rm_static_tf' returned '0': PYTHONPATH=/home/adam/ros_ws1/build/rm_static_tf/prefix_override:/usr/lib/python3/dist-packages/colcon_core/task/python/colcon_distutils_commands:/home/adam/ros_ws1/install/rm_static_tf/lib/python3.10/site-packages:${PYTHONPATH} /usr/bin/python3 -W ignore:setup.py install is deprecated -W ignore:easy_install command is deprecated setup.py develop --editable --build-directory /home/adam/ros_ws1/build/rm_static_tf/build --no-deps symlink_data
