running develop
running egg_info
creating rm_static_tf.egg-info
writing rm_static_tf.egg-info/PKG-INFO
writing dependency_links to rm_static_tf.egg-info/dependency_links.txt
writing entry points to rm_static_tf.egg-info/entry_points.txt
writing requirements to rm_static_tf.egg-info/requires.txt
writing top-level names to rm_static_tf.egg-info/top_level.txt
writing manifest file 'rm_static_tf.egg-info/SOURCES.txt'
reading manifest file 'rm_static_tf.egg-info/SOURCES.txt'
writing manifest file 'rm_static_tf.egg-info/SOURCES.txt'
running build_ext
Creating /home/adam/ros_ws/install/rm_static_tf/lib/python3.10/site-packages/rm-static-tf.egg-link (link to .)

Installed /home/adam/ros_ws/build/rm_static_tf
running symlink_data
creating /home/adam/ros_ws/install/rm_static_tf/share/ament_index
creating /home/adam/ros_ws/install/rm_static_tf/share/ament_index/resource_index
creating /home/adam/ros_ws/install/rm_static_tf/share/ament_index/resource_index/packages
symbolically linking /home/adam/ros_ws/build/rm_static_tf/resource/rm_static_tf -> /home/adam/ros_ws/install/rm_static_tf/share/ament_index/resource_index/packages
symbolically linking /home/adam/ros_ws/build/rm_static_tf/package.xml -> /home/adam/ros_ws/install/rm_static_tf/share/rm_static_tf
creating /home/adam/ros_ws/install/rm_static_tf/share/rm_static_tf/launch
symbolically linking /home/adam/ros_ws/build/rm_static_tf/launch/static_tf.launch.py -> /home/adam/ros_ws/install/rm_static_tf/share/rm_static_tf/launch
