[1.084s] Invoking command in '/home/adam/ros_ws/build/rm_static_tf': PYTHONPATH=/home/adam/ros_ws/build/rm_static_tf/prefix_override:/usr/lib/python3/dist-packages/colcon_core/task/python/colcon_distutils_commands:/home/adam/ros_ws/install/rm_static_tf/lib/python3.10/site-packages:${PYTHONPATH} /usr/bin/python3 -W ignore:setup.py install is deprecated -W ignore:easy_install command is deprecated setup.py develop --editable --build-directory /home/adam/ros_ws/build/rm_static_tf/build --no-deps symlink_data
[1.921s] running develop
[1.921s] running egg_info
[1.921s] creating rm_static_tf.egg-info
[1.921s] writing rm_static_tf.egg-info/PKG-INFO
[1.921s] writing dependency_links to rm_static_tf.egg-info/dependency_links.txt
[1.921s] writing entry points to rm_static_tf.egg-info/entry_points.txt
[1.921s] writing requirements to rm_static_tf.egg-info/requires.txt
[1.921s] writing top-level names to rm_static_tf.egg-info/top_level.txt
[1.921s] writing manifest file 'rm_static_tf.egg-info/SOURCES.txt'
[1.921s] reading manifest file 'rm_static_tf.egg-info/SOURCES.txt'
[1.921s] writing manifest file 'rm_static_tf.egg-info/SOURCES.txt'
[1.921s] running build_ext
[1.921s] Creating /home/adam/ros_ws/install/rm_static_tf/lib/python3.10/site-packages/rm-static-tf.egg-link (link to .)
[1.921s] 
[1.921s] Installed /home/adam/ros_ws/build/rm_static_tf
[1.921s] running symlink_data
[1.921s] creating /home/adam/ros_ws/install/rm_static_tf/share/ament_index
[1.922s] creating /home/adam/ros_ws/install/rm_static_tf/share/ament_index/resource_index
[1.922s] creating /home/adam/ros_ws/install/rm_static_tf/share/ament_index/resource_index/packages
[1.922s] symbolically linking /home/adam/ros_ws/build/rm_static_tf/resource/rm_static_tf -> /home/adam/ros_ws/install/rm_static_tf/share/ament_index/resource_index/packages
[1.922s] symbolically linking /home/adam/ros_ws/build/rm_static_tf/package.xml -> /home/adam/ros_ws/install/rm_static_tf/share/rm_static_tf
[1.922s] creating /home/adam/ros_ws/install/rm_static_tf/share/rm_static_tf/launch
[1.922s] symbolically linking /home/adam/ros_ws/build/rm_static_tf/launch/static_tf.launch.py -> /home/adam/ros_ws/install/rm_static_tf/share/rm_static_tf/launch
[1.934s] Invoked command in '/home/adam/ros_ws/build/rm_static_tf' returned '0': PYTHONPATH=/home/adam/ros_ws/build/rm_static_tf/prefix_override:/usr/lib/python3/dist-packages/colcon_core/task/python/colcon_distutils_commands:/home/adam/ros_ws/install/rm_static_tf/lib/python3.10/site-packages:${PYTHONPATH} /usr/bin/python3 -W ignore:setup.py install is deprecated -W ignore:easy_install command is deprecated setup.py develop --editable --build-directory /home/adam/ros_ws/build/rm_static_tf/build --no-deps symlink_data
