[0.020s] Invoking command in '/home/adam/ros_ws/build/ign_sim_pointcloud_tool': CMAKE_PREFIX_PATH=/opt/ros/humble /usr/bin/cmake /home/adam/ros_ws/src/pb2025_sentry_nav/ign_sim_pointcloud_tool -DCMAKE_BUILD_TYPE=Release -DAMENT_CMAKE_SYMLINK_INSTALL=1 -DCMAKE_INSTALL_PREFIX=/home/adam/ros_ws/install/ign_sim_pointcloud_tool
[0.128s] -- The C compiler identification is GNU 11.4.0
[0.230s] -- The CXX compiler identification is GNU 11.4.0
[0.237s] -- Detecting C compiler ABI info
[0.323s] -- Detecting C compiler ABI info - done
[0.334s] -- Check for working C compiler: /usr/bin/cc - skipped
[0.334s] -- Detecting C compile features
[0.335s] -- Detecting C compile features - done
[0.338s] -- Detecting CXX compiler ABI info
[0.462s] -- Detecting CXX compiler ABI info - done
[0.474s] -- Check for working CXX compiler: /usr/bin/c++ - skipped
[0.474s] -- Detecting CXX compile features
[0.475s] -- Detecting CXX compile features - done
[0.478s] -- Found ament_cmake_auto: 1.3.11 (/opt/ros/humble/share/ament_cmake_auto/cmake)
[0.667s] -- Found Python3: /usr/bin/python3 (found version "3.10.12") found components: Interpreter 
[0.751s] -- Override CMake install command with custom implementation using symlinks instead of copying resources
[0.913s] -- Found rosidl_generator_c: 3.1.6 (/opt/ros/humble/share/rosidl_generator_c/cmake)
[0.921s] -- Found rosidl_adapter: 3.1.6 (/opt/ros/humble/share/rosidl_adapter/cmake)
[0.928s] -- Found rosidl_generator_cpp: 3.1.6 (/opt/ros/humble/share/rosidl_generator_cpp/cmake)
[0.945s] -- Using all available rosidl_typesupport_c: rosidl_typesupport_fastrtps_c;rosidl_typesupport_introspection_c
[0.963s] -- Using all available rosidl_typesupport_cpp: rosidl_typesupport_fastrtps_cpp;rosidl_typesupport_introspection_cpp
[1.020s] -- Found rmw_implementation_cmake: 6.1.2 (/opt/ros/humble/share/rmw_implementation_cmake/cmake)
[1.023s] -- Found rmw_fastrtps_cpp: 6.2.7 (/opt/ros/humble/share/rmw_fastrtps_cpp/cmake)
[1.118s] -- Found OpenSSL: /usr/lib/x86_64-linux-gnu/libcrypto.so (found version "3.0.2")  
[1.147s] -- Found FastRTPS: /opt/ros/humble/include  
[1.189s] -- Using RMW implementation 'rmw_fastrtps_cpp' as default
[1.202s] -- Looking for pthread.h
[1.285s] -- Looking for pthread.h - found
[1.285s] -- Performing Test CMAKE_HAVE_LIBC_PTHREAD
[1.369s] -- Performing Test CMAKE_HAVE_LIBC_PTHREAD - Success
[1.372s] -- Found Threads: TRUE  
[1.565s] -- Checking for module 'eigen3'
[1.577s] --   Found eigen3, version 3.4.0
[1.607s] -- Found Eigen: /usr/include/eigen3 (Required is at least version "3.1") 
[1.608s] -- Eigen found (include: /usr/include/eigen3, version: 3.4.0)
[1.651s] -- Checking for module 'flann'
[1.663s] --   Found flann, version 1.9.1
[1.704s] -- Found FLANN: /usr/lib/x86_64-linux-gnu/libflann_cpp.so  
[1.705s] -- FLANN found (include: /usr/include, lib: /usr/lib/x86_64-linux-gnu/libflann_cpp.so)
[3.244s] -- Checking for module 'libusb-1.0'
[3.272s] --   Found libusb-1.0, version 1.0.25
[3.339s] -- Found libusb: /usr/lib/x86_64-linux-gnu/libusb-1.0.so  
[3.346s] -- OpenNI found (version: 1.5.4.0, include: /usr/include/ni, lib: /usr/lib/libOpenNI.so;libusb::libusb)
[3.450s] -- OpenNI2 found (version: 2.2.0.33, include: /usr/include/openni2, lib: /usr/lib/x86_64-linux-gnu/libOpenNI2.so;libusb::libusb)
[3.754s] -- Eigen found (include: /usr/include/eigen3, version: 3.4.0)
[3.765s] -- OpenNI found (version: 1.5.4.0, include: /usr/include/ni, lib: /usr/lib/libOpenNI.so;libusb::libusb)
[3.779s] -- OpenNI2 found (version: 2.2.0.33, include: /usr/include/openni2, lib: /usr/lib/x86_64-linux-gnu/libOpenNI2.so;libusb::libusb)
[4.108s] -- Found Qhull version 8.0.2
[4.316s] -- OpenNI found (version: 1.5.4.0, include: /usr/include/ni, lib: /usr/lib/libOpenNI.so;libusb::libusb)
[4.585s] -- Found PCL_COMMON: /usr/lib/x86_64-linux-gnu/libpcl_common.so  
[4.590s] -- Found PCL_KDTREE: /usr/lib/x86_64-linux-gnu/libpcl_kdtree.so  
[4.596s] -- Found PCL_OCTREE: /usr/lib/x86_64-linux-gnu/libpcl_octree.so  
[4.597s] -- Found PCL_SEARCH: /usr/lib/x86_64-linux-gnu/libpcl_search.so  
[4.599s] -- Found PCL_SAMPLE_CONSENSUS: /usr/lib/x86_64-linux-gnu/libpcl_sample_consensus.so  
[4.600s] -- Found PCL_FILTERS: /usr/lib/x86_64-linux-gnu/libpcl_filters.so  
[4.600s] -- Found PCL_2D: /usr/include/pcl-1.12  
[4.601s] -- Found PCL_GEOMETRY: /usr/include/pcl-1.12  
[4.602s] -- Found PCL_IO: /usr/lib/x86_64-linux-gnu/libpcl_io.so  
[4.604s] -- Found PCL_FEATURES: /usr/lib/x86_64-linux-gnu/libpcl_features.so  
[4.609s] -- Found PCL_ML: /usr/lib/x86_64-linux-gnu/libpcl_ml.so  
[4.610s] -- Found PCL_SEGMENTATION: /usr/lib/x86_64-linux-gnu/libpcl_segmentation.so  
[4.610s] -- Found PCL_VISUALIZATION: /usr/lib/x86_64-linux-gnu/libpcl_visualization.so  
[4.610s] -- Found PCL_SURFACE: /usr/lib/x86_64-linux-gnu/libpcl_surface.so  
[4.611s] -- Found PCL_REGISTRATION: /usr/lib/x86_64-linux-gnu/libpcl_registration.so  
[4.613s] -- Found PCL_KEYPOINTS: /usr/lib/x86_64-linux-gnu/libpcl_keypoints.so  
[4.614s] -- Found PCL_TRACKING: /usr/lib/x86_64-linux-gnu/libpcl_tracking.so  
[4.615s] -- Found PCL_RECOGNITION: /usr/lib/x86_64-linux-gnu/libpcl_recognition.so  
[4.617s] -- Found PCL_STEREO: /usr/lib/x86_64-linux-gnu/libpcl_stereo.so  
[4.618s] -- Found PCL_APPS: /usr/lib/x86_64-linux-gnu/libpcl_apps.so  
[4.619s] -- Found PCL_IN_HAND_SCANNER: /usr/include/pcl-1.12  
[4.620s] -- Found PCL_MODELER: /usr/include/pcl-1.12  
[4.627s] -- Found PCL_POINT_CLOUD_EDITOR: /usr/include/pcl-1.12  
[4.627s] -- Found PCL_OUTOFCORE: /usr/lib/x86_64-linux-gnu/libpcl_outofcore.so  
[4.627s] -- Found PCL_PEOPLE: /usr/lib/x86_64-linux-gnu/libpcl_people.so  
[4.650s] -- Found ament_lint_auto: 0.12.11 (/opt/ros/humble/share/ament_lint_auto/cmake)
[4.686s] -- Added test 'copyright' to check source files copyright and LICENSE
[4.687s] -- Added test 'cppcheck' to perform static code analysis on C / C++ code
[4.688s] -- Configured cppcheck include dirs: /home/adam/ros_ws/src/pb2025_sentry_nav/ign_sim_pointcloud_tool/include
[4.688s] -- Configured cppcheck exclude dirs and/or files: 
[4.689s] -- Added test 'cpplint' to check C / C++ code against the Google style
[4.689s] -- Configured cpplint exclude dirs and/or files: 
[4.690s] -- Added test 'lint_cmake' to check CMake code style
[4.691s] -- Added test 'xmllint' to check XML markup files
[4.692s] -- Added test 'clang_format' to check C / C++ code style
[4.705s] -- Configuring done
[4.808s] -- Generating done
[4.842s] -- Build files have been written to: /home/adam/ros_ws/build/ign_sim_pointcloud_tool
[4.926s] Invoked command in '/home/adam/ros_ws/build/ign_sim_pointcloud_tool' returned '0': CMAKE_PREFIX_PATH=/opt/ros/humble /usr/bin/cmake /home/adam/ros_ws/src/pb2025_sentry_nav/ign_sim_pointcloud_tool -DCMAKE_BUILD_TYPE=Release -DAMENT_CMAKE_SYMLINK_INSTALL=1 -DCMAKE_INSTALL_PREFIX=/home/adam/ros_ws/install/ign_sim_pointcloud_tool
[4.928s] Invoking command in '/home/adam/ros_ws/build/ign_sim_pointcloud_tool': CMAKE_PREFIX_PATH=/opt/ros/humble /usr/bin/cmake --build /home/adam/ros_ws/build/ign_sim_pointcloud_tool -- -j8 -l8
[5.051s] [ 25%] [32mBuilding CXX object CMakeFiles/ign_sim_pointcloud_tool.dir/src/point_cloud_converter.cpp.o[0m
[5.051s] [ 50%] [32mBuilding CXX object CMakeFiles/ign_sim_pointcloud_tool_node.dir/rclcpp_components/node_main_ign_sim_pointcloud_tool_node.cpp.o[0m
[14.223s] [ 75%] [32m[1mLinking CXX executable ign_sim_pointcloud_tool_node[0m
[14.509s] [ 75%] Built target ign_sim_pointcloud_tool_node
[33.130s] [100%] [32m[1mLinking CXX shared library libign_sim_pointcloud_tool.so[0m
[33.670s] [100%] Built target ign_sim_pointcloud_tool
[33.696s] Invoked command in '/home/adam/ros_ws/build/ign_sim_pointcloud_tool' returned '0': CMAKE_PREFIX_PATH=/opt/ros/humble /usr/bin/cmake --build /home/adam/ros_ws/build/ign_sim_pointcloud_tool -- -j8 -l8
[33.698s] Invoking command in '/home/adam/ros_ws/build/ign_sim_pointcloud_tool': CMAKE_PREFIX_PATH=/opt/ros/humble /usr/bin/cmake --install /home/adam/ros_ws/build/ign_sim_pointcloud_tool
[33.733s] -- Install configuration: "Release"
[33.733s] -- Execute custom install script
[33.733s] -- Symlinking: /home/adam/ros_ws/install/ign_sim_pointcloud_tool/lib/ign_sim_pointcloud_tool/ign_sim_pointcloud_tool_node
[33.734s] -- Symlinking: /home/adam/ros_ws/install/ign_sim_pointcloud_tool/include/ign_sim_pointcloud_tool/point_cloud_converter.hpp
[33.734s] -- Symlinking: /home/adam/ros_ws/install/ign_sim_pointcloud_tool/share/ign_sim_pointcloud_tool/environment/library_path.sh
[33.734s] -- Symlinking: /home/adam/ros_ws/install/ign_sim_pointcloud_tool/share/ign_sim_pointcloud_tool/environment/library_path.dsv
[33.746s] -- Symlinking: /home/adam/ros_ws/install/ign_sim_pointcloud_tool/lib/libign_sim_pointcloud_tool.so
[33.769s] -- Symlinking: /home/adam/ros_ws/install/ign_sim_pointcloud_tool/share/ament_index/resource_index/package_run_dependencies/ign_sim_pointcloud_tool
[33.773s] -- Symlinking: /home/adam/ros_ws/install/ign_sim_pointcloud_tool/share/ament_index/resource_index/parent_prefix_path/ign_sim_pointcloud_tool
[33.785s] -- Symlinking: /home/adam/ros_ws/install/ign_sim_pointcloud_tool/share/ign_sim_pointcloud_tool/environment/ament_prefix_path.sh
[33.809s] -- Symlinking: /home/adam/ros_ws/install/ign_sim_pointcloud_tool/share/ign_sim_pointcloud_tool/environment/ament_prefix_path.dsv
[33.825s] -- Symlinking: /home/adam/ros_ws/install/ign_sim_pointcloud_tool/share/ign_sim_pointcloud_tool/environment/path.sh
[33.846s] -- Symlinking: /home/adam/ros_ws/install/ign_sim_pointcloud_tool/share/ign_sim_pointcloud_tool/environment/path.dsv
[33.860s] -- Symlinking: /home/adam/ros_ws/install/ign_sim_pointcloud_tool/share/ign_sim_pointcloud_tool/local_setup.bash
[33.880s] -- Symlinking: /home/adam/ros_ws/install/ign_sim_pointcloud_tool/share/ign_sim_pointcloud_tool/local_setup.sh
[33.900s] -- Symlinking: /home/adam/ros_ws/install/ign_sim_pointcloud_tool/share/ign_sim_pointcloud_tool/local_setup.zsh
[33.921s] -- Symlinking: /home/adam/ros_ws/install/ign_sim_pointcloud_tool/share/ign_sim_pointcloud_tool/local_setup.dsv
[33.948s] -- Symlinking: /home/adam/ros_ws/install/ign_sim_pointcloud_tool/share/ign_sim_pointcloud_tool/package.dsv
[33.970s] -- Symlinking: /home/adam/ros_ws/install/ign_sim_pointcloud_tool/share/ament_index/resource_index/packages/ign_sim_pointcloud_tool
[33.987s] -- Symlinking: /home/adam/ros_ws/install/ign_sim_pointcloud_tool/share/ament_index/resource_index/rclcpp_components/ign_sim_pointcloud_tool
[33.998s] -- Symlinking: /home/adam/ros_ws/install/ign_sim_pointcloud_tool/share/ign_sim_pointcloud_tool/cmake/ament_cmake_export_dependencies-extras.cmake
[34.011s] -- Symlinking: /home/adam/ros_ws/install/ign_sim_pointcloud_tool/share/ign_sim_pointcloud_tool/cmake/ament_cmake_export_include_directories-extras.cmake
[34.031s] -- Symlinking: /home/adam/ros_ws/install/ign_sim_pointcloud_tool/share/ign_sim_pointcloud_tool/cmake/ament_cmake_export_libraries-extras.cmake
[34.054s] -- Symlinking: /home/adam/ros_ws/install/ign_sim_pointcloud_tool/share/ign_sim_pointcloud_tool/cmake/ign_sim_pointcloud_toolConfig.cmake
[34.063s] -- Symlinking: /home/adam/ros_ws/install/ign_sim_pointcloud_tool/share/ign_sim_pointcloud_tool/cmake/ign_sim_pointcloud_toolConfig-version.cmake
[34.075s] -- Symlinking: /home/adam/ros_ws/install/ign_sim_pointcloud_tool/share/ign_sim_pointcloud_tool/package.xml
[34.095s] Invoked command in '/home/adam/ros_ws/build/ign_sim_pointcloud_tool' returned '0': CMAKE_PREFIX_PATH=/opt/ros/humble /usr/bin/cmake --install /home/adam/ros_ws/build/ign_sim_pointcloud_tool
