[0.019s] Invoking command in '/home/adam/ros_ws/build/point_lio': AMENT_PREFIX_PATH=/home/adam/ros_ws/install/livox_ros_driver2:${AMENT_PREFIX_PATH} CMAKE_PREFIX_PATH=/home/adam/ros_ws/install/livox_ros_driver2:/opt/ros/humble LD_LIBRARY_PATH=/home/adam/ros_ws/install/livox_ros_driver2/lib:${LD_LIBRARY_PATH} PYTHONPATH=/home/adam/ros_ws/install/livox_ros_driver2/local/lib/python3.10/dist-packages:${PYTHONPATH} /usr/bin/cmake /home/adam/ros_ws/src/pb2025_sentry_nav/point_lio -DCMAKE_BUILD_TYPE=Release -DAMENT_CMAKE_SYMLINK_INSTALL=1 -DCMAKE_INSTALL_PREFIX=/home/adam/ros_ws/install/point_lio
[0.492s] -- The C compiler identification is GNU 11.4.0
[0.492s] -- The CXX compiler identification is GNU 11.4.0
[0.492s] -- Detecting C compiler ABI info
[0.492s] -- Detecting C compiler ABI info - done
[0.492s] -- Check for working C compiler: /usr/bin/cc - skipped
[0.493s] -- Detecting C compile features
[0.493s] -- Detecting C compile features - done
[0.493s] -- Detecting CXX compiler ABI info
[0.493s] -- Detecting CXX compiler ABI info - done
[0.493s] -- Check for working CXX compiler: /usr/bin/c++ - skipped
[0.493s] -- Detecting CXX compile features
[0.493s] -- Detecting CXX compile features - done
[0.493s] -- Processor number:  8
[0.493s] -- core for MP:  3
[0.493s] -- Found ament_cmake: 1.3.11 (/opt/ros/humble/share/ament_cmake/cmake)
[0.673s] -- Found Python3: /usr/bin/python3 (found version "3.10.12") found components: Interpreter 
[0.771s] -- Override CMake install command with custom implementation using symlinks instead of copying resources
[0.800s] -- Found rclcpp: 16.0.11 (/opt/ros/humble/share/rclcpp/cmake)
[0.856s] -- Found rosidl_generator_c: 3.1.6 (/opt/ros/humble/share/rosidl_generator_c/cmake)
[0.866s] -- Found rosidl_adapter: 3.1.6 (/opt/ros/humble/share/rosidl_adapter/cmake)
[0.875s] -- Found rosidl_generator_cpp: 3.1.6 (/opt/ros/humble/share/rosidl_generator_cpp/cmake)
[0.896s] -- Using all available rosidl_typesupport_c: rosidl_typesupport_fastrtps_c;rosidl_typesupport_introspection_c
[0.916s] -- Using all available rosidl_typesupport_cpp: rosidl_typesupport_fastrtps_cpp;rosidl_typesupport_introspection_cpp
[0.972s] -- Found rmw_implementation_cmake: 6.1.2 (/opt/ros/humble/share/rmw_implementation_cmake/cmake)
[0.975s] -- Found rmw_fastrtps_cpp: 6.2.7 (/opt/ros/humble/share/rmw_fastrtps_cpp/cmake)
[1.077s] -- Found OpenSSL: /usr/lib/x86_64-linux-gnu/libcrypto.so (found version "3.0.2")  
[1.109s] -- Found FastRTPS: /opt/ros/humble/include  
[1.156s] -- Using RMW implementation 'rmw_fastrtps_cpp' as default
[1.165s] -- Looking for pthread.h
[1.259s] -- Looking for pthread.h - found
[1.260s] -- Performing Test CMAKE_HAVE_LIBC_PTHREAD
[1.351s] -- Performing Test CMAKE_HAVE_LIBC_PTHREAD - Success
[1.353s] -- Found Threads: TRUE  
[1.433s] -- Found rclpy: 3.3.15 (/opt/ros/humble/share/rclpy/cmake)
[1.435s] -- Found geometry_msgs: 4.2.4 (/opt/ros/humble/share/geometry_msgs/cmake)
[1.452s] -- Found nav_msgs: 4.2.4 (/opt/ros/humble/share/nav_msgs/cmake)
[1.475s] -- Found sensor_msgs: 4.2.4 (/opt/ros/humble/share/sensor_msgs/cmake)
[1.501s] -- Found visualization_msgs: 4.2.4 (/opt/ros/humble/share/visualization_msgs/cmake)
[1.525s] -- Found pcl_ros: 2.4.5 (/opt/ros/humble/share/pcl_ros/cmake)
[1.579s] -- Checking for module 'eigen3'
[1.602s] --   Found eigen3, version 3.4.0
[1.658s] -- Found Eigen: /usr/include/eigen3 (Required is at least version "3.1") 
[1.658s] -- Eigen found (include: /usr/include/eigen3, version: 3.4.0)
[1.697s] -- Checking for module 'flann'
[1.717s] --   Found flann, version 1.9.1
[1.772s] -- Found FLANN: /usr/lib/x86_64-linux-gnu/libflann_cpp.so  
[1.772s] -- FLANN found (include: /usr/include, lib: /usr/lib/x86_64-linux-gnu/libflann_cpp.so)
[2.866s] -- Checking for module 'libusb-1.0'
[2.878s] --   Found libusb-1.0, version 1.0.25
[2.911s] -- Found libusb: /usr/lib/x86_64-linux-gnu/libusb-1.0.so  
[2.915s] -- OpenNI found (version: 1.5.4.0, include: /usr/include/ni, lib: /usr/lib/libOpenNI.so;libusb::libusb)
[2.985s] -- OpenNI2 found (version: 2.2.0.33, include: /usr/include/openni2, lib: /usr/lib/x86_64-linux-gnu/libOpenNI2.so;libusb::libusb)
[3.161s] -- Eigen found (include: /usr/include/eigen3, version: 3.4.0)
[3.172s] -- OpenNI found (version: 1.5.4.0, include: /usr/include/ni, lib: /usr/lib/libOpenNI.so;libusb::libusb)
[3.177s] -- OpenNI2 found (version: 2.2.0.33, include: /usr/include/openni2, lib: /usr/lib/x86_64-linux-gnu/libOpenNI2.so;libusb::libusb)
[3.400s] -- Found Qhull version 8.0.2
[3.644s] -- OpenNI found (version: 1.5.4.0, include: /usr/include/ni, lib: /usr/lib/libOpenNI.so;libusb::libusb)
[3.836s] -- Found PCL_COMMON: /usr/lib/x86_64-linux-gnu/libpcl_common.so  
[3.837s] -- Found PCL_KDTREE: /usr/lib/x86_64-linux-gnu/libpcl_kdtree.so  
[3.843s] -- Found PCL_OCTREE: /usr/lib/x86_64-linux-gnu/libpcl_octree.so  
[3.845s] -- Found PCL_SEARCH: /usr/lib/x86_64-linux-gnu/libpcl_search.so  
[3.846s] -- Found PCL_SAMPLE_CONSENSUS: /usr/lib/x86_64-linux-gnu/libpcl_sample_consensus.so  
[3.854s] -- Found PCL_FILTERS: /usr/lib/x86_64-linux-gnu/libpcl_filters.so  
[3.855s] -- Found PCL_2D: /usr/include/pcl-1.12  
[3.856s] -- Found PCL_GEOMETRY: /usr/include/pcl-1.12  
[3.858s] -- Found PCL_IO: /usr/lib/x86_64-linux-gnu/libpcl_io.so  
[3.860s] -- Found PCL_FEATURES: /usr/lib/x86_64-linux-gnu/libpcl_features.so  
[3.863s] -- Found PCL_ML: /usr/lib/x86_64-linux-gnu/libpcl_ml.so  
[3.869s] -- Found PCL_SEGMENTATION: /usr/lib/x86_64-linux-gnu/libpcl_segmentation.so  
[3.875s] -- Found PCL_VISUALIZATION: /usr/lib/x86_64-linux-gnu/libpcl_visualization.so  
[3.881s] -- Found PCL_SURFACE: /usr/lib/x86_64-linux-gnu/libpcl_surface.so  
[3.884s] -- Found PCL_REGISTRATION: /usr/lib/x86_64-linux-gnu/libpcl_registration.so  
[3.895s] -- Found PCL_KEYPOINTS: /usr/lib/x86_64-linux-gnu/libpcl_keypoints.so  
[3.898s] -- Found PCL_TRACKING: /usr/lib/x86_64-linux-gnu/libpcl_tracking.so  
[3.902s] -- Found PCL_RECOGNITION: /usr/lib/x86_64-linux-gnu/libpcl_recognition.so  
[3.906s] -- Found PCL_STEREO: /usr/lib/x86_64-linux-gnu/libpcl_stereo.so  
[3.908s] -- Found PCL_APPS: /usr/lib/x86_64-linux-gnu/libpcl_apps.so  
[3.910s] -- Found PCL_IN_HAND_SCANNER: /usr/include/pcl-1.12  
[3.911s] -- Found PCL_MODELER: /usr/include/pcl-1.12  
[3.912s] -- Found PCL_POINT_CLOUD_EDITOR: /usr/include/pcl-1.12  
[3.916s] -- Found PCL_OUTOFCORE: /usr/lib/x86_64-linux-gnu/libpcl_outofcore.so  
[3.920s] -- Found PCL_PEOPLE: /usr/lib/x86_64-linux-gnu/libpcl_people.so  
[3.959s] -- Found eigen3_cmake_module: 0.1.1 (/opt/ros/humble/share/eigen3_cmake_module/cmake)
[3.961s] -- Found Eigen3: TRUE (found version "3.4.0") 
[3.961s] -- Ensuring Eigen3 include directory is part of orocos-kdl CMake target
[4.079s] -- Found livox_ros_driver2: 1.1.0 (/home/adam/ros_ws/install/livox_ros_driver2/share/livox_ros_driver2/cmake)
[5.115s] -- Found PythonLibs: /usr/lib/x86_64-linux-gnu/libpython3.10.so (found version "3.10.12") 
[5.280s] -- Configuring done
[5.343s] -- Generating done
[5.358s] -- Build files have been written to: /home/adam/ros_ws/build/point_lio
[5.393s] Invoked command in '/home/adam/ros_ws/build/point_lio' returned '0': AMENT_PREFIX_PATH=/home/adam/ros_ws/install/livox_ros_driver2:${AMENT_PREFIX_PATH} CMAKE_PREFIX_PATH=/home/adam/ros_ws/install/livox_ros_driver2:/opt/ros/humble LD_LIBRARY_PATH=/home/adam/ros_ws/install/livox_ros_driver2/lib:${LD_LIBRARY_PATH} PYTHONPATH=/home/adam/ros_ws/install/livox_ros_driver2/local/lib/python3.10/dist-packages:${PYTHONPATH} /usr/bin/cmake /home/adam/ros_ws/src/pb2025_sentry_nav/point_lio -DCMAKE_BUILD_TYPE=Release -DAMENT_CMAKE_SYMLINK_INSTALL=1 -DCMAKE_INSTALL_PREFIX=/home/adam/ros_ws/install/point_lio
[5.399s] Invoking command in '/home/adam/ros_ws/build/point_lio': AMENT_PREFIX_PATH=/home/adam/ros_ws/install/livox_ros_driver2:${AMENT_PREFIX_PATH} CMAKE_PREFIX_PATH=/home/adam/ros_ws/install/livox_ros_driver2:/opt/ros/humble LD_LIBRARY_PATH=/home/adam/ros_ws/install/livox_ros_driver2/lib:${LD_LIBRARY_PATH} PYTHONPATH=/home/adam/ros_ws/install/livox_ros_driver2/local/lib/python3.10/dist-packages:${PYTHONPATH} /usr/bin/cmake --build /home/adam/ros_ws/build/point_lio -- -j8 -l8
[5.470s] [ 14%] [32mBuilding CXX object CMakeFiles/pointlio_mapping.dir/src/preprocess.cpp.o[0m
[5.470s] [ 28%] [32mBuilding CXX object CMakeFiles/pointlio_mapping.dir/src/laserMapping.cpp.o[0m
[5.470s] [ 42%] [32mBuilding CXX object CMakeFiles/pointlio_mapping.dir/src/li_initialization.cpp.o[0m
[5.470s] [ 57%] [32mBuilding CXX object CMakeFiles/pointlio_mapping.dir/src/parameters.cpp.o[0m
[5.471s] [ 71%] [32mBuilding CXX object CMakeFiles/pointlio_mapping.dir/src/IMU_Processing.cpp.o[0m
[5.477s] [ 85%] [32mBuilding CXX object CMakeFiles/pointlio_mapping.dir/src/Estimator.cpp.o[0m
[64.366s] [100%] [32m[1mLinking CXX executable pointlio_mapping[0m
[65.067s] [100%] Built target pointlio_mapping
[65.074s] Invoked command in '/home/adam/ros_ws/build/point_lio' returned '0': AMENT_PREFIX_PATH=/home/adam/ros_ws/install/livox_ros_driver2:${AMENT_PREFIX_PATH} CMAKE_PREFIX_PATH=/home/adam/ros_ws/install/livox_ros_driver2:/opt/ros/humble LD_LIBRARY_PATH=/home/adam/ros_ws/install/livox_ros_driver2/lib:${LD_LIBRARY_PATH} PYTHONPATH=/home/adam/ros_ws/install/livox_ros_driver2/local/lib/python3.10/dist-packages:${PYTHONPATH} /usr/bin/cmake --build /home/adam/ros_ws/build/point_lio -- -j8 -l8
[65.076s] Invoking command in '/home/adam/ros_ws/build/point_lio': AMENT_PREFIX_PATH=/home/adam/ros_ws/install/livox_ros_driver2:${AMENT_PREFIX_PATH} CMAKE_PREFIX_PATH=/home/adam/ros_ws/install/livox_ros_driver2:/opt/ros/humble LD_LIBRARY_PATH=/home/adam/ros_ws/install/livox_ros_driver2/lib:${LD_LIBRARY_PATH} PYTHONPATH=/home/adam/ros_ws/install/livox_ros_driver2/local/lib/python3.10/dist-packages:${PYTHONPATH} /usr/bin/cmake --install /home/adam/ros_ws/build/point_lio
[65.081s] -- Install configuration: "Release"
[65.081s] -- Execute custom install script
[65.081s] -- Symlinking: /home/adam/ros_ws/install/point_lio/lib/point_lio/pointlio_mapping
[65.088s] -- Symlinking: /home/adam/ros_ws/install/point_lio/share/point_lio/config/avia.yaml
[65.093s] -- Symlinking: /home/adam/ros_ws/install/point_lio/share/point_lio/config/horizon.yaml
[65.099s] -- Symlinking: /home/adam/ros_ws/install/point_lio/share/point_lio/config/mid360.yaml
[65.106s] -- Symlinking: /home/adam/ros_ws/install/point_lio/share/point_lio/config/ouster64.yaml
[65.113s] -- Symlinking: /home/adam/ros_ws/install/point_lio/share/point_lio/config/velody16.yaml
[65.120s] -- Symlinking: /home/adam/ros_ws/install/point_lio/share/point_lio/launch/point_lio.launch.py
[65.125s] -- Symlinking: /home/adam/ros_ws/install/point_lio/share/point_lio/rviz_cfg/.gitignore
[65.131s] -- Symlinking: /home/adam/ros_ws/install/point_lio/share/point_lio/rviz_cfg/loam_livox.rviz
[65.137s] -- Symlinking: /home/adam/ros_ws/install/point_lio/share/ament_index/resource_index/package_run_dependencies/point_lio
[65.142s] -- Symlinking: /home/adam/ros_ws/install/point_lio/share/ament_index/resource_index/parent_prefix_path/point_lio
[65.148s] -- Symlinking: /home/adam/ros_ws/install/point_lio/share/point_lio/environment/ament_prefix_path.sh
[65.153s] -- Symlinking: /home/adam/ros_ws/install/point_lio/share/point_lio/environment/ament_prefix_path.dsv
[65.159s] -- Symlinking: /home/adam/ros_ws/install/point_lio/share/point_lio/environment/path.sh
[65.164s] -- Symlinking: /home/adam/ros_ws/install/point_lio/share/point_lio/environment/path.dsv
[65.170s] -- Symlinking: /home/adam/ros_ws/install/point_lio/share/point_lio/local_setup.bash
[65.175s] -- Symlinking: /home/adam/ros_ws/install/point_lio/share/point_lio/local_setup.sh
[65.181s] -- Symlinking: /home/adam/ros_ws/install/point_lio/share/point_lio/local_setup.zsh
[65.188s] -- Symlinking: /home/adam/ros_ws/install/point_lio/share/point_lio/local_setup.dsv
[65.194s] -- Symlinking: /home/adam/ros_ws/install/point_lio/share/point_lio/package.dsv
[65.200s] -- Symlinking: /home/adam/ros_ws/install/point_lio/share/ament_index/resource_index/packages/point_lio
[65.206s] -- Symlinking: /home/adam/ros_ws/install/point_lio/share/point_lio/cmake/ament_cmake_export_dependencies-extras.cmake
[65.212s] -- Symlinking: /home/adam/ros_ws/install/point_lio/share/point_lio/cmake/point_lioConfig.cmake
[65.218s] -- Symlinking: /home/adam/ros_ws/install/point_lio/share/point_lio/cmake/point_lioConfig-version.cmake
[65.223s] -- Symlinking: /home/adam/ros_ws/install/point_lio/share/point_lio/package.xml
[65.231s] Invoked command in '/home/adam/ros_ws/build/point_lio' returned '0': AMENT_PREFIX_PATH=/home/adam/ros_ws/install/livox_ros_driver2:${AMENT_PREFIX_PATH} CMAKE_PREFIX_PATH=/home/adam/ros_ws/install/livox_ros_driver2:/opt/ros/humble LD_LIBRARY_PATH=/home/adam/ros_ws/install/livox_ros_driver2/lib:${LD_LIBRARY_PATH} PYTHONPATH=/home/adam/ros_ws/install/livox_ros_driver2/local/lib/python3.10/dist-packages:${PYTHONPATH} /usr/bin/cmake --install /home/adam/ros_ws/build/point_lio
