[0.020s] Invoking command in '/home/adam/ros_ws1/build/small_gicp_relocalization': CMAKE_PREFIX_PATH=/opt/ros/humble /usr/bin/cmake /home/adam/ros_ws1/src/pb2025_sentry_nav/small_gicp_relocalization -DCMAKE_BUILD_TYPE=Release -DAMENT_CMAKE_SYMLINK_INSTALL=1 -DCMAKE_INSTALL_PREFIX=/home/adam/ros_ws1/install/small_gicp_relocalization
[0.681s] -- The C compiler identification is GNU 11.4.0
[0.681s] -- The CXX compiler identification is GNU 11.4.0
[0.681s] -- Detecting C compiler ABI info
[0.681s] -- Detecting C compiler ABI info - done
[0.681s] -- Check for working C compiler: /usr/bin/cc - skipped
[0.681s] -- Detecting C compile features
[0.681s] -- Detecting C compile features - done
[0.681s] -- Detecting CXX compiler ABI info
[0.681s] -- Detecting CXX compiler ABI info - done
[0.682s] -- Check for working CXX compiler: /usr/bin/c++ - skipped
[0.682s] -- Detecting CXX compile features
[0.682s] -- Detecting CXX compile features - done
[0.682s] -- Found ament_cmake_auto: 1.3.11 (/opt/ros/humble/share/ament_cmake_auto/cmake)
[0.682s] -- Found Python3: /usr/bin/python3 (found version "3.10.12") found components: Interpreter 
[0.682s] -- Override CMake install command with custom implementation using symlinks instead of copying resources
[1.209s] -- Found OpenMP_C: -fopenmp (found version "4.5") 
[1.416s] -- Found OpenMP_CXX: -fopenmp (found version "4.5") 
[1.417s] -- Found OpenMP: TRUE (found version "4.5")  
[1.715s] -- Found rosidl_generator_c: 3.1.6 (/opt/ros/humble/share/rosidl_generator_c/cmake)
[1.728s] -- Found rosidl_adapter: 3.1.6 (/opt/ros/humble/share/rosidl_adapter/cmake)
[1.747s] -- Found rosidl_generator_cpp: 3.1.6 (/opt/ros/humble/share/rosidl_generator_cpp/cmake)
[1.778s] -- Using all available rosidl_typesupport_c: rosidl_typesupport_fastrtps_c;rosidl_typesupport_introspection_c
[1.831s] -- Using all available rosidl_typesupport_cpp: rosidl_typesupport_fastrtps_cpp;rosidl_typesupport_introspection_cpp
[2.007s] -- Found rmw_implementation_cmake: 6.1.2 (/opt/ros/humble/share/rmw_implementation_cmake/cmake)
[2.024s] -- Found rmw_fastrtps_cpp: 6.2.7 (/opt/ros/humble/share/rmw_fastrtps_cpp/cmake)
[2.259s] -- Found OpenSSL: /usr/lib/x86_64-linux-gnu/libcrypto.so (found version "3.0.2")  
[2.337s] -- Found FastRTPS: /opt/ros/humble/include  
[2.442s] -- Using RMW implementation 'rmw_fastrtps_cpp' as default
[2.467s] -- Looking for pthread.h
[2.742s] -- Looking for pthread.h - found
[2.743s] -- Performing Test CMAKE_HAVE_LIBC_PTHREAD
[2.938s] -- Performing Test CMAKE_HAVE_LIBC_PTHREAD - Success
[2.946s] -- Found Threads: TRUE  
[3.483s] -- Checking for module 'eigen3'
[3.522s] --   Found eigen3, version 3.4.0
[3.624s] -- Found Eigen: /usr/include/eigen3 (Required is at least version "3.1") 
[3.624s] -- Eigen found (include: /usr/include/eigen3, version: 3.4.0)
[3.700s] -- Checking for module 'flann'
[3.722s] --   Found flann, version 1.9.1
[3.838s] -- Found FLANN: /usr/lib/x86_64-linux-gnu/libflann_cpp.so  
[3.838s] -- FLANN found (include: /usr/include, lib: /usr/lib/x86_64-linux-gnu/libflann_cpp.so)
[6.176s] -- Checking for module 'libusb-1.0'
[6.221s] --   Found libusb-1.0, version 1.0.25
[6.314s] -- Found libusb: /usr/lib/x86_64-linux-gnu/libusb-1.0.so  
[6.317s] -- OpenNI found (version: 1.5.4.0, include: /usr/include/ni, lib: /usr/lib/libOpenNI.so;libusb::libusb)
[6.446s] -- OpenNI2 found (version: 2.2.0.33, include: /usr/include/openni2, lib: /usr/lib/x86_64-linux-gnu/libOpenNI2.so;libusb::libusb)
[6.700s] -- Eigen found (include: /usr/include/eigen3, version: 3.4.0)
[6.716s] -- OpenNI found (version: 1.5.4.0, include: /usr/include/ni, lib: /usr/lib/libOpenNI.so;libusb::libusb)
[6.725s] -- OpenNI2 found (version: 2.2.0.33, include: /usr/include/openni2, lib: /usr/lib/x86_64-linux-gnu/libOpenNI2.so;libusb::libusb)
[6.958s] -- Found Qhull version 8.0.2
[7.235s] -- OpenNI found (version: 1.5.4.0, include: /usr/include/ni, lib: /usr/lib/libOpenNI.so;libusb::libusb)
[7.554s] -- Found PCL_COMMON: /usr/lib/x86_64-linux-gnu/libpcl_common.so  
[7.555s] -- Found PCL_KDTREE: /usr/lib/x86_64-linux-gnu/libpcl_kdtree.so  
[7.557s] -- Found PCL_OCTREE: /usr/lib/x86_64-linux-gnu/libpcl_octree.so  
[7.559s] -- Found PCL_SEARCH: /usr/lib/x86_64-linux-gnu/libpcl_search.so  
[7.562s] -- Found PCL_SAMPLE_CONSENSUS: /usr/lib/x86_64-linux-gnu/libpcl_sample_consensus.so  
[7.564s] -- Found PCL_FILTERS: /usr/lib/x86_64-linux-gnu/libpcl_filters.so  
[7.564s] -- Found PCL_2D: /usr/include/pcl-1.12  
[7.565s] -- Found PCL_GEOMETRY: /usr/include/pcl-1.12  
[7.569s] -- Found PCL_IO: /usr/lib/x86_64-linux-gnu/libpcl_io.so  
[7.569s] -- Found PCL_FEATURES: /usr/lib/x86_64-linux-gnu/libpcl_features.so  
[7.570s] -- Found PCL_ML: /usr/lib/x86_64-linux-gnu/libpcl_ml.so  
[7.572s] -- Found PCL_SEGMENTATION: /usr/lib/x86_64-linux-gnu/libpcl_segmentation.so  
[7.576s] -- Found PCL_VISUALIZATION: /usr/lib/x86_64-linux-gnu/libpcl_visualization.so  
[7.576s] -- Found PCL_SURFACE: /usr/lib/x86_64-linux-gnu/libpcl_surface.so  
[7.577s] -- Found PCL_REGISTRATION: /usr/lib/x86_64-linux-gnu/libpcl_registration.so  
[7.579s] -- Found PCL_KEYPOINTS: /usr/lib/x86_64-linux-gnu/libpcl_keypoints.so  
[7.583s] -- Found PCL_TRACKING: /usr/lib/x86_64-linux-gnu/libpcl_tracking.so  
[7.585s] -- Found PCL_RECOGNITION: /usr/lib/x86_64-linux-gnu/libpcl_recognition.so  
[7.588s] -- Found PCL_STEREO: /usr/lib/x86_64-linux-gnu/libpcl_stereo.so  
[7.588s] -- Found PCL_APPS: /usr/lib/x86_64-linux-gnu/libpcl_apps.so  
[7.590s] -- Found PCL_IN_HAND_SCANNER: /usr/include/pcl-1.12  
[7.590s] -- Found PCL_MODELER: /usr/include/pcl-1.12  
[7.596s] -- Found PCL_POINT_CLOUD_EDITOR: /usr/include/pcl-1.12  
[7.599s] -- Found PCL_OUTOFCORE: /usr/lib/x86_64-linux-gnu/libpcl_outofcore.so  
[7.602s] -- Found PCL_PEOPLE: /usr/lib/x86_64-linux-gnu/libpcl_people.so  
[7.630s] -- Found ament_lint_auto: 0.12.11 (/opt/ros/humble/share/ament_lint_auto/cmake)
[7.660s] -- Added test 'copyright' to check source files copyright and LICENSE
[7.662s] -- Added test 'cppcheck' to perform static code analysis on C / C++ code
[7.663s] -- Configured cppcheck include dirs: /home/adam/ros_ws1/src/pb2025_sentry_nav/small_gicp_relocalization/include
[7.663s] -- Configured cppcheck exclude dirs and/or files: 
[7.669s] -- Added test 'cpplint' to check C / C++ code against the Google style
[7.669s] -- Configured cpplint exclude dirs and/or files: 
[7.669s] -- Added test 'lint_cmake' to check CMake code style
[7.670s] -- Added test 'pep257' to check Python code against some of the docstring style conventions in PEP 257
[7.672s] -- Added test 'xmllint' to check XML markup files
[7.674s] -- Added test 'clang_format' to check C / C++ code style
[7.674s] -- Added test 'black' to check Python code style
[7.691s] -- Configuring done
[7.776s] -- Generating done
[7.800s] -- Build files have been written to: /home/adam/ros_ws1/build/small_gicp_relocalization
[7.843s] Invoked command in '/home/adam/ros_ws1/build/small_gicp_relocalization' returned '0': CMAKE_PREFIX_PATH=/opt/ros/humble /usr/bin/cmake /home/adam/ros_ws1/src/pb2025_sentry_nav/small_gicp_relocalization -DCMAKE_BUILD_TYPE=Release -DAMENT_CMAKE_SYMLINK_INSTALL=1 -DCMAKE_INSTALL_PREFIX=/home/adam/ros_ws1/install/small_gicp_relocalization
[7.848s] Invoking command in '/home/adam/ros_ws1/build/small_gicp_relocalization': CMAKE_PREFIX_PATH=/opt/ros/humble /usr/bin/cmake --build /home/adam/ros_ws1/build/small_gicp_relocalization -- -j8 -l8
[8.253s] [ 25%] [32mBuilding CXX object CMakeFiles/small_gicp_relocalization_node.dir/rclcpp_components/node_main_small_gicp_relocalization_node.cpp.o[0m
[8.254s] [ 50%] [32mBuilding CXX object CMakeFiles/small_gicp_relocalization.dir/src/small_gicp_relocalization.cpp.o[0m
[13.551s] [ 75%] [32m[1mLinking CXX executable small_gicp_relocalization_node[0m
[13.731s] [ 75%] Built target small_gicp_relocalization_node
[52.315s] [100%] [32m[1mLinking CXX shared library libsmall_gicp_relocalization.so[0m
[52.738s] [100%] Built target small_gicp_relocalization
[52.747s] Invoked command in '/home/adam/ros_ws1/build/small_gicp_relocalization' returned '0': CMAKE_PREFIX_PATH=/opt/ros/humble /usr/bin/cmake --build /home/adam/ros_ws1/build/small_gicp_relocalization -- -j8 -l8
[52.748s] Invoking command in '/home/adam/ros_ws1/build/small_gicp_relocalization': CMAKE_PREFIX_PATH=/opt/ros/humble /usr/bin/cmake --install /home/adam/ros_ws1/build/small_gicp_relocalization
[52.754s] -- Install configuration: "Release"
[52.754s] -- Execute custom install script
[52.754s] -- Symlinking: /home/adam/ros_ws1/install/small_gicp_relocalization/lib/small_gicp_relocalization/small_gicp_relocalization_node
[52.761s] -- Symlinking: /home/adam/ros_ws1/install/small_gicp_relocalization/include/small_gicp_relocalization/small_gicp_relocalization.hpp
[52.768s] -- Symlinking: /home/adam/ros_ws1/install/small_gicp_relocalization/share/small_gicp_relocalization/environment/library_path.sh
[52.775s] -- Symlinking: /home/adam/ros_ws1/install/small_gicp_relocalization/share/small_gicp_relocalization/environment/library_path.dsv
[52.785s] -- Symlinking: /home/adam/ros_ws1/install/small_gicp_relocalization/lib/libsmall_gicp_relocalization.so
[52.792s] -- Symlinking: /home/adam/ros_ws1/install/small_gicp_relocalization/share/small_gicp_relocalization/launch/small_gicp_relocalization_launch.py
[52.799s] -- Symlinking: /home/adam/ros_ws1/install/small_gicp_relocalization/share/ament_index/resource_index/package_run_dependencies/small_gicp_relocalization
[52.806s] -- Symlinking: /home/adam/ros_ws1/install/small_gicp_relocalization/share/ament_index/resource_index/parent_prefix_path/small_gicp_relocalization
[52.812s] -- Symlinking: /home/adam/ros_ws1/install/small_gicp_relocalization/share/small_gicp_relocalization/environment/ament_prefix_path.sh
[52.818s] -- Symlinking: /home/adam/ros_ws1/install/small_gicp_relocalization/share/small_gicp_relocalization/environment/ament_prefix_path.dsv
[52.825s] -- Symlinking: /home/adam/ros_ws1/install/small_gicp_relocalization/share/small_gicp_relocalization/environment/path.sh
[52.831s] -- Symlinking: /home/adam/ros_ws1/install/small_gicp_relocalization/share/small_gicp_relocalization/environment/path.dsv
[52.837s] -- Symlinking: /home/adam/ros_ws1/install/small_gicp_relocalization/share/small_gicp_relocalization/local_setup.bash
[52.844s] -- Symlinking: /home/adam/ros_ws1/install/small_gicp_relocalization/share/small_gicp_relocalization/local_setup.sh
[52.850s] -- Symlinking: /home/adam/ros_ws1/install/small_gicp_relocalization/share/small_gicp_relocalization/local_setup.zsh
[52.856s] -- Symlinking: /home/adam/ros_ws1/install/small_gicp_relocalization/share/small_gicp_relocalization/local_setup.dsv
[52.862s] -- Symlinking: /home/adam/ros_ws1/install/small_gicp_relocalization/share/small_gicp_relocalization/package.dsv
[52.869s] -- Symlinking: /home/adam/ros_ws1/install/small_gicp_relocalization/share/ament_index/resource_index/packages/small_gicp_relocalization
[52.878s] -- Symlinking: /home/adam/ros_ws1/install/small_gicp_relocalization/share/ament_index/resource_index/rclcpp_components/small_gicp_relocalization
[52.886s] -- Symlinking: /home/adam/ros_ws1/install/small_gicp_relocalization/share/small_gicp_relocalization/cmake/ament_cmake_export_dependencies-extras.cmake
[52.893s] -- Symlinking: /home/adam/ros_ws1/install/small_gicp_relocalization/share/small_gicp_relocalization/cmake/ament_cmake_export_include_directories-extras.cmake
[52.900s] -- Symlinking: /home/adam/ros_ws1/install/small_gicp_relocalization/share/small_gicp_relocalization/cmake/ament_cmake_export_libraries-extras.cmake
[52.906s] -- Symlinking: /home/adam/ros_ws1/install/small_gicp_relocalization/share/small_gicp_relocalization/cmake/small_gicp_relocalizationConfig.cmake
[52.912s] -- Symlinking: /home/adam/ros_ws1/install/small_gicp_relocalization/share/small_gicp_relocalization/cmake/small_gicp_relocalizationConfig-version.cmake
[52.919s] -- Symlinking: /home/adam/ros_ws1/install/small_gicp_relocalization/share/small_gicp_relocalization/package.xml
[52.927s] Invoked command in '/home/adam/ros_ws1/build/small_gicp_relocalization' returned '0': CMAKE_PREFIX_PATH=/opt/ros/humble /usr/bin/cmake --install /home/adam/ros_ws1/build/small_gicp_relocalization
