[0.105s] Invoking command in '/home/adam/ros_ws1/build/pb2025_sentry_nav': AMENT_PREFIX_PATH=/home/adam/ros_ws1/install/sensor_scan_generation:/home/adam/ros_ws1/install/loam_interface:/home/adam/ros_ws1/install/ign_sim_pointcloud_tool:/home/adam/ros_ws1/install/fake_vel_transform:${AMENT_PREFIX_PATH} CMAKE_PREFIX_PATH=/home/adam/ros_ws1/install/sensor_scan_generation:/home/adam/ros_ws1/install/loam_interface:/home/adam/ros_ws1/install/ign_sim_pointcloud_tool:/home/adam/ros_ws1/install/fake_vel_transform:/opt/ros/humble LD_LIBRARY_PATH=/home/adam/ros_ws1/install/sensor_scan_generation/lib:/home/adam/ros_ws1/install/loam_interface/lib:/home/adam/ros_ws1/install/ign_sim_pointcloud_tool/lib:/home/adam/ros_ws1/install/fake_vel_transform/lib:${LD_LIBRARY_PATH} /usr/bin/cmake --build /home/adam/ros_ws1/build/pb2025_sentry_nav -- -j8 -l8
[0.571s] Invoked command in '/home/adam/ros_ws1/build/pb2025_sentry_nav' returned '0': AMENT_PREFIX_PATH=/home/adam/ros_ws1/install/sensor_scan_generation:/home/adam/ros_ws1/install/loam_interface:/home/adam/ros_ws1/install/ign_sim_pointcloud_tool:/home/adam/ros_ws1/install/fake_vel_transform:${AMENT_PREFIX_PATH} CMAKE_PREFIX_PATH=/home/adam/ros_ws1/install/sensor_scan_generation:/home/adam/ros_ws1/install/loam_interface:/home/adam/ros_ws1/install/ign_sim_pointcloud_tool:/home/adam/ros_ws1/install/fake_vel_transform:/opt/ros/humble LD_LIBRARY_PATH=/home/adam/ros_ws1/install/sensor_scan_generation/lib:/home/adam/ros_ws1/install/loam_interface/lib:/home/adam/ros_ws1/install/ign_sim_pointcloud_tool/lib:/home/adam/ros_ws1/install/fake_vel_transform/lib:${LD_LIBRARY_PATH} /usr/bin/cmake --build /home/adam/ros_ws1/build/pb2025_sentry_nav -- -j8 -l8
[0.572s] Invoking command in '/home/adam/ros_ws1/build/pb2025_sentry_nav': AMENT_PREFIX_PATH=/home/adam/ros_ws1/install/sensor_scan_generation:/home/adam/ros_ws1/install/loam_interface:/home/adam/ros_ws1/install/ign_sim_pointcloud_tool:/home/adam/ros_ws1/install/fake_vel_transform:${AMENT_PREFIX_PATH} CMAKE_PREFIX_PATH=/home/adam/ros_ws1/install/sensor_scan_generation:/home/adam/ros_ws1/install/loam_interface:/home/adam/ros_ws1/install/ign_sim_pointcloud_tool:/home/adam/ros_ws1/install/fake_vel_transform:/opt/ros/humble LD_LIBRARY_PATH=/home/adam/ros_ws1/install/sensor_scan_generation/lib:/home/adam/ros_ws1/install/loam_interface/lib:/home/adam/ros_ws1/install/ign_sim_pointcloud_tool/lib:/home/adam/ros_ws1/install/fake_vel_transform/lib:${LD_LIBRARY_PATH} /usr/bin/cmake --install /home/adam/ros_ws1/build/pb2025_sentry_nav
[0.585s] -- Install configuration: "Release"
[0.585s] -- Execute custom install script
[0.587s] -- Up-to-date symlink: /home/adam/ros_ws1/install/pb2025_sentry_nav/share/ament_index/resource_index/package_run_dependencies/pb2025_sentry_nav
[0.587s] -- Up-to-date symlink: /home/adam/ros_ws1/install/pb2025_sentry_nav/share/ament_index/resource_index/parent_prefix_path/pb2025_sentry_nav
[0.587s] -- Up-to-date symlink: /home/adam/ros_ws1/install/pb2025_sentry_nav/share/pb2025_sentry_nav/environment/ament_prefix_path.sh
[0.587s] -- Up-to-date symlink: /home/adam/ros_ws1/install/pb2025_sentry_nav/share/pb2025_sentry_nav/environment/ament_prefix_path.dsv
[0.589s] -- Up-to-date symlink: /home/adam/ros_ws1/install/pb2025_sentry_nav/share/pb2025_sentry_nav/environment/path.sh
[0.590s] -- Up-to-date symlink: /home/adam/ros_ws1/install/pb2025_sentry_nav/share/pb2025_sentry_nav/environment/path.dsv
[0.591s] -- Up-to-date symlink: /home/adam/ros_ws1/install/pb2025_sentry_nav/share/pb2025_sentry_nav/local_setup.bash
[0.591s] -- Up-to-date symlink: /home/adam/ros_ws1/install/pb2025_sentry_nav/share/pb2025_sentry_nav/local_setup.sh
[0.591s] -- Up-to-date symlink: /home/adam/ros_ws1/install/pb2025_sentry_nav/share/pb2025_sentry_nav/local_setup.zsh
[0.591s] -- Up-to-date symlink: /home/adam/ros_ws1/install/pb2025_sentry_nav/share/pb2025_sentry_nav/local_setup.dsv
[0.591s] -- Symlinking: /home/adam/ros_ws1/install/pb2025_sentry_nav/share/pb2025_sentry_nav/package.dsv
[0.607s] -- Up-to-date symlink: /home/adam/ros_ws1/install/pb2025_sentry_nav/share/ament_index/resource_index/packages/pb2025_sentry_nav
[0.607s] -- Up-to-date symlink: /home/adam/ros_ws1/install/pb2025_sentry_nav/share/pb2025_sentry_nav/cmake/pb2025_sentry_navConfig.cmake
[0.608s] -- Up-to-date symlink: /home/adam/ros_ws1/install/pb2025_sentry_nav/share/pb2025_sentry_nav/cmake/pb2025_sentry_navConfig-version.cmake
[0.608s] -- Up-to-date symlink: /home/adam/ros_ws1/install/pb2025_sentry_nav/share/pb2025_sentry_nav/package.xml
[0.624s] Invoked command in '/home/adam/ros_ws1/build/pb2025_sentry_nav' returned '0': AMENT_PREFIX_PATH=/home/adam/ros_ws1/install/sensor_scan_generation:/home/adam/ros_ws1/install/loam_interface:/home/adam/ros_ws1/install/ign_sim_pointcloud_tool:/home/adam/ros_ws1/install/fake_vel_transform:${AMENT_PREFIX_PATH} CMAKE_PREFIX_PATH=/home/adam/ros_ws1/install/sensor_scan_generation:/home/adam/ros_ws1/install/loam_interface:/home/adam/ros_ws1/install/ign_sim_pointcloud_tool:/home/adam/ros_ws1/install/fake_vel_transform:/opt/ros/humble LD_LIBRARY_PATH=/home/adam/ros_ws1/install/sensor_scan_generation/lib:/home/adam/ros_ws1/install/loam_interface/lib:/home/adam/ros_ws1/install/ign_sim_pointcloud_tool/lib:/home/adam/ros_ws1/install/fake_vel_transform/lib:${LD_LIBRARY_PATH} /usr/bin/cmake --install /home/adam/ros_ws1/build/pb2025_sentry_nav
