[0.041s] Invoking command in '/home/adam/ros_ws1/build/livox_ros_driver2': CMAKE_PREFIX_PATH=${CMAKE_PREFIX_PATH}:/home/adam/ros_ws1/install/rm_static_tf:/home/adam/ros_ws1/install/my_serial_py:/home/adam/ros_ws1/install/my_nav_controller:/opt/ros/humble /usr/bin/cmake --build /home/adam/ros_ws1/build/livox_ros_driver2 -- -j8 -l8
[0.195s] [  1%] Built target livox_interfaces2__cpp
[0.214s] [  8%] Built target livox_interfaces2__rosidl_generator_c
[0.215s] [  8%] Built target ament_cmake_python_symlink_livox_ros_driver2
[0.229s] [ 12%] Built target livox_ros_driver2_node
[0.258s] [ 19%] Built target livox_interfaces2__rosidl_typesupport_introspection_cpp
[0.265s] [ 26%] Built target livox_interfaces2__rosidl_typesupport_cpp
[0.279s] [ 33%] Built target livox_interfaces2__rosidl_typesupport_fastrtps_c
[0.283s] [ 40%] Built target livox_interfaces2__rosidl_typesupport_introspection_c
[0.285s] [ 47%] Built target livox_interfaces2__rosidl_typesupport_c
[0.286s] [ 54%] Built target livox_interfaces2__rosidl_typesupport_fastrtps_cpp
[0.331s] [ 54%] Built target livox_interfaces2
[0.356s] [ 56%] Built target livox_interfaces2__py
[0.370s] [ 84%] Built target livox_ros_driver2
[0.387s] [ 89%] Built target livox_interfaces2__rosidl_generator_py
[0.411s] [ 92%] Built target livox_ros_driver2__rosidl_typesupport_fastrtps_c__pyext
[0.411s] [ 96%] Built target livox_ros_driver2__rosidl_typesupport_introspection_c__pyext
[0.412s] [100%] Built target livox_ros_driver2__rosidl_typesupport_c__pyext
[0.641s] running egg_info
[0.642s] writing livox_ros_driver2.egg-info/PKG-INFO
[0.643s] writing dependency_links to livox_ros_driver2.egg-info/dependency_links.txt
[0.643s] writing top-level names to livox_ros_driver2.egg-info/top_level.txt
[0.652s] reading manifest file 'livox_ros_driver2.egg-info/SOURCES.txt'
[0.656s] writing manifest file 'livox_ros_driver2.egg-info/SOURCES.txt'
[0.735s] [100%] Built target ament_cmake_python_build_livox_ros_driver2_egg
[0.883s] Invoked command in '/home/adam/ros_ws1/build/livox_ros_driver2' returned '0': CMAKE_PREFIX_PATH=${CMAKE_PREFIX_PATH}:/home/adam/ros_ws1/install/rm_static_tf:/home/adam/ros_ws1/install/my_serial_py:/home/adam/ros_ws1/install/my_nav_controller:/opt/ros/humble /usr/bin/cmake --build /home/adam/ros_ws1/build/livox_ros_driver2 -- -j8 -l8
[0.886s] Invoking command in '/home/adam/ros_ws1/build/livox_ros_driver2': CMAKE_PREFIX_PATH=${CMAKE_PREFIX_PATH}:/home/adam/ros_ws1/install/rm_static_tf:/home/adam/ros_ws1/install/my_serial_py:/home/adam/ros_ws1/install/my_nav_controller:/opt/ros/humble /usr/bin/cmake --install /home/adam/ros_ws1/build/livox_ros_driver2
[1.122s] -- Install configuration: "Release"
[1.122s] -- Execute custom install script
[1.122s] -- Up-to-date symlink: /home/adam/ros_ws1/install/livox_ros_driver2/share/ament_index/resource_index/rosidl_interfaces/livox_ros_driver2
[1.122s] -- Up-to-date symlink: /home/adam/ros_ws1/install/livox_ros_driver2/include/livox_ros_driver2/livox_ros_driver2/msg/custom_msg.h
[1.122s] -- Up-to-date symlink: /home/adam/ros_ws1/install/livox_ros_driver2/include/livox_ros_driver2/livox_ros_driver2/msg/custom_point.h
[1.122s] -- Up-to-date symlink: /home/adam/ros_ws1/install/livox_ros_driver2/include/livox_ros_driver2/livox_ros_driver2/msg/detail/custom_msg__functions.h
[1.122s] -- Up-to-date symlink: /home/adam/ros_ws1/install/livox_ros_driver2/include/livox_ros_driver2/livox_ros_driver2/msg/detail/custom_msg__struct.h
[1.122s] -- Up-to-date symlink: /home/adam/ros_ws1/install/livox_ros_driver2/include/livox_ros_driver2/livox_ros_driver2/msg/detail/custom_msg__type_support.h
[1.122s] -- Up-to-date symlink: /home/adam/ros_ws1/install/livox_ros_driver2/include/livox_ros_driver2/livox_ros_driver2/msg/detail/custom_point__functions.h
[1.122s] -- Up-to-date symlink: /home/adam/ros_ws1/install/livox_ros_driver2/include/livox_ros_driver2/livox_ros_driver2/msg/detail/custom_point__struct.h
[1.122s] -- Up-to-date symlink: /home/adam/ros_ws1/install/livox_ros_driver2/include/livox_ros_driver2/livox_ros_driver2/msg/detail/custom_point__type_support.h
[1.122s] -- Up-to-date symlink: /home/adam/ros_ws1/install/livox_ros_driver2/include/livox_ros_driver2/livox_ros_driver2/msg/rosidl_generator_c__visibility_control.h
[1.122s] -- Up-to-date symlink: /home/adam/ros_ws1/install/livox_ros_driver2/share/livox_ros_driver2/environment/library_path.sh
[1.122s] -- Up-to-date symlink: /home/adam/ros_ws1/install/livox_ros_driver2/share/livox_ros_driver2/environment/library_path.dsv
[1.123s] -- Up-to-date symlink: /home/adam/ros_ws1/install/livox_ros_driver2/include/livox_ros_driver2/livox_ros_driver2/msg/detail/custom_msg__rosidl_typesupport_fastrtps_c.h
[1.123s] -- Up-to-date symlink: /home/adam/ros_ws1/install/livox_ros_driver2/include/livox_ros_driver2/livox_ros_driver2/msg/detail/custom_point__rosidl_typesupport_fastrtps_c.h
[1.123s] -- Up-to-date symlink: /home/adam/ros_ws1/install/livox_ros_driver2/include/livox_ros_driver2/livox_ros_driver2/msg/rosidl_typesupport_fastrtps_c__visibility_control.h
[1.123s] -- Up-to-date symlink: /home/adam/ros_ws1/install/livox_ros_driver2/include/livox_ros_driver2/livox_ros_driver2/msg/detail/custom_msg__rosidl_typesupport_introspection_c.h
[1.123s] -- Up-to-date symlink: /home/adam/ros_ws1/install/livox_ros_driver2/include/livox_ros_driver2/livox_ros_driver2/msg/detail/custom_point__rosidl_typesupport_introspection_c.h
[1.123s] -- Up-to-date symlink: /home/adam/ros_ws1/install/livox_ros_driver2/include/livox_ros_driver2/livox_ros_driver2/msg/rosidl_typesupport_introspection_c__visibility_control.h
[1.123s] -- Up-to-date symlink: /home/adam/ros_ws1/install/livox_ros_driver2/include/livox_ros_driver2/livox_ros_driver2/msg/custom_msg.hpp
[1.123s] -- Up-to-date symlink: /home/adam/ros_ws1/install/livox_ros_driver2/include/livox_ros_driver2/livox_ros_driver2/msg/custom_point.hpp
[1.123s] -- Up-to-date symlink: /home/adam/ros_ws1/install/livox_ros_driver2/include/livox_ros_driver2/livox_ros_driver2/msg/detail/custom_msg__builder.hpp
[1.123s] -- Up-to-date symlink: /home/adam/ros_ws1/install/livox_ros_driver2/include/livox_ros_driver2/livox_ros_driver2/msg/detail/custom_msg__struct.hpp
[1.123s] -- Up-to-date symlink: /home/adam/ros_ws1/install/livox_ros_driver2/include/livox_ros_driver2/livox_ros_driver2/msg/detail/custom_msg__traits.hpp
[1.123s] -- Up-to-date symlink: /home/adam/ros_ws1/install/livox_ros_driver2/include/livox_ros_driver2/livox_ros_driver2/msg/detail/custom_msg__type_support.hpp
[1.123s] -- Up-to-date symlink: /home/adam/ros_ws1/install/livox_ros_driver2/include/livox_ros_driver2/livox_ros_driver2/msg/detail/custom_point__builder.hpp
[1.123s] -- Up-to-date symlink: /home/adam/ros_ws1/install/livox_ros_driver2/include/livox_ros_driver2/livox_ros_driver2/msg/detail/custom_point__struct.hpp
[1.123s] -- Up-to-date symlink: /home/adam/ros_ws1/install/livox_ros_driver2/include/livox_ros_driver2/livox_ros_driver2/msg/detail/custom_point__traits.hpp
[1.123s] -- Up-to-date symlink: /home/adam/ros_ws1/install/livox_ros_driver2/include/livox_ros_driver2/livox_ros_driver2/msg/detail/custom_point__type_support.hpp
[1.123s] -- Up-to-date symlink: /home/adam/ros_ws1/install/livox_ros_driver2/include/livox_ros_driver2/livox_ros_driver2/msg/rosidl_generator_cpp__visibility_control.hpp
[1.123s] -- Up-to-date symlink: /home/adam/ros_ws1/install/livox_ros_driver2/include/livox_ros_driver2/livox_ros_driver2/msg/detail/custom_msg__rosidl_typesupport_fastrtps_cpp.hpp
[1.123s] -- Up-to-date symlink: /home/adam/ros_ws1/install/livox_ros_driver2/include/livox_ros_driver2/livox_ros_driver2/msg/detail/custom_point__rosidl_typesupport_fastrtps_cpp.hpp
[1.123s] -- Up-to-date symlink: /home/adam/ros_ws1/install/livox_ros_driver2/include/livox_ros_driver2/livox_ros_driver2/msg/rosidl_typesupport_fastrtps_cpp__visibility_control.h
[1.123s] -- Up-to-date symlink: /home/adam/ros_ws1/install/livox_ros_driver2/include/livox_ros_driver2/livox_ros_driver2/msg/detail/custom_msg__rosidl_typesupport_introspection_cpp.hpp
[1.123s] -- Up-to-date symlink: /home/adam/ros_ws1/install/livox_ros_driver2/include/livox_ros_driver2/livox_ros_driver2/msg/detail/custom_point__rosidl_typesupport_introspection_cpp.hpp
[1.123s] -- Up-to-date symlink: /home/adam/ros_ws1/install/livox_ros_driver2/share/livox_ros_driver2/environment/pythonpath.sh
[1.124s] -- Up-to-date symlink: /home/adam/ros_ws1/install/livox_ros_driver2/share/livox_ros_driver2/environment/pythonpath.dsv
[1.124s] -- Up-to-date symlink: /home/adam/ros_ws1/install/livox_ros_driver2/local/lib/python3.10/dist-packages/livox_ros_driver2-1.1.0-py3.10.egg-info/PKG-INFO
[1.124s] -- Up-to-date symlink: /home/adam/ros_ws1/install/livox_ros_driver2/local/lib/python3.10/dist-packages/livox_ros_driver2-1.1.0-py3.10.egg-info/SOURCES.txt
[1.124s] -- Up-to-date symlink: /home/adam/ros_ws1/install/livox_ros_driver2/local/lib/python3.10/dist-packages/livox_ros_driver2-1.1.0-py3.10.egg-info/dependency_links.txt
[1.124s] -- Up-to-date symlink: /home/adam/ros_ws1/install/livox_ros_driver2/local/lib/python3.10/dist-packages/livox_ros_driver2-1.1.0-py3.10.egg-info/top_level.txt
[1.124s] -- Up-to-date symlink: /home/adam/ros_ws1/install/livox_ros_driver2/local/lib/python3.10/dist-packages/livox_ros_driver2/__init__.py
[1.124s] -- Up-to-date symlink: /home/adam/ros_ws1/install/livox_ros_driver2/local/lib/python3.10/dist-packages/livox_ros_driver2/_livox_ros_driver2_s.ep.rosidl_typesupport_c.c
[1.124s] -- Up-to-date symlink: /home/adam/ros_ws1/install/livox_ros_driver2/local/lib/python3.10/dist-packages/livox_ros_driver2/_livox_ros_driver2_s.ep.rosidl_typesupport_fastrtps_c.c
[1.124s] -- Up-to-date symlink: /home/adam/ros_ws1/install/livox_ros_driver2/local/lib/python3.10/dist-packages/livox_ros_driver2/_livox_ros_driver2_s.ep.rosidl_typesupport_introspection_c.c
[1.124s] -- Up-to-date symlink: /home/adam/ros_ws1/install/livox_ros_driver2/local/lib/python3.10/dist-packages/livox_ros_driver2/liblivox_interfaces2__rosidl_generator_py.so
[1.124s] -- Up-to-date symlink: /home/adam/ros_ws1/install/livox_ros_driver2/local/lib/python3.10/dist-packages/livox_ros_driver2/livox_ros_driver2_s__rosidl_typesupport_c.cpython-310-x86_64-linux-gnu.so
[1.124s] -- Up-to-date symlink: /home/adam/ros_ws1/install/livox_ros_driver2/local/lib/python3.10/dist-packages/livox_ros_driver2/livox_ros_driver2_s__rosidl_typesupport_fastrtps_c.cpython-310-x86_64-linux-gnu.so
[1.124s] -- Up-to-date symlink: /home/adam/ros_ws1/install/livox_ros_driver2/local/lib/python3.10/dist-packages/livox_ros_driver2/livox_ros_driver2_s__rosidl_typesupport_introspection_c.cpython-310-x86_64-linux-gnu.so
[1.124s] -- Up-to-date symlink: /home/adam/ros_ws1/install/livox_ros_driver2/local/lib/python3.10/dist-packages/livox_ros_driver2/msg/__init__.py
[1.124s] -- Up-to-date symlink: /home/adam/ros_ws1/install/livox_ros_driver2/local/lib/python3.10/dist-packages/livox_ros_driver2/msg/_custom_msg.py
[1.124s] -- Up-to-date symlink: /home/adam/ros_ws1/install/livox_ros_driver2/local/lib/python3.10/dist-packages/livox_ros_driver2/msg/_custom_msg_s.c
[1.124s] -- Up-to-date symlink: /home/adam/ros_ws1/install/livox_ros_driver2/local/lib/python3.10/dist-packages/livox_ros_driver2/msg/_custom_point.py
[1.124s] -- Up-to-date symlink: /home/adam/ros_ws1/install/livox_ros_driver2/local/lib/python3.10/dist-packages/livox_ros_driver2/msg/_custom_point_s.c
[1.124s] -- Up-to-date symlink: /home/adam/ros_ws1/install/livox_ros_driver2/local/lib/python3.10/dist-packages/livox_ros_driver2/livox_ros_driver2_s__rosidl_typesupport_fastrtps_c.cpython-310-x86_64-linux-gnu.so
[1.124s] -- Up-to-date symlink: /home/adam/ros_ws1/install/livox_ros_driver2/local/lib/python3.10/dist-packages/livox_ros_driver2/livox_ros_driver2_s__rosidl_typesupport_introspection_c.cpython-310-x86_64-linux-gnu.so
[1.124s] -- Up-to-date symlink: /home/adam/ros_ws1/install/livox_ros_driver2/local/lib/python3.10/dist-packages/livox_ros_driver2/livox_ros_driver2_s__rosidl_typesupport_c.cpython-310-x86_64-linux-gnu.so
[1.124s] -- Up-to-date symlink: /home/adam/ros_ws1/install/livox_ros_driver2/share/livox_ros_driver2/msg/CustomPoint.idl
[1.124s] -- Up-to-date symlink: /home/adam/ros_ws1/install/livox_ros_driver2/share/livox_ros_driver2/msg/CustomMsg.idl
[1.125s] -- Up-to-date symlink: /home/adam/ros_ws1/install/livox_ros_driver2/share/livox_ros_driver2/msg/CustomPoint.msg
[1.125s] -- Up-to-date symlink: /home/adam/ros_ws1/install/livox_ros_driver2/share/livox_ros_driver2/msg/CustomMsg.msg
[1.125s] -- Up-to-date symlink: /home/adam/ros_ws1/install/livox_ros_driver2/lib/livox_ros_driver2/livox_ros_driver2_node
[1.125s] -- Up-to-date symlink: /home/adam/ros_ws1/install/livox_ros_driver2/lib/liblivox_ros_driver2.so
[1.125s] -- Up-to-date symlink: /home/adam/ros_ws1/install/livox_ros_driver2/share/livox_ros_driver2/config/HAP_config.json
[1.125s] -- Up-to-date symlink: /home/adam/ros_ws1/install/livox_ros_driver2/share/livox_ros_driver2/config/MID360_config.json
[1.125s] -- Up-to-date symlink: /home/adam/ros_ws1/install/livox_ros_driver2/share/livox_ros_driver2/config/display_point_cloud.rviz
[1.125s] -- Up-to-date symlink: /home/adam/ros_ws1/install/livox_ros_driver2/share/livox_ros_driver2/config/mixed_HAP_MID360_config.json
[1.125s] -- Up-to-date symlink: /home/adam/ros_ws1/install/livox_ros_driver2/share/livox_ros_driver2/launch/msg_HAP_launch.py
[1.125s] -- Up-to-date symlink: /home/adam/ros_ws1/install/livox_ros_driver2/share/livox_ros_driver2/launch/msg_MID360_launch.py
[1.125s] -- Up-to-date symlink: /home/adam/ros_ws1/install/livox_ros_driver2/share/livox_ros_driver2/launch/rviz_HAP_launch.py
[1.125s] -- Up-to-date symlink: /home/adam/ros_ws1/install/livox_ros_driver2/share/livox_ros_driver2/launch/rviz_MID360_launch.py
[1.125s] -- Up-to-date symlink: /home/adam/ros_ws1/install/livox_ros_driver2/share/livox_ros_driver2/launch/rviz_mixed.py
[1.125s] -- Up-to-date symlink: /home/adam/ros_ws1/install/livox_ros_driver2/share/ament_index/resource_index/package_run_dependencies/livox_ros_driver2
[1.126s] -- Up-to-date symlink: /home/adam/ros_ws1/install/livox_ros_driver2/share/ament_index/resource_index/parent_prefix_path/livox_ros_driver2
[1.126s] -- Up-to-date symlink: /home/adam/ros_ws1/install/livox_ros_driver2/share/livox_ros_driver2/environment/ament_prefix_path.sh
[1.126s] -- Up-to-date symlink: /home/adam/ros_ws1/install/livox_ros_driver2/share/livox_ros_driver2/environment/ament_prefix_path.dsv
[1.126s] -- Up-to-date symlink: /home/adam/ros_ws1/install/livox_ros_driver2/share/livox_ros_driver2/environment/path.sh
[1.126s] -- Up-to-date symlink: /home/adam/ros_ws1/install/livox_ros_driver2/share/livox_ros_driver2/environment/path.dsv
[1.126s] -- Up-to-date symlink: /home/adam/ros_ws1/install/livox_ros_driver2/share/livox_ros_driver2/local_setup.bash
[1.126s] -- Up-to-date symlink: /home/adam/ros_ws1/install/livox_ros_driver2/share/livox_ros_driver2/local_setup.sh
[1.126s] -- Up-to-date symlink: /home/adam/ros_ws1/install/livox_ros_driver2/share/livox_ros_driver2/local_setup.zsh
[1.126s] -- Up-to-date symlink: /home/adam/ros_ws1/install/livox_ros_driver2/share/livox_ros_driver2/local_setup.dsv
[1.126s] -- Symlinking: /home/adam/ros_ws1/install/livox_ros_driver2/share/livox_ros_driver2/package.dsv
[1.126s] -- Up-to-date symlink: /home/adam/ros_ws1/install/livox_ros_driver2/share/ament_index/resource_index/packages/livox_ros_driver2
[1.126s] -- Up-to-date symlink: /home/adam/ros_ws1/install/livox_ros_driver2/share/ament_index/resource_index/rclcpp_components/livox_ros_driver2
[1.126s] -- Up-to-date symlink: /home/adam/ros_ws1/install/livox_ros_driver2/share/livox_ros_driver2/cmake/rosidl_cmake-extras.cmake
[1.126s] -- Up-to-date symlink: /home/adam/ros_ws1/install/livox_ros_driver2/share/livox_ros_driver2/cmake/ament_cmake_export_dependencies-extras.cmake
[1.126s] -- Up-to-date symlink: /home/adam/ros_ws1/install/livox_ros_driver2/share/livox_ros_driver2/cmake/ament_cmake_export_include_directories-extras.cmake
[1.126s] -- Up-to-date symlink: /home/adam/ros_ws1/install/livox_ros_driver2/share/livox_ros_driver2/cmake/ament_cmake_export_libraries-extras.cmake
[1.126s] -- Up-to-date symlink: /home/adam/ros_ws1/install/livox_ros_driver2/share/livox_ros_driver2/cmake/ament_cmake_export_targets-extras.cmake
[1.126s] -- Up-to-date symlink: /home/adam/ros_ws1/install/livox_ros_driver2/share/livox_ros_driver2/cmake/rosidl_cmake_export_typesupport_targets-extras.cmake
[1.126s] -- Up-to-date symlink: /home/adam/ros_ws1/install/livox_ros_driver2/share/livox_ros_driver2/cmake/rosidl_cmake_export_typesupport_libraries-extras.cmake
[1.126s] -- Up-to-date symlink: /home/adam/ros_ws1/install/livox_ros_driver2/share/livox_ros_driver2/cmake/livox_ros_driver2Config.cmake
[1.126s] -- Up-to-date symlink: /home/adam/ros_ws1/install/livox_ros_driver2/share/livox_ros_driver2/cmake/livox_ros_driver2Config-version.cmake
[1.127s] -- Up-to-date symlink: /home/adam/ros_ws1/install/livox_ros_driver2/share/livox_ros_driver2/package.xml
[1.127s] -- Up-to-date: /home/adam/ros_ws1/install/livox_ros_driver2/lib/liblivox_ros_driver2__rosidl_generator_c.so
[1.127s] -- Up-to-date: /home/adam/ros_ws1/install/livox_ros_driver2/lib/liblivox_ros_driver2__rosidl_typesupport_fastrtps_c.so
[1.127s] -- Up-to-date: /home/adam/ros_ws1/install/livox_ros_driver2/lib/liblivox_ros_driver2__rosidl_typesupport_introspection_c.so
[1.127s] -- Up-to-date: /home/adam/ros_ws1/install/livox_ros_driver2/lib/liblivox_ros_driver2__rosidl_typesupport_c.so
[1.127s] -- Up-to-date: /home/adam/ros_ws1/install/livox_ros_driver2/lib/liblivox_ros_driver2__rosidl_typesupport_fastrtps_cpp.so
[1.127s] -- Up-to-date: /home/adam/ros_ws1/install/livox_ros_driver2/lib/liblivox_ros_driver2__rosidl_typesupport_introspection_cpp.so
[1.127s] -- Up-to-date: /home/adam/ros_ws1/install/livox_ros_driver2/lib/liblivox_ros_driver2__rosidl_typesupport_cpp.so
[1.127s] Listing '/home/adam/ros_ws1/install/livox_ros_driver2/local/lib/python3.10/dist-packages/livox_ros_driver2'...
[1.127s] Listing '/home/adam/ros_ws1/install/livox_ros_driver2/local/lib/python3.10/dist-packages/livox_ros_driver2/msg'...
[1.127s] -- Up-to-date: /home/adam/ros_ws1/install/livox_ros_driver2/lib/liblivox_interfaces2__rosidl_generator_py.so
[1.127s] -- Up-to-date: /home/adam/ros_ws1/install/livox_ros_driver2/share/livox_ros_driver2/cmake/export_livox_interfaces2__rosidl_generator_cExport.cmake
[1.127s] -- Up-to-date: /home/adam/ros_ws1/install/livox_ros_driver2/share/livox_ros_driver2/cmake/export_livox_interfaces2__rosidl_generator_cExport-release.cmake
[1.127s] -- Up-to-date: /home/adam/ros_ws1/install/livox_ros_driver2/share/livox_ros_driver2/cmake/export_livox_interfaces2__rosidl_typesupport_fastrtps_cExport.cmake
[1.127s] -- Up-to-date: /home/adam/ros_ws1/install/livox_ros_driver2/share/livox_ros_driver2/cmake/export_livox_interfaces2__rosidl_typesupport_fastrtps_cExport-release.cmake
[1.127s] -- Up-to-date: /home/adam/ros_ws1/install/livox_ros_driver2/share/livox_ros_driver2/cmake/livox_interfaces2__rosidl_typesupport_introspection_cExport.cmake
[1.127s] -- Up-to-date: /home/adam/ros_ws1/install/livox_ros_driver2/share/livox_ros_driver2/cmake/livox_interfaces2__rosidl_typesupport_introspection_cExport-release.cmake
[1.127s] -- Up-to-date: /home/adam/ros_ws1/install/livox_ros_driver2/share/livox_ros_driver2/cmake/livox_interfaces2__rosidl_typesupport_cExport.cmake
[1.127s] -- Up-to-date: /home/adam/ros_ws1/install/livox_ros_driver2/share/livox_ros_driver2/cmake/livox_interfaces2__rosidl_typesupport_cExport-release.cmake
[1.127s] -- Up-to-date: /home/adam/ros_ws1/install/livox_ros_driver2/share/livox_ros_driver2/cmake/export_livox_interfaces2__rosidl_generator_cppExport.cmake
[1.127s] -- Up-to-date: /home/adam/ros_ws1/install/livox_ros_driver2/share/livox_ros_driver2/cmake/export_livox_interfaces2__rosidl_typesupport_fastrtps_cppExport.cmake
[1.127s] -- Up-to-date: /home/adam/ros_ws1/install/livox_ros_driver2/share/livox_ros_driver2/cmake/export_livox_interfaces2__rosidl_typesupport_fastrtps_cppExport-release.cmake
[1.127s] -- Up-to-date: /home/adam/ros_ws1/install/livox_ros_driver2/share/livox_ros_driver2/cmake/livox_interfaces2__rosidl_typesupport_introspection_cppExport.cmake
[1.127s] -- Up-to-date: /home/adam/ros_ws1/install/livox_ros_driver2/share/livox_ros_driver2/cmake/livox_interfaces2__rosidl_typesupport_introspection_cppExport-release.cmake
[1.128s] -- Up-to-date: /home/adam/ros_ws1/install/livox_ros_driver2/share/livox_ros_driver2/cmake/livox_interfaces2__rosidl_typesupport_cppExport.cmake
[1.128s] -- Up-to-date: /home/adam/ros_ws1/install/livox_ros_driver2/share/livox_ros_driver2/cmake/livox_interfaces2__rosidl_typesupport_cppExport-release.cmake
[1.128s] -- Up-to-date: /home/adam/ros_ws1/install/livox_ros_driver2/share/livox_ros_driver2/cmake/export_livox_interfaces2__rosidl_generator_pyExport.cmake
[1.128s] -- Up-to-date: /home/adam/ros_ws1/install/livox_ros_driver2/share/livox_ros_driver2/cmake/export_livox_interfaces2__rosidl_generator_pyExport-release.cmake
[1.187s] Invoked command in '/home/adam/ros_ws1/build/livox_ros_driver2' returned '0': CMAKE_PREFIX_PATH=${CMAKE_PREFIX_PATH}:/home/adam/ros_ws1/install/rm_static_tf:/home/adam/ros_ws1/install/my_serial_py:/home/adam/ros_ws1/install/my_nav_controller:/opt/ros/humble /usr/bin/cmake --install /home/adam/ros_ws1/build/livox_ros_driver2
