[0.072s] Invoking command in '/home/adam/ros_ws1/build/pb2025_sentry_nav': AMENT_PREFIX_PATH=/home/adam/ros_ws1/install/sensor_scan_generation:/home/adam/ros_ws1/install/loam_interface:/home/adam/ros_ws1/install/ign_sim_pointcloud_tool:/home/adam/ros_ws1/install/fake_vel_transform:${AMENT_PREFIX_PATH} CMAKE_PREFIX_PATH=/home/adam/ros_ws1/install/sensor_scan_generation:/home/adam/ros_ws1/install/loam_interface:/home/adam/ros_ws1/install/ign_sim_pointcloud_tool:/home/adam/ros_ws1/install/fake_vel_transform:/opt/ros/humble LD_LIBRARY_PATH=/home/adam/ros_ws1/install/sensor_scan_generation/lib:/home/adam/ros_ws1/install/loam_interface/lib:/home/adam/ros_ws1/install/ign_sim_pointcloud_tool/lib:/home/adam/ros_ws1/install/fake_vel_transform/lib:${LD_LIBRARY_PATH} /usr/bin/cmake /home/adam/ros_ws1/src/pb2025_sentry_nav/pb2025_sentry_nav -DCMAKE_BUILD_TYPE=Release -DAMENT_CMAKE_SYMLINK_INSTALL=1 -DCMAKE_INSTALL_PREFIX=/home/adam/ros_ws1/install/pb2025_sentry_nav
[0.168s] -- The C compiler identification is GNU 11.4.0
[0.243s] -- The CXX compiler identification is GNU 11.4.0
[0.256s] -- Detecting C compiler ABI info
[0.360s] -- Detecting C compiler ABI info - done
[0.370s] -- Check for working C compiler: /usr/bin/cc - skipped
[0.371s] -- Detecting C compile features
[0.371s] -- Detecting C compile features - done
[0.377s] -- Detecting CXX compiler ABI info
[0.499s] -- Detecting CXX compiler ABI info - done
[0.512s] -- Check for working CXX compiler: /usr/bin/c++ - skipped
[0.513s] -- Detecting CXX compile features
[0.513s] -- Detecting CXX compile features - done
[0.517s] -- Found ament_cmake_auto: 1.3.11 (/opt/ros/humble/share/ament_cmake_auto/cmake)
[0.720s] -- Found Python3: /usr/bin/python3 (found version "3.10.12") found components: Interpreter 
[0.813s] -- Override CMake install command with custom implementation using symlinks instead of copying resources
[0.858s] -- Found ament_lint_auto: 0.12.11 (/opt/ros/humble/share/ament_lint_auto/cmake)
[0.972s] -- Added test 'lint_cmake' to check CMake code style
[0.987s] -- Added test 'xmllint' to check XML markup files
[0.987s] -- Configuring done
[0.987s] -- Generating done
[0.992s] -- Build files have been written to: /home/adam/ros_ws1/build/pb2025_sentry_nav
[0.998s] Invoked command in '/home/adam/ros_ws1/build/pb2025_sentry_nav' returned '0': AMENT_PREFIX_PATH=/home/adam/ros_ws1/install/sensor_scan_generation:/home/adam/ros_ws1/install/loam_interface:/home/adam/ros_ws1/install/ign_sim_pointcloud_tool:/home/adam/ros_ws1/install/fake_vel_transform:${AMENT_PREFIX_PATH} CMAKE_PREFIX_PATH=/home/adam/ros_ws1/install/sensor_scan_generation:/home/adam/ros_ws1/install/loam_interface:/home/adam/ros_ws1/install/ign_sim_pointcloud_tool:/home/adam/ros_ws1/install/fake_vel_transform:/opt/ros/humble LD_LIBRARY_PATH=/home/adam/ros_ws1/install/sensor_scan_generation/lib:/home/adam/ros_ws1/install/loam_interface/lib:/home/adam/ros_ws1/install/ign_sim_pointcloud_tool/lib:/home/adam/ros_ws1/install/fake_vel_transform/lib:${LD_LIBRARY_PATH} /usr/bin/cmake /home/adam/ros_ws1/src/pb2025_sentry_nav/pb2025_sentry_nav -DCMAKE_BUILD_TYPE=Release -DAMENT_CMAKE_SYMLINK_INSTALL=1 -DCMAKE_INSTALL_PREFIX=/home/adam/ros_ws1/install/pb2025_sentry_nav
[0.999s] Invoking command in '/home/adam/ros_ws1/build/pb2025_sentry_nav': AMENT_PREFIX_PATH=/home/adam/ros_ws1/install/sensor_scan_generation:/home/adam/ros_ws1/install/loam_interface:/home/adam/ros_ws1/install/ign_sim_pointcloud_tool:/home/adam/ros_ws1/install/fake_vel_transform:${AMENT_PREFIX_PATH} CMAKE_PREFIX_PATH=/home/adam/ros_ws1/install/sensor_scan_generation:/home/adam/ros_ws1/install/loam_interface:/home/adam/ros_ws1/install/ign_sim_pointcloud_tool:/home/adam/ros_ws1/install/fake_vel_transform:/opt/ros/humble LD_LIBRARY_PATH=/home/adam/ros_ws1/install/sensor_scan_generation/lib:/home/adam/ros_ws1/install/loam_interface/lib:/home/adam/ros_ws1/install/ign_sim_pointcloud_tool/lib:/home/adam/ros_ws1/install/fake_vel_transform/lib:${LD_LIBRARY_PATH} /usr/bin/cmake --build /home/adam/ros_ws1/build/pb2025_sentry_nav -- -j8 -l8
[1.048s] Invoked command in '/home/adam/ros_ws1/build/pb2025_sentry_nav' returned '0': AMENT_PREFIX_PATH=/home/adam/ros_ws1/install/sensor_scan_generation:/home/adam/ros_ws1/install/loam_interface:/home/adam/ros_ws1/install/ign_sim_pointcloud_tool:/home/adam/ros_ws1/install/fake_vel_transform:${AMENT_PREFIX_PATH} CMAKE_PREFIX_PATH=/home/adam/ros_ws1/install/sensor_scan_generation:/home/adam/ros_ws1/install/loam_interface:/home/adam/ros_ws1/install/ign_sim_pointcloud_tool:/home/adam/ros_ws1/install/fake_vel_transform:/opt/ros/humble LD_LIBRARY_PATH=/home/adam/ros_ws1/install/sensor_scan_generation/lib:/home/adam/ros_ws1/install/loam_interface/lib:/home/adam/ros_ws1/install/ign_sim_pointcloud_tool/lib:/home/adam/ros_ws1/install/fake_vel_transform/lib:${LD_LIBRARY_PATH} /usr/bin/cmake --build /home/adam/ros_ws1/build/pb2025_sentry_nav -- -j8 -l8
[1.054s] Invoking command in '/home/adam/ros_ws1/build/pb2025_sentry_nav': AMENT_PREFIX_PATH=/home/adam/ros_ws1/install/sensor_scan_generation:/home/adam/ros_ws1/install/loam_interface:/home/adam/ros_ws1/install/ign_sim_pointcloud_tool:/home/adam/ros_ws1/install/fake_vel_transform:${AMENT_PREFIX_PATH} CMAKE_PREFIX_PATH=/home/adam/ros_ws1/install/sensor_scan_generation:/home/adam/ros_ws1/install/loam_interface:/home/adam/ros_ws1/install/ign_sim_pointcloud_tool:/home/adam/ros_ws1/install/fake_vel_transform:/opt/ros/humble LD_LIBRARY_PATH=/home/adam/ros_ws1/install/sensor_scan_generation/lib:/home/adam/ros_ws1/install/loam_interface/lib:/home/adam/ros_ws1/install/ign_sim_pointcloud_tool/lib:/home/adam/ros_ws1/install/fake_vel_transform/lib:${LD_LIBRARY_PATH} /usr/bin/cmake --install /home/adam/ros_ws1/build/pb2025_sentry_nav
[1.066s] -- Install configuration: "Release"
[1.067s] -- Execute custom install script
[1.067s] -- Symlinking: /home/adam/ros_ws1/install/pb2025_sentry_nav/share/ament_index/resource_index/package_run_dependencies/pb2025_sentry_nav
[1.078s] -- Symlinking: /home/adam/ros_ws1/install/pb2025_sentry_nav/share/ament_index/resource_index/parent_prefix_path/pb2025_sentry_nav
[1.089s] -- Symlinking: /home/adam/ros_ws1/install/pb2025_sentry_nav/share/pb2025_sentry_nav/environment/ament_prefix_path.sh
[1.103s] -- Symlinking: /home/adam/ros_ws1/install/pb2025_sentry_nav/share/pb2025_sentry_nav/environment/ament_prefix_path.dsv
[1.110s] -- Symlinking: /home/adam/ros_ws1/install/pb2025_sentry_nav/share/pb2025_sentry_nav/environment/path.sh
[1.122s] -- Symlinking: /home/adam/ros_ws1/install/pb2025_sentry_nav/share/pb2025_sentry_nav/environment/path.dsv
[1.134s] -- Symlinking: /home/adam/ros_ws1/install/pb2025_sentry_nav/share/pb2025_sentry_nav/local_setup.bash
[1.151s] -- Symlinking: /home/adam/ros_ws1/install/pb2025_sentry_nav/share/pb2025_sentry_nav/local_setup.sh
[1.165s] -- Symlinking: /home/adam/ros_ws1/install/pb2025_sentry_nav/share/pb2025_sentry_nav/local_setup.zsh
[1.176s] -- Symlinking: /home/adam/ros_ws1/install/pb2025_sentry_nav/share/pb2025_sentry_nav/local_setup.dsv
[1.188s] -- Symlinking: /home/adam/ros_ws1/install/pb2025_sentry_nav/share/pb2025_sentry_nav/package.dsv
[1.199s] -- Symlinking: /home/adam/ros_ws1/install/pb2025_sentry_nav/share/ament_index/resource_index/packages/pb2025_sentry_nav
[1.210s] -- Symlinking: /home/adam/ros_ws1/install/pb2025_sentry_nav/share/pb2025_sentry_nav/cmake/pb2025_sentry_navConfig.cmake
[1.222s] -- Symlinking: /home/adam/ros_ws1/install/pb2025_sentry_nav/share/pb2025_sentry_nav/cmake/pb2025_sentry_navConfig-version.cmake
[1.234s] -- Symlinking: /home/adam/ros_ws1/install/pb2025_sentry_nav/share/pb2025_sentry_nav/package.xml
[1.252s] Invoked command in '/home/adam/ros_ws1/build/pb2025_sentry_nav' returned '0': AMENT_PREFIX_PATH=/home/adam/ros_ws1/install/sensor_scan_generation:/home/adam/ros_ws1/install/loam_interface:/home/adam/ros_ws1/install/ign_sim_pointcloud_tool:/home/adam/ros_ws1/install/fake_vel_transform:${AMENT_PREFIX_PATH} CMAKE_PREFIX_PATH=/home/adam/ros_ws1/install/sensor_scan_generation:/home/adam/ros_ws1/install/loam_interface:/home/adam/ros_ws1/install/ign_sim_pointcloud_tool:/home/adam/ros_ws1/install/fake_vel_transform:/opt/ros/humble LD_LIBRARY_PATH=/home/adam/ros_ws1/install/sensor_scan_generation/lib:/home/adam/ros_ws1/install/loam_interface/lib:/home/adam/ros_ws1/install/ign_sim_pointcloud_tool/lib:/home/adam/ros_ws1/install/fake_vel_transform/lib:${LD_LIBRARY_PATH} /usr/bin/cmake --install /home/adam/ros_ws1/build/pb2025_sentry_nav
