[0.053s] Invoking command in '/home/adam/ros_ws/build/terrain_analysis': CMAKE_PREFIX_PATH=/opt/ros/humble /usr/bin/cmake --build /home/adam/ros_ws/build/terrain_analysis -- -j8 -l8
[0.253s] [35m[1mConsolidate compiler generated dependencies of target terrain_analysis_node[0m
[0.253s] [35m[1mConsolidate compiler generated dependencies of target terrain_analysis[0m
[0.253s] [ 50%] Built target terrain_analysis_node
[0.253s] [100%] Built target terrain_analysis
[0.435s] Invoked command in '/home/adam/ros_ws/build/terrain_analysis' returned '0': CMAKE_PREFIX_PATH=/opt/ros/humble /usr/bin/cmake --build /home/adam/ros_ws/build/terrain_analysis -- -j8 -l8
[0.437s] Invoking command in '/home/adam/ros_ws/build/terrain_analysis': CMAKE_PREFIX_PATH=/opt/ros/humble /usr/bin/cmake --install /home/adam/ros_ws/build/terrain_analysis
[0.444s] -- Install configuration: "Release"
[0.445s] -- Execute custom install script
[0.446s] -- Up-to-date symlink: /home/adam/ros_ws/install/terrain_analysis/lib/terrain_analysis/terrain_analysis_node
[0.446s] -- Up-to-date symlink: /home/adam/ros_ws/install/terrain_analysis/include/terrain_analysis/terrain_analysis.hpp
[0.446s] -- Up-to-date symlink: /home/adam/ros_ws/install/terrain_analysis/share/terrain_analysis/environment/library_path.sh
[0.446s] -- Up-to-date symlink: /home/adam/ros_ws/install/terrain_analysis/share/terrain_analysis/environment/library_path.dsv
[0.446s] -- Up-to-date symlink: /home/adam/ros_ws/install/terrain_analysis/lib/libterrain_analysis.so
[0.446s] -- Up-to-date symlink: /home/adam/ros_ws/install/terrain_analysis/share/terrain_analysis/launch/terrain_analysis_launch.py
[0.446s] -- Up-to-date symlink: /home/adam/ros_ws/install/terrain_analysis/share/ament_index/resource_index/package_run_dependencies/terrain_analysis
[0.447s] -- Up-to-date symlink: /home/adam/ros_ws/install/terrain_analysis/share/ament_index/resource_index/parent_prefix_path/terrain_analysis
[0.447s] -- Up-to-date symlink: /home/adam/ros_ws/install/terrain_analysis/share/terrain_analysis/environment/ament_prefix_path.sh
[0.447s] -- Up-to-date symlink: /home/adam/ros_ws/install/terrain_analysis/share/terrain_analysis/environment/ament_prefix_path.dsv
[0.447s] -- Up-to-date symlink: /home/adam/ros_ws/install/terrain_analysis/share/terrain_analysis/environment/path.sh
[0.447s] -- Up-to-date symlink: /home/adam/ros_ws/install/terrain_analysis/share/terrain_analysis/environment/path.dsv
[0.447s] -- Up-to-date symlink: /home/adam/ros_ws/install/terrain_analysis/share/terrain_analysis/local_setup.bash
[0.447s] -- Up-to-date symlink: /home/adam/ros_ws/install/terrain_analysis/share/terrain_analysis/local_setup.sh
[0.447s] -- Up-to-date symlink: /home/adam/ros_ws/install/terrain_analysis/share/terrain_analysis/local_setup.zsh
[0.447s] -- Up-to-date symlink: /home/adam/ros_ws/install/terrain_analysis/share/terrain_analysis/local_setup.dsv
[0.447s] -- Symlinking: /home/adam/ros_ws/install/terrain_analysis/share/terrain_analysis/package.dsv
[0.455s] -- Up-to-date symlink: /home/adam/ros_ws/install/terrain_analysis/share/ament_index/resource_index/packages/terrain_analysis
[0.455s] -- Up-to-date symlink: /home/adam/ros_ws/install/terrain_analysis/share/ament_index/resource_index/rclcpp_components/terrain_analysis
[0.455s] -- Up-to-date symlink: /home/adam/ros_ws/install/terrain_analysis/share/terrain_analysis/cmake/ament_cmake_export_dependencies-extras.cmake
[0.455s] -- Up-to-date symlink: /home/adam/ros_ws/install/terrain_analysis/share/terrain_analysis/cmake/ament_cmake_export_include_directories-extras.cmake
[0.455s] -- Up-to-date symlink: /home/adam/ros_ws/install/terrain_analysis/share/terrain_analysis/cmake/ament_cmake_export_libraries-extras.cmake
[0.455s] -- Up-to-date symlink: /home/adam/ros_ws/install/terrain_analysis/share/terrain_analysis/cmake/terrain_analysisConfig.cmake
[0.455s] -- Up-to-date symlink: /home/adam/ros_ws/install/terrain_analysis/share/terrain_analysis/cmake/terrain_analysisConfig-version.cmake
[0.456s] -- Up-to-date symlink: /home/adam/ros_ws/install/terrain_analysis/share/terrain_analysis/package.xml
[0.474s] Invoked command in '/home/adam/ros_ws/build/terrain_analysis' returned '0': CMAKE_PREFIX_PATH=/opt/ros/humble /usr/bin/cmake --install /home/adam/ros_ws/build/terrain_analysis
