[0.027s] Invoking command in '/home/kswlt/Desktop/Nav导航改进/ros_ws/build/referee_msg': CMAKE_PREFIX_PATH=/opt/ros/humble /usr/bin/cmake /home/kswlt/Desktop/Nav导航改进/ros_ws/src/pb2025_sentry_nav/referee_msg -DCMAKE_BUILD_TYPE=Release -DAMENT_CMAKE_SYMLINK_INSTALL=1 -DCMAKE_INSTALL_PREFIX=/home/kswlt/Desktop/Nav导航改进/ros_ws/install/referee_msg
[0.381s] -- The C compiler identification is GNU 11.4.0
[0.381s] -- The CXX compiler identification is GNU 11.4.0
[0.381s] -- Detecting C compiler ABI info
[0.382s] -- Detecting C compiler ABI info - done
[0.382s] -- Check for working C compiler: /usr/bin/cc - skipped
[0.382s] -- Detecting C compile features
[0.382s] -- Detecting C compile features - done
[0.382s] -- Detecting CXX compiler ABI info
[0.382s] -- Detecting CXX compiler ABI info - done
[0.382s] -- Check for working CXX compiler: /usr/bin/c++ - skipped
[0.382s] -- Detecting CXX compile features
[0.382s] -- Detecting CXX compile features - done
[0.382s] -- Found ament_cmake: 1.3.11 (/opt/ros/humble/share/ament_cmake/cmake)
[0.402s] -- Found Python3: /usr/bin/python3 (found version "3.10.12") found components: Interpreter 
[0.449s] -- Override CMake install command with custom implementation using symlinks instead of copying resources
[0.479s] -- Found rosidl_default_generators: 1.2.0 (/opt/ros/humble/share/rosidl_default_generators/cmake)
[0.483s] -- Using all available rosidl_typesupport_c: rosidl_typesupport_fastrtps_c;rosidl_typesupport_introspection_c
[0.490s] -- Found rosidl_adapter: 3.1.6 (/opt/ros/humble/share/rosidl_adapter/cmake)
[0.534s] -- Using all available rosidl_typesupport_cpp: rosidl_typesupport_fastrtps_cpp;rosidl_typesupport_introspection_cpp
[0.573s] -- Found ament_lint_auto: 0.12.12 (/opt/ros/humble/share/ament_lint_auto/cmake)
[0.719s] [31mCMake Error at /opt/ros/humble/share/rosidl_cmake/cmake/rosidl_generate_interfaces.cmake:240 (list):
[0.719s]   list index: 1 out of range (-1, 0)
[0.719s] Call Stack (most recent call first):
[0.719s]   CMakeLists.txt:24 (rosidl_generate_interfaces)
[0.719s] 
[0.719s] [0m
[0.721s] [31mCMake Error at /opt/ros/humble/share/rosidl_generator_c/cmake/rosidl_generator_c_generate_interfaces.cmake:69 (message):
[0.721s]   Target dependency '/home/kswlt/Desktop/Nav' does not exist
[0.721s] Call Stack (most recent call first):
[0.721s]   /opt/ros/humble/share/ament_cmake_core/cmake/core/ament_execute_extensions.cmake:48 (include)
[0.721s]   /opt/ros/humble/share/rosidl_cmake/cmake/rosidl_generate_interfaces.cmake:286 (ament_execute_extensions)
[0.721s]   CMakeLists.txt:24 (rosidl_generate_interfaces)
[0.721s] 
[0.721s] [0m
[0.721s] -- Configuring incomplete, errors occurred!
[0.721s] See also "/home/kswlt/Desktop/Nav导航改进/ros_ws/build/referee_msg/CMakeFiles/CMakeOutput.log".
[0.728s] Invoked command in '/home/kswlt/Desktop/Nav导航改进/ros_ws/build/referee_msg' returned '1': CMAKE_PREFIX_PATH=/opt/ros/humble /usr/bin/cmake /home/kswlt/Desktop/Nav导航改进/ros_ws/src/pb2025_sentry_nav/referee_msg -DCMAKE_BUILD_TYPE=Release -DAMENT_CMAKE_SYMLINK_INSTALL=1 -DCMAKE_INSTALL_PREFIX=/home/kswlt/Desktop/Nav导航改进/ros_ws/install/referee_msg
