[0.021s] Invoking command in '/home/adam/ros_ws/build/sensor_scan_generation': CMAKE_PREFIX_PATH=/opt/ros/humble /usr/bin/cmake /home/adam/ros_ws/src/pb2025_sentry_nav/sensor_scan_generation -DCMAKE_BUILD_TYPE=Release -DAMENT_CMAKE_SYMLINK_INSTALL=1 -DCMAKE_INSTALL_PREFIX=/home/adam/ros_ws/install/sensor_scan_generation
[0.116s] -- The C compiler identification is GNU 11.4.0
[0.220s] -- The CXX compiler identification is GNU 11.4.0
[0.231s] -- Detecting C compiler ABI info
[0.308s] -- Detecting C compiler ABI info - done
[0.320s] -- Check for working C compiler: /usr/bin/cc - skipped
[0.320s] -- Detecting C compile features
[0.320s] -- Detecting C compile features - done
[0.326s] -- Detecting CXX compiler ABI info
[0.468s] -- Detecting CXX compiler ABI info - done
[0.478s] -- Check for working CXX compiler: /usr/bin/c++ - skipped
[0.478s] -- Detecting CXX compile features
[0.479s] -- Detecting CXX compile features - done
[0.481s] -- Found ament_cmake_auto: 1.3.11 (/opt/ros/humble/share/ament_cmake_auto/cmake)
[0.676s] -- Found Python3: /usr/bin/python3 (found version "3.10.12") found components: Interpreter 
[0.759s] -- Override CMake install command with custom implementation using symlinks instead of copying resources
[0.916s] -- Found rosidl_generator_c: 3.1.6 (/opt/ros/humble/share/rosidl_generator_c/cmake)
[0.918s] -- Found rosidl_adapter: 3.1.6 (/opt/ros/humble/share/rosidl_adapter/cmake)
[0.927s] -- Found rosidl_generator_cpp: 3.1.6 (/opt/ros/humble/share/rosidl_generator_cpp/cmake)
[0.941s] -- Using all available rosidl_typesupport_c: rosidl_typesupport_fastrtps_c;rosidl_typesupport_introspection_c
[0.962s] -- Using all available rosidl_typesupport_cpp: rosidl_typesupport_fastrtps_cpp;rosidl_typesupport_introspection_cpp
[1.014s] -- Found rmw_implementation_cmake: 6.1.2 (/opt/ros/humble/share/rmw_implementation_cmake/cmake)
[1.017s] -- Found rmw_fastrtps_cpp: 6.2.7 (/opt/ros/humble/share/rmw_fastrtps_cpp/cmake)
[1.111s] -- Found OpenSSL: /usr/lib/x86_64-linux-gnu/libcrypto.so (found version "3.0.2")  
[1.145s] -- Found FastRTPS: /opt/ros/humble/include  
[1.184s] -- Using RMW implementation 'rmw_fastrtps_cpp' as default
[1.196s] -- Looking for pthread.h
[1.279s] -- Looking for pthread.h - found
[1.281s] -- Performing Test CMAKE_HAVE_LIBC_PTHREAD
[1.372s] -- Performing Test CMAKE_HAVE_LIBC_PTHREAD - Success
[1.372s] -- Found Threads: TRUE  
[1.580s] -- Checking for module 'eigen3'
[1.592s] --   Found eigen3, version 3.4.0
[1.624s] -- Found Eigen: /usr/include/eigen3 (Required is at least version "3.1") 
[1.624s] -- Eigen found (include: /usr/include/eigen3, version: 3.4.0)
[1.654s] -- Checking for module 'flann'
[1.666s] --   Found flann, version 1.9.1
[1.716s] -- Found FLANN: /usr/lib/x86_64-linux-gnu/libflann_cpp.so  
[1.718s] -- FLANN found (include: /usr/include, lib: /usr/lib/x86_64-linux-gnu/libflann_cpp.so)
[3.227s] -- Checking for module 'libusb-1.0'
[3.258s] --   Found libusb-1.0, version 1.0.25
[3.321s] -- Found libusb: /usr/lib/x86_64-linux-gnu/libusb-1.0.so  
[3.332s] -- OpenNI found (version: 1.5.4.0, include: /usr/include/ni, lib: /usr/lib/libOpenNI.so;libusb::libusb)
[3.451s] -- OpenNI2 found (version: 2.2.0.33, include: /usr/include/openni2, lib: /usr/lib/x86_64-linux-gnu/libOpenNI2.so;libusb::libusb)
[3.710s] -- Eigen found (include: /usr/include/eigen3, version: 3.4.0)
[3.724s] -- OpenNI found (version: 1.5.4.0, include: /usr/include/ni, lib: /usr/lib/libOpenNI.so;libusb::libusb)
[3.741s] -- OpenNI2 found (version: 2.2.0.33, include: /usr/include/openni2, lib: /usr/lib/x86_64-linux-gnu/libOpenNI2.so;libusb::libusb)
[4.096s] -- Found Qhull version 8.0.2
[4.427s] -- OpenNI found (version: 1.5.4.0, include: /usr/include/ni, lib: /usr/lib/libOpenNI.so;libusb::libusb)
[4.652s] -- Found PCL_COMMON: /usr/lib/x86_64-linux-gnu/libpcl_common.so  
[4.653s] -- Found PCL_KDTREE: /usr/lib/x86_64-linux-gnu/libpcl_kdtree.so  
[4.654s] -- Found PCL_OCTREE: /usr/lib/x86_64-linux-gnu/libpcl_octree.so  
[4.656s] -- Found PCL_SEARCH: /usr/lib/x86_64-linux-gnu/libpcl_search.so  
[4.657s] -- Found PCL_SAMPLE_CONSENSUS: /usr/lib/x86_64-linux-gnu/libpcl_sample_consensus.so  
[4.658s] -- Found PCL_FILTERS: /usr/lib/x86_64-linux-gnu/libpcl_filters.so  
[4.659s] -- Found PCL_2D: /usr/include/pcl-1.12  
[4.659s] -- Found PCL_GEOMETRY: /usr/include/pcl-1.12  
[4.661s] -- Found PCL_IO: /usr/lib/x86_64-linux-gnu/libpcl_io.so  
[4.663s] -- Found PCL_FEATURES: /usr/lib/x86_64-linux-gnu/libpcl_features.so  
[4.667s] -- Found PCL_ML: /usr/lib/x86_64-linux-gnu/libpcl_ml.so  
[4.667s] -- Found PCL_SEGMENTATION: /usr/lib/x86_64-linux-gnu/libpcl_segmentation.so  
[4.667s] -- Found PCL_VISUALIZATION: /usr/lib/x86_64-linux-gnu/libpcl_visualization.so  
[4.669s] -- Found PCL_SURFACE: /usr/lib/x86_64-linux-gnu/libpcl_surface.so  
[4.671s] -- Found PCL_REGISTRATION: /usr/lib/x86_64-linux-gnu/libpcl_registration.so  
[4.672s] -- Found PCL_KEYPOINTS: /usr/lib/x86_64-linux-gnu/libpcl_keypoints.so  
[4.674s] -- Found PCL_TRACKING: /usr/lib/x86_64-linux-gnu/libpcl_tracking.so  
[4.678s] -- Found PCL_RECOGNITION: /usr/lib/x86_64-linux-gnu/libpcl_recognition.so  
[4.678s] -- Found PCL_STEREO: /usr/lib/x86_64-linux-gnu/libpcl_stereo.so  
[4.679s] -- Found PCL_APPS: /usr/lib/x86_64-linux-gnu/libpcl_apps.so  
[4.681s] -- Found PCL_IN_HAND_SCANNER: /usr/include/pcl-1.12  
[4.682s] -- Found PCL_MODELER: /usr/include/pcl-1.12  
[4.683s] -- Found PCL_POINT_CLOUD_EDITOR: /usr/include/pcl-1.12  
[4.685s] -- Found PCL_OUTOFCORE: /usr/lib/x86_64-linux-gnu/libpcl_outofcore.so  
[4.688s] -- Found PCL_PEOPLE: /usr/lib/x86_64-linux-gnu/libpcl_people.so  
[4.720s] -- Found eigen3_cmake_module: 0.1.1 (/opt/ros/humble/share/eigen3_cmake_module/cmake)
[4.723s] -- Found Eigen3: TRUE (found version "3.4.0") 
[4.723s] -- Ensuring Eigen3 include directory is part of orocos-kdl CMake target
[4.833s] -- Found ament_lint_auto: 0.12.11 (/opt/ros/humble/share/ament_lint_auto/cmake)
[4.872s] -- Added test 'copyright' to check source files copyright and LICENSE
[4.873s] -- Added test 'cppcheck' to perform static code analysis on C / C++ code
[4.873s] -- Configured cppcheck include dirs: /home/adam/ros_ws/src/pb2025_sentry_nav/sensor_scan_generation/include
[4.874s] -- Configured cppcheck exclude dirs and/or files: 
[4.875s] -- Added test 'cpplint' to check C / C++ code against the Google style
[4.875s] -- Configured cpplint exclude dirs and/or files: 
[4.876s] -- Added test 'lint_cmake' to check CMake code style
[4.877s] -- Added test 'pep257' to check Python code against some of the docstring style conventions in PEP 257
[4.878s] -- Added test 'xmllint' to check XML markup files
[4.879s] -- Added test 'clang_format' to check C / C++ code style
[4.880s] -- Added test 'black' to check Python code style
[4.886s] -- Configuring done
[4.947s] -- Generating done
[4.966s] -- Build files have been written to: /home/adam/ros_ws/build/sensor_scan_generation
[5.006s] Invoked command in '/home/adam/ros_ws/build/sensor_scan_generation' returned '0': CMAKE_PREFIX_PATH=/opt/ros/humble /usr/bin/cmake /home/adam/ros_ws/src/pb2025_sentry_nav/sensor_scan_generation -DCMAKE_BUILD_TYPE=Release -DAMENT_CMAKE_SYMLINK_INSTALL=1 -DCMAKE_INSTALL_PREFIX=/home/adam/ros_ws/install/sensor_scan_generation
[5.012s] Invoking command in '/home/adam/ros_ws/build/sensor_scan_generation': CMAKE_PREFIX_PATH=/opt/ros/humble /usr/bin/cmake --build /home/adam/ros_ws/build/sensor_scan_generation -- -j8 -l8
[7.801s] [ 25%] [32mBuilding CXX object CMakeFiles/sensor_scan_generation.dir/src/sensor_scan_generation.cpp.o[0m
[7.801s] [ 50%] [32mBuilding CXX object CMakeFiles/sensor_scan_generation_node.dir/rclcpp_components/node_main_sensor_scan_generation_node.cpp.o[0m
[15.704s] [ 75%] [32m[1mLinking CXX executable sensor_scan_generation_node[0m
[16.126s] [ 75%] Built target sensor_scan_generation_node
[47.638s] [100%] [32m[1mLinking CXX shared library libsensor_scan_generation.so[0m
[48.618s] [100%] Built target sensor_scan_generation
[48.648s] Invoked command in '/home/adam/ros_ws/build/sensor_scan_generation' returned '0': CMAKE_PREFIX_PATH=/opt/ros/humble /usr/bin/cmake --build /home/adam/ros_ws/build/sensor_scan_generation -- -j8 -l8
[48.653s] Invoking command in '/home/adam/ros_ws/build/sensor_scan_generation': CMAKE_PREFIX_PATH=/opt/ros/humble /usr/bin/cmake --install /home/adam/ros_ws/build/sensor_scan_generation
[48.672s] -- Install configuration: "Release"
[48.672s] -- Execute custom install script
[48.672s] -- Symlinking: /home/adam/ros_ws/install/sensor_scan_generation/lib/sensor_scan_generation/sensor_scan_generation_node
[48.690s] -- Symlinking: /home/adam/ros_ws/install/sensor_scan_generation/include/sensor_scan_generation/sensor_scan_generation.hpp
[48.710s] -- Symlinking: /home/adam/ros_ws/install/sensor_scan_generation/share/sensor_scan_generation/environment/library_path.sh
[48.730s] -- Symlinking: /home/adam/ros_ws/install/sensor_scan_generation/share/sensor_scan_generation/environment/library_path.dsv
[48.751s] -- Symlinking: /home/adam/ros_ws/install/sensor_scan_generation/lib/libsensor_scan_generation.so
[48.770s] -- Symlinking: /home/adam/ros_ws/install/sensor_scan_generation/share/sensor_scan_generation/launch/sensor_scan_generation.launch.py
[48.792s] -- Symlinking: /home/adam/ros_ws/install/sensor_scan_generation/share/ament_index/resource_index/package_run_dependencies/sensor_scan_generation
[48.812s] -- Symlinking: /home/adam/ros_ws/install/sensor_scan_generation/share/ament_index/resource_index/parent_prefix_path/sensor_scan_generation
[48.834s] -- Symlinking: /home/adam/ros_ws/install/sensor_scan_generation/share/sensor_scan_generation/environment/ament_prefix_path.sh
[48.853s] -- Symlinking: /home/adam/ros_ws/install/sensor_scan_generation/share/sensor_scan_generation/environment/ament_prefix_path.dsv
[48.874s] -- Symlinking: /home/adam/ros_ws/install/sensor_scan_generation/share/sensor_scan_generation/environment/path.sh
[48.896s] -- Symlinking: /home/adam/ros_ws/install/sensor_scan_generation/share/sensor_scan_generation/environment/path.dsv
[48.916s] -- Symlinking: /home/adam/ros_ws/install/sensor_scan_generation/share/sensor_scan_generation/local_setup.bash
[48.936s] -- Symlinking: /home/adam/ros_ws/install/sensor_scan_generation/share/sensor_scan_generation/local_setup.sh
[48.957s] -- Symlinking: /home/adam/ros_ws/install/sensor_scan_generation/share/sensor_scan_generation/local_setup.zsh
[48.975s] -- Symlinking: /home/adam/ros_ws/install/sensor_scan_generation/share/sensor_scan_generation/local_setup.dsv
[48.993s] -- Symlinking: /home/adam/ros_ws/install/sensor_scan_generation/share/sensor_scan_generation/package.dsv
[49.014s] -- Symlinking: /home/adam/ros_ws/install/sensor_scan_generation/share/ament_index/resource_index/packages/sensor_scan_generation
[49.029s] -- Symlinking: /home/adam/ros_ws/install/sensor_scan_generation/share/ament_index/resource_index/rclcpp_components/sensor_scan_generation
[49.048s] -- Symlinking: /home/adam/ros_ws/install/sensor_scan_generation/share/sensor_scan_generation/cmake/ament_cmake_export_dependencies-extras.cmake
[49.071s] -- Symlinking: /home/adam/ros_ws/install/sensor_scan_generation/share/sensor_scan_generation/cmake/ament_cmake_export_include_directories-extras.cmake
[49.089s] -- Symlinking: /home/adam/ros_ws/install/sensor_scan_generation/share/sensor_scan_generation/cmake/ament_cmake_export_libraries-extras.cmake
[49.102s] -- Symlinking: /home/adam/ros_ws/install/sensor_scan_generation/share/sensor_scan_generation/cmake/sensor_scan_generationConfig.cmake
[49.120s] -- Symlinking: /home/adam/ros_ws/install/sensor_scan_generation/share/sensor_scan_generation/cmake/sensor_scan_generationConfig-version.cmake
[49.142s] -- Symlinking: /home/adam/ros_ws/install/sensor_scan_generation/share/sensor_scan_generation/package.xml
[49.168s] Invoked command in '/home/adam/ros_ws/build/sensor_scan_generation' returned '0': CMAKE_PREFIX_PATH=/opt/ros/humble /usr/bin/cmake --install /home/adam/ros_ws/build/sensor_scan_generation
