[0.023s] Invoking command in '/home/adam/ros_ws/build/pb2025_nav_bringup': AMENT_PREFIX_PATH=/home/adam/ros_ws/install/point_lio:/home/adam/ros_ws/install/pb2025_sentry_nav:/home/adam/ros_ws/install/terrain_analysis:/home/adam/ros_ws/install/small_gicp_relocalization:/home/adam/ros_ws/install/sensor_scan_generation:/home/adam/ros_ws/install/pb_teleop_twist_joy:/home/adam/ros_ws/install/pb_omni_pid_pursuit_controller:/home/adam/ros_ws/install/pb_nav2_plugins:/home/adam/ros_ws/install/loam_interface:/home/adam/ros_ws/install/livox_ros_driver2:/home/adam/ros_ws/install/ign_sim_pointcloud_tool:/home/adam/ros_ws/install/fake_vel_transform:${AMENT_PREFIX_PATH} CMAKE_PREFIX_PATH=/home/adam/ros_ws/install/point_lio:/home/adam/ros_ws/install/pb2025_sentry_nav:/home/adam/ros_ws/install/terrain_analysis:/home/adam/ros_ws/install/small_gicp_relocalization:/home/adam/ros_ws/install/sensor_scan_generation:/home/adam/ros_ws/install/pb_teleop_twist_joy:/home/adam/ros_ws/install/pb_omni_pid_pursuit_controller:/home/adam/ros_ws/install/pb_nav2_plugins:/home/adam/ros_ws/install/loam_interface:/home/adam/ros_ws/install/livox_ros_driver2:/home/adam/ros_ws/install/ign_sim_pointcloud_tool:/home/adam/ros_ws/install/fake_vel_transform:/opt/ros/humble LD_LIBRARY_PATH=/home/adam/ros_ws/install/terrain_analysis/lib:/home/adam/ros_ws/install/small_gicp_relocalization/lib:/home/adam/ros_ws/install/sensor_scan_generation/lib:/home/adam/ros_ws/install/pb_teleop_twist_joy/lib:/home/adam/ros_ws/install/pb_omni_pid_pursuit_controller/lib:/home/adam/ros_ws/install/pb_nav2_plugins/lib:/home/adam/ros_ws/install/loam_interface/lib:/home/adam/ros_ws/install/livox_ros_driver2/lib:/home/adam/ros_ws/install/ign_sim_pointcloud_tool/lib:/home/adam/ros_ws/install/fake_vel_transform/lib:${LD_LIBRARY_PATH} PYTHONPATH=/home/adam/ros_ws/install/livox_ros_driver2/local/lib/python3.10/dist-packages:${PYTHONPATH} /usr/bin/cmake /home/adam/ros_ws/src/pb2025_sentry_nav/pb2025_nav_bringup -DCMAKE_BUILD_TYPE=Release -DAMENT_CMAKE_SYMLINK_INSTALL=1 -DCMAKE_INSTALL_PREFIX=/home/adam/ros_ws/install/pb2025_nav_bringup
[0.064s] -- The C compiler identification is GNU 11.4.0
[0.109s] -- The CXX compiler identification is GNU 11.4.0
[0.114s] -- Detecting C compiler ABI info
[0.166s] -- Detecting C compiler ABI info - done
[0.171s] -- Check for working C compiler: /usr/bin/cc - skipped
[0.172s] -- Detecting C compile features
[0.172s] -- Detecting C compile features - done
[0.174s] -- Detecting CXX compiler ABI info
[0.234s] -- Detecting CXX compiler ABI info - done
[0.241s] -- Check for working CXX compiler: /usr/bin/c++ - skipped
[0.241s] -- Detecting CXX compile features
[0.242s] -- Detecting CXX compile features - done
[0.244s] -- Found ament_cmake_auto: 1.3.11 (/opt/ros/humble/share/ament_cmake_auto/cmake)
[0.351s] -- Found Python3: /usr/bin/python3 (found version "3.10.12") found components: Interpreter 
[0.395s] -- Override CMake install command with custom implementation using symlinks instead of copying resources
[0.421s] -- Found ament_lint_auto: 0.12.11 (/opt/ros/humble/share/ament_lint_auto/cmake)
[0.484s] -- Added test 'copyright' to check source files copyright and LICENSE
[0.487s] -- Added test 'lint_cmake' to check CMake code style
[0.487s] -- Added test 'pep257' to check Python code against some of the docstring style conventions in PEP 257
[0.488s] -- Added test 'xmllint' to check XML markup files
[0.489s] -- Added test 'black' to check Python code style
[0.491s] -- Configuring done
[0.493s] -- Generating done
[0.495s] -- Build files have been written to: /home/adam/ros_ws/build/pb2025_nav_bringup
[0.499s] Invoked command in '/home/adam/ros_ws/build/pb2025_nav_bringup' returned '0': AMENT_PREFIX_PATH=/home/adam/ros_ws/install/point_lio:/home/adam/ros_ws/install/pb2025_sentry_nav:/home/adam/ros_ws/install/terrain_analysis:/home/adam/ros_ws/install/small_gicp_relocalization:/home/adam/ros_ws/install/sensor_scan_generation:/home/adam/ros_ws/install/pb_teleop_twist_joy:/home/adam/ros_ws/install/pb_omni_pid_pursuit_controller:/home/adam/ros_ws/install/pb_nav2_plugins:/home/adam/ros_ws/install/loam_interface:/home/adam/ros_ws/install/livox_ros_driver2:/home/adam/ros_ws/install/ign_sim_pointcloud_tool:/home/adam/ros_ws/install/fake_vel_transform:${AMENT_PREFIX_PATH} CMAKE_PREFIX_PATH=/home/adam/ros_ws/install/point_lio:/home/adam/ros_ws/install/pb2025_sentry_nav:/home/adam/ros_ws/install/terrain_analysis:/home/adam/ros_ws/install/small_gicp_relocalization:/home/adam/ros_ws/install/sensor_scan_generation:/home/adam/ros_ws/install/pb_teleop_twist_joy:/home/adam/ros_ws/install/pb_omni_pid_pursuit_controller:/home/adam/ros_ws/install/pb_nav2_plugins:/home/adam/ros_ws/install/loam_interface:/home/adam/ros_ws/install/livox_ros_driver2:/home/adam/ros_ws/install/ign_sim_pointcloud_tool:/home/adam/ros_ws/install/fake_vel_transform:/opt/ros/humble LD_LIBRARY_PATH=/home/adam/ros_ws/install/terrain_analysis/lib:/home/adam/ros_ws/install/small_gicp_relocalization/lib:/home/adam/ros_ws/install/sensor_scan_generation/lib:/home/adam/ros_ws/install/pb_teleop_twist_joy/lib:/home/adam/ros_ws/install/pb_omni_pid_pursuit_controller/lib:/home/adam/ros_ws/install/pb_nav2_plugins/lib:/home/adam/ros_ws/install/loam_interface/lib:/home/adam/ros_ws/install/livox_ros_driver2/lib:/home/adam/ros_ws/install/ign_sim_pointcloud_tool/lib:/home/adam/ros_ws/install/fake_vel_transform/lib:${LD_LIBRARY_PATH} PYTHONPATH=/home/adam/ros_ws/install/livox_ros_driver2/local/lib/python3.10/dist-packages:${PYTHONPATH} /usr/bin/cmake /home/adam/ros_ws/src/pb2025_sentry_nav/pb2025_nav_bringup -DCMAKE_BUILD_TYPE=Release -DAMENT_CMAKE_SYMLINK_INSTALL=1 -DCMAKE_INSTALL_PREFIX=/home/adam/ros_ws/install/pb2025_nav_bringup
[0.500s] Invoking command in '/home/adam/ros_ws/build/pb2025_nav_bringup': AMENT_PREFIX_PATH=/home/adam/ros_ws/install/point_lio:/home/adam/ros_ws/install/pb2025_sentry_nav:/home/adam/ros_ws/install/terrain_analysis:/home/adam/ros_ws/install/small_gicp_relocalization:/home/adam/ros_ws/install/sensor_scan_generation:/home/adam/ros_ws/install/pb_teleop_twist_joy:/home/adam/ros_ws/install/pb_omni_pid_pursuit_controller:/home/adam/ros_ws/install/pb_nav2_plugins:/home/adam/ros_ws/install/loam_interface:/home/adam/ros_ws/install/livox_ros_driver2:/home/adam/ros_ws/install/ign_sim_pointcloud_tool:/home/adam/ros_ws/install/fake_vel_transform:${AMENT_PREFIX_PATH} CMAKE_PREFIX_PATH=/home/adam/ros_ws/install/point_lio:/home/adam/ros_ws/install/pb2025_sentry_nav:/home/adam/ros_ws/install/terrain_analysis:/home/adam/ros_ws/install/small_gicp_relocalization:/home/adam/ros_ws/install/sensor_scan_generation:/home/adam/ros_ws/install/pb_teleop_twist_joy:/home/adam/ros_ws/install/pb_omni_pid_pursuit_controller:/home/adam/ros_ws/install/pb_nav2_plugins:/home/adam/ros_ws/install/loam_interface:/home/adam/ros_ws/install/livox_ros_driver2:/home/adam/ros_ws/install/ign_sim_pointcloud_tool:/home/adam/ros_ws/install/fake_vel_transform:/opt/ros/humble LD_LIBRARY_PATH=/home/adam/ros_ws/install/terrain_analysis/lib:/home/adam/ros_ws/install/small_gicp_relocalization/lib:/home/adam/ros_ws/install/sensor_scan_generation/lib:/home/adam/ros_ws/install/pb_teleop_twist_joy/lib:/home/adam/ros_ws/install/pb_omni_pid_pursuit_controller/lib:/home/adam/ros_ws/install/pb_nav2_plugins/lib:/home/adam/ros_ws/install/loam_interface/lib:/home/adam/ros_ws/install/livox_ros_driver2/lib:/home/adam/ros_ws/install/ign_sim_pointcloud_tool/lib:/home/adam/ros_ws/install/fake_vel_transform/lib:${LD_LIBRARY_PATH} PYTHONPATH=/home/adam/ros_ws/install/livox_ros_driver2/local/lib/python3.10/dist-packages:${PYTHONPATH} /usr/bin/cmake --build /home/adam/ros_ws/build/pb2025_nav_bringup -- -j8 -l8
[0.527s] Invoked command in '/home/adam/ros_ws/build/pb2025_nav_bringup' returned '0': AMENT_PREFIX_PATH=/home/adam/ros_ws/install/point_lio:/home/adam/ros_ws/install/pb2025_sentry_nav:/home/adam/ros_ws/install/terrain_analysis:/home/adam/ros_ws/install/small_gicp_relocalization:/home/adam/ros_ws/install/sensor_scan_generation:/home/adam/ros_ws/install/pb_teleop_twist_joy:/home/adam/ros_ws/install/pb_omni_pid_pursuit_controller:/home/adam/ros_ws/install/pb_nav2_plugins:/home/adam/ros_ws/install/loam_interface:/home/adam/ros_ws/install/livox_ros_driver2:/home/adam/ros_ws/install/ign_sim_pointcloud_tool:/home/adam/ros_ws/install/fake_vel_transform:${AMENT_PREFIX_PATH} CMAKE_PREFIX_PATH=/home/adam/ros_ws/install/point_lio:/home/adam/ros_ws/install/pb2025_sentry_nav:/home/adam/ros_ws/install/terrain_analysis:/home/adam/ros_ws/install/small_gicp_relocalization:/home/adam/ros_ws/install/sensor_scan_generation:/home/adam/ros_ws/install/pb_teleop_twist_joy:/home/adam/ros_ws/install/pb_omni_pid_pursuit_controller:/home/adam/ros_ws/install/pb_nav2_plugins:/home/adam/ros_ws/install/loam_interface:/home/adam/ros_ws/install/livox_ros_driver2:/home/adam/ros_ws/install/ign_sim_pointcloud_tool:/home/adam/ros_ws/install/fake_vel_transform:/opt/ros/humble LD_LIBRARY_PATH=/home/adam/ros_ws/install/terrain_analysis/lib:/home/adam/ros_ws/install/small_gicp_relocalization/lib:/home/adam/ros_ws/install/sensor_scan_generation/lib:/home/adam/ros_ws/install/pb_teleop_twist_joy/lib:/home/adam/ros_ws/install/pb_omni_pid_pursuit_controller/lib:/home/adam/ros_ws/install/pb_nav2_plugins/lib:/home/adam/ros_ws/install/loam_interface/lib:/home/adam/ros_ws/install/livox_ros_driver2/lib:/home/adam/ros_ws/install/ign_sim_pointcloud_tool/lib:/home/adam/ros_ws/install/fake_vel_transform/lib:${LD_LIBRARY_PATH} PYTHONPATH=/home/adam/ros_ws/install/livox_ros_driver2/local/lib/python3.10/dist-packages:${PYTHONPATH} /usr/bin/cmake --build /home/adam/ros_ws/build/pb2025_nav_bringup -- -j8 -l8
[0.528s] Invoking command in '/home/adam/ros_ws/build/pb2025_nav_bringup': AMENT_PREFIX_PATH=/home/adam/ros_ws/install/point_lio:/home/adam/ros_ws/install/pb2025_sentry_nav:/home/adam/ros_ws/install/terrain_analysis:/home/adam/ros_ws/install/small_gicp_relocalization:/home/adam/ros_ws/install/sensor_scan_generation:/home/adam/ros_ws/install/pb_teleop_twist_joy:/home/adam/ros_ws/install/pb_omni_pid_pursuit_controller:/home/adam/ros_ws/install/pb_nav2_plugins:/home/adam/ros_ws/install/loam_interface:/home/adam/ros_ws/install/livox_ros_driver2:/home/adam/ros_ws/install/ign_sim_pointcloud_tool:/home/adam/ros_ws/install/fake_vel_transform:${AMENT_PREFIX_PATH} CMAKE_PREFIX_PATH=/home/adam/ros_ws/install/point_lio:/home/adam/ros_ws/install/pb2025_sentry_nav:/home/adam/ros_ws/install/terrain_analysis:/home/adam/ros_ws/install/small_gicp_relocalization:/home/adam/ros_ws/install/sensor_scan_generation:/home/adam/ros_ws/install/pb_teleop_twist_joy:/home/adam/ros_ws/install/pb_omni_pid_pursuit_controller:/home/adam/ros_ws/install/pb_nav2_plugins:/home/adam/ros_ws/install/loam_interface:/home/adam/ros_ws/install/livox_ros_driver2:/home/adam/ros_ws/install/ign_sim_pointcloud_tool:/home/adam/ros_ws/install/fake_vel_transform:/opt/ros/humble LD_LIBRARY_PATH=/home/adam/ros_ws/install/terrain_analysis/lib:/home/adam/ros_ws/install/small_gicp_relocalization/lib:/home/adam/ros_ws/install/sensor_scan_generation/lib:/home/adam/ros_ws/install/pb_teleop_twist_joy/lib:/home/adam/ros_ws/install/pb_omni_pid_pursuit_controller/lib:/home/adam/ros_ws/install/pb_nav2_plugins/lib:/home/adam/ros_ws/install/loam_interface/lib:/home/adam/ros_ws/install/livox_ros_driver2/lib:/home/adam/ros_ws/install/ign_sim_pointcloud_tool/lib:/home/adam/ros_ws/install/fake_vel_transform/lib:${LD_LIBRARY_PATH} PYTHONPATH=/home/adam/ros_ws/install/livox_ros_driver2/local/lib/python3.10/dist-packages:${PYTHONPATH} /usr/bin/cmake --install /home/adam/ros_ws/build/pb2025_nav_bringup
[0.536s] -- Install configuration: "Release"
[0.536s] -- Execute custom install script
[0.537s] -- Symlinking: /home/adam/ros_ws/install/pb2025_nav_bringup/share/pb2025_nav_bringup/launch/bringup_launch.py
[0.546s] -- Symlinking: /home/adam/ros_ws/install/pb2025_nav_bringup/share/pb2025_nav_bringup/launch/joy_teleop_launch.py
[0.552s] -- Symlinking: /home/adam/ros_ws/install/pb2025_nav_bringup/share/pb2025_nav_bringup/launch/localization_launch.py
[0.558s] -- Symlinking: /home/adam/ros_ws/install/pb2025_nav_bringup/share/pb2025_nav_bringup/launch/navigation_launch.py
[0.564s] -- Symlinking: /home/adam/ros_ws/install/pb2025_nav_bringup/share/pb2025_nav_bringup/launch/rm_multi_sentry_simulation_launch.py
[0.570s] -- Symlinking: /home/adam/ros_ws/install/pb2025_nav_bringup/share/pb2025_nav_bringup/launch/rm_sentry_reality_launch.py
[0.576s] -- Symlinking: /home/adam/ros_ws/install/pb2025_nav_bringup/share/pb2025_nav_bringup/launch/rm_sentry_simulation_launch.py
[0.582s] -- Symlinking: /home/adam/ros_ws/install/pb2025_nav_bringup/share/pb2025_nav_bringup/launch/rm_sentry_state_publisher_launch.py
[0.588s] -- Symlinking: /home/adam/ros_ws/install/pb2025_nav_bringup/share/pb2025_nav_bringup/launch/rviz_launch.py
[0.595s] -- Symlinking: /home/adam/ros_ws/install/pb2025_nav_bringup/share/pb2025_nav_bringup/launch/slam_launch.py
[0.601s] -- Symlinking: /home/adam/ros_ws/install/pb2025_nav_bringup/share/pb2025_nav_bringup/map/reality/reserve
[0.607s] -- Symlinking: /home/adam/ros_ws/install/pb2025_nav_bringup/share/pb2025_nav_bringup/map/simulation/rmuc_2024.pgm
[0.614s] -- Symlinking: /home/adam/ros_ws/install/pb2025_nav_bringup/share/pb2025_nav_bringup/map/simulation/rmuc_2024.yaml
[0.620s] -- Symlinking: /home/adam/ros_ws/install/pb2025_nav_bringup/share/pb2025_nav_bringup/map/simulation/rmuc_2025.pgm
[0.626s] -- Symlinking: /home/adam/ros_ws/install/pb2025_nav_bringup/share/pb2025_nav_bringup/map/simulation/rmuc_2025.yaml
[0.632s] -- Symlinking: /home/adam/ros_ws/install/pb2025_nav_bringup/share/pb2025_nav_bringup/map/simulation/rmul_2024.pgm
[0.638s] -- Symlinking: /home/adam/ros_ws/install/pb2025_nav_bringup/share/pb2025_nav_bringup/map/simulation/rmul_2024.yaml
[0.645s] -- Symlinking: /home/adam/ros_ws/install/pb2025_nav_bringup/share/pb2025_nav_bringup/map/simulation/rmul_2025.pgm
[0.652s] -- Symlinking: /home/adam/ros_ws/install/pb2025_nav_bringup/share/pb2025_nav_bringup/map/simulation/rmul_2025.yaml
[0.658s] -- Symlinking: /home/adam/ros_ws/install/pb2025_nav_bringup/share/pb2025_nav_bringup/pcd/reality/reserve
[0.665s] -- Symlinking: /home/adam/ros_ws/install/pb2025_nav_bringup/share/pb2025_nav_bringup/pcd/simulation/readme.md
[0.671s] -- Symlinking: /home/adam/ros_ws/install/pb2025_nav_bringup/share/pb2025_nav_bringup/config/reality/mid360_user_config.json
[0.678s] -- Symlinking: /home/adam/ros_ws/install/pb2025_nav_bringup/share/pb2025_nav_bringup/config/reality/nav2_params.yaml
[0.685s] -- Symlinking: /home/adam/ros_ws/install/pb2025_nav_bringup/share/pb2025_nav_bringup/config/simulation/nav2_params.yaml
[0.691s] -- Symlinking: /home/adam/ros_ws/install/pb2025_nav_bringup/share/pb2025_nav_bringup/behavior_trees/navigate_through_poses_w_replanning_and_recovery.xml
[0.698s] -- Symlinking: /home/adam/ros_ws/install/pb2025_nav_bringup/share/pb2025_nav_bringup/behavior_trees/navigate_to_pose_w_replanning_and_recovery.xml
[0.704s] -- Symlinking: /home/adam/ros_ws/install/pb2025_nav_bringup/share/pb2025_nav_bringup/rviz/nav2_default_view.rviz
[0.711s] -- Symlinking: /home/adam/ros_ws/install/pb2025_nav_bringup/share/ament_index/resource_index/package_run_dependencies/pb2025_nav_bringup
[0.718s] -- Symlinking: /home/adam/ros_ws/install/pb2025_nav_bringup/share/ament_index/resource_index/parent_prefix_path/pb2025_nav_bringup
[0.724s] -- Symlinking: /home/adam/ros_ws/install/pb2025_nav_bringup/share/pb2025_nav_bringup/environment/ament_prefix_path.sh
[0.731s] -- Symlinking: /home/adam/ros_ws/install/pb2025_nav_bringup/share/pb2025_nav_bringup/environment/ament_prefix_path.dsv
[0.737s] -- Symlinking: /home/adam/ros_ws/install/pb2025_nav_bringup/share/pb2025_nav_bringup/environment/path.sh
[0.744s] -- Symlinking: /home/adam/ros_ws/install/pb2025_nav_bringup/share/pb2025_nav_bringup/environment/path.dsv
[0.752s] -- Symlinking: /home/adam/ros_ws/install/pb2025_nav_bringup/share/pb2025_nav_bringup/local_setup.bash
[0.759s] -- Symlinking: /home/adam/ros_ws/install/pb2025_nav_bringup/share/pb2025_nav_bringup/local_setup.sh
[0.765s] -- Symlinking: /home/adam/ros_ws/install/pb2025_nav_bringup/share/pb2025_nav_bringup/local_setup.zsh
[0.772s] -- Symlinking: /home/adam/ros_ws/install/pb2025_nav_bringup/share/pb2025_nav_bringup/local_setup.dsv
[0.779s] -- Symlinking: /home/adam/ros_ws/install/pb2025_nav_bringup/share/pb2025_nav_bringup/package.dsv
[0.786s] -- Symlinking: /home/adam/ros_ws/install/pb2025_nav_bringup/share/ament_index/resource_index/packages/pb2025_nav_bringup
[0.792s] -- Symlinking: /home/adam/ros_ws/install/pb2025_nav_bringup/share/pb2025_nav_bringup/cmake/pb2025_nav_bringupConfig.cmake
[0.799s] -- Symlinking: /home/adam/ros_ws/install/pb2025_nav_bringup/share/pb2025_nav_bringup/cmake/pb2025_nav_bringupConfig-version.cmake
[0.806s] -- Symlinking: /home/adam/ros_ws/install/pb2025_nav_bringup/share/pb2025_nav_bringup/package.xml
[0.815s] Invoked command in '/home/adam/ros_ws/build/pb2025_nav_bringup' returned '0': AMENT_PREFIX_PATH=/home/adam/ros_ws/install/point_lio:/home/adam/ros_ws/install/pb2025_sentry_nav:/home/adam/ros_ws/install/terrain_analysis:/home/adam/ros_ws/install/small_gicp_relocalization:/home/adam/ros_ws/install/sensor_scan_generation:/home/adam/ros_ws/install/pb_teleop_twist_joy:/home/adam/ros_ws/install/pb_omni_pid_pursuit_controller:/home/adam/ros_ws/install/pb_nav2_plugins:/home/adam/ros_ws/install/loam_interface:/home/adam/ros_ws/install/livox_ros_driver2:/home/adam/ros_ws/install/ign_sim_pointcloud_tool:/home/adam/ros_ws/install/fake_vel_transform:${AMENT_PREFIX_PATH} CMAKE_PREFIX_PATH=/home/adam/ros_ws/install/point_lio:/home/adam/ros_ws/install/pb2025_sentry_nav:/home/adam/ros_ws/install/terrain_analysis:/home/adam/ros_ws/install/small_gicp_relocalization:/home/adam/ros_ws/install/sensor_scan_generation:/home/adam/ros_ws/install/pb_teleop_twist_joy:/home/adam/ros_ws/install/pb_omni_pid_pursuit_controller:/home/adam/ros_ws/install/pb_nav2_plugins:/home/adam/ros_ws/install/loam_interface:/home/adam/ros_ws/install/livox_ros_driver2:/home/adam/ros_ws/install/ign_sim_pointcloud_tool:/home/adam/ros_ws/install/fake_vel_transform:/opt/ros/humble LD_LIBRARY_PATH=/home/adam/ros_ws/install/terrain_analysis/lib:/home/adam/ros_ws/install/small_gicp_relocalization/lib:/home/adam/ros_ws/install/sensor_scan_generation/lib:/home/adam/ros_ws/install/pb_teleop_twist_joy/lib:/home/adam/ros_ws/install/pb_omni_pid_pursuit_controller/lib:/home/adam/ros_ws/install/pb_nav2_plugins/lib:/home/adam/ros_ws/install/loam_interface/lib:/home/adam/ros_ws/install/livox_ros_driver2/lib:/home/adam/ros_ws/install/ign_sim_pointcloud_tool/lib:/home/adam/ros_ws/install/fake_vel_transform/lib:${LD_LIBRARY_PATH} PYTHONPATH=/home/adam/ros_ws/install/livox_ros_driver2/local/lib/python3.10/dist-packages:${PYTHONPATH} /usr/bin/cmake --install /home/adam/ros_ws/build/pb2025_nav_bringup
