[0.042s] Invoking command in '/home/adam/ros_ws1/build/ign_sim_pointcloud_tool': CMAKE_PREFIX_PATH=${CMAKE_PREFIX_PATH}:/home/adam/ros_ws1/install/rm_static_tf:/home/adam/ros_ws1/install/my_serial_py:/home/adam/ros_ws1/install/my_nav_controller:/opt/ros/humble /usr/bin/cmake --build /home/adam/ros_ws1/build/ign_sim_pointcloud_tool -- -j8 -l8
[0.176s] [ 50%] Built target ign_sim_pointcloud_tool_node
[0.188s] [100%] Built target ign_sim_pointcloud_tool
[0.249s] Invoked command in '/home/adam/ros_ws1/build/ign_sim_pointcloud_tool' returned '0': CMAKE_PREFIX_PATH=${CMAKE_PREFIX_PATH}:/home/adam/ros_ws1/install/rm_static_tf:/home/adam/ros_ws1/install/my_serial_py:/home/adam/ros_ws1/install/my_nav_controller:/opt/ros/humble /usr/bin/cmake --build /home/adam/ros_ws1/build/ign_sim_pointcloud_tool -- -j8 -l8
[0.252s] Invoking command in '/home/adam/ros_ws1/build/ign_sim_pointcloud_tool': CMAKE_PREFIX_PATH=${CMAKE_PREFIX_PATH}:/home/adam/ros_ws1/install/rm_static_tf:/home/adam/ros_ws1/install/my_serial_py:/home/adam/ros_ws1/install/my_nav_controller:/opt/ros/humble /usr/bin/cmake --install /home/adam/ros_ws1/build/ign_sim_pointcloud_tool
[0.262s] -- Install configuration: "Release"
[0.262s] -- Execute custom install script
[0.262s] -- Up-to-date symlink: /home/adam/ros_ws1/install/ign_sim_pointcloud_tool/lib/ign_sim_pointcloud_tool/ign_sim_pointcloud_tool_node
[0.262s] -- Up-to-date symlink: /home/adam/ros_ws1/install/ign_sim_pointcloud_tool/include/ign_sim_pointcloud_tool/point_cloud_converter.hpp
[0.262s] -- Up-to-date symlink: /home/adam/ros_ws1/install/ign_sim_pointcloud_tool/share/ign_sim_pointcloud_tool/environment/library_path.sh
[0.262s] -- Up-to-date symlink: /home/adam/ros_ws1/install/ign_sim_pointcloud_tool/share/ign_sim_pointcloud_tool/environment/library_path.dsv
[0.262s] -- Up-to-date symlink: /home/adam/ros_ws1/install/ign_sim_pointcloud_tool/lib/libign_sim_pointcloud_tool.so
[0.262s] -- Up-to-date symlink: /home/adam/ros_ws1/install/ign_sim_pointcloud_tool/share/ament_index/resource_index/package_run_dependencies/ign_sim_pointcloud_tool
[0.270s] -- Up-to-date symlink: /home/adam/ros_ws1/install/ign_sim_pointcloud_tool/share/ament_index/resource_index/parent_prefix_path/ign_sim_pointcloud_tool
[0.270s] -- Up-to-date symlink: /home/adam/ros_ws1/install/ign_sim_pointcloud_tool/share/ign_sim_pointcloud_tool/environment/ament_prefix_path.sh
[0.270s] -- Up-to-date symlink: /home/adam/ros_ws1/install/ign_sim_pointcloud_tool/share/ign_sim_pointcloud_tool/environment/ament_prefix_path.dsv
[0.270s] -- Up-to-date symlink: /home/adam/ros_ws1/install/ign_sim_pointcloud_tool/share/ign_sim_pointcloud_tool/environment/path.sh
[0.270s] -- Up-to-date symlink: /home/adam/ros_ws1/install/ign_sim_pointcloud_tool/share/ign_sim_pointcloud_tool/environment/path.dsv
[0.270s] -- Up-to-date symlink: /home/adam/ros_ws1/install/ign_sim_pointcloud_tool/share/ign_sim_pointcloud_tool/local_setup.bash
[0.271s] -- Up-to-date symlink: /home/adam/ros_ws1/install/ign_sim_pointcloud_tool/share/ign_sim_pointcloud_tool/local_setup.sh
[0.271s] -- Up-to-date symlink: /home/adam/ros_ws1/install/ign_sim_pointcloud_tool/share/ign_sim_pointcloud_tool/local_setup.zsh
[0.271s] -- Up-to-date symlink: /home/adam/ros_ws1/install/ign_sim_pointcloud_tool/share/ign_sim_pointcloud_tool/local_setup.dsv
[0.271s] -- Symlinking: /home/adam/ros_ws1/install/ign_sim_pointcloud_tool/share/ign_sim_pointcloud_tool/package.dsv
[0.279s] -- Up-to-date symlink: /home/adam/ros_ws1/install/ign_sim_pointcloud_tool/share/ament_index/resource_index/packages/ign_sim_pointcloud_tool
[0.280s] -- Up-to-date symlink: /home/adam/ros_ws1/install/ign_sim_pointcloud_tool/share/ament_index/resource_index/rclcpp_components/ign_sim_pointcloud_tool
[0.280s] -- Up-to-date symlink: /home/adam/ros_ws1/install/ign_sim_pointcloud_tool/share/ign_sim_pointcloud_tool/cmake/ament_cmake_export_dependencies-extras.cmake
[0.280s] -- Up-to-date symlink: /home/adam/ros_ws1/install/ign_sim_pointcloud_tool/share/ign_sim_pointcloud_tool/cmake/ament_cmake_export_include_directories-extras.cmake
[0.285s] -- Up-to-date symlink: /home/adam/ros_ws1/install/ign_sim_pointcloud_tool/share/ign_sim_pointcloud_tool/cmake/ament_cmake_export_libraries-extras.cmake
[0.285s] -- Up-to-date symlink: /home/adam/ros_ws1/install/ign_sim_pointcloud_tool/share/ign_sim_pointcloud_tool/cmake/ign_sim_pointcloud_toolConfig.cmake
[0.285s] -- Up-to-date symlink: /home/adam/ros_ws1/install/ign_sim_pointcloud_tool/share/ign_sim_pointcloud_tool/cmake/ign_sim_pointcloud_toolConfig-version.cmake
[0.286s] -- Up-to-date symlink: /home/adam/ros_ws1/install/ign_sim_pointcloud_tool/share/ign_sim_pointcloud_tool/package.xml
[0.340s] Invoked command in '/home/adam/ros_ws1/build/ign_sim_pointcloud_tool' returned '0': CMAKE_PREFIX_PATH=${CMAKE_PREFIX_PATH}:/home/adam/ros_ws1/install/rm_static_tf:/home/adam/ros_ws1/install/my_serial_py:/home/adam/ros_ws1/install/my_nav_controller:/opt/ros/humble /usr/bin/cmake --install /home/adam/ros_ws1/build/ign_sim_pointcloud_tool
