[0.038s] Invoking command in '/home/adam/ros_ws1/build/pb_nav2_plugins': CMAKE_PREFIX_PATH=/opt/ros/humble /usr/bin/cmake /home/adam/ros_ws1/src/pb2025_sentry_nav/pb_nav2_plugins -DCMAKE_BUILD_TYPE=Release -DAMENT_CMAKE_SYMLINK_INSTALL=1 -DCMAKE_INSTALL_PREFIX=/home/adam/ros_ws1/install/pb_nav2_plugins
[0.117s] -- The C compiler identification is GNU 11.4.0
[0.188s] -- The CXX compiler identification is GNU 11.4.0
[0.200s] -- Detecting C compiler ABI info
[0.288s] -- Detecting C compiler ABI info - done
[0.299s] -- Check for working C compiler: /usr/bin/cc - skipped
[0.300s] -- Detecting C compile features
[0.300s] -- Detecting C compile features - done
[0.304s] -- Detecting CXX compiler ABI info
[0.435s] -- Detecting CXX compiler ABI info - done
[0.446s] -- Check for working CXX compiler: /usr/bin/c++ - skipped
[0.446s] -- Detecting CXX compile features
[0.446s] -- Detecting CXX compile features - done
[0.449s] -- Found ament_cmake_auto: 1.3.11 (/opt/ros/humble/share/ament_cmake_auto/cmake)
[0.663s] -- Found Python3: /usr/bin/python3 (found version "3.10.12") found components: Interpreter 
[0.765s] -- Override CMake install command with custom implementation using symlinks instead of copying resources
[0.917s] -- Found rosidl_generator_c: 3.1.6 (/opt/ros/humble/share/rosidl_generator_c/cmake)
[0.923s] -- Found rosidl_adapter: 3.1.6 (/opt/ros/humble/share/rosidl_adapter/cmake)
[0.933s] -- Found rosidl_generator_cpp: 3.1.6 (/opt/ros/humble/share/rosidl_generator_cpp/cmake)
[0.951s] -- Using all available rosidl_typesupport_c: rosidl_typesupport_fastrtps_c;rosidl_typesupport_introspection_c
[0.968s] -- Using all available rosidl_typesupport_cpp: rosidl_typesupport_fastrtps_cpp;rosidl_typesupport_introspection_cpp
[1.021s] -- Found rmw_implementation_cmake: 6.1.2 (/opt/ros/humble/share/rmw_implementation_cmake/cmake)
[1.024s] -- Found rmw_fastrtps_cpp: 6.2.7 (/opt/ros/humble/share/rmw_fastrtps_cpp/cmake)
[1.118s] -- Found OpenSSL: /usr/lib/x86_64-linux-gnu/libcrypto.so (found version "3.0.2")  
[1.148s] -- Found FastRTPS: /opt/ros/humble/include  
[1.194s] -- Using RMW implementation 'rmw_fastrtps_cpp' as default
[1.204s] -- Looking for pthread.h
[1.295s] -- Looking for pthread.h - found
[1.295s] -- Performing Test CMAKE_HAVE_LIBC_PTHREAD
[1.393s] -- Performing Test CMAKE_HAVE_LIBC_PTHREAD - Success
[1.401s] -- Found Threads: TRUE  
[1.766s] -- Found eigen3_cmake_module: 0.1.1 (/opt/ros/humble/share/eigen3_cmake_module/cmake)
[1.766s] -- Found Eigen3: TRUE (found version "3.4.0") 
[1.767s] -- Ensuring Eigen3 include directory is part of orocos-kdl CMake target
[2.774s] -- Found ament_lint_auto: 0.12.11 (/opt/ros/humble/share/ament_lint_auto/cmake)
[2.816s] -- Added test 'copyright' to check source files copyright and LICENSE
[2.818s] -- Added test 'cppcheck' to perform static code analysis on C / C++ code
[2.824s] -- Configured cppcheck include dirs: /home/adam/ros_ws1/src/pb2025_sentry_nav/pb_nav2_plugins/include
[2.824s] -- Configured cppcheck exclude dirs and/or files: 
[2.824s] -- Added test 'cpplint' to check C / C++ code against the Google style
[2.824s] -- Configured cpplint exclude dirs and/or files: 
[2.824s] -- Added test 'lint_cmake' to check CMake code style
[2.828s] -- Added test 'xmllint' to check XML markup files
[2.829s] -- Added test 'clang_format' to check C / C++ code style
[2.834s] -- Configuring done
[3.018s] -- Generating done
[3.041s] -- Build files have been written to: /home/adam/ros_ws1/build/pb_nav2_plugins
[3.069s] Invoked command in '/home/adam/ros_ws1/build/pb_nav2_plugins' returned '0': CMAKE_PREFIX_PATH=/opt/ros/humble /usr/bin/cmake /home/adam/ros_ws1/src/pb2025_sentry_nav/pb_nav2_plugins -DCMAKE_BUILD_TYPE=Release -DAMENT_CMAKE_SYMLINK_INSTALL=1 -DCMAKE_INSTALL_PREFIX=/home/adam/ros_ws1/install/pb_nav2_plugins
[3.074s] Invoking command in '/home/adam/ros_ws1/build/pb_nav2_plugins': CMAKE_PREFIX_PATH=/opt/ros/humble /usr/bin/cmake --build /home/adam/ros_ws1/build/pb_nav2_plugins -- -j8 -l8
[5.814s] [ 25%] [32mBuilding CXX object CMakeFiles/pb_back_up_frees_space_behavior.dir/src/behaviors/back_up_free_space.cpp.o[0m
[29.227s] [ 50%] [32m[1mLinking CXX shared library libpb_back_up_frees_space_behavior.so[0m
[29.772s] [ 50%] Built target pb_back_up_frees_space_behavior
[29.845s] [ 75%] [32mBuilding CXX object CMakeFiles/layers.dir/src/layers/intensity_voxel_layer.cpp.o[0m
[42.017s] [100%] [32m[1mLinking CXX shared library liblayers.so[0m
[42.811s] [100%] Built target layers
[42.845s] Invoked command in '/home/adam/ros_ws1/build/pb_nav2_plugins' returned '0': CMAKE_PREFIX_PATH=/opt/ros/humble /usr/bin/cmake --build /home/adam/ros_ws1/build/pb_nav2_plugins -- -j8 -l8
[42.846s] Invoking command in '/home/adam/ros_ws1/build/pb_nav2_plugins': CMAKE_PREFIX_PATH=/opt/ros/humble /usr/bin/cmake --install /home/adam/ros_ws1/build/pb_nav2_plugins
[43.979s] -- Install configuration: "Release"
[43.979s] -- Execute custom install script
[43.979s] -- Symlinking: /home/adam/ros_ws1/install/pb_nav2_plugins/share/pb_nav2_plugins//behavior_plugin.xml
[43.979s] -- Symlinking: /home/adam/ros_ws1/install/pb_nav2_plugins/share/pb_nav2_plugins//costmap_plugins.xml
[43.979s] -- Symlinking: /home/adam/ros_ws1/install/pb_nav2_plugins/include/pb_nav2_plugins/behaviors/back_up_free_space.hpp
[43.979s] -- Symlinking: /home/adam/ros_ws1/install/pb_nav2_plugins/include/pb_nav2_plugins/layers/intensity_voxel_layer.hpp
[43.979s] -- Symlinking: /home/adam/ros_ws1/install/pb_nav2_plugins/share/pb_nav2_plugins/environment/library_path.sh
[43.979s] -- Symlinking: /home/adam/ros_ws1/install/pb_nav2_plugins/share/pb_nav2_plugins/environment/library_path.dsv
[43.979s] -- Symlinking: /home/adam/ros_ws1/install/pb_nav2_plugins/lib/libpb_back_up_frees_space_behavior.so
[43.979s] -- Symlinking: /home/adam/ros_ws1/install/pb_nav2_plugins/lib/liblayers.so
[43.979s] -- Symlinking: /home/adam/ros_ws1/install/pb_nav2_plugins/share/ament_index/resource_index/package_run_dependencies/pb_nav2_plugins
[43.979s] -- Symlinking: /home/adam/ros_ws1/install/pb_nav2_plugins/share/ament_index/resource_index/parent_prefix_path/pb_nav2_plugins
[43.979s] -- Symlinking: /home/adam/ros_ws1/install/pb_nav2_plugins/share/pb_nav2_plugins/environment/ament_prefix_path.sh
[43.979s] -- Symlinking: /home/adam/ros_ws1/install/pb_nav2_plugins/share/pb_nav2_plugins/environment/ament_prefix_path.dsv
[43.979s] -- Symlinking: /home/adam/ros_ws1/install/pb_nav2_plugins/share/pb_nav2_plugins/environment/path.sh
[43.979s] -- Symlinking: /home/adam/ros_ws1/install/pb_nav2_plugins/share/pb_nav2_plugins/environment/path.dsv
[43.979s] -- Symlinking: /home/adam/ros_ws1/install/pb_nav2_plugins/share/pb_nav2_plugins/local_setup.bash
[43.980s] -- Symlinking: /home/adam/ros_ws1/install/pb_nav2_plugins/share/pb_nav2_plugins/local_setup.sh
[43.980s] -- Symlinking: /home/adam/ros_ws1/install/pb_nav2_plugins/share/pb_nav2_plugins/local_setup.zsh
[43.980s] -- Symlinking: /home/adam/ros_ws1/install/pb_nav2_plugins/share/pb_nav2_plugins/local_setup.dsv
[43.980s] -- Symlinking: /home/adam/ros_ws1/install/pb_nav2_plugins/share/pb_nav2_plugins/package.dsv
[43.980s] -- Symlinking: /home/adam/ros_ws1/install/pb_nav2_plugins/share/ament_index/resource_index/packages/pb_nav2_plugins
[43.980s] -- Symlinking: /home/adam/ros_ws1/install/pb_nav2_plugins/share/ament_index/resource_index/nav2_core__pluginlib__plugin/pb_nav2_plugins
[43.980s] -- Symlinking: /home/adam/ros_ws1/install/pb_nav2_plugins/share/ament_index/resource_index/nav2_costmap_2d__pluginlib__plugin/pb_nav2_plugins
[43.980s] -- Symlinking: /home/adam/ros_ws1/install/pb_nav2_plugins/share/pb_nav2_plugins/cmake/ament_cmake_export_dependencies-extras.cmake
[43.980s] -- Symlinking: /home/adam/ros_ws1/install/pb_nav2_plugins/share/pb_nav2_plugins/cmake/ament_cmake_export_include_directories-extras.cmake
[43.983s] -- Symlinking: /home/adam/ros_ws1/install/pb_nav2_plugins/share/pb_nav2_plugins/cmake/ament_cmake_export_libraries-extras.cmake
[43.983s] -- Symlinking: /home/adam/ros_ws1/install/pb_nav2_plugins/share/pb_nav2_plugins/cmake/pb_nav2_pluginsConfig.cmake
[43.984s] -- Symlinking: /home/adam/ros_ws1/install/pb_nav2_plugins/share/pb_nav2_plugins/cmake/pb_nav2_pluginsConfig-version.cmake
[43.984s] -- Symlinking: /home/adam/ros_ws1/install/pb_nav2_plugins/share/pb_nav2_plugins/package.xml
[43.985s] Invoked command in '/home/adam/ros_ws1/build/pb_nav2_plugins' returned '0': CMAKE_PREFIX_PATH=/opt/ros/humble /usr/bin/cmake --install /home/adam/ros_ws1/build/pb_nav2_plugins
