[0.023s] Invoking command in '/home/adam/ros_ws/build/fake_vel_transform': CMAKE_PREFIX_PATH=/opt/ros/humble /usr/bin/cmake --build /home/adam/ros_ws/build/fake_vel_transform -- -j8 -l8
[0.097s] [ 50%] Built target fake_vel_transform
[0.098s] [100%] Built target fake_vel_transform_node
[0.121s] Invoked command in '/home/adam/ros_ws/build/fake_vel_transform' returned '0': CMAKE_PREFIX_PATH=/opt/ros/humble /usr/bin/cmake --build /home/adam/ros_ws/build/fake_vel_transform -- -j8 -l8
[0.138s] Invoking command in '/home/adam/ros_ws/build/fake_vel_transform': CMAKE_PREFIX_PATH=/opt/ros/humble /usr/bin/cmake --install /home/adam/ros_ws/build/fake_vel_transform
[0.161s] -- Install configuration: "Release"
[0.162s] -- Execute custom install script
[0.162s] -- Up-to-date symlink: /home/adam/ros_ws/install/fake_vel_transform/lib/fake_vel_transform/fake_vel_transform_node
[0.162s] -- Up-to-date symlink: /home/adam/ros_ws/install/fake_vel_transform/include/fake_vel_transform/fake_vel_transform.hpp
[0.162s] -- Up-to-date symlink: /home/adam/ros_ws/install/fake_vel_transform/share/fake_vel_transform/environment/library_path.sh
[0.162s] -- Up-to-date symlink: /home/adam/ros_ws/install/fake_vel_transform/share/fake_vel_transform/environment/library_path.dsv
[0.162s] -- Up-to-date symlink: /home/adam/ros_ws/install/fake_vel_transform/lib/libfake_vel_transform.so
[0.162s] -- Up-to-date symlink: /home/adam/ros_ws/install/fake_vel_transform/share/fake_vel_transform/launch/fake_vel_transform_launch.py
[0.162s] -- Up-to-date symlink: /home/adam/ros_ws/install/fake_vel_transform/share/ament_index/resource_index/package_run_dependencies/fake_vel_transform
[0.162s] -- Up-to-date symlink: /home/adam/ros_ws/install/fake_vel_transform/share/ament_index/resource_index/parent_prefix_path/fake_vel_transform
[0.162s] -- Up-to-date symlink: /home/adam/ros_ws/install/fake_vel_transform/share/fake_vel_transform/environment/ament_prefix_path.sh
[0.162s] -- Up-to-date symlink: /home/adam/ros_ws/install/fake_vel_transform/share/fake_vel_transform/environment/ament_prefix_path.dsv
[0.162s] -- Up-to-date symlink: /home/adam/ros_ws/install/fake_vel_transform/share/fake_vel_transform/environment/path.sh
[0.162s] -- Up-to-date symlink: /home/adam/ros_ws/install/fake_vel_transform/share/fake_vel_transform/environment/path.dsv
[0.162s] -- Up-to-date symlink: /home/adam/ros_ws/install/fake_vel_transform/share/fake_vel_transform/local_setup.bash
[0.162s] -- Up-to-date symlink: /home/adam/ros_ws/install/fake_vel_transform/share/fake_vel_transform/local_setup.sh
[0.163s] -- Up-to-date symlink: /home/adam/ros_ws/install/fake_vel_transform/share/fake_vel_transform/local_setup.zsh
[0.163s] -- Up-to-date symlink: /home/adam/ros_ws/install/fake_vel_transform/share/fake_vel_transform/local_setup.dsv
[0.163s] -- Symlinking: /home/adam/ros_ws/install/fake_vel_transform/share/fake_vel_transform/package.dsv
[0.168s] -- Up-to-date symlink: /home/adam/ros_ws/install/fake_vel_transform/share/ament_index/resource_index/packages/fake_vel_transform
[0.169s] -- Up-to-date symlink: /home/adam/ros_ws/install/fake_vel_transform/share/ament_index/resource_index/rclcpp_components/fake_vel_transform
[0.169s] -- Up-to-date symlink: /home/adam/ros_ws/install/fake_vel_transform/share/fake_vel_transform/cmake/ament_cmake_export_dependencies-extras.cmake
[0.169s] -- Up-to-date symlink: /home/adam/ros_ws/install/fake_vel_transform/share/fake_vel_transform/cmake/ament_cmake_export_include_directories-extras.cmake
[0.169s] -- Up-to-date symlink: /home/adam/ros_ws/install/fake_vel_transform/share/fake_vel_transform/cmake/ament_cmake_export_libraries-extras.cmake
[0.169s] -- Up-to-date symlink: /home/adam/ros_ws/install/fake_vel_transform/share/fake_vel_transform/cmake/fake_vel_transformConfig.cmake
[0.174s] -- Up-to-date symlink: /home/adam/ros_ws/install/fake_vel_transform/share/fake_vel_transform/cmake/fake_vel_transformConfig-version.cmake
[0.174s] -- Up-to-date symlink: /home/adam/ros_ws/install/fake_vel_transform/share/fake_vel_transform/package.xml
[0.186s] Invoked command in '/home/adam/ros_ws/build/fake_vel_transform' returned '0': CMAKE_PREFIX_PATH=/opt/ros/humble /usr/bin/cmake --install /home/adam/ros_ws/build/fake_vel_transform
