[0.022s] Invoking command in '/home/adam/ros_ws1/build/referee_msg': CMAKE_PREFIX_PATH=/opt/ros/humble /usr/bin/cmake /home/adam/ros_ws1/src/pb2025_sentry_nav/referee_msg -DCMAKE_BUILD_TYPE=Release -DAMENT_CMAKE_SYMLINK_INSTALL=1 -DCMAKE_INSTALL_PREFIX=/home/adam/ros_ws1/install/referee_msg
[0.831s] -- The C compiler identification is GNU 11.4.0
[0.831s] -- The CXX compiler identification is GNU 11.4.0
[0.831s] -- Detecting C compiler ABI info
[0.831s] -- Detecting C compiler ABI info - done
[0.832s] -- Check for working C compiler: /usr/bin/cc - skipped
[0.832s] -- Detecting C compile features
[0.832s] -- Detecting C compile features - done
[0.832s] -- Detecting CXX compiler ABI info
[0.832s] -- Detecting CXX compiler ABI info - done
[0.832s] -- Check for working CXX compiler: /usr/bin/c++ - skipped
[0.832s] -- Detecting CXX compile features
[0.832s] -- Detecting CXX compile features - done
[0.832s] -- Found ament_cmake: 1.3.11 (/opt/ros/humble/share/ament_cmake/cmake)
[0.833s] -- Found Python3: /usr/bin/python3 (found version "3.10.12") found components: Interpreter 
[0.833s] -- Override CMake install command with custom implementation using symlinks instead of copying resources
[0.833s] -- Found rosidl_default_generators: 1.2.0 (/opt/ros/humble/share/rosidl_default_generators/cmake)
[0.833s] -- Using all available rosidl_typesupport_c: rosidl_typesupport_fastrtps_c;rosidl_typesupport_introspection_c
[0.833s] -- Found rosidl_adapter: 3.1.6 (/opt/ros/humble/share/rosidl_adapter/cmake)
[0.877s] -- Using all available rosidl_typesupport_cpp: rosidl_typesupport_fastrtps_cpp;rosidl_typesupport_introspection_cpp
[0.916s] -- Found ament_lint_auto: 0.12.11 (/opt/ros/humble/share/ament_lint_auto/cmake)
[1.275s] -- Found ament_cmake_ros: 0.10.0 (/opt/ros/humble/share/ament_cmake_ros/cmake)
[1.525s] -- Using all available rosidl_typesupport_c: rosidl_typesupport_fastrtps_c;rosidl_typesupport_introspection_c
[1.938s] -- Using all available rosidl_typesupport_cpp: rosidl_typesupport_fastrtps_cpp;rosidl_typesupport_introspection_cpp
[1.999s] -- Found PythonInterp: /usr/bin/python3 (found suitable version "3.10.12", minimum required is "3.6") 
[2.000s] -- Found python_cmake_module: 0.10.0 (/opt/ros/humble/share/python_cmake_module/cmake)
[2.069s] -- Found PythonLibs: /usr/lib/x86_64-linux-gnu/libpython3.10.so (found suitable version "3.10.12", minimum required is "3.5") 
[2.069s] -- Using PYTHON_EXECUTABLE: /usr/bin/python3
[2.069s] -- Using PYTHON_INCLUDE_DIRS: /usr/include/python3.10
[2.070s] -- Using PYTHON_LIBRARIES: /usr/lib/x86_64-linux-gnu/libpython3.10.so
[2.131s] -- Found PythonExtra: .so  
[2.219s] -- Added test 'lint_cmake' to check CMake code style
[2.223s] -- Added test 'xmllint' to check XML markup files
[2.253s] -- Configuring done
[2.324s] -- Generating done
[2.332s] -- Build files have been written to: /home/adam/ros_ws1/build/referee_msg
[2.347s] Invoked command in '/home/adam/ros_ws1/build/referee_msg' returned '0': CMAKE_PREFIX_PATH=/opt/ros/humble /usr/bin/cmake /home/adam/ros_ws1/src/pb2025_sentry_nav/referee_msg -DCMAKE_BUILD_TYPE=Release -DAMENT_CMAKE_SYMLINK_INSTALL=1 -DCMAKE_INSTALL_PREFIX=/home/adam/ros_ws1/install/referee_msg
[2.348s] Invoking command in '/home/adam/ros_ws1/build/referee_msg': CMAKE_PREFIX_PATH=/opt/ros/humble /usr/bin/cmake --build /home/adam/ros_ws1/build/referee_msg -- -j8 -l8
[8.173s] [  3%] [34m[1mGenerating C code for ROS interfaces[0m
[8.177s] [  6%] [34m[1mGenerating C++ code for ROS interfaces[0m
[8.177s] [  6%] Built target ament_cmake_python_symlink_referee_msg
[8.177s] [  9%] [32mBuilding C object CMakeFiles/referee_msg__rosidl_generator_c.dir/rosidl_generator_c/referee_msg/msg/detail/referee__functions.c.o[0m
[8.177s] [  9%] Built target referee_msg__cpp
[8.177s] [ 12%] [34m[1mGenerating C++ type support for eProsima Fast-RTPS[0m
[8.177s] [ 16%] [34m[1mGenerating C++ type support dispatch for ROS interfaces[0m
[8.178s] [ 19%] [34m[1mGenerating C++ introspection for ROS interfaces[0m
[8.178s] running egg_info
[8.178s] creating referee_msg.egg-info
[8.178s] writing referee_msg.egg-info/PKG-INFO
[8.178s] writing dependency_links to referee_msg.egg-info/dependency_links.txt
[8.178s] writing top-level names to referee_msg.egg-info/top_level.txt
[8.178s] writing manifest file 'referee_msg.egg-info/SOURCES.txt'
[8.178s] reading manifest file 'referee_msg.egg-info/SOURCES.txt'
[8.178s] writing manifest file 'referee_msg.egg-info/SOURCES.txt'
[8.178s] [ 22%] [32m[1mLinking C shared library libreferee_msg__rosidl_generator_c.so[0m
[8.178s] [ 22%] Built target ament_cmake_python_build_referee_msg_egg
[8.178s] [ 22%] Built target referee_msg__rosidl_generator_c
[8.178s] [ 25%] [34m[1mGenerating C introspection for ROS interfaces[0m
[8.178s] [ 29%] [34m[1mGenerating C type support for eProsima Fast-RTPS[0m
[8.178s] [ 32%] [34m[1mGenerating C type support dispatch for ROS interfaces[0m
[8.178s] [ 35%] [32mBuilding CXX object CMakeFiles/referee_msg__rosidl_typesupport_introspection_cpp.dir/rosidl_typesupport_introspection_cpp/referee_msg/msg/detail/referee__type_support.cpp.o[0m
[8.178s] [ 38%] [32mBuilding CXX object CMakeFiles/referee_msg__rosidl_typesupport_cpp.dir/rosidl_typesupport_cpp/referee_msg/msg/referee__type_support.cpp.o[0m
[8.178s] [ 41%] [32mBuilding CXX object CMakeFiles/referee_msg__rosidl_typesupport_fastrtps_cpp.dir/rosidl_typesupport_fastrtps_cpp/referee_msg/msg/detail/dds_fastrtps/referee__type_support.cpp.o[0m
[8.178s] [ 45%] [32mBuilding CXX object CMakeFiles/referee_msg__rosidl_typesupport_c.dir/rosidl_typesupport_c/referee_msg/msg/referee__type_support.cpp.o[0m
[8.179s] [ 48%] [32m[1mLinking CXX shared library libreferee_msg__rosidl_typesupport_c.so[0m
[8.179s] [ 51%] [32mBuilding C object CMakeFiles/referee_msg__rosidl_typesupport_introspection_c.dir/rosidl_typesupport_introspection_c/referee_msg/msg/detail/referee__type_support.c.o[0m
[8.179s] [ 51%] Built target referee_msg__rosidl_typesupport_c
[8.179s] [ 54%] [32m[1mLinking C shared library libreferee_msg__rosidl_typesupport_introspection_c.so[0m
[8.179s] [ 54%] Built target referee_msg__rosidl_typesupport_introspection_c
[8.179s] [ 58%] [32m[1mLinking CXX shared library libreferee_msg__rosidl_typesupport_cpp.so[0m
[8.179s] [ 61%] [32mBuilding CXX object CMakeFiles/referee_msg__rosidl_typesupport_fastrtps_c.dir/rosidl_typesupport_fastrtps_c/referee_msg/msg/detail/referee__type_support_c.cpp.o[0m
[8.179s] [ 61%] Built target referee_msg__rosidl_typesupport_cpp
[8.179s] [ 64%] [32m[1mLinking CXX shared library libreferee_msg__rosidl_typesupport_introspection_cpp.so[0m
[8.179s] [ 67%] [32m[1mLinking CXX shared library libreferee_msg__rosidl_typesupport_fastrtps_cpp.so[0m
[8.179s] [ 70%] [32m[1mLinking CXX shared library libreferee_msg__rosidl_typesupport_fastrtps_c.so[0m
[8.179s] [ 70%] Built target referee_msg__rosidl_typesupport_introspection_cpp
[8.179s] [ 70%] Built target referee_msg__rosidl_typesupport_fastrtps_cpp
[8.179s] [ 70%] Built target referee_msg__rosidl_typesupport_fastrtps_c
[8.179s] [ 70%] Built target referee_msg
[8.179s] [ 74%] [34m[1mGenerating Python code for ROS interfaces[0m
[8.179s] [ 74%] Built target referee_msg__py
[8.179s] [ 77%] [32mBuilding C object CMakeFiles/referee_msg__rosidl_generator_py.dir/rosidl_generator_py/referee_msg/msg/_referee_s.c.o[0m
[8.180s] [ 80%] [32m[1mLinking C shared library rosidl_generator_py/referee_msg/libreferee_msg__rosidl_generator_py.so[0m
[8.180s] [ 80%] Built target referee_msg__rosidl_generator_py
[8.180s] [ 83%] [32mBuilding C object CMakeFiles/referee_msg__rosidl_typesupport_introspection_c__pyext.dir/rosidl_generator_py/referee_msg/_referee_msg_s.ep.rosidl_typesupport_introspection_c.c.o[0m
[8.180s] [ 87%] [32mBuilding C object CMakeFiles/referee_msg__rosidl_typesupport_c__pyext.dir/rosidl_generator_py/referee_msg/_referee_msg_s.ep.rosidl_typesupport_c.c.o[0m
[8.180s] [ 90%] [32mBuilding C object CMakeFiles/referee_msg__rosidl_typesupport_fastrtps_c__pyext.dir/rosidl_generator_py/referee_msg/_referee_msg_s.ep.rosidl_typesupport_fastrtps_c.c.o[0m
[8.180s] [ 93%] [32m[1mLinking C shared library rosidl_generator_py/referee_msg/referee_msg_s__rosidl_typesupport_introspection_c.cpython-310-x86_64-linux-gnu.so[0m
[8.180s] [ 96%] [32m[1mLinking C shared library rosidl_generator_py/referee_msg/referee_msg_s__rosidl_typesupport_c.cpython-310-x86_64-linux-gnu.so[0m
[8.180s] [100%] [32m[1mLinking C shared library rosidl_generator_py/referee_msg/referee_msg_s__rosidl_typesupport_fastrtps_c.cpython-310-x86_64-linux-gnu.so[0m
[8.182s] [100%] Built target referee_msg__rosidl_typesupport_introspection_c__pyext
[8.189s] [100%] Built target referee_msg__rosidl_typesupport_c__pyext
[8.189s] [100%] Built target referee_msg__rosidl_typesupport_fastrtps_c__pyext
[8.195s] Invoked command in '/home/adam/ros_ws1/build/referee_msg' returned '0': CMAKE_PREFIX_PATH=/opt/ros/humble /usr/bin/cmake --build /home/adam/ros_ws1/build/referee_msg -- -j8 -l8
[8.196s] Invoking command in '/home/adam/ros_ws1/build/referee_msg': CMAKE_PREFIX_PATH=/opt/ros/humble /usr/bin/cmake --install /home/adam/ros_ws1/build/referee_msg
[8.611s] -- Install configuration: "Release"
[8.612s] -- Execute custom install script
[8.612s] -- Symlinking: /home/adam/ros_ws1/install/referee_msg/share/ament_index/resource_index/rosidl_interfaces/referee_msg
[8.612s] -- Symlinking: /home/adam/ros_ws1/install/referee_msg/include/referee_msg/referee_msg/msg/detail/referee__functions.h
[8.612s] -- Symlinking: /home/adam/ros_ws1/install/referee_msg/include/referee_msg/referee_msg/msg/detail/referee__struct.h
[8.612s] -- Symlinking: /home/adam/ros_ws1/install/referee_msg/include/referee_msg/referee_msg/msg/detail/referee__type_support.h
[8.612s] -- Symlinking: /home/adam/ros_ws1/install/referee_msg/include/referee_msg/referee_msg/msg/referee.h
[8.612s] -- Symlinking: /home/adam/ros_ws1/install/referee_msg/include/referee_msg/referee_msg/msg/rosidl_generator_c__visibility_control.h
[8.612s] -- Symlinking: /home/adam/ros_ws1/install/referee_msg/share/referee_msg/environment/library_path.sh
[8.615s] -- Symlinking: /home/adam/ros_ws1/install/referee_msg/share/referee_msg/environment/library_path.dsv
[8.615s] -- Symlinking: /home/adam/ros_ws1/install/referee_msg/include/referee_msg/referee_msg/msg/detail/referee__rosidl_typesupport_fastrtps_c.h
[8.615s] -- Symlinking: /home/adam/ros_ws1/install/referee_msg/include/referee_msg/referee_msg/msg/rosidl_typesupport_fastrtps_c__visibility_control.h
[8.615s] -- Symlinking: /home/adam/ros_ws1/install/referee_msg/include/referee_msg/referee_msg/msg/detail/referee__rosidl_typesupport_introspection_c.h
[8.615s] -- Symlinking: /home/adam/ros_ws1/install/referee_msg/include/referee_msg/referee_msg/msg/rosidl_typesupport_introspection_c__visibility_control.h
[8.615s] -- Symlinking: /home/adam/ros_ws1/install/referee_msg/include/referee_msg/referee_msg/msg/detail/referee__builder.hpp
[8.615s] -- Symlinking: /home/adam/ros_ws1/install/referee_msg/include/referee_msg/referee_msg/msg/detail/referee__struct.hpp
[8.615s] -- Symlinking: /home/adam/ros_ws1/install/referee_msg/include/referee_msg/referee_msg/msg/detail/referee__traits.hpp
[8.615s] -- Symlinking: /home/adam/ros_ws1/install/referee_msg/include/referee_msg/referee_msg/msg/detail/referee__type_support.hpp
[8.615s] -- Symlinking: /home/adam/ros_ws1/install/referee_msg/include/referee_msg/referee_msg/msg/referee.hpp
[8.615s] -- Symlinking: /home/adam/ros_ws1/install/referee_msg/include/referee_msg/referee_msg/msg/rosidl_generator_cpp__visibility_control.hpp
[8.615s] -- Symlinking: /home/adam/ros_ws1/install/referee_msg/include/referee_msg/referee_msg/msg/detail/referee__rosidl_typesupport_fastrtps_cpp.hpp
[8.616s] -- Symlinking: /home/adam/ros_ws1/install/referee_msg/include/referee_msg/referee_msg/msg/rosidl_typesupport_fastrtps_cpp__visibility_control.h
[8.616s] -- Symlinking: /home/adam/ros_ws1/install/referee_msg/include/referee_msg/referee_msg/msg/detail/referee__rosidl_typesupport_introspection_cpp.hpp
[8.616s] -- Symlinking: /home/adam/ros_ws1/install/referee_msg/share/referee_msg/environment/pythonpath.sh
[8.616s] -- Symlinking: /home/adam/ros_ws1/install/referee_msg/share/referee_msg/environment/pythonpath.dsv
[8.619s] -- Symlinking: /home/adam/ros_ws1/install/referee_msg/local/lib/python3.10/dist-packages/referee_msg-0.0.0-py3.10.egg-info/PKG-INFO
[8.645s] -- Symlinking: /home/adam/ros_ws1/install/referee_msg/local/lib/python3.10/dist-packages/referee_msg-0.0.0-py3.10.egg-info/SOURCES.txt
[8.669s] -- Symlinking: /home/adam/ros_ws1/install/referee_msg/local/lib/python3.10/dist-packages/referee_msg-0.0.0-py3.10.egg-info/dependency_links.txt
[8.690s] -- Symlinking: /home/adam/ros_ws1/install/referee_msg/local/lib/python3.10/dist-packages/referee_msg-0.0.0-py3.10.egg-info/top_level.txt
[8.690s] -- Symlinking: /home/adam/ros_ws1/install/referee_msg/local/lib/python3.10/dist-packages/referee_msg/__init__.py
[8.705s] -- Symlinking: /home/adam/ros_ws1/install/referee_msg/local/lib/python3.10/dist-packages/referee_msg/_referee_msg_s.ep.rosidl_typesupport_c.c
[8.724s] -- Symlinking: /home/adam/ros_ws1/install/referee_msg/local/lib/python3.10/dist-packages/referee_msg/_referee_msg_s.ep.rosidl_typesupport_fastrtps_c.c
[8.755s] -- Symlinking: /home/adam/ros_ws1/install/referee_msg/local/lib/python3.10/dist-packages/referee_msg/_referee_msg_s.ep.rosidl_typesupport_introspection_c.c
[8.767s] -- Symlinking: /home/adam/ros_ws1/install/referee_msg/local/lib/python3.10/dist-packages/referee_msg/libreferee_msg__rosidl_generator_py.so
[8.788s] -- Symlinking: /home/adam/ros_ws1/install/referee_msg/local/lib/python3.10/dist-packages/referee_msg/msg/__init__.py
[8.800s] -- Symlinking: /home/adam/ros_ws1/install/referee_msg/local/lib/python3.10/dist-packages/referee_msg/msg/_referee.py
[8.809s] -- Symlinking: /home/adam/ros_ws1/install/referee_msg/local/lib/python3.10/dist-packages/referee_msg/msg/_referee_s.c
[8.827s] -- Symlinking: /home/adam/ros_ws1/install/referee_msg/local/lib/python3.10/dist-packages/referee_msg/referee_msg_s__rosidl_typesupport_c.cpython-310-x86_64-linux-gnu.so
[8.837s] -- Symlinking: /home/adam/ros_ws1/install/referee_msg/local/lib/python3.10/dist-packages/referee_msg/referee_msg_s__rosidl_typesupport_fastrtps_c.cpython-310-x86_64-linux-gnu.so
[8.859s] -- Symlinking: /home/adam/ros_ws1/install/referee_msg/local/lib/python3.10/dist-packages/referee_msg/referee_msg_s__rosidl_typesupport_introspection_c.cpython-310-x86_64-linux-gnu.so
[8.879s] -- Up-to-date symlink: /home/adam/ros_ws1/install/referee_msg/local/lib/python3.10/dist-packages/referee_msg/referee_msg_s__rosidl_typesupport_fastrtps_c.cpython-310-x86_64-linux-gnu.so
[8.879s] -- Up-to-date symlink: /home/adam/ros_ws1/install/referee_msg/local/lib/python3.10/dist-packages/referee_msg/referee_msg_s__rosidl_typesupport_introspection_c.cpython-310-x86_64-linux-gnu.so
[8.881s] -- Up-to-date symlink: /home/adam/ros_ws1/install/referee_msg/local/lib/python3.10/dist-packages/referee_msg/referee_msg_s__rosidl_typesupport_c.cpython-310-x86_64-linux-gnu.so
[8.881s] -- Symlinking: /home/adam/ros_ws1/install/referee_msg/share/referee_msg/msg/Referee.idl
[8.903s] -- Symlinking: /home/adam/ros_ws1/install/referee_msg/share/referee_msg/msg/Referee.msg
[8.922s] -- Symlinking: /home/adam/ros_ws1/install/referee_msg/share/ament_index/resource_index/package_run_dependencies/referee_msg
[8.948s] -- Symlinking: /home/adam/ros_ws1/install/referee_msg/share/ament_index/resource_index/parent_prefix_path/referee_msg
[8.968s] -- Symlinking: /home/adam/ros_ws1/install/referee_msg/share/referee_msg/environment/ament_prefix_path.sh
[8.989s] -- Symlinking: /home/adam/ros_ws1/install/referee_msg/share/referee_msg/environment/ament_prefix_path.dsv
[9.006s] -- Symlinking: /home/adam/ros_ws1/install/referee_msg/share/referee_msg/environment/path.sh
[9.030s] -- Symlinking: /home/adam/ros_ws1/install/referee_msg/share/referee_msg/environment/path.dsv
[9.054s] -- Symlinking: /home/adam/ros_ws1/install/referee_msg/share/referee_msg/local_setup.bash
[9.081s] -- Symlinking: /home/adam/ros_ws1/install/referee_msg/share/referee_msg/local_setup.sh
[9.101s] -- Symlinking: /home/adam/ros_ws1/install/referee_msg/share/referee_msg/local_setup.zsh
[9.119s] -- Symlinking: /home/adam/ros_ws1/install/referee_msg/share/referee_msg/local_setup.dsv
[9.135s] -- Symlinking: /home/adam/ros_ws1/install/referee_msg/share/referee_msg/package.dsv
[9.149s] -- Symlinking: /home/adam/ros_ws1/install/referee_msg/share/ament_index/resource_index/packages/referee_msg
[9.161s] -- Symlinking: /home/adam/ros_ws1/install/referee_msg/share/referee_msg/cmake/rosidl_cmake-extras.cmake
[9.172s] -- Symlinking: /home/adam/ros_ws1/install/referee_msg/share/referee_msg/cmake/ament_cmake_export_include_directories-extras.cmake
[9.187s] -- Symlinking: /home/adam/ros_ws1/install/referee_msg/share/referee_msg/cmake/ament_cmake_export_libraries-extras.cmake
[9.207s] -- Symlinking: /home/adam/ros_ws1/install/referee_msg/share/referee_msg/cmake/ament_cmake_export_targets-extras.cmake
[9.226s] -- Symlinking: /home/adam/ros_ws1/install/referee_msg/share/referee_msg/cmake/rosidl_cmake_export_typesupport_targets-extras.cmake
[9.233s] -- Symlinking: /home/adam/ros_ws1/install/referee_msg/share/referee_msg/cmake/ament_cmake_export_dependencies-extras.cmake
[9.245s] -- Symlinking: /home/adam/ros_ws1/install/referee_msg/share/referee_msg/cmake/rosidl_cmake_export_typesupport_libraries-extras.cmake
[9.280s] -- Symlinking: /home/adam/ros_ws1/install/referee_msg/share/referee_msg/cmake/referee_msgConfig.cmake
[9.303s] -- Symlinking: /home/adam/ros_ws1/install/referee_msg/share/referee_msg/cmake/referee_msgConfig-version.cmake
[9.323s] -- Symlinking: /home/adam/ros_ws1/install/referee_msg/share/referee_msg/package.xml
[9.344s] -- Installing: /home/adam/ros_ws1/install/referee_msg/lib/libreferee_msg__rosidl_generator_c.so
[9.344s] -- Set runtime path of "/home/adam/ros_ws1/install/referee_msg/lib/libreferee_msg__rosidl_generator_c.so" to ""
[9.344s] -- Installing: /home/adam/ros_ws1/install/referee_msg/lib/libreferee_msg__rosidl_typesupport_fastrtps_c.so
[9.345s] -- Set runtime path of "/home/adam/ros_ws1/install/referee_msg/lib/libreferee_msg__rosidl_typesupport_fastrtps_c.so" to ""
[9.345s] -- Installing: /home/adam/ros_ws1/install/referee_msg/lib/libreferee_msg__rosidl_typesupport_introspection_c.so
[9.345s] -- Set runtime path of "/home/adam/ros_ws1/install/referee_msg/lib/libreferee_msg__rosidl_typesupport_introspection_c.so" to ""
[9.345s] -- Installing: /home/adam/ros_ws1/install/referee_msg/lib/libreferee_msg__rosidl_typesupport_c.so
[9.345s] -- Set runtime path of "/home/adam/ros_ws1/install/referee_msg/lib/libreferee_msg__rosidl_typesupport_c.so" to ""
[9.345s] -- Installing: /home/adam/ros_ws1/install/referee_msg/lib/libreferee_msg__rosidl_typesupport_fastrtps_cpp.so
[9.345s] -- Set runtime path of "/home/adam/ros_ws1/install/referee_msg/lib/libreferee_msg__rosidl_typesupport_fastrtps_cpp.so" to ""
[9.345s] -- Installing: /home/adam/ros_ws1/install/referee_msg/lib/libreferee_msg__rosidl_typesupport_introspection_cpp.so
[9.345s] -- Set runtime path of "/home/adam/ros_ws1/install/referee_msg/lib/libreferee_msg__rosidl_typesupport_introspection_cpp.so" to ""
[9.345s] -- Installing: /home/adam/ros_ws1/install/referee_msg/lib/libreferee_msg__rosidl_typesupport_cpp.so
[9.346s] -- Set runtime path of "/home/adam/ros_ws1/install/referee_msg/lib/libreferee_msg__rosidl_typesupport_cpp.so" to ""
[9.443s] Listing '/home/adam/ros_ws1/install/referee_msg/local/lib/python3.10/dist-packages/referee_msg'...
[9.443s] Compiling '/home/adam/ros_ws1/install/referee_msg/local/lib/python3.10/dist-packages/referee_msg/__init__.py'...
[9.444s] Listing '/home/adam/ros_ws1/install/referee_msg/local/lib/python3.10/dist-packages/referee_msg/msg'...
[9.444s] Compiling '/home/adam/ros_ws1/install/referee_msg/local/lib/python3.10/dist-packages/referee_msg/msg/__init__.py'...
[9.444s] Compiling '/home/adam/ros_ws1/install/referee_msg/local/lib/python3.10/dist-packages/referee_msg/msg/_referee.py'...
[9.459s] -- Installing: /home/adam/ros_ws1/install/referee_msg/lib/libreferee_msg__rosidl_generator_py.so
[9.459s] -- Set runtime path of "/home/adam/ros_ws1/install/referee_msg/lib/libreferee_msg__rosidl_generator_py.so" to ""
[9.459s] -- Installing: /home/adam/ros_ws1/install/referee_msg/share/referee_msg/cmake/export_referee_msg__rosidl_generator_cExport.cmake
[9.459s] -- Installing: /home/adam/ros_ws1/install/referee_msg/share/referee_msg/cmake/export_referee_msg__rosidl_generator_cExport-release.cmake
[9.459s] -- Installing: /home/adam/ros_ws1/install/referee_msg/share/referee_msg/cmake/export_referee_msg__rosidl_typesupport_fastrtps_cExport.cmake
[9.459s] -- Installing: /home/adam/ros_ws1/install/referee_msg/share/referee_msg/cmake/export_referee_msg__rosidl_typesupport_fastrtps_cExport-release.cmake
[9.459s] -- Installing: /home/adam/ros_ws1/install/referee_msg/share/referee_msg/cmake/referee_msg__rosidl_typesupport_introspection_cExport.cmake
[9.464s] -- Installing: /home/adam/ros_ws1/install/referee_msg/share/referee_msg/cmake/referee_msg__rosidl_typesupport_introspection_cExport-release.cmake
[9.465s] -- Installing: /home/adam/ros_ws1/install/referee_msg/share/referee_msg/cmake/referee_msg__rosidl_typesupport_cExport.cmake
[9.465s] -- Installing: /home/adam/ros_ws1/install/referee_msg/share/referee_msg/cmake/referee_msg__rosidl_typesupport_cExport-release.cmake
[9.465s] -- Installing: /home/adam/ros_ws1/install/referee_msg/share/referee_msg/cmake/export_referee_msg__rosidl_generator_cppExport.cmake
[9.465s] -- Installing: /home/adam/ros_ws1/install/referee_msg/share/referee_msg/cmake/export_referee_msg__rosidl_typesupport_fastrtps_cppExport.cmake
[9.465s] -- Installing: /home/adam/ros_ws1/install/referee_msg/share/referee_msg/cmake/export_referee_msg__rosidl_typesupport_fastrtps_cppExport-release.cmake
[9.465s] -- Installing: /home/adam/ros_ws1/install/referee_msg/share/referee_msg/cmake/referee_msg__rosidl_typesupport_introspection_cppExport.cmake
[9.465s] -- Installing: /home/adam/ros_ws1/install/referee_msg/share/referee_msg/cmake/referee_msg__rosidl_typesupport_introspection_cppExport-release.cmake
[9.465s] -- Installing: /home/adam/ros_ws1/install/referee_msg/share/referee_msg/cmake/referee_msg__rosidl_typesupport_cppExport.cmake
[9.465s] -- Installing: /home/adam/ros_ws1/install/referee_msg/share/referee_msg/cmake/referee_msg__rosidl_typesupport_cppExport-release.cmake
[9.465s] -- Installing: /home/adam/ros_ws1/install/referee_msg/share/referee_msg/cmake/export_referee_msg__rosidl_generator_pyExport.cmake
[9.465s] -- Installing: /home/adam/ros_ws1/install/referee_msg/share/referee_msg/cmake/export_referee_msg__rosidl_generator_pyExport-release.cmake
[9.474s] Invoked command in '/home/adam/ros_ws1/build/referee_msg' returned '0': CMAKE_PREFIX_PATH=/opt/ros/humble /usr/bin/cmake --install /home/adam/ros_ws1/build/referee_msg
