[0.036s] Invoking command in '/home/adam/ros_ws1/build/pb_omni_pid_pursuit_controller': CMAKE_PREFIX_PATH=/opt/ros/humble /usr/bin/cmake /home/adam/ros_ws1/src/pb2025_sentry_nav/pb_omni_pid_pursuit_controller -DCMAKE_BUILD_TYPE=Release -DAMENT_CMAKE_SYMLINK_INSTALL=1 -DCMAKE_INSTALL_PREFIX=/home/adam/ros_ws1/install/pb_omni_pid_pursuit_controller
[1.737s] -- The C compiler identification is GNU 11.4.0
[1.738s] -- The CXX compiler identification is GNU 11.4.0
[1.738s] -- Detecting C compiler ABI info
[1.738s] -- Detecting C compiler ABI info - done
[1.738s] -- Check for working C compiler: /usr/bin/cc - skipped
[1.738s] -- Detecting C compile features
[1.738s] -- Detecting C compile features - done
[1.738s] -- Detecting CXX compiler ABI info
[1.739s] -- Detecting CXX compiler ABI info - done
[1.739s] -- Check for working CXX compiler: /usr/bin/c++ - skipped
[1.739s] -- Detecting CXX compile features
[1.739s] -- Detecting CXX compile features - done
[1.739s] -- Found ament_cmake_auto: 1.3.11 (/opt/ros/humble/share/ament_cmake_auto/cmake)
[1.739s] -- Found Python3: /usr/bin/python3 (found version "3.10.12") found components: Interpreter 
[1.740s] -- Override CMake install command with custom implementation using symlinks instead of copying resources
[1.741s] -- Found rosidl_generator_c: 3.1.6 (/opt/ros/humble/share/rosidl_generator_c/cmake)
[1.741s] -- Found rosidl_adapter: 3.1.6 (/opt/ros/humble/share/rosidl_adapter/cmake)
[1.741s] -- Found rosidl_generator_cpp: 3.1.6 (/opt/ros/humble/share/rosidl_generator_cpp/cmake)
[1.741s] -- Using all available rosidl_typesupport_c: rosidl_typesupport_fastrtps_c;rosidl_typesupport_introspection_c
[1.741s] -- Using all available rosidl_typesupport_cpp: rosidl_typesupport_fastrtps_cpp;rosidl_typesupport_introspection_cpp
[1.741s] -- Found rmw_implementation_cmake: 6.1.2 (/opt/ros/humble/share/rmw_implementation_cmake/cmake)
[1.741s] -- Found rmw_fastrtps_cpp: 6.2.7 (/opt/ros/humble/share/rmw_fastrtps_cpp/cmake)
[1.741s] -- Found OpenSSL: /usr/lib/x86_64-linux-gnu/libcrypto.so (found version "3.0.2")  
[1.742s] -- Found FastRTPS: /opt/ros/humble/include  
[1.742s] -- Using RMW implementation 'rmw_fastrtps_cpp' as default
[1.742s] -- Looking for pthread.h
[1.742s] -- Looking for pthread.h - found
[1.742s] -- Performing Test CMAKE_HAVE_LIBC_PTHREAD
[1.742s] -- Performing Test CMAKE_HAVE_LIBC_PTHREAD - Success
[1.742s] -- Found Threads: TRUE  
[1.809s] -- Found Eigen3: TRUE (found version "3.4.0") 
[1.810s] -- Ensuring Eigen3 include directory is part of orocos-kdl CMake target
[2.048s] -- Found ament_lint_auto: 0.12.11 (/opt/ros/humble/share/ament_lint_auto/cmake)
[2.073s] -- Added test 'copyright' to check source files copyright and LICENSE
[2.074s] -- Added test 'cppcheck' to perform static code analysis on C / C++ code
[2.076s] -- Configured cppcheck include dirs: /home/adam/ros_ws1/src/pb2025_sentry_nav/pb_omni_pid_pursuit_controller/include
[2.076s] -- Configured cppcheck exclude dirs and/or files: 
[2.076s] -- Added test 'cpplint' to check C / C++ code against the Google style
[2.077s] -- Configured cpplint exclude dirs and/or files: 
[2.078s] -- Added test 'lint_cmake' to check CMake code style
[2.078s] -- Added test 'xmllint' to check XML markup files
[2.079s] -- Added test 'clang_format' to check C / C++ code style
[2.085s] -- Configuring done
[2.164s] -- Generating done
[2.174s] -- Build files have been written to: /home/adam/ros_ws1/build/pb_omni_pid_pursuit_controller
[2.220s] Invoked command in '/home/adam/ros_ws1/build/pb_omni_pid_pursuit_controller' returned '0': CMAKE_PREFIX_PATH=/opt/ros/humble /usr/bin/cmake /home/adam/ros_ws1/src/pb2025_sentry_nav/pb_omni_pid_pursuit_controller -DCMAKE_BUILD_TYPE=Release -DAMENT_CMAKE_SYMLINK_INSTALL=1 -DCMAKE_INSTALL_PREFIX=/home/adam/ros_ws1/install/pb_omni_pid_pursuit_controller
[2.221s] Invoking command in '/home/adam/ros_ws1/build/pb_omni_pid_pursuit_controller': CMAKE_PREFIX_PATH=/opt/ros/humble /usr/bin/cmake --build /home/adam/ros_ws1/build/pb_omni_pid_pursuit_controller -- -j8 -l8
[5.578s] [ 33%] [32mBuilding CXX object CMakeFiles/pb_omni_pid_pursuit_controller.dir/src/omni_pid_pursuit_controller.cpp.o[0m
[5.578s] [ 66%] [32mBuilding CXX object CMakeFiles/pb_omni_pid_pursuit_controller.dir/src/pid.cpp.o[0m
[27.596s] [100%] [32m[1mLinking CXX shared library libpb_omni_pid_pursuit_controller.so[0m
[28.244s] [100%] Built target pb_omni_pid_pursuit_controller
[28.280s] Invoked command in '/home/adam/ros_ws1/build/pb_omni_pid_pursuit_controller' returned '0': CMAKE_PREFIX_PATH=/opt/ros/humble /usr/bin/cmake --build /home/adam/ros_ws1/build/pb_omni_pid_pursuit_controller -- -j8 -l8
[28.302s] Invoking command in '/home/adam/ros_ws1/build/pb_omni_pid_pursuit_controller': CMAKE_PREFIX_PATH=/opt/ros/humble /usr/bin/cmake --install /home/adam/ros_ws1/build/pb_omni_pid_pursuit_controller
[35.408s] -- Install configuration: "Release"
[35.408s] -- Execute custom install script
[35.408s] -- Symlinking: /home/adam/ros_ws1/install/pb_omni_pid_pursuit_controller/share/pb_omni_pid_pursuit_controller//pb_omni_pid_pursuit_controller.xml
[35.408s] -- Symlinking: /home/adam/ros_ws1/install/pb_omni_pid_pursuit_controller/include/pb_omni_pid_pursuit_controller/omni_pid_pursuit_controller.hpp
[35.408s] -- Symlinking: /home/adam/ros_ws1/install/pb_omni_pid_pursuit_controller/include/pb_omni_pid_pursuit_controller/pid.hpp
[35.408s] -- Symlinking: /home/adam/ros_ws1/install/pb_omni_pid_pursuit_controller/share/pb_omni_pid_pursuit_controller/environment/library_path.sh
[35.408s] -- Symlinking: /home/adam/ros_ws1/install/pb_omni_pid_pursuit_controller/share/pb_omni_pid_pursuit_controller/environment/library_path.dsv
[35.409s] -- Symlinking: /home/adam/ros_ws1/install/pb_omni_pid_pursuit_controller/lib/libpb_omni_pid_pursuit_controller.so
[35.409s] -- Symlinking: /home/adam/ros_ws1/install/pb_omni_pid_pursuit_controller/share/ament_index/resource_index/package_run_dependencies/pb_omni_pid_pursuit_controller
[35.409s] -- Symlinking: /home/adam/ros_ws1/install/pb_omni_pid_pursuit_controller/share/ament_index/resource_index/parent_prefix_path/pb_omni_pid_pursuit_controller
[35.409s] -- Symlinking: /home/adam/ros_ws1/install/pb_omni_pid_pursuit_controller/share/pb_omni_pid_pursuit_controller/environment/ament_prefix_path.sh
[35.409s] -- Symlinking: /home/adam/ros_ws1/install/pb_omni_pid_pursuit_controller/share/pb_omni_pid_pursuit_controller/environment/ament_prefix_path.dsv
[35.409s] -- Symlinking: /home/adam/ros_ws1/install/pb_omni_pid_pursuit_controller/share/pb_omni_pid_pursuit_controller/environment/path.sh
[35.409s] -- Symlinking: /home/adam/ros_ws1/install/pb_omni_pid_pursuit_controller/share/pb_omni_pid_pursuit_controller/environment/path.dsv
[35.409s] -- Symlinking: /home/adam/ros_ws1/install/pb_omni_pid_pursuit_controller/share/pb_omni_pid_pursuit_controller/local_setup.bash
[35.409s] -- Symlinking: /home/adam/ros_ws1/install/pb_omni_pid_pursuit_controller/share/pb_omni_pid_pursuit_controller/local_setup.sh
[35.409s] -- Symlinking: /home/adam/ros_ws1/install/pb_omni_pid_pursuit_controller/share/pb_omni_pid_pursuit_controller/local_setup.zsh
[35.409s] -- Symlinking: /home/adam/ros_ws1/install/pb_omni_pid_pursuit_controller/share/pb_omni_pid_pursuit_controller/local_setup.dsv
[35.409s] -- Symlinking: /home/adam/ros_ws1/install/pb_omni_pid_pursuit_controller/share/pb_omni_pid_pursuit_controller/package.dsv
[35.409s] -- Symlinking: /home/adam/ros_ws1/install/pb_omni_pid_pursuit_controller/share/ament_index/resource_index/packages/pb_omni_pid_pursuit_controller
[35.410s] -- Symlinking: /home/adam/ros_ws1/install/pb_omni_pid_pursuit_controller/share/ament_index/resource_index/nav2_core__pluginlib__plugin/pb_omni_pid_pursuit_controller
[35.410s] -- Symlinking: /home/adam/ros_ws1/install/pb_omni_pid_pursuit_controller/share/pb_omni_pid_pursuit_controller/cmake/ament_cmake_export_dependencies-extras.cmake
[35.410s] -- Symlinking: /home/adam/ros_ws1/install/pb_omni_pid_pursuit_controller/share/pb_omni_pid_pursuit_controller/cmake/ament_cmake_export_include_directories-extras.cmake
[35.410s] -- Symlinking: /home/adam/ros_ws1/install/pb_omni_pid_pursuit_controller/share/pb_omni_pid_pursuit_controller/cmake/ament_cmake_export_libraries-extras.cmake
[35.410s] -- Symlinking: /home/adam/ros_ws1/install/pb_omni_pid_pursuit_controller/share/pb_omni_pid_pursuit_controller/cmake/pb_omni_pid_pursuit_controllerConfig.cmake
[35.410s] -- Symlinking: /home/adam/ros_ws1/install/pb_omni_pid_pursuit_controller/share/pb_omni_pid_pursuit_controller/cmake/pb_omni_pid_pursuit_controllerConfig-version.cmake
[35.410s] -- Symlinking: /home/adam/ros_ws1/install/pb_omni_pid_pursuit_controller/share/pb_omni_pid_pursuit_controller/package.xml
[35.417s] Invoked command in '/home/adam/ros_ws1/build/pb_omni_pid_pursuit_controller' returned '0': CMAKE_PREFIX_PATH=/opt/ros/humble /usr/bin/cmake --install /home/adam/ros_ws1/build/pb_omni_pid_pursuit_controller
