[0.024s] Invoking command in '/home/adam/ros_ws/build/fake_vel_transform': CMAKE_PREFIX_PATH=/opt/ros/humble /usr/bin/cmake /home/adam/ros_ws/src/pb2025_sentry_nav/fake_vel_transform -DCMAKE_BUILD_TYPE=Release -DAMENT_CMAKE_SYMLINK_INSTALL=1 -DCMAKE_INSTALL_PREFIX=/home/adam/ros_ws/install/fake_vel_transform
[0.128s] -- The C compiler identification is GNU 11.4.0
[0.228s] -- The CXX compiler identification is GNU 11.4.0
[0.242s] -- Detecting C compiler ABI info
[0.319s] -- Detecting C compiler ABI info - done
[0.331s] -- Check for working C compiler: /usr/bin/cc - skipped
[0.331s] -- Detecting C compile features
[0.331s] -- Detecting C compile features - done
[0.337s] -- Detecting CXX compiler ABI info
[0.446s] -- Detecting CXX compiler ABI info - done
[0.457s] -- Check for working CXX compiler: /usr/bin/c++ - skipped
[0.457s] -- Detecting CXX compile features
[0.457s] -- Detecting CXX compile features - done
[0.462s] -- Found ament_cmake_auto: 1.3.11 (/opt/ros/humble/share/ament_cmake_auto/cmake)
[0.664s] -- Found Python3: /usr/bin/python3 (found version "3.10.12") found components: Interpreter 
[0.755s] -- Override CMake install command with custom implementation using symlinks instead of copying resources
[0.918s] -- Found rosidl_generator_c: 3.1.6 (/opt/ros/humble/share/rosidl_generator_c/cmake)
[0.926s] -- Found rosidl_adapter: 3.1.6 (/opt/ros/humble/share/rosidl_adapter/cmake)
[0.932s] -- Found rosidl_generator_cpp: 3.1.6 (/opt/ros/humble/share/rosidl_generator_cpp/cmake)
[0.950s] -- Using all available rosidl_typesupport_c: rosidl_typesupport_fastrtps_c;rosidl_typesupport_introspection_c
[0.968s] -- Using all available rosidl_typesupport_cpp: rosidl_typesupport_fastrtps_cpp;rosidl_typesupport_introspection_cpp
[1.024s] -- Found rmw_implementation_cmake: 6.1.2 (/opt/ros/humble/share/rmw_implementation_cmake/cmake)
[1.027s] -- Found rmw_fastrtps_cpp: 6.2.7 (/opt/ros/humble/share/rmw_fastrtps_cpp/cmake)
[1.122s] -- Found OpenSSL: /usr/lib/x86_64-linux-gnu/libcrypto.so (found version "3.0.2")  
[1.154s] -- Found FastRTPS: /opt/ros/humble/include  
[1.196s] -- Using RMW implementation 'rmw_fastrtps_cpp' as default
[1.207s] -- Looking for pthread.h
[1.289s] -- Looking for pthread.h - found
[1.292s] -- Performing Test CMAKE_HAVE_LIBC_PTHREAD
[1.371s] -- Performing Test CMAKE_HAVE_LIBC_PTHREAD - Success
[1.373s] -- Found Threads: TRUE  
[1.618s] -- Found eigen3_cmake_module: 0.1.1 (/opt/ros/humble/share/eigen3_cmake_module/cmake)
[1.619s] -- Found Eigen3: TRUE (found version "3.4.0") 
[1.619s] -- Ensuring Eigen3 include directory is part of orocos-kdl CMake target
[1.651s] -- Found ament_lint_auto: 0.12.11 (/opt/ros/humble/share/ament_lint_auto/cmake)
[1.686s] -- Added test 'copyright' to check source files copyright and LICENSE
[1.688s] -- Added test 'cppcheck' to perform static code analysis on C / C++ code
[1.688s] -- Configured cppcheck include dirs: /home/adam/ros_ws/src/pb2025_sentry_nav/fake_vel_transform/include
[1.688s] -- Configured cppcheck exclude dirs and/or files: 
[1.688s] -- Added test 'cpplint' to check C / C++ code against the Google style
[1.689s] -- Configured cpplint exclude dirs and/or files: 
[1.689s] -- Added test 'lint_cmake' to check CMake code style
[1.691s] -- Added test 'pep257' to check Python code against some of the docstring style conventions in PEP 257
[1.691s] -- Added test 'xmllint' to check XML markup files
[1.693s] -- Added test 'clang_format' to check C / C++ code style
[1.693s] -- Added test 'black' to check Python code style
[1.702s] -- Configuring done
[1.723s] -- Generating done
[1.729s] -- Build files have been written to: /home/adam/ros_ws/build/fake_vel_transform
[1.749s] Invoked command in '/home/adam/ros_ws/build/fake_vel_transform' returned '0': CMAKE_PREFIX_PATH=/opt/ros/humble /usr/bin/cmake /home/adam/ros_ws/src/pb2025_sentry_nav/fake_vel_transform -DCMAKE_BUILD_TYPE=Release -DAMENT_CMAKE_SYMLINK_INSTALL=1 -DCMAKE_INSTALL_PREFIX=/home/adam/ros_ws/install/fake_vel_transform
[1.750s] Invoking command in '/home/adam/ros_ws/build/fake_vel_transform': CMAKE_PREFIX_PATH=/opt/ros/humble /usr/bin/cmake --build /home/adam/ros_ws/build/fake_vel_transform -- -j8 -l8
[2.132s] [ 25%] [32mBuilding CXX object CMakeFiles/fake_vel_transform_node.dir/rclcpp_components/node_main_fake_vel_transform_node.cpp.o[0m
[2.134s] [ 50%] [32mBuilding CXX object CMakeFiles/fake_vel_transform.dir/src/fake_vel_transform.cpp.o[0m
[7.166s] [ 75%] [32m[1mLinking CXX executable fake_vel_transform_node[0m
[7.414s] [ 75%] Built target fake_vel_transform_node
[35.324s] [100%] [32m[1mLinking CXX shared library libfake_vel_transform.so[0m
[35.673s] [100%] Built target fake_vel_transform
[35.725s] Invoked command in '/home/adam/ros_ws/build/fake_vel_transform' returned '0': CMAKE_PREFIX_PATH=/opt/ros/humble /usr/bin/cmake --build /home/adam/ros_ws/build/fake_vel_transform -- -j8 -l8
[35.730s] Invoking command in '/home/adam/ros_ws/build/fake_vel_transform': CMAKE_PREFIX_PATH=/opt/ros/humble /usr/bin/cmake --install /home/adam/ros_ws/build/fake_vel_transform
[38.623s] -- Install configuration: "Release"
[38.624s] -- Execute custom install script
[38.624s] -- Symlinking: /home/adam/ros_ws/install/fake_vel_transform/lib/fake_vel_transform/fake_vel_transform_node
[38.625s] -- Symlinking: /home/adam/ros_ws/install/fake_vel_transform/include/fake_vel_transform/fake_vel_transform.hpp
[38.626s] -- Symlinking: /home/adam/ros_ws/install/fake_vel_transform/share/fake_vel_transform/environment/library_path.sh
[38.626s] -- Symlinking: /home/adam/ros_ws/install/fake_vel_transform/share/fake_vel_transform/environment/library_path.dsv
[38.626s] -- Symlinking: /home/adam/ros_ws/install/fake_vel_transform/lib/libfake_vel_transform.so
[38.626s] -- Symlinking: /home/adam/ros_ws/install/fake_vel_transform/share/fake_vel_transform/launch/fake_vel_transform_launch.py
[38.626s] -- Symlinking: /home/adam/ros_ws/install/fake_vel_transform/share/ament_index/resource_index/package_run_dependencies/fake_vel_transform
[38.626s] -- Symlinking: /home/adam/ros_ws/install/fake_vel_transform/share/ament_index/resource_index/parent_prefix_path/fake_vel_transform
[38.626s] -- Symlinking: /home/adam/ros_ws/install/fake_vel_transform/share/fake_vel_transform/environment/ament_prefix_path.sh
[38.626s] -- Symlinking: /home/adam/ros_ws/install/fake_vel_transform/share/fake_vel_transform/environment/ament_prefix_path.dsv
[38.627s] -- Symlinking: /home/adam/ros_ws/install/fake_vel_transform/share/fake_vel_transform/environment/path.sh
[38.627s] -- Symlinking: /home/adam/ros_ws/install/fake_vel_transform/share/fake_vel_transform/environment/path.dsv
[38.627s] -- Symlinking: /home/adam/ros_ws/install/fake_vel_transform/share/fake_vel_transform/local_setup.bash
[38.627s] -- Symlinking: /home/adam/ros_ws/install/fake_vel_transform/share/fake_vel_transform/local_setup.sh
[38.627s] -- Symlinking: /home/adam/ros_ws/install/fake_vel_transform/share/fake_vel_transform/local_setup.zsh
[38.627s] -- Symlinking: /home/adam/ros_ws/install/fake_vel_transform/share/fake_vel_transform/local_setup.dsv
[38.627s] -- Symlinking: /home/adam/ros_ws/install/fake_vel_transform/share/fake_vel_transform/package.dsv
[38.627s] -- Symlinking: /home/adam/ros_ws/install/fake_vel_transform/share/ament_index/resource_index/packages/fake_vel_transform
[38.627s] -- Symlinking: /home/adam/ros_ws/install/fake_vel_transform/share/ament_index/resource_index/rclcpp_components/fake_vel_transform
[38.627s] -- Symlinking: /home/adam/ros_ws/install/fake_vel_transform/share/fake_vel_transform/cmake/ament_cmake_export_dependencies-extras.cmake
[38.627s] -- Symlinking: /home/adam/ros_ws/install/fake_vel_transform/share/fake_vel_transform/cmake/ament_cmake_export_include_directories-extras.cmake
[38.627s] -- Symlinking: /home/adam/ros_ws/install/fake_vel_transform/share/fake_vel_transform/cmake/ament_cmake_export_libraries-extras.cmake
[38.627s] -- Symlinking: /home/adam/ros_ws/install/fake_vel_transform/share/fake_vel_transform/cmake/fake_vel_transformConfig.cmake
[38.627s] -- Symlinking: /home/adam/ros_ws/install/fake_vel_transform/share/fake_vel_transform/cmake/fake_vel_transformConfig-version.cmake
[38.627s] -- Symlinking: /home/adam/ros_ws/install/fake_vel_transform/share/fake_vel_transform/package.xml
[38.634s] Invoked command in '/home/adam/ros_ws/build/fake_vel_transform' returned '0': CMAKE_PREFIX_PATH=/opt/ros/humble /usr/bin/cmake --install /home/adam/ros_ws/build/fake_vel_transform
