[0.042s] Invoking command in '/home/adam/ros_ws1/build/loam_interface': CMAKE_PREFIX_PATH=${CMAKE_PREFIX_PATH}:/home/adam/ros_ws1/install/rm_static_tf:/home/adam/ros_ws1/install/my_serial_py:/home/adam/ros_ws1/install/my_nav_controller:/opt/ros/humble /usr/bin/cmake --build /home/adam/ros_ws1/build/loam_interface -- -j8 -l8
[0.225s] [ 50%] Built target loam_interface_node
[0.250s] [100%] Built target loam_interface
[0.288s] Invoked command in '/home/adam/ros_ws1/build/loam_interface' returned '0': CMAKE_PREFIX_PATH=${CMAKE_PREFIX_PATH}:/home/adam/ros_ws1/install/rm_static_tf:/home/adam/ros_ws1/install/my_serial_py:/home/adam/ros_ws1/install/my_nav_controller:/opt/ros/humble /usr/bin/cmake --build /home/adam/ros_ws1/build/loam_interface -- -j8 -l8
[0.291s] Invoking command in '/home/adam/ros_ws1/build/loam_interface': CMAKE_PREFIX_PATH=${CMAKE_PREFIX_PATH}:/home/adam/ros_ws1/install/rm_static_tf:/home/adam/ros_ws1/install/my_serial_py:/home/adam/ros_ws1/install/my_nav_controller:/opt/ros/humble /usr/bin/cmake --install /home/adam/ros_ws1/build/loam_interface
[0.308s] -- Install configuration: "Release"
[0.308s] -- Execute custom install script
[0.309s] -- Up-to-date symlink: /home/adam/ros_ws1/install/loam_interface/lib/loam_interface/loam_interface_node
[0.309s] -- Up-to-date symlink: /home/adam/ros_ws1/install/loam_interface/include/loam_interface/loam_interface.hpp
[0.309s] -- Up-to-date symlink: /home/adam/ros_ws1/install/loam_interface/share/loam_interface/environment/library_path.sh
[0.309s] -- Up-to-date symlink: /home/adam/ros_ws1/install/loam_interface/share/loam_interface/environment/library_path.dsv
[0.320s] -- Up-to-date symlink: /home/adam/ros_ws1/install/loam_interface/lib/libloam_interface.so
[0.320s] -- Up-to-date symlink: /home/adam/ros_ws1/install/loam_interface/share/loam_interface/launch/loam_interface_launch.py
[0.321s] -- Up-to-date symlink: /home/adam/ros_ws1/install/loam_interface/share/ament_index/resource_index/package_run_dependencies/loam_interface
[0.322s] -- Up-to-date symlink: /home/adam/ros_ws1/install/loam_interface/share/ament_index/resource_index/parent_prefix_path/loam_interface
[0.322s] -- Up-to-date symlink: /home/adam/ros_ws1/install/loam_interface/share/loam_interface/environment/ament_prefix_path.sh
[0.322s] -- Up-to-date symlink: /home/adam/ros_ws1/install/loam_interface/share/loam_interface/environment/ament_prefix_path.dsv
[0.324s] -- Up-to-date symlink: /home/adam/ros_ws1/install/loam_interface/share/loam_interface/environment/path.sh
[0.324s] -- Up-to-date symlink: /home/adam/ros_ws1/install/loam_interface/share/loam_interface/environment/path.dsv
[0.325s] -- Up-to-date symlink: /home/adam/ros_ws1/install/loam_interface/share/loam_interface/local_setup.bash
[0.325s] -- Up-to-date symlink: /home/adam/ros_ws1/install/loam_interface/share/loam_interface/local_setup.sh
[0.325s] -- Up-to-date symlink: /home/adam/ros_ws1/install/loam_interface/share/loam_interface/local_setup.zsh
[0.325s] -- Up-to-date symlink: /home/adam/ros_ws1/install/loam_interface/share/loam_interface/local_setup.dsv
[0.325s] -- Symlinking: /home/adam/ros_ws1/install/loam_interface/share/loam_interface/package.dsv
[0.340s] -- Up-to-date symlink: /home/adam/ros_ws1/install/loam_interface/share/ament_index/resource_index/packages/loam_interface
[0.341s] -- Up-to-date symlink: /home/adam/ros_ws1/install/loam_interface/share/ament_index/resource_index/rclcpp_components/loam_interface
[0.342s] -- Up-to-date symlink: /home/adam/ros_ws1/install/loam_interface/share/loam_interface/cmake/ament_cmake_export_dependencies-extras.cmake
[0.342s] -- Up-to-date symlink: /home/adam/ros_ws1/install/loam_interface/share/loam_interface/cmake/ament_cmake_export_include_directories-extras.cmake
[0.342s] -- Up-to-date symlink: /home/adam/ros_ws1/install/loam_interface/share/loam_interface/cmake/ament_cmake_export_libraries-extras.cmake
[0.342s] -- Up-to-date symlink: /home/adam/ros_ws1/install/loam_interface/share/loam_interface/cmake/loam_interfaceConfig.cmake
[0.344s] -- Up-to-date symlink: /home/adam/ros_ws1/install/loam_interface/share/loam_interface/cmake/loam_interfaceConfig-version.cmake
[0.344s] -- Up-to-date symlink: /home/adam/ros_ws1/install/loam_interface/share/loam_interface/package.xml
[0.402s] Invoked command in '/home/adam/ros_ws1/build/loam_interface' returned '0': CMAKE_PREFIX_PATH=${CMAKE_PREFIX_PATH}:/home/adam/ros_ws1/install/rm_static_tf:/home/adam/ros_ws1/install/my_serial_py:/home/adam/ros_ws1/install/my_nav_controller:/opt/ros/humble /usr/bin/cmake --install /home/adam/ros_ws1/build/loam_interface
