[1.699s] Invoking command in '/home/adam/ros_ws1/build/my_serial_py': AMENT_PREFIX_PATH=/home/adam/ros_ws1/install/referee_msg:${AMENT_PREFIX_PATH} CMAKE_PREFIX_PATH=/home/adam/ros_ws1/install/referee_msg LD_LIBRARY_PATH=/home/adam/ros_ws1/install/referee_msg/lib:${LD_LIBRARY_PATH} PYTHONPATH=/home/adam/ros_ws1/build/my_serial_py/prefix_override:/usr/lib/python3/dist-packages/colcon_core/task/python/colcon_distutils_commands:/home/adam/ros_ws1/install/my_serial_py/lib/python3.10/site-packages:/home/adam/ros_ws1/install/referee_msg/local/lib/python3.10/dist-packages:${PYTHONPATH} /usr/bin/python3 -W ignore:setup.py install is deprecated -W ignore:easy_install command is deprecated setup.py develop --editable --build-directory /home/adam/ros_ws1/build/my_serial_py/build --no-deps symlink_data
[2.163s] running develop
[2.382s] running egg_info
[2.382s] creating my_serial_py.egg-info
[2.382s] writing my_serial_py.egg-info/PKG-INFO
[2.382s] writing dependency_links to my_serial_py.egg-info/dependency_links.txt
[2.382s] writing entry points to my_serial_py.egg-info/entry_points.txt
[2.382s] writing requirements to my_serial_py.egg-info/requires.txt
[2.383s] writing top-level names to my_serial_py.egg-info/top_level.txt
[2.383s] writing manifest file 'my_serial_py.egg-info/SOURCES.txt'
[2.386s] reading manifest file 'my_serial_py.egg-info/SOURCES.txt'
[2.389s] writing manifest file 'my_serial_py.egg-info/SOURCES.txt'
[2.389s] running build_ext
[2.389s] Creating /home/adam/ros_ws1/install/my_serial_py/lib/python3.10/site-packages/my-serial-py.egg-link (link to .)
[2.390s] Installing serial_node script to /home/adam/ros_ws1/install/my_serial_py/lib/my_serial_py
[2.391s] 
[2.391s] Installed /home/adam/ros_ws1/build/my_serial_py
[2.393s] running symlink_data
[2.393s] creating /home/adam/ros_ws1/install/my_serial_py/share/ament_index
[2.393s] creating /home/adam/ros_ws1/install/my_serial_py/share/ament_index/resource_index
[2.393s] creating /home/adam/ros_ws1/install/my_serial_py/share/ament_index/resource_index/packages
[2.394s] symbolically linking /home/adam/ros_ws1/build/my_serial_py/resource/my_serial_py -> /home/adam/ros_ws1/install/my_serial_py/share/ament_index/resource_index/packages
[2.394s] symbolically linking /home/adam/ros_ws1/build/my_serial_py/package.xml -> /home/adam/ros_ws1/install/my_serial_py/share/my_serial_py
[2.394s] creating /home/adam/ros_ws1/install/my_serial_py/share/my_serial_py/launch
[2.394s] symbolically linking /home/adam/ros_ws1/build/my_serial_py/launch/serial.launch.py -> /home/adam/ros_ws1/install/my_serial_py/share/my_serial_py/launch
[2.448s] Invoked command in '/home/adam/ros_ws1/build/my_serial_py' returned '0': AMENT_PREFIX_PATH=/home/adam/ros_ws1/install/referee_msg:${AMENT_PREFIX_PATH} CMAKE_PREFIX_PATH=/home/adam/ros_ws1/install/referee_msg LD_LIBRARY_PATH=/home/adam/ros_ws1/install/referee_msg/lib:${LD_LIBRARY_PATH} PYTHONPATH=/home/adam/ros_ws1/build/my_serial_py/prefix_override:/usr/lib/python3/dist-packages/colcon_core/task/python/colcon_distutils_commands:/home/adam/ros_ws1/install/my_serial_py/lib/python3.10/site-packages:/home/adam/ros_ws1/install/referee_msg/local/lib/python3.10/dist-packages:${PYTHONPATH} /usr/bin/python3 -W ignore:setup.py install is deprecated -W ignore:easy_install command is deprecated setup.py develop --editable --build-directory /home/adam/ros_ws1/build/my_serial_py/build --no-deps symlink_data
