[0.621s] Invoking command in '/home/kswlt/Desktop/Nav导航改进/ros_ws/build/rm_static_tf': PYTHONPATH=/home/kswlt/Desktop/Nav导航改进/ros_ws/build/rm_static_tf/prefix_override:/usr/lib/python3/dist-packages/colcon_core/task/python/colcon_distutils_commands:/home/kswlt/Desktop/Nav导航改进/ros_ws/install/rm_static_tf/lib/python3.10/site-packages:${PYTHONPATH} /usr/bin/python3 -W ignore:setup.py install is deprecated -W ignore:easy_install command is deprecated setup.py develop --editable --build-directory /home/kswlt/Desktop/Nav导航改进/ros_ws/build/rm_static_tf/build --no-deps symlink_data
[0.777s] running develop
[0.939s] running egg_info
[0.939s] creating rm_static_tf.egg-info
[0.939s] writing rm_static_tf.egg-info/PKG-INFO
[0.939s] writing dependency_links to rm_static_tf.egg-info/dependency_links.txt
[0.939s] writing entry points to rm_static_tf.egg-info/entry_points.txt
[0.939s] writing requirements to rm_static_tf.egg-info/requires.txt
[0.939s] writing top-level names to rm_static_tf.egg-info/top_level.txt
[0.940s] writing manifest file 'rm_static_tf.egg-info/SOURCES.txt'
[0.941s] reading manifest file 'rm_static_tf.egg-info/SOURCES.txt'
[0.942s] writing manifest file 'rm_static_tf.egg-info/SOURCES.txt'
[0.943s] running build_ext
[0.943s] Creating /home/kswlt/Desktop/Nav导航改进/ros_ws/install/rm_static_tf/lib/python3.10/site-packages/rm-static-tf.egg-link (link to .)
[0.944s] 
[0.944s] Installed /home/kswlt/Desktop/Nav导航改进/ros_ws/build/rm_static_tf
[0.944s] running symlink_data
[0.944s] creating /home/kswlt/Desktop/Nav导航改进/ros_ws/install/rm_static_tf/share/ament_index
[0.944s] creating /home/kswlt/Desktop/Nav导航改进/ros_ws/install/rm_static_tf/share/ament_index/resource_index
[0.944s] creating /home/kswlt/Desktop/Nav导航改进/ros_ws/install/rm_static_tf/share/ament_index/resource_index/packages
[0.944s] symbolically linking /home/kswlt/Desktop/Nav导航改进/ros_ws/build/rm_static_tf/resource/rm_static_tf -> /home/kswlt/Desktop/Nav导航改进/ros_ws/install/rm_static_tf/share/ament_index/resource_index/packages
[0.944s] symbolically linking /home/kswlt/Desktop/Nav导航改进/ros_ws/build/rm_static_tf/package.xml -> /home/kswlt/Desktop/Nav导航改进/ros_ws/install/rm_static_tf/share/rm_static_tf
[0.944s] creating /home/kswlt/Desktop/Nav导航改进/ros_ws/install/rm_static_tf/share/rm_static_tf/launch
[0.945s] symbolically linking /home/kswlt/Desktop/Nav导航改进/ros_ws/build/rm_static_tf/launch/static_tf.launch.py -> /home/kswlt/Desktop/Nav导航改进/ros_ws/install/rm_static_tf/share/rm_static_tf/launch
