[0.210s] Invoking command in '/home/adam/ros_ws1/build/pointcloud_to_laserscan': CMAKE_PREFIX_PATH=${CMAKE_PREFIX_PATH}:/home/adam/ros_ws1/install/rm_static_tf:/home/adam/ros_ws1/install/my_serial_py:/home/adam/ros_ws1/install/my_nav_controller:/opt/ros/humble /usr/bin/cmake --build /home/adam/ros_ws1/build/pointcloud_to_laserscan -- -j8 -l8
[0.303s] [35m[1mConsolidate compiler generated dependencies of target laserscan_to_pointcloud_node[0m
[0.303s] [35m[1mConsolidate compiler generated dependencies of target laserscan_to_pointcloud[0m
[0.320s] [35m[1mConsolidate compiler generated dependencies of target pointcloud_to_laserscan_node[0m
[0.344s] [ 20%] Built target laserscan_to_pointcloud_node
[0.367s] [ 40%] Built target laserscan_to_pointcloud
[0.372s] [ 60%] Built target pointcloud_to_laserscan_node
[0.410s] [35m[1mConsolidate compiler generated dependencies of target pointcloud_to_laserscan[0m
[0.532s] [ 80%] Built target pointcloud_to_laserscan
[0.558s] [35m[1mConsolidate compiler generated dependencies of target dummy_pointcloud_publisher[0m
[0.590s] [100%] Built target dummy_pointcloud_publisher
[1.076s] Invoked command in '/home/adam/ros_ws1/build/pointcloud_to_laserscan' returned '0': CMAKE_PREFIX_PATH=${CMAKE_PREFIX_PATH}:/home/adam/ros_ws1/install/rm_static_tf:/home/adam/ros_ws1/install/my_serial_py:/home/adam/ros_ws1/install/my_nav_controller:/opt/ros/humble /usr/bin/cmake --build /home/adam/ros_ws1/build/pointcloud_to_laserscan -- -j8 -l8
[1.078s] Invoking command in '/home/adam/ros_ws1/build/pointcloud_to_laserscan': CMAKE_PREFIX_PATH=${CMAKE_PREFIX_PATH}:/home/adam/ros_ws1/install/rm_static_tf:/home/adam/ros_ws1/install/my_serial_py:/home/adam/ros_ws1/install/my_nav_controller:/opt/ros/humble /usr/bin/cmake --install /home/adam/ros_ws1/build/pointcloud_to_laserscan
[1.122s] -- Install configuration: "Release"
[1.122s] -- Execute custom install script
[1.122s] -- Up-to-date symlink: /home/adam/ros_ws1/install/pointcloud_to_laserscan/lib/pointcloud_to_laserscan/laserscan_to_pointcloud_node
[1.123s] -- Up-to-date symlink: /home/adam/ros_ws1/install/pointcloud_to_laserscan/lib/pointcloud_to_laserscan/pointcloud_to_laserscan_node
[1.123s] -- Up-to-date symlink: /home/adam/ros_ws1/install/pointcloud_to_laserscan/include/pointcloud_to_laserscan/laserscan_to_pointcloud_node.hpp
[1.123s] -- Up-to-date symlink: /home/adam/ros_ws1/install/pointcloud_to_laserscan/include/pointcloud_to_laserscan/pointcloud_to_laserscan_node.hpp
[1.123s] -- Up-to-date symlink: /home/adam/ros_ws1/install/pointcloud_to_laserscan/include/pointcloud_to_laserscan/visibility_control.h
[1.123s] -- Up-to-date symlink: /home/adam/ros_ws1/install/pointcloud_to_laserscan/share/pointcloud_to_laserscan/environment/library_path.sh
[1.123s] -- Up-to-date symlink: /home/adam/ros_ws1/install/pointcloud_to_laserscan/share/pointcloud_to_laserscan/environment/library_path.dsv
[1.123s] -- Up-to-date symlink: /home/adam/ros_ws1/install/pointcloud_to_laserscan/lib/liblaserscan_to_pointcloud.so
[1.123s] -- Up-to-date symlink: /home/adam/ros_ws1/install/pointcloud_to_laserscan/lib/libpointcloud_to_laserscan.so
[1.123s] -- Up-to-date symlink: /home/adam/ros_ws1/install/pointcloud_to_laserscan/lib/pointcloud_to_laserscan/dummy_pointcloud_publisher
[1.123s] -- Up-to-date symlink: /home/adam/ros_ws1/install/pointcloud_to_laserscan/share/pointcloud_to_laserscan/launch/sample_laserscan_to_pointcloud_launch.py
[1.123s] -- Up-to-date symlink: /home/adam/ros_ws1/install/pointcloud_to_laserscan/share/pointcloud_to_laserscan/launch/sample_pointcloud_to_laserscan_launch.py
[1.123s] -- Up-to-date symlink: /home/adam/ros_ws1/install/pointcloud_to_laserscan/share/ament_index/resource_index/package_run_dependencies/pointcloud_to_laserscan
[1.123s] -- Up-to-date symlink: /home/adam/ros_ws1/install/pointcloud_to_laserscan/share/ament_index/resource_index/parent_prefix_path/pointcloud_to_laserscan
[1.123s] -- Up-to-date symlink: /home/adam/ros_ws1/install/pointcloud_to_laserscan/share/pointcloud_to_laserscan/environment/ament_prefix_path.sh
[1.127s] -- Up-to-date symlink: /home/adam/ros_ws1/install/pointcloud_to_laserscan/share/pointcloud_to_laserscan/environment/ament_prefix_path.dsv
[1.128s] -- Up-to-date symlink: /home/adam/ros_ws1/install/pointcloud_to_laserscan/share/pointcloud_to_laserscan/environment/path.sh
[1.128s] -- Up-to-date symlink: /home/adam/ros_ws1/install/pointcloud_to_laserscan/share/pointcloud_to_laserscan/environment/path.dsv
[1.130s] -- Up-to-date symlink: /home/adam/ros_ws1/install/pointcloud_to_laserscan/share/pointcloud_to_laserscan/local_setup.bash
[1.130s] -- Up-to-date symlink: /home/adam/ros_ws1/install/pointcloud_to_laserscan/share/pointcloud_to_laserscan/local_setup.sh
[1.130s] -- Up-to-date symlink: /home/adam/ros_ws1/install/pointcloud_to_laserscan/share/pointcloud_to_laserscan/local_setup.zsh
[1.130s] -- Up-to-date symlink: /home/adam/ros_ws1/install/pointcloud_to_laserscan/share/pointcloud_to_laserscan/local_setup.dsv
[1.130s] -- Symlinking: /home/adam/ros_ws1/install/pointcloud_to_laserscan/share/pointcloud_to_laserscan/package.dsv
[1.152s] -- Up-to-date symlink: /home/adam/ros_ws1/install/pointcloud_to_laserscan/share/ament_index/resource_index/packages/pointcloud_to_laserscan
[1.152s] -- Up-to-date symlink: /home/adam/ros_ws1/install/pointcloud_to_laserscan/share/ament_index/resource_index/rclcpp_components/pointcloud_to_laserscan
[1.154s] -- Up-to-date symlink: /home/adam/ros_ws1/install/pointcloud_to_laserscan/share/pointcloud_to_laserscan/cmake/ament_cmake_export_dependencies-extras.cmake
[1.154s] -- Up-to-date symlink: /home/adam/ros_ws1/install/pointcloud_to_laserscan/share/pointcloud_to_laserscan/cmake/ament_cmake_export_include_directories-extras.cmake
[1.155s] -- Up-to-date symlink: /home/adam/ros_ws1/install/pointcloud_to_laserscan/share/pointcloud_to_laserscan/cmake/ament_cmake_export_libraries-extras.cmake
[1.155s] -- Up-to-date symlink: /home/adam/ros_ws1/install/pointcloud_to_laserscan/share/pointcloud_to_laserscan/cmake/pointcloud_to_laserscanConfig.cmake
[1.155s] -- Up-to-date symlink: /home/adam/ros_ws1/install/pointcloud_to_laserscan/share/pointcloud_to_laserscan/cmake/pointcloud_to_laserscanConfig-version.cmake
[1.155s] -- Up-to-date symlink: /home/adam/ros_ws1/install/pointcloud_to_laserscan/share/pointcloud_to_laserscan/package.xml
[1.210s] Invoked command in '/home/adam/ros_ws1/build/pointcloud_to_laserscan' returned '0': CMAKE_PREFIX_PATH=${CMAKE_PREFIX_PATH}:/home/adam/ros_ws1/install/rm_static_tf:/home/adam/ros_ws1/install/my_serial_py:/home/adam/ros_ws1/install/my_nav_controller:/opt/ros/humble /usr/bin/cmake --install /home/adam/ros_ws1/build/pointcloud_to_laserscan
