[0.028s] Invoking command in '/home/kswlt/Desktop/Nav导航改进/ros_ws/build/pb_nav2_plugins': CMAKE_PREFIX_PATH=/opt/ros/humble /usr/bin/cmake /home/kswlt/Desktop/Nav导航改进/ros_ws/src/pb2025_sentry_nav/pb_nav2_plugins -DCMAKE_BUILD_TYPE=Release -DAMENT_CMAKE_SYMLINK_INSTALL=1 -DCMAKE_INSTALL_PREFIX=/home/kswlt/Desktop/Nav导航改进/ros_ws/install/pb_nav2_plugins
[0.383s] -- The C compiler identification is GNU 11.4.0
[0.383s] -- The CXX compiler identification is GNU 11.4.0
[0.383s] -- Detecting C compiler ABI info
[0.384s] -- Detecting C compiler ABI info - done
[0.384s] -- Check for working C compiler: /usr/bin/cc - skipped
[0.384s] -- Detecting C compile features
[0.384s] -- Detecting C compile features - done
[0.384s] -- Detecting CXX compiler ABI info
[0.384s] -- Detecting CXX compiler ABI info - done
[0.384s] -- Check for working CXX compiler: /usr/bin/c++ - skipped
[0.384s] -- Detecting CXX compile features
[0.384s] -- Detecting CXX compile features - done
[0.384s] -- Found ament_cmake_auto: 1.3.11 (/opt/ros/humble/share/ament_cmake_auto/cmake)
[0.453s] -- Found Python3: /usr/bin/python3 (found version "3.10.12") found components: Interpreter 
[0.509s] -- Override CMake install command with custom implementation using symlinks instead of copying resources
[0.601s] -- Found rosidl_generator_c: 3.1.6 (/opt/ros/humble/share/rosidl_generator_c/cmake)
[0.605s] -- Found rosidl_adapter: 3.1.6 (/opt/ros/humble/share/rosidl_adapter/cmake)
[0.613s] -- Found rosidl_generator_cpp: 3.1.6 (/opt/ros/humble/share/rosidl_generator_cpp/cmake)
[0.624s] -- Using all available rosidl_typesupport_c: rosidl_typesupport_fastrtps_c;rosidl_typesupport_introspection_c
[0.640s] -- Using all available rosidl_typesupport_cpp: rosidl_typesupport_fastrtps_cpp;rosidl_typesupport_introspection_cpp
[0.680s] -- Found rmw_implementation_cmake: 6.1.2 (/opt/ros/humble/share/rmw_implementation_cmake/cmake)
[0.682s] -- Found rmw_fastrtps_cpp: 6.2.7 (/opt/ros/humble/share/rmw_fastrtps_cpp/cmake)
[0.754s] -- Found OpenSSL: /usr/lib/x86_64-linux-gnu/libcrypto.so (found version "3.0.2")  
[0.778s] -- Found FastRTPS: /opt/ros/humble/include  
[0.807s] -- Using RMW implementation 'rmw_fastrtps_cpp' as default
[0.812s] -- Looking for pthread.h
[0.864s] -- Looking for pthread.h - found
[0.864s] -- Performing Test CMAKE_HAVE_LIBC_PTHREAD
[0.911s] -- Performing Test CMAKE_HAVE_LIBC_PTHREAD - Success
[0.912s] -- Found Threads: TRUE  
[1.108s] -- Found eigen3_cmake_module: 0.1.1 (/opt/ros/humble/share/eigen3_cmake_module/cmake)
[1.109s] -- Found Eigen3: TRUE (found version "3.4.0") 
[1.109s] -- Ensuring Eigen3 include directory is part of orocos-kdl CMake target
[1.688s] -- Found ament_lint_auto: 0.12.12 (/opt/ros/humble/share/ament_lint_auto/cmake)
[1.704s] -- Added test 'copyright' to check source files copyright and LICENSE
[1.704s] -- Added test 'cppcheck' to perform static code analysis on C / C++ code
[1.705s] -- Configured cppcheck include dirs: /home/kswlt/Desktop/Nav导航改进/ros_ws/src/pb2025_sentry_nav/pb_nav2_plugins/include
[1.705s] -- Configured cppcheck exclude dirs and/or files: 
[1.706s] -- Added test 'cpplint' to check C / C++ code against the Google style
[1.706s] -- Configured cpplint exclude dirs and/or files: 
[1.706s] -- Added test 'lint_cmake' to check CMake code style
[1.707s] -- Added test 'xmllint' to check XML markup files
[1.708s] -- Added test 'clang_format' to check C / C++ code style
[1.709s] -- Configuring done
[1.807s] -- Generating done
[1.816s] -- Build files have been written to: /home/kswlt/Desktop/Nav导航改进/ros_ws/build/pb_nav2_plugins
