[0.017s] Invoking command in '/home/adam/ros_ws/build/point_lio': CMAKE_PREFIX_PATH=/home/adam/ros_ws/install/livox_ros_driver2:/home/adam/ros_ws/install/pb2025_nav_bringup:/home/adam/ros_ws/install/terrain_analysis:/home/adam/ros_ws/install/small_gicp_relocalization:/home/adam/ros_ws/install/pb2025_sentry_nav:/home/adam/ros_ws/install/sensor_scan_generation:/home/adam/ros_ws/install/point_lio:/home/adam/ros_ws/install/pb_teleop_twist_joy:/home/adam/ros_ws/install/pb_omni_pid_pursuit_controller:/home/adam/ros_ws/install/pb_nav2_plugins:/home/adam/ros_ws/install/loam_interface:/home/adam/ros_ws/install/ign_sim_pointcloud_tool:/home/adam/ros_ws/install/fake_vel_transform:/home/adam/ros_ws/install/rm_static_tf:/home/adam/ros_ws/install/my_serial_py:/opt/ros/humble LD_LIBRARY_PATH=/home/adam/ros_ws/install/livox_ros_driver2/lib:/home/adam/ros_ws/install/terrain_analysis/lib:/home/adam/ros_ws/install/small_gicp_relocalization/lib:/home/adam/ros_ws/install/sensor_scan_generation/lib:/home/adam/ros_ws/install/pb_teleop_twist_joy/lib:/home/adam/ros_ws/install/pb_omni_pid_pursuit_controller/lib:/home/adam/ros_ws/install/pb_nav2_plugins/lib:/home/adam/ros_ws/install/loam_interface/lib:/home/adam/ros_ws/install/ign_sim_pointcloud_tool/lib:/home/adam/ros_ws/install/fake_vel_transform/lib:/opt/ros/humble/opt/rviz_ogre_vendor/lib:/opt/ros/humble/lib/x86_64-linux-gnu:/opt/ros/humble/lib /usr/bin/cmake --build /home/adam/ros_ws/build/point_lio -- -j8 -l8
[0.090s] [100%] Built target pointlio_mapping
[0.099s] Invoked command in '/home/adam/ros_ws/build/point_lio' returned '0': CMAKE_PREFIX_PATH=/home/adam/ros_ws/install/livox_ros_driver2:/home/adam/ros_ws/install/pb2025_nav_bringup:/home/adam/ros_ws/install/terrain_analysis:/home/adam/ros_ws/install/small_gicp_relocalization:/home/adam/ros_ws/install/pb2025_sentry_nav:/home/adam/ros_ws/install/sensor_scan_generation:/home/adam/ros_ws/install/point_lio:/home/adam/ros_ws/install/pb_teleop_twist_joy:/home/adam/ros_ws/install/pb_omni_pid_pursuit_controller:/home/adam/ros_ws/install/pb_nav2_plugins:/home/adam/ros_ws/install/loam_interface:/home/adam/ros_ws/install/ign_sim_pointcloud_tool:/home/adam/ros_ws/install/fake_vel_transform:/home/adam/ros_ws/install/rm_static_tf:/home/adam/ros_ws/install/my_serial_py:/opt/ros/humble LD_LIBRARY_PATH=/home/adam/ros_ws/install/livox_ros_driver2/lib:/home/adam/ros_ws/install/terrain_analysis/lib:/home/adam/ros_ws/install/small_gicp_relocalization/lib:/home/adam/ros_ws/install/sensor_scan_generation/lib:/home/adam/ros_ws/install/pb_teleop_twist_joy/lib:/home/adam/ros_ws/install/pb_omni_pid_pursuit_controller/lib:/home/adam/ros_ws/install/pb_nav2_plugins/lib:/home/adam/ros_ws/install/loam_interface/lib:/home/adam/ros_ws/install/ign_sim_pointcloud_tool/lib:/home/adam/ros_ws/install/fake_vel_transform/lib:/opt/ros/humble/opt/rviz_ogre_vendor/lib:/opt/ros/humble/lib/x86_64-linux-gnu:/opt/ros/humble/lib /usr/bin/cmake --build /home/adam/ros_ws/build/point_lio -- -j8 -l8
[0.101s] Invoking command in '/home/adam/ros_ws/build/point_lio': CMAKE_PREFIX_PATH=/home/adam/ros_ws/install/livox_ros_driver2:/home/adam/ros_ws/install/pb2025_nav_bringup:/home/adam/ros_ws/install/terrain_analysis:/home/adam/ros_ws/install/small_gicp_relocalization:/home/adam/ros_ws/install/pb2025_sentry_nav:/home/adam/ros_ws/install/sensor_scan_generation:/home/adam/ros_ws/install/point_lio:/home/adam/ros_ws/install/pb_teleop_twist_joy:/home/adam/ros_ws/install/pb_omni_pid_pursuit_controller:/home/adam/ros_ws/install/pb_nav2_plugins:/home/adam/ros_ws/install/loam_interface:/home/adam/ros_ws/install/ign_sim_pointcloud_tool:/home/adam/ros_ws/install/fake_vel_transform:/home/adam/ros_ws/install/rm_static_tf:/home/adam/ros_ws/install/my_serial_py:/opt/ros/humble LD_LIBRARY_PATH=/home/adam/ros_ws/install/livox_ros_driver2/lib:/home/adam/ros_ws/install/terrain_analysis/lib:/home/adam/ros_ws/install/small_gicp_relocalization/lib:/home/adam/ros_ws/install/sensor_scan_generation/lib:/home/adam/ros_ws/install/pb_teleop_twist_joy/lib:/home/adam/ros_ws/install/pb_omni_pid_pursuit_controller/lib:/home/adam/ros_ws/install/pb_nav2_plugins/lib:/home/adam/ros_ws/install/loam_interface/lib:/home/adam/ros_ws/install/ign_sim_pointcloud_tool/lib:/home/adam/ros_ws/install/fake_vel_transform/lib:/opt/ros/humble/opt/rviz_ogre_vendor/lib:/opt/ros/humble/lib/x86_64-linux-gnu:/opt/ros/humble/lib /usr/bin/cmake --install /home/adam/ros_ws/build/point_lio
[0.106s] -- Install configuration: "Release"
[0.107s] -- Execute custom install script
[0.107s] -- Up-to-date symlink: /home/adam/ros_ws/install/point_lio/lib/point_lio/pointlio_mapping
[0.107s] -- Up-to-date symlink: /home/adam/ros_ws/install/point_lio/share/point_lio/config/avia.yaml
[0.107s] -- Up-to-date symlink: /home/adam/ros_ws/install/point_lio/share/point_lio/config/horizon.yaml
[0.107s] -- Up-to-date symlink: /home/adam/ros_ws/install/point_lio/share/point_lio/config/mid360.yaml
[0.107s] -- Up-to-date symlink: /home/adam/ros_ws/install/point_lio/share/point_lio/config/ouster64.yaml
[0.108s] -- Up-to-date symlink: /home/adam/ros_ws/install/point_lio/share/point_lio/config/velody16.yaml
[0.108s] -- Up-to-date symlink: /home/adam/ros_ws/install/point_lio/share/point_lio/launch/point_lio.launch.py
[0.108s] -- Up-to-date symlink: /home/adam/ros_ws/install/point_lio/share/point_lio/rviz_cfg/.gitignore
[0.108s] -- Up-to-date symlink: /home/adam/ros_ws/install/point_lio/share/point_lio/rviz_cfg/loam_livox.rviz
[0.108s] -- Up-to-date symlink: /home/adam/ros_ws/install/point_lio/share/ament_index/resource_index/package_run_dependencies/point_lio
[0.108s] -- Up-to-date symlink: /home/adam/ros_ws/install/point_lio/share/ament_index/resource_index/parent_prefix_path/point_lio
[0.108s] -- Up-to-date symlink: /home/adam/ros_ws/install/point_lio/share/point_lio/environment/ament_prefix_path.sh
[0.109s] -- Up-to-date symlink: /home/adam/ros_ws/install/point_lio/share/point_lio/environment/ament_prefix_path.dsv
[0.109s] -- Up-to-date symlink: /home/adam/ros_ws/install/point_lio/share/point_lio/environment/path.sh
[0.109s] -- Up-to-date symlink: /home/adam/ros_ws/install/point_lio/share/point_lio/environment/path.dsv
[0.109s] -- Up-to-date symlink: /home/adam/ros_ws/install/point_lio/share/point_lio/local_setup.bash
[0.109s] -- Up-to-date symlink: /home/adam/ros_ws/install/point_lio/share/point_lio/local_setup.sh
[0.109s] -- Up-to-date symlink: /home/adam/ros_ws/install/point_lio/share/point_lio/local_setup.zsh
[0.109s] -- Up-to-date symlink: /home/adam/ros_ws/install/point_lio/share/point_lio/local_setup.dsv
[0.109s] -- Symlinking: /home/adam/ros_ws/install/point_lio/share/point_lio/package.dsv
[0.116s] -- Up-to-date symlink: /home/adam/ros_ws/install/point_lio/share/ament_index/resource_index/packages/point_lio
[0.116s] -- Up-to-date symlink: /home/adam/ros_ws/install/point_lio/share/point_lio/cmake/ament_cmake_export_dependencies-extras.cmake
[0.116s] -- Up-to-date symlink: /home/adam/ros_ws/install/point_lio/share/point_lio/cmake/point_lioConfig.cmake
[0.116s] -- Up-to-date symlink: /home/adam/ros_ws/install/point_lio/share/point_lio/cmake/point_lioConfig-version.cmake
[0.117s] -- Up-to-date symlink: /home/adam/ros_ws/install/point_lio/share/point_lio/package.xml
[0.119s] Invoked command in '/home/adam/ros_ws/build/point_lio' returned '0': CMAKE_PREFIX_PATH=/home/adam/ros_ws/install/livox_ros_driver2:/home/adam/ros_ws/install/pb2025_nav_bringup:/home/adam/ros_ws/install/terrain_analysis:/home/adam/ros_ws/install/small_gicp_relocalization:/home/adam/ros_ws/install/pb2025_sentry_nav:/home/adam/ros_ws/install/sensor_scan_generation:/home/adam/ros_ws/install/point_lio:/home/adam/ros_ws/install/pb_teleop_twist_joy:/home/adam/ros_ws/install/pb_omni_pid_pursuit_controller:/home/adam/ros_ws/install/pb_nav2_plugins:/home/adam/ros_ws/install/loam_interface:/home/adam/ros_ws/install/ign_sim_pointcloud_tool:/home/adam/ros_ws/install/fake_vel_transform:/home/adam/ros_ws/install/rm_static_tf:/home/adam/ros_ws/install/my_serial_py:/opt/ros/humble LD_LIBRARY_PATH=/home/adam/ros_ws/install/livox_ros_driver2/lib:/home/adam/ros_ws/install/terrain_analysis/lib:/home/adam/ros_ws/install/small_gicp_relocalization/lib:/home/adam/ros_ws/install/sensor_scan_generation/lib:/home/adam/ros_ws/install/pb_teleop_twist_joy/lib:/home/adam/ros_ws/install/pb_omni_pid_pursuit_controller/lib:/home/adam/ros_ws/install/pb_nav2_plugins/lib:/home/adam/ros_ws/install/loam_interface/lib:/home/adam/ros_ws/install/ign_sim_pointcloud_tool/lib:/home/adam/ros_ws/install/fake_vel_transform/lib:/opt/ros/humble/opt/rviz_ogre_vendor/lib:/opt/ros/humble/lib/x86_64-linux-gnu:/opt/ros/humble/lib /usr/bin/cmake --install /home/adam/ros_ws/build/point_lio
