[0.053s] Invoking command in '/home/adam/ros_ws/build/pb2025_sentry_nav': AMENT_PREFIX_PATH=/home/adam/ros_ws/install/sensor_scan_generation:/home/adam/ros_ws/install/loam_interface:/home/adam/ros_ws/install/ign_sim_pointcloud_tool:/home/adam/ros_ws/install/fake_vel_transform:${AMENT_PREFIX_PATH} CMAKE_PREFIX_PATH=/home/adam/ros_ws/install/sensor_scan_generation:/home/adam/ros_ws/install/loam_interface:/home/adam/ros_ws/install/ign_sim_pointcloud_tool:/home/adam/ros_ws/install/fake_vel_transform:/opt/ros/humble LD_LIBRARY_PATH=/home/adam/ros_ws/install/sensor_scan_generation/lib:/home/adam/ros_ws/install/loam_interface/lib:/home/adam/ros_ws/install/ign_sim_pointcloud_tool/lib:/home/adam/ros_ws/install/fake_vel_transform/lib:${LD_LIBRARY_PATH} /usr/bin/cmake /home/adam/ros_ws/src/pb2025_sentry_nav/pb2025_sentry_nav -DCMAKE_BUILD_TYPE=Release -DAMENT_CMAKE_SYMLINK_INSTALL=1 -DCMAKE_INSTALL_PREFIX=/home/adam/ros_ws/install/pb2025_sentry_nav
[0.198s] -- The C compiler identification is GNU 11.4.0
[0.335s] -- The CXX compiler identification is GNU 11.4.0
[0.350s] -- Detecting C compiler ABI info
[0.562s] -- Detecting C compiler ABI info - done
[0.579s] -- Check for working C compiler: /usr/bin/cc - skipped
[0.583s] -- Detecting C compile features
[0.583s] -- Detecting C compile features - done
[0.588s] -- Detecting CXX compiler ABI info
[0.772s] -- Detecting CXX compiler ABI info - done
[0.793s] -- Check for working CXX compiler: /usr/bin/c++ - skipped
[0.793s] -- Detecting CXX compile features
[0.794s] -- Detecting CXX compile features - done
[0.801s] -- Found ament_cmake_auto: 1.3.11 (/opt/ros/humble/share/ament_cmake_auto/cmake)
[1.100s] -- Found Python3: /usr/bin/python3 (found version "3.10.12") found components: Interpreter 
[1.183s] -- Override CMake install command with custom implementation using symlinks instead of copying resources
[1.232s] -- Found ament_lint_auto: 0.12.11 (/opt/ros/humble/share/ament_lint_auto/cmake)
[1.462s] -- Added test 'lint_cmake' to check CMake code style
[1.463s] -- Added test 'xmllint' to check XML markup files
[1.473s] -- Configuring done
[1.473s] -- Generating done
[1.478s] -- Build files have been written to: /home/adam/ros_ws/build/pb2025_sentry_nav
[1.496s] Invoked command in '/home/adam/ros_ws/build/pb2025_sentry_nav' returned '0': AMENT_PREFIX_PATH=/home/adam/ros_ws/install/sensor_scan_generation:/home/adam/ros_ws/install/loam_interface:/home/adam/ros_ws/install/ign_sim_pointcloud_tool:/home/adam/ros_ws/install/fake_vel_transform:${AMENT_PREFIX_PATH} CMAKE_PREFIX_PATH=/home/adam/ros_ws/install/sensor_scan_generation:/home/adam/ros_ws/install/loam_interface:/home/adam/ros_ws/install/ign_sim_pointcloud_tool:/home/adam/ros_ws/install/fake_vel_transform:/opt/ros/humble LD_LIBRARY_PATH=/home/adam/ros_ws/install/sensor_scan_generation/lib:/home/adam/ros_ws/install/loam_interface/lib:/home/adam/ros_ws/install/ign_sim_pointcloud_tool/lib:/home/adam/ros_ws/install/fake_vel_transform/lib:${LD_LIBRARY_PATH} /usr/bin/cmake /home/adam/ros_ws/src/pb2025_sentry_nav/pb2025_sentry_nav -DCMAKE_BUILD_TYPE=Release -DAMENT_CMAKE_SYMLINK_INSTALL=1 -DCMAKE_INSTALL_PREFIX=/home/adam/ros_ws/install/pb2025_sentry_nav
[1.496s] Invoking command in '/home/adam/ros_ws/build/pb2025_sentry_nav': AMENT_PREFIX_PATH=/home/adam/ros_ws/install/sensor_scan_generation:/home/adam/ros_ws/install/loam_interface:/home/adam/ros_ws/install/ign_sim_pointcloud_tool:/home/adam/ros_ws/install/fake_vel_transform:${AMENT_PREFIX_PATH} CMAKE_PREFIX_PATH=/home/adam/ros_ws/install/sensor_scan_generation:/home/adam/ros_ws/install/loam_interface:/home/adam/ros_ws/install/ign_sim_pointcloud_tool:/home/adam/ros_ws/install/fake_vel_transform:/opt/ros/humble LD_LIBRARY_PATH=/home/adam/ros_ws/install/sensor_scan_generation/lib:/home/adam/ros_ws/install/loam_interface/lib:/home/adam/ros_ws/install/ign_sim_pointcloud_tool/lib:/home/adam/ros_ws/install/fake_vel_transform/lib:${LD_LIBRARY_PATH} /usr/bin/cmake --build /home/adam/ros_ws/build/pb2025_sentry_nav -- -j8 -l8
[1.596s] Invoked command in '/home/adam/ros_ws/build/pb2025_sentry_nav' returned '0': AMENT_PREFIX_PATH=/home/adam/ros_ws/install/sensor_scan_generation:/home/adam/ros_ws/install/loam_interface:/home/adam/ros_ws/install/ign_sim_pointcloud_tool:/home/adam/ros_ws/install/fake_vel_transform:${AMENT_PREFIX_PATH} CMAKE_PREFIX_PATH=/home/adam/ros_ws/install/sensor_scan_generation:/home/adam/ros_ws/install/loam_interface:/home/adam/ros_ws/install/ign_sim_pointcloud_tool:/home/adam/ros_ws/install/fake_vel_transform:/opt/ros/humble LD_LIBRARY_PATH=/home/adam/ros_ws/install/sensor_scan_generation/lib:/home/adam/ros_ws/install/loam_interface/lib:/home/adam/ros_ws/install/ign_sim_pointcloud_tool/lib:/home/adam/ros_ws/install/fake_vel_transform/lib:${LD_LIBRARY_PATH} /usr/bin/cmake --build /home/adam/ros_ws/build/pb2025_sentry_nav -- -j8 -l8
[1.596s] Invoking command in '/home/adam/ros_ws/build/pb2025_sentry_nav': AMENT_PREFIX_PATH=/home/adam/ros_ws/install/sensor_scan_generation:/home/adam/ros_ws/install/loam_interface:/home/adam/ros_ws/install/ign_sim_pointcloud_tool:/home/adam/ros_ws/install/fake_vel_transform:${AMENT_PREFIX_PATH} CMAKE_PREFIX_PATH=/home/adam/ros_ws/install/sensor_scan_generation:/home/adam/ros_ws/install/loam_interface:/home/adam/ros_ws/install/ign_sim_pointcloud_tool:/home/adam/ros_ws/install/fake_vel_transform:/opt/ros/humble LD_LIBRARY_PATH=/home/adam/ros_ws/install/sensor_scan_generation/lib:/home/adam/ros_ws/install/loam_interface/lib:/home/adam/ros_ws/install/ign_sim_pointcloud_tool/lib:/home/adam/ros_ws/install/fake_vel_transform/lib:${LD_LIBRARY_PATH} /usr/bin/cmake --install /home/adam/ros_ws/build/pb2025_sentry_nav
[1.605s] -- Install configuration: "Release"
[1.609s] -- Execute custom install script
[1.611s] -- Symlinking: /home/adam/ros_ws/install/pb2025_sentry_nav/share/ament_index/resource_index/package_run_dependencies/pb2025_sentry_nav
[1.632s] -- Symlinking: /home/adam/ros_ws/install/pb2025_sentry_nav/share/ament_index/resource_index/parent_prefix_path/pb2025_sentry_nav
[1.655s] -- Symlinking: /home/adam/ros_ws/install/pb2025_sentry_nav/share/pb2025_sentry_nav/environment/ament_prefix_path.sh
[1.675s] -- Symlinking: /home/adam/ros_ws/install/pb2025_sentry_nav/share/pb2025_sentry_nav/environment/ament_prefix_path.dsv
[1.700s] -- Symlinking: /home/adam/ros_ws/install/pb2025_sentry_nav/share/pb2025_sentry_nav/environment/path.sh
[1.720s] -- Symlinking: /home/adam/ros_ws/install/pb2025_sentry_nav/share/pb2025_sentry_nav/environment/path.dsv
[1.744s] -- Symlinking: /home/adam/ros_ws/install/pb2025_sentry_nav/share/pb2025_sentry_nav/local_setup.bash
[1.762s] -- Symlinking: /home/adam/ros_ws/install/pb2025_sentry_nav/share/pb2025_sentry_nav/local_setup.sh
[1.784s] -- Symlinking: /home/adam/ros_ws/install/pb2025_sentry_nav/share/pb2025_sentry_nav/local_setup.zsh
[1.802s] -- Symlinking: /home/adam/ros_ws/install/pb2025_sentry_nav/share/pb2025_sentry_nav/local_setup.dsv
[1.825s] -- Symlinking: /home/adam/ros_ws/install/pb2025_sentry_nav/share/pb2025_sentry_nav/package.dsv
[1.846s] -- Symlinking: /home/adam/ros_ws/install/pb2025_sentry_nav/share/ament_index/resource_index/packages/pb2025_sentry_nav
[1.868s] -- Symlinking: /home/adam/ros_ws/install/pb2025_sentry_nav/share/pb2025_sentry_nav/cmake/pb2025_sentry_navConfig.cmake
[1.886s] -- Symlinking: /home/adam/ros_ws/install/pb2025_sentry_nav/share/pb2025_sentry_nav/cmake/pb2025_sentry_navConfig-version.cmake
[1.908s] -- Symlinking: /home/adam/ros_ws/install/pb2025_sentry_nav/share/pb2025_sentry_nav/package.xml
[1.928s] Invoked command in '/home/adam/ros_ws/build/pb2025_sentry_nav' returned '0': AMENT_PREFIX_PATH=/home/adam/ros_ws/install/sensor_scan_generation:/home/adam/ros_ws/install/loam_interface:/home/adam/ros_ws/install/ign_sim_pointcloud_tool:/home/adam/ros_ws/install/fake_vel_transform:${AMENT_PREFIX_PATH} CMAKE_PREFIX_PATH=/home/adam/ros_ws/install/sensor_scan_generation:/home/adam/ros_ws/install/loam_interface:/home/adam/ros_ws/install/ign_sim_pointcloud_tool:/home/adam/ros_ws/install/fake_vel_transform:/opt/ros/humble LD_LIBRARY_PATH=/home/adam/ros_ws/install/sensor_scan_generation/lib:/home/adam/ros_ws/install/loam_interface/lib:/home/adam/ros_ws/install/ign_sim_pointcloud_tool/lib:/home/adam/ros_ws/install/fake_vel_transform/lib:${LD_LIBRARY_PATH} /usr/bin/cmake --install /home/adam/ros_ws/build/pb2025_sentry_nav
