[0.045s] Invoking command in '/home/adam/ros_ws1/build/pb_omni_pid_pursuit_controller': CMAKE_PREFIX_PATH=/opt/ros/humble /usr/bin/cmake --build /home/adam/ros_ws1/build/pb_omni_pid_pursuit_controller -- -j8 -l8
[0.176s] [100%] Built target pb_omni_pid_pursuit_controller
[0.197s] Invoked command in '/home/adam/ros_ws1/build/pb_omni_pid_pursuit_controller' returned '0': CMAKE_PREFIX_PATH=/opt/ros/humble /usr/bin/cmake --build /home/adam/ros_ws1/build/pb_omni_pid_pursuit_controller -- -j8 -l8
[0.200s] Invoking command in '/home/adam/ros_ws1/build/pb_omni_pid_pursuit_controller': CMAKE_PREFIX_PATH=/opt/ros/humble /usr/bin/cmake --install /home/adam/ros_ws1/build/pb_omni_pid_pursuit_controller
[0.213s] -- Install configuration: "Release"
[0.213s] -- Execute custom install script
[0.213s] -- Up-to-date symlink: /home/adam/ros_ws1/install/pb_omni_pid_pursuit_controller/share/pb_omni_pid_pursuit_controller//pb_omni_pid_pursuit_controller.xml
[0.213s] -- Up-to-date symlink: /home/adam/ros_ws1/install/pb_omni_pid_pursuit_controller/include/pb_omni_pid_pursuit_controller/omni_pid_pursuit_controller.hpp
[0.213s] -- Up-to-date symlink: /home/adam/ros_ws1/install/pb_omni_pid_pursuit_controller/include/pb_omni_pid_pursuit_controller/pid.hpp
[0.213s] -- Up-to-date symlink: /home/adam/ros_ws1/install/pb_omni_pid_pursuit_controller/share/pb_omni_pid_pursuit_controller/environment/library_path.sh
[0.213s] -- Up-to-date symlink: /home/adam/ros_ws1/install/pb_omni_pid_pursuit_controller/share/pb_omni_pid_pursuit_controller/environment/library_path.dsv
[0.221s] -- Up-to-date symlink: /home/adam/ros_ws1/install/pb_omni_pid_pursuit_controller/lib/libpb_omni_pid_pursuit_controller.so
[0.221s] -- Up-to-date symlink: /home/adam/ros_ws1/install/pb_omni_pid_pursuit_controller/share/ament_index/resource_index/package_run_dependencies/pb_omni_pid_pursuit_controller
[0.221s] -- Up-to-date symlink: /home/adam/ros_ws1/install/pb_omni_pid_pursuit_controller/share/ament_index/resource_index/parent_prefix_path/pb_omni_pid_pursuit_controller
[0.221s] -- Up-to-date symlink: /home/adam/ros_ws1/install/pb_omni_pid_pursuit_controller/share/pb_omni_pid_pursuit_controller/environment/ament_prefix_path.sh
[0.221s] -- Up-to-date symlink: /home/adam/ros_ws1/install/pb_omni_pid_pursuit_controller/share/pb_omni_pid_pursuit_controller/environment/ament_prefix_path.dsv
[0.221s] -- Up-to-date symlink: /home/adam/ros_ws1/install/pb_omni_pid_pursuit_controller/share/pb_omni_pid_pursuit_controller/environment/path.sh
[0.221s] -- Up-to-date symlink: /home/adam/ros_ws1/install/pb_omni_pid_pursuit_controller/share/pb_omni_pid_pursuit_controller/environment/path.dsv
[0.222s] -- Up-to-date symlink: /home/adam/ros_ws1/install/pb_omni_pid_pursuit_controller/share/pb_omni_pid_pursuit_controller/local_setup.bash
[0.222s] -- Up-to-date symlink: /home/adam/ros_ws1/install/pb_omni_pid_pursuit_controller/share/pb_omni_pid_pursuit_controller/local_setup.sh
[0.223s] -- Up-to-date symlink: /home/adam/ros_ws1/install/pb_omni_pid_pursuit_controller/share/pb_omni_pid_pursuit_controller/local_setup.zsh
[0.223s] -- Up-to-date symlink: /home/adam/ros_ws1/install/pb_omni_pid_pursuit_controller/share/pb_omni_pid_pursuit_controller/local_setup.dsv
[0.223s] -- Symlinking: /home/adam/ros_ws1/install/pb_omni_pid_pursuit_controller/share/pb_omni_pid_pursuit_controller/package.dsv
[0.236s] -- Up-to-date symlink: /home/adam/ros_ws1/install/pb_omni_pid_pursuit_controller/share/ament_index/resource_index/packages/pb_omni_pid_pursuit_controller
[0.236s] -- Up-to-date symlink: /home/adam/ros_ws1/install/pb_omni_pid_pursuit_controller/share/ament_index/resource_index/nav2_core__pluginlib__plugin/pb_omni_pid_pursuit_controller
[0.236s] -- Up-to-date symlink: /home/adam/ros_ws1/install/pb_omni_pid_pursuit_controller/share/pb_omni_pid_pursuit_controller/cmake/ament_cmake_export_dependencies-extras.cmake
[0.236s] -- Up-to-date symlink: /home/adam/ros_ws1/install/pb_omni_pid_pursuit_controller/share/pb_omni_pid_pursuit_controller/cmake/ament_cmake_export_include_directories-extras.cmake
[0.236s] -- Up-to-date symlink: /home/adam/ros_ws1/install/pb_omni_pid_pursuit_controller/share/pb_omni_pid_pursuit_controller/cmake/ament_cmake_export_libraries-extras.cmake
[0.236s] -- Up-to-date symlink: /home/adam/ros_ws1/install/pb_omni_pid_pursuit_controller/share/pb_omni_pid_pursuit_controller/cmake/pb_omni_pid_pursuit_controllerConfig.cmake
[0.236s] -- Up-to-date symlink: /home/adam/ros_ws1/install/pb_omni_pid_pursuit_controller/share/pb_omni_pid_pursuit_controller/cmake/pb_omni_pid_pursuit_controllerConfig-version.cmake
[0.237s] -- Up-to-date symlink: /home/adam/ros_ws1/install/pb_omni_pid_pursuit_controller/share/pb_omni_pid_pursuit_controller/package.xml
[0.277s] Invoked command in '/home/adam/ros_ws1/build/pb_omni_pid_pursuit_controller' returned '0': CMAKE_PREFIX_PATH=/opt/ros/humble /usr/bin/cmake --install /home/adam/ros_ws1/build/pb_omni_pid_pursuit_controller
