[0.020s] Invoking command in '/home/adam/ros_ws/build/livox_ros_driver2': CMAKE_PREFIX_PATH=/opt/ros/humble /usr/bin/cmake /home/adam/ros_ws/src/pb2025_sentry_nav/livox_ros_driver2 -DCMAKE_BUILD_TYPE=Release -DAMENT_CMAKE_SYMLINK_INSTALL=1 -DCMAKE_INSTALL_PREFIX=/home/adam/ros_ws/install/livox_ros_driver2
[0.120s] -- The C compiler identification is GNU 11.4.0
[0.224s] -- The CXX compiler identification is GNU 11.4.0
[0.234s] -- Detecting C compiler ABI info
[0.322s] -- Detecting C compiler ABI info - done
[0.343s] -- Check for working C compiler: /usr/bin/cc - skipped
[0.343s] -- Detecting C compile features
[0.343s] -- Detecting C compile features - done
[0.348s] -- Detecting CXX compiler ABI info
[0.497s] -- Detecting CXX compiler ABI info - done
[0.511s] -- Check for working CXX compiler: /usr/bin/c++ - skipped
[0.511s] -- Detecting CXX compile features
[0.512s] -- Detecting CXX compile features - done
[0.514s] -- livox_ros_driver2 version: 1.2.4
[0.519s] -- Found ament_cmake_auto: 1.3.11 (/opt/ros/humble/share/ament_cmake_auto/cmake)
[0.702s] -- Found Python3: /usr/bin/python3 (found version "3.10.12") found components: Interpreter 
[0.780s] -- Override CMake install command with custom implementation using symlinks instead of copying resources
[0.892s] -- Using all available rosidl_typesupport_c: rosidl_typesupport_fastrtps_c;rosidl_typesupport_introspection_c
[0.900s] -- Found rosidl_adapter: 3.1.6 (/opt/ros/humble/share/rosidl_adapter/cmake)
[0.953s] -- Using all available rosidl_typesupport_cpp: rosidl_typesupport_fastrtps_cpp;rosidl_typesupport_introspection_cpp
[1.045s] -- Found rmw_implementation_cmake: 6.1.2 (/opt/ros/humble/share/rmw_implementation_cmake/cmake)
[1.046s] -- Found rmw_fastrtps_cpp: 6.2.7 (/opt/ros/humble/share/rmw_fastrtps_cpp/cmake)
[1.128s] -- Found OpenSSL: /usr/lib/x86_64-linux-gnu/libcrypto.so (found version "3.0.2")  
[1.158s] -- Found FastRTPS: /opt/ros/humble/include  
[1.203s] -- Using RMW implementation 'rmw_fastrtps_cpp' as default
[1.206s] -- Looking for pthread.h
[1.294s] -- Looking for pthread.h - found
[1.295s] -- Performing Test CMAKE_HAVE_LIBC_PTHREAD
[1.380s] -- Performing Test CMAKE_HAVE_LIBC_PTHREAD - Success
[1.381s] -- Found Threads: TRUE  
[1.563s] -- Checking for module 'eigen3'
[1.576s] --   Found eigen3, version 3.4.0
[1.606s] -- Found Eigen: /usr/include/eigen3 (Required is at least version "3.1") 
[1.606s] -- Eigen found (include: /usr/include/eigen3, version: 3.4.0)
[1.648s] -- Checking for module 'flann'
[1.661s] --   Found flann, version 1.9.1
[1.702s] -- Found FLANN: /usr/lib/x86_64-linux-gnu/libflann_cpp.so  
[1.702s] -- FLANN found (include: /usr/include, lib: /usr/lib/x86_64-linux-gnu/libflann_cpp.so)
[3.252s] -- Checking for module 'libusb-1.0'
[3.278s] --   Found libusb-1.0, version 1.0.25
[3.352s] -- Found libusb: /usr/lib/x86_64-linux-gnu/libusb-1.0.so  
[3.355s] -- OpenNI found (version: 1.5.4.0, include: /usr/include/ni, lib: /usr/lib/libOpenNI.so;libusb::libusb)
[3.476s] -- OpenNI2 found (version: 2.2.0.33, include: /usr/include/openni2, lib: /usr/lib/x86_64-linux-gnu/libOpenNI2.so;libusb::libusb)
[3.763s] -- Eigen found (include: /usr/include/eigen3, version: 3.4.0)
[3.781s] -- OpenNI found (version: 1.5.4.0, include: /usr/include/ni, lib: /usr/lib/libOpenNI.so;libusb::libusb)
[3.802s] -- OpenNI2 found (version: 2.2.0.33, include: /usr/include/openni2, lib: /usr/lib/x86_64-linux-gnu/libOpenNI2.so;libusb::libusb)
[4.223s] -- Found Qhull version 8.0.2
[4.654s] -- OpenNI found (version: 1.5.4.0, include: /usr/include/ni, lib: /usr/lib/libOpenNI.so;libusb::libusb)
[5.063s] -- Found PCL_COMMON: /usr/lib/x86_64-linux-gnu/libpcl_common.so  
[5.069s] -- Found PCL_KDTREE: /usr/lib/x86_64-linux-gnu/libpcl_kdtree.so  
[5.070s] -- Found PCL_OCTREE: /usr/lib/x86_64-linux-gnu/libpcl_octree.so  
[5.072s] -- Found PCL_SEARCH: /usr/lib/x86_64-linux-gnu/libpcl_search.so  
[5.078s] -- Found PCL_SAMPLE_CONSENSUS: /usr/lib/x86_64-linux-gnu/libpcl_sample_consensus.so  
[5.083s] -- Found PCL_FILTERS: /usr/lib/x86_64-linux-gnu/libpcl_filters.so  
[5.083s] -- Found PCL_2D: /usr/include/pcl-1.12  
[5.084s] -- Found PCL_GEOMETRY: /usr/include/pcl-1.12  
[5.089s] -- Found PCL_IO: /usr/lib/x86_64-linux-gnu/libpcl_io.so  
[5.095s] -- Found PCL_FEATURES: /usr/lib/x86_64-linux-gnu/libpcl_features.so  
[5.099s] -- Found PCL_ML: /usr/lib/x86_64-linux-gnu/libpcl_ml.so  
[5.105s] -- Found PCL_SEGMENTATION: /usr/lib/x86_64-linux-gnu/libpcl_segmentation.so  
[5.107s] -- Found PCL_VISUALIZATION: /usr/lib/x86_64-linux-gnu/libpcl_visualization.so  
[5.113s] -- Found PCL_SURFACE: /usr/lib/x86_64-linux-gnu/libpcl_surface.so  
[5.113s] -- Found PCL_REGISTRATION: /usr/lib/x86_64-linux-gnu/libpcl_registration.so  
[5.121s] -- Found PCL_KEYPOINTS: /usr/lib/x86_64-linux-gnu/libpcl_keypoints.so  
[5.123s] -- Found PCL_TRACKING: /usr/lib/x86_64-linux-gnu/libpcl_tracking.so  
[5.129s] -- Found PCL_RECOGNITION: /usr/lib/x86_64-linux-gnu/libpcl_recognition.so  
[5.136s] -- Found PCL_STEREO: /usr/lib/x86_64-linux-gnu/libpcl_stereo.so  
[5.143s] -- Found PCL_APPS: /usr/lib/x86_64-linux-gnu/libpcl_apps.so  
[5.143s] -- Found PCL_IN_HAND_SCANNER: /usr/include/pcl-1.12  
[5.143s] -- Found PCL_MODELER: /usr/include/pcl-1.12  
[5.144s] -- Found PCL_POINT_CLOUD_EDITOR: /usr/include/pcl-1.12  
[5.152s] -- Found PCL_OUTOFCORE: /usr/lib/x86_64-linux-gnu/libpcl_outofcore.so  
[5.152s] -- Found PCL_PEOPLE: /usr/lib/x86_64-linux-gnu/libpcl_people.so  
[5.249s] -- Found PkgConfig: /usr/bin/pkg-config (found version "0.29.2") 
[5.779s] -- Found ament_cmake_ros: 0.10.0 (/opt/ros/humble/share/ament_cmake_ros/cmake)
[6.338s] -- Using all available rosidl_typesupport_c: rosidl_typesupport_fastrtps_c;rosidl_typesupport_introspection_c
[7.034s] -- Using all available rosidl_typesupport_cpp: rosidl_typesupport_fastrtps_cpp;rosidl_typesupport_introspection_cpp
[7.096s] -- Found PythonInterp: /usr/bin/python3 (found suitable version "3.10.12", minimum required is "3.6") 
[7.101s] -- Found python_cmake_module: 0.10.0 (/opt/ros/humble/share/python_cmake_module/cmake)
[7.165s] -- Found PythonLibs: /usr/lib/x86_64-linux-gnu/libpython3.10.so (found suitable version "3.10.12", minimum required is "3.5") 
[7.166s] -- Using PYTHON_EXECUTABLE: /usr/bin/python3
[7.166s] -- Using PYTHON_INCLUDE_DIRS: /usr/include/python3.10
[7.166s] -- Using PYTHON_LIBRARIES: /usr/lib/x86_64-linux-gnu/libpython3.10.so
[7.226s] -- Found PythonExtra: .so  
[7.395s] -- Found ament_lint_auto: 0.12.11 (/opt/ros/humble/share/ament_lint_auto/cmake)
[7.428s] -- Added test 'copyright' to check source files copyright and LICENSE
[7.442s] -- Added test 'cppcheck' to perform static code analysis on C / C++ code
[7.450s] -- Configured cppcheck include dirs: /home/adam/ros_ws/src/pb2025_sentry_nav/livox_ros_driver2/Livox-SDK2/include;/home/adam/ros_ws/src/pb2025_sentry_nav/livox_ros_driver2/3rdparty;/home/adam/ros_ws/src/pb2025_sentry_nav/livox_ros_driver2/src
[7.450s] -- Configured cppcheck exclude dirs and/or files: 
[7.457s] -- Added test 'cpplint' to check C / C++ code against the Google style
[7.457s] -- Configured cpplint exclude dirs and/or files: 
[7.458s] -- Added test 'flake8' to check Python code syntax and style conventions
[7.465s] -- Added test 'lint_cmake' to check CMake code style
[7.466s] -- Added test 'pep257' to check Python code against some of the docstring style conventions in PEP 257
[7.478s] -- Added test 'uncrustify' to check C / C++ code style
[7.478s] -- Configured uncrustify additional arguments: 
[7.480s] -- Added test 'xmllint' to check XML markup files
[7.487s] -- Configuring done
[7.678s] -- Generating done
[7.735s] -- Build files have been written to: /home/adam/ros_ws/build/livox_ros_driver2
[7.805s] Invoked command in '/home/adam/ros_ws/build/livox_ros_driver2' returned '0': CMAKE_PREFIX_PATH=/opt/ros/humble /usr/bin/cmake /home/adam/ros_ws/src/pb2025_sentry_nav/livox_ros_driver2 -DCMAKE_BUILD_TYPE=Release -DAMENT_CMAKE_SYMLINK_INSTALL=1 -DCMAKE_INSTALL_PREFIX=/home/adam/ros_ws/install/livox_ros_driver2
[7.809s] Invoking command in '/home/adam/ros_ws/build/livox_ros_driver2': CMAKE_PREFIX_PATH=/opt/ros/humble /usr/bin/cmake --build /home/adam/ros_ws/build/livox_ros_driver2 -- -j8 -l8
[33.684s] [  1%] [34m[1mGenerating C code for ROS interfaces[0m
[33.686s] [  3%] Built target ament_cmake_python_symlink_livox_ros_driver2
[33.686s] [  3%] [32mBuilding CXX object CMakeFiles/livox_ros_driver2_node.dir/rclcpp_components/node_main_livox_ros_driver2_node.cpp.o[0m
[33.686s] [  5%] [34m[1mGenerating C++ code for ROS interfaces[0m
[33.686s] running egg_info
[33.686s] creating livox_ros_driver2.egg-info
[33.686s] writing livox_ros_driver2.egg-info/PKG-INFO
[33.686s] writing dependency_links to livox_ros_driver2.egg-info/dependency_links.txt
[33.686s] writing top-level names to livox_ros_driver2.egg-info/top_level.txt
[33.686s] writing manifest file 'livox_ros_driver2.egg-info/SOURCES.txt'
[33.686s] reading manifest file 'livox_ros_driver2.egg-info/SOURCES.txt'
[33.686s] writing manifest file 'livox_ros_driver2.egg-info/SOURCES.txt'
[33.686s] [  5%] Built target ament_cmake_python_build_livox_ros_driver2_egg
[33.686s] [  7%] [32mBuilding C object CMakeFiles/livox_interfaces2__rosidl_generator_c.dir/rosidl_generator_c/livox_ros_driver2/msg/detail/custom_point__functions.c.o[0m
[33.686s] [  8%] [32mBuilding C object CMakeFiles/livox_interfaces2__rosidl_generator_c.dir/rosidl_generator_c/livox_ros_driver2/msg/detail/custom_msg__functions.c.o[0m
[33.686s] [  8%] Built target livox_interfaces2__cpp
[33.687s] [ 10%] [32m[1mLinking C shared library liblivox_ros_driver2__rosidl_generator_c.so[0m
[33.687s] [ 12%] [34m[1mGenerating C++ type support for eProsima Fast-RTPS[0m
[33.687s] [ 14%] [34m[1mGenerating C++ introspection for ROS interfaces[0m
[33.688s] [ 15%] [34m[1mGenerating C++ type support dispatch for ROS interfaces[0m
[33.688s] [ 15%] Built target livox_interfaces2__rosidl_generator_c
[33.688s] [ 17%] [34m[1mGenerating C type support for eProsima Fast-RTPS[0m
[33.688s] [ 19%] [34m[1mGenerating C introspection for ROS interfaces[0m
[33.688s] [ 21%] [34m[1mGenerating C type support dispatch for ROS interfaces[0m
[33.688s] [ 24%] [32mBuilding CXX object CMakeFiles/livox_interfaces2__rosidl_typesupport_fastrtps_cpp.dir/rosidl_typesupport_fastrtps_cpp/livox_ros_driver2/msg/detail/dds_fastrtps/custom_point__type_support.cpp.o[0m
[33.688s] [ 24%] [32mBuilding CXX object CMakeFiles/livox_interfaces2__rosidl_typesupport_fastrtps_cpp.dir/rosidl_typesupport_fastrtps_cpp/livox_ros_driver2/msg/detail/dds_fastrtps/custom_msg__type_support.cpp.o[0m
[33.688s] [ 26%] [32mBuilding CXX object CMakeFiles/livox_interfaces2__rosidl_typesupport_cpp.dir/rosidl_typesupport_cpp/livox_ros_driver2/msg/custom_point__type_support.cpp.o[0m
[33.688s] [ 28%] [32mBuilding CXX object CMakeFiles/livox_interfaces2__rosidl_typesupport_c.dir/rosidl_typesupport_c/livox_ros_driver2/msg/custom_point__type_support.cpp.o[0m
[33.688s] [ 29%] [32mBuilding C object CMakeFiles/livox_interfaces2__rosidl_typesupport_introspection_c.dir/rosidl_typesupport_introspection_c/livox_ros_driver2/msg/detail/custom_point__type_support.c.o[0m
[33.688s] [ 31%] [32mBuilding CXX object CMakeFiles/livox_interfaces2__rosidl_typesupport_c.dir/rosidl_typesupport_c/livox_ros_driver2/msg/custom_msg__type_support.cpp.o[0m
[33.688s] [ 33%] [32mBuilding CXX object CMakeFiles/livox_interfaces2__rosidl_typesupport_introspection_cpp.dir/rosidl_typesupport_introspection_cpp/livox_ros_driver2/msg/detail/custom_point__type_support.cpp.o[0m
[33.688s] [ 35%] [32mBuilding C object CMakeFiles/livox_interfaces2__rosidl_typesupport_introspection_c.dir/rosidl_typesupport_introspection_c/livox_ros_driver2/msg/detail/custom_msg__type_support.c.o[0m
[33.688s] [ 36%] [32m[1mLinking CXX shared library liblivox_ros_driver2__rosidl_typesupport_c.so[0m
[33.688s] [ 38%] [32m[1mLinking C shared library liblivox_ros_driver2__rosidl_typesupport_introspection_c.so[0m
[33.688s] [ 38%] Built target livox_interfaces2__rosidl_typesupport_c
[33.688s] [ 40%] [32mBuilding CXX object CMakeFiles/livox_interfaces2__rosidl_typesupport_introspection_cpp.dir/rosidl_typesupport_introspection_cpp/livox_ros_driver2/msg/detail/custom_msg__type_support.cpp.o[0m
[33.689s] [ 40%] Built target livox_interfaces2__rosidl_typesupport_introspection_c
[33.689s] [ 42%] [32mBuilding CXX object CMakeFiles/livox_interfaces2__rosidl_typesupport_cpp.dir/rosidl_typesupport_cpp/livox_ros_driver2/msg/custom_msg__type_support.cpp.o[0m
[33.689s] [ 43%] [32mBuilding CXX object CMakeFiles/livox_interfaces2__rosidl_typesupport_fastrtps_c.dir/rosidl_typesupport_fastrtps_c/livox_ros_driver2/msg/detail/custom_point__type_support_c.cpp.o[0m
[33.689s] [ 45%] [32mBuilding CXX object CMakeFiles/livox_interfaces2__rosidl_typesupport_fastrtps_c.dir/rosidl_typesupport_fastrtps_c/livox_ros_driver2/msg/detail/custom_msg__type_support_c.cpp.o[0m
[33.689s] [ 47%] [32m[1mLinking CXX shared library liblivox_ros_driver2__rosidl_typesupport_fastrtps_cpp.so[0m
[33.689s] [ 49%] [32m[1mLinking CXX shared library liblivox_ros_driver2__rosidl_typesupport_cpp.so[0m
[33.689s] [ 49%] Built target livox_interfaces2__rosidl_typesupport_cpp
[33.689s] [ 50%] [32mBuilding CXX object CMakeFiles/livox_ros_driver2.dir/src/livox_ros_driver2.cpp.o[0m
[33.689s] [ 52%] [32mBuilding CXX object CMakeFiles/livox_ros_driver2.dir/src/lddc.cpp.o[0m
[33.689s] [ 54%] [32mBuilding CXX object CMakeFiles/livox_ros_driver2.dir/src/driver_node.cpp.o[0m
[33.689s] [ 54%] Built target livox_interfaces2__rosidl_typesupport_fastrtps_cpp
[33.689s] [ 56%] [32mBuilding CXX object CMakeFiles/livox_ros_driver2.dir/src/lds.cpp.o[0m
[33.689s] [ 57%] [32mBuilding CXX object CMakeFiles/livox_ros_driver2.dir/src/lds_lidar.cpp.o[0m
[33.689s] [ 59%] [32m[1mLinking CXX shared library liblivox_ros_driver2__rosidl_typesupport_introspection_cpp.so[0m
[33.689s] [ 61%] [32m[1mLinking CXX shared library liblivox_ros_driver2__rosidl_typesupport_fastrtps_c.so[0m
[33.689s] [ 61%] Built target livox_interfaces2__rosidl_typesupport_introspection_cpp
[33.689s] [ 63%] [32mBuilding CXX object CMakeFiles/livox_ros_driver2.dir/src/comm/comm.cpp.o[0m
[33.689s] [ 63%] Built target livox_interfaces2__rosidl_typesupport_fastrtps_c
[33.689s] [ 63%] Built target livox_interfaces2
[33.690s] [ 64%] [32mBuilding CXX object CMakeFiles/livox_ros_driver2.dir/src/comm/ldq.cpp.o[0m
[33.690s] [ 66%] [32mBuilding CXX object CMakeFiles/livox_ros_driver2.dir/src/comm/semaphore.cpp.o[0m
[33.690s] [ 68%] [32mBuilding CXX object CMakeFiles/livox_ros_driver2.dir/src/comm/lidar_imu_data_queue.cpp.o[0m
[33.691s] [ 70%] [32mBuilding CXX object CMakeFiles/livox_ros_driver2.dir/src/comm/cache_index.cpp.o[0m
[33.691s] [ 71%] [34m[1mGenerating Python code for ROS interfaces[0m
[33.692s] [ 73%] [32mBuilding CXX object CMakeFiles/livox_ros_driver2.dir/src/comm/pub_handler.cpp.o[0m
[33.692s] [ 75%] [32mBuilding CXX object CMakeFiles/livox_ros_driver2.dir/src/parse_cfg_file/parse_cfg_file.cpp.o[0m
[33.692s] [ 77%] [32mBuilding CXX object CMakeFiles/livox_ros_driver2.dir/src/parse_cfg_file/parse_livox_lidar_cfg.cpp.o[0m
[33.692s] [ 77%] Built target livox_interfaces2__py
[33.692s] [ 78%] [32mBuilding CXX object CMakeFiles/livox_ros_driver2.dir/src/call_back/lidar_common_callback.cpp.o[0m
[33.693s] [ 80%] [32m[1mLinking CXX executable livox_ros_driver2_node[0m
[33.693s] [ 80%] Built target livox_ros_driver2_node
[33.693s] [ 82%] [32mBuilding C object CMakeFiles/livox_interfaces2__rosidl_generator_py.dir/rosidl_generator_py/livox_ros_driver2/msg/_custom_point_s.c.o[0m
[33.693s] [ 84%] [32mBuilding C object CMakeFiles/livox_interfaces2__rosidl_generator_py.dir/rosidl_generator_py/livox_ros_driver2/msg/_custom_msg_s.c.o[0m
[33.693s] [ 85%] [32m[1mLinking C shared library rosidl_generator_py/livox_ros_driver2/liblivox_interfaces2__rosidl_generator_py.so[0m
[33.693s] [ 85%] Built target livox_interfaces2__rosidl_generator_py
[33.693s] [ 87%] [32mBuilding C object CMakeFiles/livox_ros_driver2__rosidl_typesupport_fastrtps_c__pyext.dir/rosidl_generator_py/livox_ros_driver2/_livox_ros_driver2_s.ep.rosidl_typesupport_fastrtps_c.c.o[0m
[33.693s] [ 89%] [32mBuilding CXX object CMakeFiles/livox_ros_driver2.dir/src/call_back/livox_lidar_callback.cpp.o[0m
[33.693s] [ 91%] [32m[1mLinking C shared library rosidl_generator_py/livox_ros_driver2/livox_ros_driver2_s__rosidl_typesupport_fastrtps_c.cpython-310-x86_64-linux-gnu.so[0m
[33.693s] [ 91%] Built target livox_ros_driver2__rosidl_typesupport_fastrtps_c__pyext
[33.693s] [ 92%] [32mBuilding C object CMakeFiles/livox_ros_driver2__rosidl_typesupport_introspection_c__pyext.dir/rosidl_generator_py/livox_ros_driver2/_livox_ros_driver2_s.ep.rosidl_typesupport_introspection_c.c.o[0m
[33.693s] [ 94%] [32mBuilding C object CMakeFiles/livox_ros_driver2__rosidl_typesupport_c__pyext.dir/rosidl_generator_py/livox_ros_driver2/_livox_ros_driver2_s.ep.rosidl_typesupport_c.c.o[0m
[33.693s] [ 96%] [32m[1mLinking C shared library rosidl_generator_py/livox_ros_driver2/livox_ros_driver2_s__rosidl_typesupport_introspection_c.cpython-310-x86_64-linux-gnu.so[0m
[33.693s] [ 98%] [32m[1mLinking C shared library rosidl_generator_py/livox_ros_driver2/livox_ros_driver2_s__rosidl_typesupport_c.cpython-310-x86_64-linux-gnu.so[0m
[33.693s] [ 98%] Built target livox_ros_driver2__rosidl_typesupport_introspection_c__pyext
[33.693s] [ 98%] Built target livox_ros_driver2__rosidl_typesupport_c__pyext
[33.693s] [100%] [32m[1mLinking CXX shared library liblivox_ros_driver2.so[0m
[33.694s] [100%] Built target livox_ros_driver2
[33.723s] Invoked command in '/home/adam/ros_ws/build/livox_ros_driver2' returned '0': CMAKE_PREFIX_PATH=/opt/ros/humble /usr/bin/cmake --build /home/adam/ros_ws/build/livox_ros_driver2 -- -j8 -l8
[33.723s] Invoking command in '/home/adam/ros_ws/build/livox_ros_driver2': CMAKE_PREFIX_PATH=/opt/ros/humble /usr/bin/cmake --install /home/adam/ros_ws/build/livox_ros_driver2
[34.086s] -- Install configuration: "Release"
[34.087s] -- Execute custom install script
[34.087s] -- Symlinking: /home/adam/ros_ws/install/livox_ros_driver2/share/ament_index/resource_index/rosidl_interfaces/livox_ros_driver2
[34.087s] -- Symlinking: /home/adam/ros_ws/install/livox_ros_driver2/include/livox_ros_driver2/livox_ros_driver2/msg/custom_msg.h
[34.087s] -- Symlinking: /home/adam/ros_ws/install/livox_ros_driver2/include/livox_ros_driver2/livox_ros_driver2/msg/custom_point.h
[34.087s] -- Symlinking: /home/adam/ros_ws/install/livox_ros_driver2/include/livox_ros_driver2/livox_ros_driver2/msg/detail/custom_msg__functions.h
[34.087s] -- Symlinking: /home/adam/ros_ws/install/livox_ros_driver2/include/livox_ros_driver2/livox_ros_driver2/msg/detail/custom_msg__struct.h
[34.087s] -- Symlinking: /home/adam/ros_ws/install/livox_ros_driver2/include/livox_ros_driver2/livox_ros_driver2/msg/detail/custom_msg__type_support.h
[34.087s] -- Symlinking: /home/adam/ros_ws/install/livox_ros_driver2/include/livox_ros_driver2/livox_ros_driver2/msg/detail/custom_point__functions.h
[34.087s] -- Symlinking: /home/adam/ros_ws/install/livox_ros_driver2/include/livox_ros_driver2/livox_ros_driver2/msg/detail/custom_point__struct.h
[34.087s] -- Symlinking: /home/adam/ros_ws/install/livox_ros_driver2/include/livox_ros_driver2/livox_ros_driver2/msg/detail/custom_point__type_support.h
[34.087s] -- Symlinking: /home/adam/ros_ws/install/livox_ros_driver2/include/livox_ros_driver2/livox_ros_driver2/msg/rosidl_generator_c__visibility_control.h
[34.087s] -- Symlinking: /home/adam/ros_ws/install/livox_ros_driver2/share/livox_ros_driver2/environment/library_path.sh
[34.088s] -- Symlinking: /home/adam/ros_ws/install/livox_ros_driver2/share/livox_ros_driver2/environment/library_path.dsv
[34.088s] -- Symlinking: /home/adam/ros_ws/install/livox_ros_driver2/include/livox_ros_driver2/livox_ros_driver2/msg/detail/custom_msg__rosidl_typesupport_fastrtps_c.h
[34.088s] -- Symlinking: /home/adam/ros_ws/install/livox_ros_driver2/include/livox_ros_driver2/livox_ros_driver2/msg/detail/custom_point__rosidl_typesupport_fastrtps_c.h
[34.088s] -- Symlinking: /home/adam/ros_ws/install/livox_ros_driver2/include/livox_ros_driver2/livox_ros_driver2/msg/rosidl_typesupport_fastrtps_c__visibility_control.h
[34.088s] -- Symlinking: /home/adam/ros_ws/install/livox_ros_driver2/include/livox_ros_driver2/livox_ros_driver2/msg/detail/custom_msg__rosidl_typesupport_introspection_c.h
[34.088s] -- Symlinking: /home/adam/ros_ws/install/livox_ros_driver2/include/livox_ros_driver2/livox_ros_driver2/msg/detail/custom_point__rosidl_typesupport_introspection_c.h
[34.088s] -- Symlinking: /home/adam/ros_ws/install/livox_ros_driver2/include/livox_ros_driver2/livox_ros_driver2/msg/rosidl_typesupport_introspection_c__visibility_control.h
[34.088s] -- Symlinking: /home/adam/ros_ws/install/livox_ros_driver2/include/livox_ros_driver2/livox_ros_driver2/msg/custom_msg.hpp
[34.088s] -- Symlinking: /home/adam/ros_ws/install/livox_ros_driver2/include/livox_ros_driver2/livox_ros_driver2/msg/custom_point.hpp
[34.088s] -- Symlinking: /home/adam/ros_ws/install/livox_ros_driver2/include/livox_ros_driver2/livox_ros_driver2/msg/detail/custom_msg__builder.hpp
[34.088s] -- Symlinking: /home/adam/ros_ws/install/livox_ros_driver2/include/livox_ros_driver2/livox_ros_driver2/msg/detail/custom_msg__struct.hpp
[34.088s] -- Symlinking: /home/adam/ros_ws/install/livox_ros_driver2/include/livox_ros_driver2/livox_ros_driver2/msg/detail/custom_msg__traits.hpp
[34.088s] -- Symlinking: /home/adam/ros_ws/install/livox_ros_driver2/include/livox_ros_driver2/livox_ros_driver2/msg/detail/custom_msg__type_support.hpp
[34.088s] -- Symlinking: /home/adam/ros_ws/install/livox_ros_driver2/include/livox_ros_driver2/livox_ros_driver2/msg/detail/custom_point__builder.hpp
[34.088s] -- Symlinking: /home/adam/ros_ws/install/livox_ros_driver2/include/livox_ros_driver2/livox_ros_driver2/msg/detail/custom_point__struct.hpp
[34.088s] -- Symlinking: /home/adam/ros_ws/install/livox_ros_driver2/include/livox_ros_driver2/livox_ros_driver2/msg/detail/custom_point__traits.hpp
[34.093s] -- Symlinking: /home/adam/ros_ws/install/livox_ros_driver2/include/livox_ros_driver2/livox_ros_driver2/msg/detail/custom_point__type_support.hpp
[34.111s] -- Symlinking: /home/adam/ros_ws/install/livox_ros_driver2/include/livox_ros_driver2/livox_ros_driver2/msg/rosidl_generator_cpp__visibility_control.hpp
[34.117s] -- Symlinking: /home/adam/ros_ws/install/livox_ros_driver2/include/livox_ros_driver2/livox_ros_driver2/msg/detail/custom_msg__rosidl_typesupport_fastrtps_cpp.hpp
[34.130s] -- Symlinking: /home/adam/ros_ws/install/livox_ros_driver2/include/livox_ros_driver2/livox_ros_driver2/msg/detail/custom_point__rosidl_typesupport_fastrtps_cpp.hpp
[34.139s] -- Symlinking: /home/adam/ros_ws/install/livox_ros_driver2/include/livox_ros_driver2/livox_ros_driver2/msg/rosidl_typesupport_fastrtps_cpp__visibility_control.h
[34.153s] -- Symlinking: /home/adam/ros_ws/install/livox_ros_driver2/include/livox_ros_driver2/livox_ros_driver2/msg/detail/custom_msg__rosidl_typesupport_introspection_cpp.hpp
[34.161s] -- Symlinking: /home/adam/ros_ws/install/livox_ros_driver2/include/livox_ros_driver2/livox_ros_driver2/msg/detail/custom_point__rosidl_typesupport_introspection_cpp.hpp
[34.172s] -- Symlinking: /home/adam/ros_ws/install/livox_ros_driver2/share/livox_ros_driver2/environment/pythonpath.sh
[34.191s] -- Symlinking: /home/adam/ros_ws/install/livox_ros_driver2/share/livox_ros_driver2/environment/pythonpath.dsv
[34.219s] -- Symlinking: /home/adam/ros_ws/install/livox_ros_driver2/local/lib/python3.10/dist-packages/livox_ros_driver2-1.1.0-py3.10.egg-info/PKG-INFO
[34.235s] -- Symlinking: /home/adam/ros_ws/install/livox_ros_driver2/local/lib/python3.10/dist-packages/livox_ros_driver2-1.1.0-py3.10.egg-info/SOURCES.txt
[34.243s] -- Symlinking: /home/adam/ros_ws/install/livox_ros_driver2/local/lib/python3.10/dist-packages/livox_ros_driver2-1.1.0-py3.10.egg-info/dependency_links.txt
[34.265s] -- Symlinking: /home/adam/ros_ws/install/livox_ros_driver2/local/lib/python3.10/dist-packages/livox_ros_driver2-1.1.0-py3.10.egg-info/top_level.txt
[34.294s] -- Symlinking: /home/adam/ros_ws/install/livox_ros_driver2/local/lib/python3.10/dist-packages/livox_ros_driver2/__init__.py
[34.311s] -- Symlinking: /home/adam/ros_ws/install/livox_ros_driver2/local/lib/python3.10/dist-packages/livox_ros_driver2/_livox_ros_driver2_s.ep.rosidl_typesupport_c.c
[34.321s] -- Symlinking: /home/adam/ros_ws/install/livox_ros_driver2/local/lib/python3.10/dist-packages/livox_ros_driver2/_livox_ros_driver2_s.ep.rosidl_typesupport_fastrtps_c.c
[34.352s] -- Symlinking: /home/adam/ros_ws/install/livox_ros_driver2/local/lib/python3.10/dist-packages/livox_ros_driver2/_livox_ros_driver2_s.ep.rosidl_typesupport_introspection_c.c
[34.375s] -- Symlinking: /home/adam/ros_ws/install/livox_ros_driver2/local/lib/python3.10/dist-packages/livox_ros_driver2/liblivox_interfaces2__rosidl_generator_py.so
[34.390s] -- Symlinking: /home/adam/ros_ws/install/livox_ros_driver2/local/lib/python3.10/dist-packages/livox_ros_driver2/livox_ros_driver2_s__rosidl_typesupport_c.cpython-310-x86_64-linux-gnu.so
[34.401s] -- Symlinking: /home/adam/ros_ws/install/livox_ros_driver2/local/lib/python3.10/dist-packages/livox_ros_driver2/livox_ros_driver2_s__rosidl_typesupport_fastrtps_c.cpython-310-x86_64-linux-gnu.so
[34.415s] -- Symlinking: /home/adam/ros_ws/install/livox_ros_driver2/local/lib/python3.10/dist-packages/livox_ros_driver2/livox_ros_driver2_s__rosidl_typesupport_introspection_c.cpython-310-x86_64-linux-gnu.so
[34.430s] -- Symlinking: /home/adam/ros_ws/install/livox_ros_driver2/local/lib/python3.10/dist-packages/livox_ros_driver2/msg/__init__.py
[34.441s] -- Symlinking: /home/adam/ros_ws/install/livox_ros_driver2/local/lib/python3.10/dist-packages/livox_ros_driver2/msg/_custom_msg.py
[34.451s] -- Symlinking: /home/adam/ros_ws/install/livox_ros_driver2/local/lib/python3.10/dist-packages/livox_ros_driver2/msg/_custom_msg_s.c
[34.473s] -- Symlinking: /home/adam/ros_ws/install/livox_ros_driver2/local/lib/python3.10/dist-packages/livox_ros_driver2/msg/_custom_point.py
[34.482s] -- Symlinking: /home/adam/ros_ws/install/livox_ros_driver2/local/lib/python3.10/dist-packages/livox_ros_driver2/msg/_custom_point_s.c
[34.494s] -- Up-to-date symlink: /home/adam/ros_ws/install/livox_ros_driver2/local/lib/python3.10/dist-packages/livox_ros_driver2/livox_ros_driver2_s__rosidl_typesupport_fastrtps_c.cpython-310-x86_64-linux-gnu.so
[34.494s] -- Up-to-date symlink: /home/adam/ros_ws/install/livox_ros_driver2/local/lib/python3.10/dist-packages/livox_ros_driver2/livox_ros_driver2_s__rosidl_typesupport_introspection_c.cpython-310-x86_64-linux-gnu.so
[34.495s] -- Up-to-date symlink: /home/adam/ros_ws/install/livox_ros_driver2/local/lib/python3.10/dist-packages/livox_ros_driver2/livox_ros_driver2_s__rosidl_typesupport_c.cpython-310-x86_64-linux-gnu.so
[34.496s] -- Symlinking: /home/adam/ros_ws/install/livox_ros_driver2/share/livox_ros_driver2/msg/CustomPoint.idl
[34.507s] -- Symlinking: /home/adam/ros_ws/install/livox_ros_driver2/share/livox_ros_driver2/msg/CustomMsg.idl
[34.519s] -- Symlinking: /home/adam/ros_ws/install/livox_ros_driver2/share/livox_ros_driver2/msg/CustomPoint.msg
[34.528s] -- Symlinking: /home/adam/ros_ws/install/livox_ros_driver2/share/livox_ros_driver2/msg/CustomMsg.msg
[34.539s] -- Symlinking: /home/adam/ros_ws/install/livox_ros_driver2/lib/livox_ros_driver2/livox_ros_driver2_node
[34.550s] -- Symlinking: /home/adam/ros_ws/install/livox_ros_driver2/lib/liblivox_ros_driver2.so
[34.562s] -- Symlinking: /home/adam/ros_ws/install/livox_ros_driver2/share/livox_ros_driver2/config/HAP_config.json
[34.583s] -- Symlinking: /home/adam/ros_ws/install/livox_ros_driver2/share/livox_ros_driver2/config/MID360_config.json
[34.595s] -- Symlinking: /home/adam/ros_ws/install/livox_ros_driver2/share/livox_ros_driver2/config/display_point_cloud.rviz
[34.614s] -- Symlinking: /home/adam/ros_ws/install/livox_ros_driver2/share/livox_ros_driver2/config/mixed_HAP_MID360_config.json
[34.629s] -- Symlinking: /home/adam/ros_ws/install/livox_ros_driver2/share/livox_ros_driver2/launch/msg_HAP_launch.py
[34.648s] -- Symlinking: /home/adam/ros_ws/install/livox_ros_driver2/share/livox_ros_driver2/launch/msg_MID360_launch.py
[34.659s] -- Symlinking: /home/adam/ros_ws/install/livox_ros_driver2/share/livox_ros_driver2/launch/rviz_HAP_launch.py
[34.686s] -- Symlinking: /home/adam/ros_ws/install/livox_ros_driver2/share/livox_ros_driver2/launch/rviz_MID360_launch.py
[34.692s] -- Symlinking: /home/adam/ros_ws/install/livox_ros_driver2/share/livox_ros_driver2/launch/rviz_mixed.py
[34.702s] -- Symlinking: /home/adam/ros_ws/install/livox_ros_driver2/share/ament_index/resource_index/package_run_dependencies/livox_ros_driver2
[34.714s] -- Symlinking: /home/adam/ros_ws/install/livox_ros_driver2/share/ament_index/resource_index/parent_prefix_path/livox_ros_driver2
[34.724s] -- Symlinking: /home/adam/ros_ws/install/livox_ros_driver2/share/livox_ros_driver2/environment/ament_prefix_path.sh
[34.742s] -- Symlinking: /home/adam/ros_ws/install/livox_ros_driver2/share/livox_ros_driver2/environment/ament_prefix_path.dsv
[34.754s] -- Symlinking: /home/adam/ros_ws/install/livox_ros_driver2/share/livox_ros_driver2/environment/path.sh
[34.772s] -- Symlinking: /home/adam/ros_ws/install/livox_ros_driver2/share/livox_ros_driver2/environment/path.dsv
[34.803s] -- Symlinking: /home/adam/ros_ws/install/livox_ros_driver2/share/livox_ros_driver2/local_setup.bash
[34.828s] -- Symlinking: /home/adam/ros_ws/install/livox_ros_driver2/share/livox_ros_driver2/local_setup.sh
[34.849s] -- Symlinking: /home/adam/ros_ws/install/livox_ros_driver2/share/livox_ros_driver2/local_setup.zsh
[34.861s] -- Symlinking: /home/adam/ros_ws/install/livox_ros_driver2/share/livox_ros_driver2/local_setup.dsv
[34.889s] -- Symlinking: /home/adam/ros_ws/install/livox_ros_driver2/share/livox_ros_driver2/package.dsv
[34.899s] -- Symlinking: /home/adam/ros_ws/install/livox_ros_driver2/share/ament_index/resource_index/packages/livox_ros_driver2
[34.911s] -- Symlinking: /home/adam/ros_ws/install/livox_ros_driver2/share/ament_index/resource_index/rclcpp_components/livox_ros_driver2
[34.924s] -- Symlinking: /home/adam/ros_ws/install/livox_ros_driver2/share/livox_ros_driver2/cmake/rosidl_cmake-extras.cmake
[34.939s] -- Symlinking: /home/adam/ros_ws/install/livox_ros_driver2/share/livox_ros_driver2/cmake/ament_cmake_export_dependencies-extras.cmake
[34.956s] -- Symlinking: /home/adam/ros_ws/install/livox_ros_driver2/share/livox_ros_driver2/cmake/ament_cmake_export_include_directories-extras.cmake
[34.969s] -- Symlinking: /home/adam/ros_ws/install/livox_ros_driver2/share/livox_ros_driver2/cmake/ament_cmake_export_libraries-extras.cmake
[34.986s] -- Symlinking: /home/adam/ros_ws/install/livox_ros_driver2/share/livox_ros_driver2/cmake/ament_cmake_export_targets-extras.cmake
[35.000s] -- Symlinking: /home/adam/ros_ws/install/livox_ros_driver2/share/livox_ros_driver2/cmake/rosidl_cmake_export_typesupport_targets-extras.cmake
[35.025s] -- Symlinking: /home/adam/ros_ws/install/livox_ros_driver2/share/livox_ros_driver2/cmake/rosidl_cmake_export_typesupport_libraries-extras.cmake
[35.044s] -- Symlinking: /home/adam/ros_ws/install/livox_ros_driver2/share/livox_ros_driver2/cmake/livox_ros_driver2Config.cmake
[35.054s] -- Symlinking: /home/adam/ros_ws/install/livox_ros_driver2/share/livox_ros_driver2/cmake/livox_ros_driver2Config-version.cmake
[35.064s] -- Symlinking: /home/adam/ros_ws/install/livox_ros_driver2/share/livox_ros_driver2/package.xml
[35.075s] -- Installing: /home/adam/ros_ws/install/livox_ros_driver2/lib/liblivox_ros_driver2__rosidl_generator_c.so
[35.078s] -- Set runtime path of "/home/adam/ros_ws/install/livox_ros_driver2/lib/liblivox_ros_driver2__rosidl_generator_c.so" to ""
[35.082s] -- Installing: /home/adam/ros_ws/install/livox_ros_driver2/lib/liblivox_ros_driver2__rosidl_typesupport_fastrtps_c.so
[35.083s] -- Set runtime path of "/home/adam/ros_ws/install/livox_ros_driver2/lib/liblivox_ros_driver2__rosidl_typesupport_fastrtps_c.so" to ""
[35.083s] -- Installing: /home/adam/ros_ws/install/livox_ros_driver2/lib/liblivox_ros_driver2__rosidl_typesupport_introspection_c.so
[35.083s] -- Set runtime path of "/home/adam/ros_ws/install/livox_ros_driver2/lib/liblivox_ros_driver2__rosidl_typesupport_introspection_c.so" to ""
[35.083s] -- Installing: /home/adam/ros_ws/install/livox_ros_driver2/lib/liblivox_ros_driver2__rosidl_typesupport_c.so
[35.083s] -- Set runtime path of "/home/adam/ros_ws/install/livox_ros_driver2/lib/liblivox_ros_driver2__rosidl_typesupport_c.so" to ""
[35.083s] -- Installing: /home/adam/ros_ws/install/livox_ros_driver2/lib/liblivox_ros_driver2__rosidl_typesupport_fastrtps_cpp.so
[35.083s] -- Set runtime path of "/home/adam/ros_ws/install/livox_ros_driver2/lib/liblivox_ros_driver2__rosidl_typesupport_fastrtps_cpp.so" to ""
[35.083s] -- Installing: /home/adam/ros_ws/install/livox_ros_driver2/lib/liblivox_ros_driver2__rosidl_typesupport_introspection_cpp.so
[35.084s] -- Set runtime path of "/home/adam/ros_ws/install/livox_ros_driver2/lib/liblivox_ros_driver2__rosidl_typesupport_introspection_cpp.so" to ""
[35.084s] -- Installing: /home/adam/ros_ws/install/livox_ros_driver2/lib/liblivox_ros_driver2__rosidl_typesupport_cpp.so
[35.084s] -- Set runtime path of "/home/adam/ros_ws/install/livox_ros_driver2/lib/liblivox_ros_driver2__rosidl_typesupport_cpp.so" to ""
[35.148s] Listing '/home/adam/ros_ws/install/livox_ros_driver2/local/lib/python3.10/dist-packages/livox_ros_driver2'...
[35.148s] Compiling '/home/adam/ros_ws/install/livox_ros_driver2/local/lib/python3.10/dist-packages/livox_ros_driver2/__init__.py'...
[35.148s] Listing '/home/adam/ros_ws/install/livox_ros_driver2/local/lib/python3.10/dist-packages/livox_ros_driver2/msg'...
[35.148s] Compiling '/home/adam/ros_ws/install/livox_ros_driver2/local/lib/python3.10/dist-packages/livox_ros_driver2/msg/__init__.py'...
[35.148s] Compiling '/home/adam/ros_ws/install/livox_ros_driver2/local/lib/python3.10/dist-packages/livox_ros_driver2/msg/_custom_msg.py'...
[35.148s] Compiling '/home/adam/ros_ws/install/livox_ros_driver2/local/lib/python3.10/dist-packages/livox_ros_driver2/msg/_custom_point.py'...
[35.164s] -- Installing: /home/adam/ros_ws/install/livox_ros_driver2/lib/liblivox_interfaces2__rosidl_generator_py.so
[35.164s] -- Set runtime path of "/home/adam/ros_ws/install/livox_ros_driver2/lib/liblivox_interfaces2__rosidl_generator_py.so" to ""
[35.164s] -- Installing: /home/adam/ros_ws/install/livox_ros_driver2/share/livox_ros_driver2/cmake/export_livox_interfaces2__rosidl_generator_cExport.cmake
[35.164s] -- Installing: /home/adam/ros_ws/install/livox_ros_driver2/share/livox_ros_driver2/cmake/export_livox_interfaces2__rosidl_generator_cExport-release.cmake
[35.164s] -- Installing: /home/adam/ros_ws/install/livox_ros_driver2/share/livox_ros_driver2/cmake/export_livox_interfaces2__rosidl_typesupport_fastrtps_cExport.cmake
[35.164s] -- Installing: /home/adam/ros_ws/install/livox_ros_driver2/share/livox_ros_driver2/cmake/export_livox_interfaces2__rosidl_typesupport_fastrtps_cExport-release.cmake
[35.164s] -- Installing: /home/adam/ros_ws/install/livox_ros_driver2/share/livox_ros_driver2/cmake/livox_interfaces2__rosidl_typesupport_introspection_cExport.cmake
[35.164s] -- Installing: /home/adam/ros_ws/install/livox_ros_driver2/share/livox_ros_driver2/cmake/livox_interfaces2__rosidl_typesupport_introspection_cExport-release.cmake
[35.164s] -- Installing: /home/adam/ros_ws/install/livox_ros_driver2/share/livox_ros_driver2/cmake/livox_interfaces2__rosidl_typesupport_cExport.cmake
[35.164s] -- Installing: /home/adam/ros_ws/install/livox_ros_driver2/share/livox_ros_driver2/cmake/livox_interfaces2__rosidl_typesupport_cExport-release.cmake
[35.165s] -- Installing: /home/adam/ros_ws/install/livox_ros_driver2/share/livox_ros_driver2/cmake/export_livox_interfaces2__rosidl_generator_cppExport.cmake
[35.165s] -- Installing: /home/adam/ros_ws/install/livox_ros_driver2/share/livox_ros_driver2/cmake/export_livox_interfaces2__rosidl_typesupport_fastrtps_cppExport.cmake
[35.165s] -- Installing: /home/adam/ros_ws/install/livox_ros_driver2/share/livox_ros_driver2/cmake/export_livox_interfaces2__rosidl_typesupport_fastrtps_cppExport-release.cmake
[35.165s] -- Installing: /home/adam/ros_ws/install/livox_ros_driver2/share/livox_ros_driver2/cmake/livox_interfaces2__rosidl_typesupport_introspection_cppExport.cmake
[35.165s] -- Installing: /home/adam/ros_ws/install/livox_ros_driver2/share/livox_ros_driver2/cmake/livox_interfaces2__rosidl_typesupport_introspection_cppExport-release.cmake
[35.165s] -- Installing: /home/adam/ros_ws/install/livox_ros_driver2/share/livox_ros_driver2/cmake/livox_interfaces2__rosidl_typesupport_cppExport.cmake
[35.165s] -- Installing: /home/adam/ros_ws/install/livox_ros_driver2/share/livox_ros_driver2/cmake/livox_interfaces2__rosidl_typesupport_cppExport-release.cmake
[35.165s] -- Installing: /home/adam/ros_ws/install/livox_ros_driver2/share/livox_ros_driver2/cmake/export_livox_interfaces2__rosidl_generator_pyExport.cmake
[35.165s] -- Installing: /home/adam/ros_ws/install/livox_ros_driver2/share/livox_ros_driver2/cmake/export_livox_interfaces2__rosidl_generator_pyExport-release.cmake
[35.168s] Invoked command in '/home/adam/ros_ws/build/livox_ros_driver2' returned '0': CMAKE_PREFIX_PATH=/opt/ros/humble /usr/bin/cmake --install /home/adam/ros_ws/build/livox_ros_driver2
