[0.138s] Invoking command in '/home/adam/ros_ws1/build/small_gicp_relocalization': CMAKE_PREFIX_PATH=${CMAKE_PREFIX_PATH}:/home/adam/ros_ws1/install/rm_static_tf:/home/adam/ros_ws1/install/my_serial_py:/home/adam/ros_ws1/install/my_nav_controller:/opt/ros/humble /usr/bin/cmake --build /home/adam/ros_ws1/build/small_gicp_relocalization -- -j8 -l8
[0.307s] [35m[1mConsolidate compiler generated dependencies of target small_gicp_relocalization[0m
[0.341s] [35m[1mConsolidate compiler generated dependencies of target small_gicp_relocalization_node[0m
[0.378s] [ 50%] Built target small_gicp_relocalization_node
[0.394s] [100%] Built target small_gicp_relocalization
[0.924s] Invoked command in '/home/adam/ros_ws1/build/small_gicp_relocalization' returned '0': CMAKE_PREFIX_PATH=${CMAKE_PREFIX_PATH}:/home/adam/ros_ws1/install/rm_static_tf:/home/adam/ros_ws1/install/my_serial_py:/home/adam/ros_ws1/install/my_nav_controller:/opt/ros/humble /usr/bin/cmake --build /home/adam/ros_ws1/build/small_gicp_relocalization -- -j8 -l8
[0.924s] Invoking command in '/home/adam/ros_ws1/build/small_gicp_relocalization': CMAKE_PREFIX_PATH=${CMAKE_PREFIX_PATH}:/home/adam/ros_ws1/install/rm_static_tf:/home/adam/ros_ws1/install/my_serial_py:/home/adam/ros_ws1/install/my_nav_controller:/opt/ros/humble /usr/bin/cmake --install /home/adam/ros_ws1/build/small_gicp_relocalization
[0.962s] -- Install configuration: "Release"
[0.963s] -- Execute custom install script
[0.963s] -- Up-to-date symlink: /home/adam/ros_ws1/install/small_gicp_relocalization/lib/small_gicp_relocalization/small_gicp_relocalization_node
[0.963s] -- Up-to-date symlink: /home/adam/ros_ws1/install/small_gicp_relocalization/include/small_gicp_relocalization/small_gicp_relocalization.hpp
[0.963s] -- Up-to-date symlink: /home/adam/ros_ws1/install/small_gicp_relocalization/share/small_gicp_relocalization/environment/library_path.sh
[0.963s] -- Up-to-date symlink: /home/adam/ros_ws1/install/small_gicp_relocalization/share/small_gicp_relocalization/environment/library_path.dsv
[0.964s] -- Up-to-date symlink: /home/adam/ros_ws1/install/small_gicp_relocalization/lib/libsmall_gicp_relocalization.so
[0.965s] -- Up-to-date symlink: /home/adam/ros_ws1/install/small_gicp_relocalization/share/small_gicp_relocalization/launch/small_gicp_relocalization_launch.py
[0.966s] -- Up-to-date symlink: /home/adam/ros_ws1/install/small_gicp_relocalization/share/ament_index/resource_index/package_run_dependencies/small_gicp_relocalization
[0.966s] -- Up-to-date symlink: /home/adam/ros_ws1/install/small_gicp_relocalization/share/ament_index/resource_index/parent_prefix_path/small_gicp_relocalization
[0.966s] -- Up-to-date symlink: /home/adam/ros_ws1/install/small_gicp_relocalization/share/small_gicp_relocalization/environment/ament_prefix_path.sh
[0.966s] -- Up-to-date symlink: /home/adam/ros_ws1/install/small_gicp_relocalization/share/small_gicp_relocalization/environment/ament_prefix_path.dsv
[0.966s] -- Up-to-date symlink: /home/adam/ros_ws1/install/small_gicp_relocalization/share/small_gicp_relocalization/environment/path.sh
[0.966s] -- Up-to-date symlink: /home/adam/ros_ws1/install/small_gicp_relocalization/share/small_gicp_relocalization/environment/path.dsv
[0.967s] -- Up-to-date symlink: /home/adam/ros_ws1/install/small_gicp_relocalization/share/small_gicp_relocalization/local_setup.bash
[0.967s] -- Up-to-date symlink: /home/adam/ros_ws1/install/small_gicp_relocalization/share/small_gicp_relocalization/local_setup.sh
[0.967s] -- Up-to-date symlink: /home/adam/ros_ws1/install/small_gicp_relocalization/share/small_gicp_relocalization/local_setup.zsh
[0.967s] -- Up-to-date symlink: /home/adam/ros_ws1/install/small_gicp_relocalization/share/small_gicp_relocalization/local_setup.dsv
[0.967s] -- Symlinking: /home/adam/ros_ws1/install/small_gicp_relocalization/share/small_gicp_relocalization/package.dsv
[0.986s] -- Up-to-date symlink: /home/adam/ros_ws1/install/small_gicp_relocalization/share/ament_index/resource_index/packages/small_gicp_relocalization
[0.986s] -- Up-to-date symlink: /home/adam/ros_ws1/install/small_gicp_relocalization/share/ament_index/resource_index/rclcpp_components/small_gicp_relocalization
[0.986s] -- Up-to-date symlink: /home/adam/ros_ws1/install/small_gicp_relocalization/share/small_gicp_relocalization/cmake/ament_cmake_export_dependencies-extras.cmake
[0.987s] -- Up-to-date symlink: /home/adam/ros_ws1/install/small_gicp_relocalization/share/small_gicp_relocalization/cmake/ament_cmake_export_include_directories-extras.cmake
[0.992s] -- Up-to-date symlink: /home/adam/ros_ws1/install/small_gicp_relocalization/share/small_gicp_relocalization/cmake/ament_cmake_export_libraries-extras.cmake
[0.992s] -- Up-to-date symlink: /home/adam/ros_ws1/install/small_gicp_relocalization/share/small_gicp_relocalization/cmake/small_gicp_relocalizationConfig.cmake
[0.992s] -- Up-to-date symlink: /home/adam/ros_ws1/install/small_gicp_relocalization/share/small_gicp_relocalization/cmake/small_gicp_relocalizationConfig-version.cmake
[0.993s] -- Up-to-date symlink: /home/adam/ros_ws1/install/small_gicp_relocalization/share/small_gicp_relocalization/package.xml
[1.025s] Invoked command in '/home/adam/ros_ws1/build/small_gicp_relocalization' returned '0': CMAKE_PREFIX_PATH=${CMAKE_PREFIX_PATH}:/home/adam/ros_ws1/install/rm_static_tf:/home/adam/ros_ws1/install/my_serial_py:/home/adam/ros_ws1/install/my_nav_controller:/opt/ros/humble /usr/bin/cmake --install /home/adam/ros_ws1/build/small_gicp_relocalization
