[0.022s] Invoking command in '/home/adam/ros_ws/build/pb_teleop_twist_joy': CMAKE_PREFIX_PATH=/opt/ros/humble /usr/bin/cmake /home/adam/ros_ws/src/pb2025_sentry_nav/pb_teleop_twist_joy -DCMAKE_BUILD_TYPE=Release -DAMENT_CMAKE_SYMLINK_INSTALL=1 -DCMAKE_INSTALL_PREFIX=/home/adam/ros_ws/install/pb_teleop_twist_joy
[2.117s] -- The C compiler identification is GNU 11.4.0
[2.117s] -- The CXX compiler identification is GNU 11.4.0
[2.117s] -- Detecting C compiler ABI info
[2.117s] -- Detecting C compiler ABI info - done
[2.117s] -- Check for working C compiler: /usr/bin/cc - skipped
[2.117s] -- Detecting C compile features
[2.118s] -- Detecting C compile features - done
[2.118s] -- Detecting CXX compiler ABI info
[2.118s] -- Detecting CXX compiler ABI info - done
[2.118s] -- Check for working CXX compiler: /usr/bin/c++ - skipped
[2.118s] -- Detecting CXX compile features
[2.118s] -- Detecting CXX compile features - done
[2.118s] -- Found ament_cmake_auto: 1.3.11 (/opt/ros/humble/share/ament_cmake_auto/cmake)
[2.118s] -- Found Python3: /usr/bin/python3 (found version "3.10.12") found components: Interpreter 
[2.118s] -- Override CMake install command with custom implementation using symlinks instead of copying resources
[2.118s] -- Found rosidl_generator_c: 3.1.6 (/opt/ros/humble/share/rosidl_generator_c/cmake)
[2.118s] -- Found rosidl_adapter: 3.1.6 (/opt/ros/humble/share/rosidl_adapter/cmake)
[2.118s] -- Found rosidl_generator_cpp: 3.1.6 (/opt/ros/humble/share/rosidl_generator_cpp/cmake)
[2.118s] -- Using all available rosidl_typesupport_c: rosidl_typesupport_fastrtps_c;rosidl_typesupport_introspection_c
[2.118s] -- Using all available rosidl_typesupport_cpp: rosidl_typesupport_fastrtps_cpp;rosidl_typesupport_introspection_cpp
[2.118s] -- Found rmw_implementation_cmake: 6.1.2 (/opt/ros/humble/share/rmw_implementation_cmake/cmake)
[2.118s] -- Found rmw_fastrtps_cpp: 6.2.7 (/opt/ros/humble/share/rmw_fastrtps_cpp/cmake)
[2.119s] -- Found OpenSSL: /usr/lib/x86_64-linux-gnu/libcrypto.so (found version "3.0.2")  
[2.119s] -- Found FastRTPS: /opt/ros/humble/include  
[2.119s] -- Using RMW implementation 'rmw_fastrtps_cpp' as default
[2.119s] -- Looking for pthread.h
[2.119s] -- Looking for pthread.h - found
[2.119s] -- Performing Test CMAKE_HAVE_LIBC_PTHREAD
[2.119s] -- Performing Test CMAKE_HAVE_LIBC_PTHREAD - Success
[2.119s] -- Found Threads: TRUE  
[2.120s] -- Found eigen3_cmake_module: 0.1.1 (/opt/ros/humble/share/eigen3_cmake_module/cmake)
[2.120s] -- Found Eigen3: TRUE (found version "3.4.0") 
[2.120s] -- Ensuring Eigen3 include directory is part of orocos-kdl CMake target
[2.120s] -- Found ament_lint_auto: 0.12.11 (/opt/ros/humble/share/ament_lint_auto/cmake)
[2.120s] -- Added test 'copyright' to check source files copyright and LICENSE
[2.120s] -- Added test 'cppcheck' to perform static code analysis on C / C++ code
[2.120s] -- Configured cppcheck include dirs: /home/adam/ros_ws/src/pb2025_sentry_nav/pb_teleop_twist_joy/include
[2.120s] -- Configured cppcheck exclude dirs and/or files: 
[2.120s] -- Added test 'cpplint' to check C / C++ code against the Google style
[2.120s] -- Configured cpplint exclude dirs and/or files: 
[2.120s] -- Added test 'lint_cmake' to check CMake code style
[2.120s] -- Added test 'pep257' to check Python code against some of the docstring style conventions in PEP 257
[2.127s] -- Added test 'xmllint' to check XML markup files
[2.127s] -- Added test 'clang_format' to check C / C++ code style
[2.127s] -- Added test 'black' to check Python code style
[2.127s] -- Configuring done
[2.127s] -- Generating done
[2.127s] -- Build files have been written to: /home/adam/ros_ws/build/pb_teleop_twist_joy
[2.128s] Invoked command in '/home/adam/ros_ws/build/pb_teleop_twist_joy' returned '0': CMAKE_PREFIX_PATH=/opt/ros/humble /usr/bin/cmake /home/adam/ros_ws/src/pb2025_sentry_nav/pb_teleop_twist_joy -DCMAKE_BUILD_TYPE=Release -DAMENT_CMAKE_SYMLINK_INSTALL=1 -DCMAKE_INSTALL_PREFIX=/home/adam/ros_ws/install/pb_teleop_twist_joy
[2.128s] Invoking command in '/home/adam/ros_ws/build/pb_teleop_twist_joy': CMAKE_PREFIX_PATH=/opt/ros/humble /usr/bin/cmake --build /home/adam/ros_ws/build/pb_teleop_twist_joy -- -j8 -l8
[4.909s] [ 25%] [32mBuilding CXX object CMakeFiles/pb_teleop_twist_joy.dir/src/pb_teleop_twist_joy.cpp.o[0m
[4.909s] [ 50%] [32mBuilding CXX object CMakeFiles/pb_teleop_twist_joy_node.dir/rclcpp_components/node_main_pb_teleop_twist_joy_node.cpp.o[0m
[7.654s] [ 75%] [32m[1mLinking CXX executable pb_teleop_twist_joy_node[0m
[7.848s] [ 75%] Built target pb_teleop_twist_joy_node
[33.959s] [100%] [32m[1mLinking CXX shared library libpb_teleop_twist_joy.so[0m
[34.271s] [100%] Built target pb_teleop_twist_joy
[34.303s] Invoked command in '/home/adam/ros_ws/build/pb_teleop_twist_joy' returned '0': CMAKE_PREFIX_PATH=/opt/ros/humble /usr/bin/cmake --build /home/adam/ros_ws/build/pb_teleop_twist_joy -- -j8 -l8
[34.304s] Invoking command in '/home/adam/ros_ws/build/pb_teleop_twist_joy': CMAKE_PREFIX_PATH=/opt/ros/humble /usr/bin/cmake --install /home/adam/ros_ws/build/pb_teleop_twist_joy
[35.671s] -- Install configuration: "Release"
[35.671s] -- Execute custom install script
[35.671s] -- Symlinking: /home/adam/ros_ws/install/pb_teleop_twist_joy/lib/pb_teleop_twist_joy/pb_teleop_twist_joy_node
[35.671s] -- Symlinking: /home/adam/ros_ws/install/pb_teleop_twist_joy/include/pb_teleop_twist_joy/pb_teleop_twist_joy.hpp
[35.671s] -- Symlinking: /home/adam/ros_ws/install/pb_teleop_twist_joy/share/pb_teleop_twist_joy/environment/library_path.sh
[35.671s] -- Symlinking: /home/adam/ros_ws/install/pb_teleop_twist_joy/share/pb_teleop_twist_joy/environment/library_path.dsv
[35.671s] -- Symlinking: /home/adam/ros_ws/install/pb_teleop_twist_joy/lib/libpb_teleop_twist_joy.so
[35.671s] -- Symlinking: /home/adam/ros_ws/install/pb_teleop_twist_joy/share/pb_teleop_twist_joy/config/xbox.config.yaml
[35.671s] -- Symlinking: /home/adam/ros_ws/install/pb_teleop_twist_joy/share/pb_teleop_twist_joy/launch/pb_teleop_twist_joy_launch.py
[35.672s] -- Symlinking: /home/adam/ros_ws/install/pb_teleop_twist_joy/share/ament_index/resource_index/package_run_dependencies/pb_teleop_twist_joy
[35.672s] -- Symlinking: /home/adam/ros_ws/install/pb_teleop_twist_joy/share/ament_index/resource_index/parent_prefix_path/pb_teleop_twist_joy
[35.672s] -- Symlinking: /home/adam/ros_ws/install/pb_teleop_twist_joy/share/pb_teleop_twist_joy/environment/ament_prefix_path.sh
[35.672s] -- Symlinking: /home/adam/ros_ws/install/pb_teleop_twist_joy/share/pb_teleop_twist_joy/environment/ament_prefix_path.dsv
[35.672s] -- Symlinking: /home/adam/ros_ws/install/pb_teleop_twist_joy/share/pb_teleop_twist_joy/environment/path.sh
[35.672s] -- Symlinking: /home/adam/ros_ws/install/pb_teleop_twist_joy/share/pb_teleop_twist_joy/environment/path.dsv
[35.672s] -- Symlinking: /home/adam/ros_ws/install/pb_teleop_twist_joy/share/pb_teleop_twist_joy/local_setup.bash
[35.672s] -- Symlinking: /home/adam/ros_ws/install/pb_teleop_twist_joy/share/pb_teleop_twist_joy/local_setup.sh
[35.672s] -- Symlinking: /home/adam/ros_ws/install/pb_teleop_twist_joy/share/pb_teleop_twist_joy/local_setup.zsh
[35.672s] -- Symlinking: /home/adam/ros_ws/install/pb_teleop_twist_joy/share/pb_teleop_twist_joy/local_setup.dsv
[35.672s] -- Symlinking: /home/adam/ros_ws/install/pb_teleop_twist_joy/share/pb_teleop_twist_joy/package.dsv
[35.672s] -- Symlinking: /home/adam/ros_ws/install/pb_teleop_twist_joy/share/ament_index/resource_index/packages/pb_teleop_twist_joy
[35.672s] -- Symlinking: /home/adam/ros_ws/install/pb_teleop_twist_joy/share/ament_index/resource_index/rclcpp_components/pb_teleop_twist_joy
[35.672s] -- Symlinking: /home/adam/ros_ws/install/pb_teleop_twist_joy/share/pb_teleop_twist_joy/cmake/ament_cmake_export_dependencies-extras.cmake
[35.672s] -- Symlinking: /home/adam/ros_ws/install/pb_teleop_twist_joy/share/pb_teleop_twist_joy/cmake/ament_cmake_export_include_directories-extras.cmake
[35.673s] -- Symlinking: /home/adam/ros_ws/install/pb_teleop_twist_joy/share/pb_teleop_twist_joy/cmake/ament_cmake_export_libraries-extras.cmake
[35.673s] -- Symlinking: /home/adam/ros_ws/install/pb_teleop_twist_joy/share/pb_teleop_twist_joy/cmake/pb_teleop_twist_joyConfig.cmake
[35.673s] -- Symlinking: /home/adam/ros_ws/install/pb_teleop_twist_joy/share/pb_teleop_twist_joy/cmake/pb_teleop_twist_joyConfig-version.cmake
[35.673s] -- Symlinking: /home/adam/ros_ws/install/pb_teleop_twist_joy/share/pb_teleop_twist_joy/package.xml
[35.678s] Invoked command in '/home/adam/ros_ws/build/pb_teleop_twist_joy' returned '0': CMAKE_PREFIX_PATH=/opt/ros/humble /usr/bin/cmake --install /home/adam/ros_ws/build/pb_teleop_twist_joy
