[0.047s] Invoking command in '/home/adam/ros_ws1/build/pb_nav2_plugins': CMAKE_PREFIX_PATH=${CMAKE_PREFIX_PATH}:/home/adam/ros_ws1/install/rm_static_tf:/home/adam/ros_ws1/install/my_serial_py:/home/adam/ros_ws1/install/my_nav_controller:/opt/ros/humble /usr/bin/cmake --build /home/adam/ros_ws1/build/pb_nav2_plugins -- -j8 -l8
[0.247s] [ 50%] Built target pb_back_up_frees_space_behavior
[0.336s] [100%] Built target layers
[0.397s] Invoked command in '/home/adam/ros_ws1/build/pb_nav2_plugins' returned '0': CMAKE_PREFIX_PATH=${CMAKE_PREFIX_PATH}:/home/adam/ros_ws1/install/rm_static_tf:/home/adam/ros_ws1/install/my_serial_py:/home/adam/ros_ws1/install/my_nav_controller:/opt/ros/humble /usr/bin/cmake --build /home/adam/ros_ws1/build/pb_nav2_plugins -- -j8 -l8
[0.399s] Invoking command in '/home/adam/ros_ws1/build/pb_nav2_plugins': CMAKE_PREFIX_PATH=${CMAKE_PREFIX_PATH}:/home/adam/ros_ws1/install/rm_static_tf:/home/adam/ros_ws1/install/my_serial_py:/home/adam/ros_ws1/install/my_nav_controller:/opt/ros/humble /usr/bin/cmake --install /home/adam/ros_ws1/build/pb_nav2_plugins
[0.504s] -- Install configuration: "Release"
[0.504s] -- Execute custom install script
[0.504s] -- Up-to-date symlink: /home/adam/ros_ws1/install/pb_nav2_plugins/share/pb_nav2_plugins//behavior_plugin.xml
[0.504s] -- Up-to-date symlink: /home/adam/ros_ws1/install/pb_nav2_plugins/share/pb_nav2_plugins//costmap_plugins.xml
[0.504s] -- Up-to-date symlink: /home/adam/ros_ws1/install/pb_nav2_plugins/include/pb_nav2_plugins/behaviors/back_up_free_space.hpp
[0.504s] -- Up-to-date symlink: /home/adam/ros_ws1/install/pb_nav2_plugins/include/pb_nav2_plugins/layers/intensity_voxel_layer.hpp
[0.504s] -- Up-to-date symlink: /home/adam/ros_ws1/install/pb_nav2_plugins/share/pb_nav2_plugins/environment/library_path.sh
[0.504s] -- Up-to-date symlink: /home/adam/ros_ws1/install/pb_nav2_plugins/share/pb_nav2_plugins/environment/library_path.dsv
[0.504s] -- Up-to-date symlink: /home/adam/ros_ws1/install/pb_nav2_plugins/lib/libpb_back_up_frees_space_behavior.so
[0.504s] -- Up-to-date symlink: /home/adam/ros_ws1/install/pb_nav2_plugins/lib/liblayers.so
[0.504s] -- Up-to-date symlink: /home/adam/ros_ws1/install/pb_nav2_plugins/share/ament_index/resource_index/package_run_dependencies/pb_nav2_plugins
[0.505s] -- Up-to-date symlink: /home/adam/ros_ws1/install/pb_nav2_plugins/share/ament_index/resource_index/parent_prefix_path/pb_nav2_plugins
[0.505s] -- Up-to-date symlink: /home/adam/ros_ws1/install/pb_nav2_plugins/share/pb_nav2_plugins/environment/ament_prefix_path.sh
[0.505s] -- Up-to-date symlink: /home/adam/ros_ws1/install/pb_nav2_plugins/share/pb_nav2_plugins/environment/ament_prefix_path.dsv
[0.505s] -- Up-to-date symlink: /home/adam/ros_ws1/install/pb_nav2_plugins/share/pb_nav2_plugins/environment/path.sh
[0.505s] -- Up-to-date symlink: /home/adam/ros_ws1/install/pb_nav2_plugins/share/pb_nav2_plugins/environment/path.dsv
[0.505s] -- Up-to-date symlink: /home/adam/ros_ws1/install/pb_nav2_plugins/share/pb_nav2_plugins/local_setup.bash
[0.505s] -- Up-to-date symlink: /home/adam/ros_ws1/install/pb_nav2_plugins/share/pb_nav2_plugins/local_setup.sh
[0.505s] -- Up-to-date symlink: /home/adam/ros_ws1/install/pb_nav2_plugins/share/pb_nav2_plugins/local_setup.zsh
[0.505s] -- Up-to-date symlink: /home/adam/ros_ws1/install/pb_nav2_plugins/share/pb_nav2_plugins/local_setup.dsv
[0.505s] -- Symlinking: /home/adam/ros_ws1/install/pb_nav2_plugins/share/pb_nav2_plugins/package.dsv
[0.505s] -- Up-to-date symlink: /home/adam/ros_ws1/install/pb_nav2_plugins/share/ament_index/resource_index/packages/pb_nav2_plugins
[0.505s] -- Up-to-date symlink: /home/adam/ros_ws1/install/pb_nav2_plugins/share/ament_index/resource_index/nav2_core__pluginlib__plugin/pb_nav2_plugins
[0.505s] -- Up-to-date symlink: /home/adam/ros_ws1/install/pb_nav2_plugins/share/ament_index/resource_index/nav2_costmap_2d__pluginlib__plugin/pb_nav2_plugins
[0.505s] -- Up-to-date symlink: /home/adam/ros_ws1/install/pb_nav2_plugins/share/pb_nav2_plugins/cmake/ament_cmake_export_dependencies-extras.cmake
[0.506s] -- Up-to-date symlink: /home/adam/ros_ws1/install/pb_nav2_plugins/share/pb_nav2_plugins/cmake/ament_cmake_export_include_directories-extras.cmake
[0.506s] -- Up-to-date symlink: /home/adam/ros_ws1/install/pb_nav2_plugins/share/pb_nav2_plugins/cmake/ament_cmake_export_libraries-extras.cmake
[0.506s] -- Up-to-date symlink: /home/adam/ros_ws1/install/pb_nav2_plugins/share/pb_nav2_plugins/cmake/pb_nav2_pluginsConfig.cmake
[0.506s] -- Up-to-date symlink: /home/adam/ros_ws1/install/pb_nav2_plugins/share/pb_nav2_plugins/cmake/pb_nav2_pluginsConfig-version.cmake
[0.506s] -- Up-to-date symlink: /home/adam/ros_ws1/install/pb_nav2_plugins/share/pb_nav2_plugins/package.xml
[0.553s] Invoked command in '/home/adam/ros_ws1/build/pb_nav2_plugins' returned '0': CMAKE_PREFIX_PATH=${CMAKE_PREFIX_PATH}:/home/adam/ros_ws1/install/rm_static_tf:/home/adam/ros_ws1/install/my_serial_py:/home/adam/ros_ws1/install/my_nav_controller:/opt/ros/humble /usr/bin/cmake --install /home/adam/ros_ws1/build/pb_nav2_plugins
