[0.027s] Invoking command in '/home/kswlt/Desktop/Nav导航改进/ros_ws/build/small_gicp_relocalization': CMAKE_PREFIX_PATH=/opt/ros/humble /usr/bin/cmake /home/kswlt/Desktop/Nav导航改进/ros_ws/src/pb2025_sentry_nav/small_gicp_relocalization -DCMAKE_BUILD_TYPE=Release -DAMENT_CMAKE_SYMLINK_INSTALL=1 -DCMAKE_INSTALL_PREFIX=/home/kswlt/Desktop/Nav导航改进/ros_ws/install/small_gicp_relocalization
[0.380s] -- The C compiler identification is GNU 11.4.0
[0.380s] -- The CXX compiler identification is GNU 11.4.0
[0.380s] -- Detecting C compiler ABI info
[0.380s] -- Detecting C compiler ABI info - done
[0.380s] -- Check for working C compiler: /usr/bin/cc - skipped
[0.380s] -- Detecting C compile features
[0.381s] -- Detecting C compile features - done
[0.381s] -- Detecting CXX compiler ABI info
[0.381s] -- Detecting CXX compiler ABI info - done
[0.381s] -- Check for working CXX compiler: /usr/bin/c++ - skipped
[0.381s] -- Detecting CXX compile features
[0.381s] -- Detecting CXX compile features - done
[0.381s] -- Found ament_cmake_auto: 1.3.11 (/opt/ros/humble/share/ament_cmake_auto/cmake)
[0.430s] -- Found Python3: /usr/bin/python3 (found version "3.10.12") found components: Interpreter 
[0.475s] -- Override CMake install command with custom implementation using symlinks instead of copying resources
[0.659s] -- Found OpenMP_C: -fopenmp (found version "4.5") 
[0.718s] -- Found OpenMP_CXX: -fopenmp (found version "4.5") 
[0.718s] -- Found OpenMP: TRUE (found version "4.5")  
[0.794s] -- Found rosidl_generator_c: 3.1.6 (/opt/ros/humble/share/rosidl_generator_c/cmake)
[0.797s] -- Found rosidl_adapter: 3.1.6 (/opt/ros/humble/share/rosidl_adapter/cmake)
[0.803s] -- Found rosidl_generator_cpp: 3.1.6 (/opt/ros/humble/share/rosidl_generator_cpp/cmake)
[0.811s] -- Using all available rosidl_typesupport_c: rosidl_typesupport_fastrtps_c;rosidl_typesupport_introspection_c
[0.822s] -- Using all available rosidl_typesupport_cpp: rosidl_typesupport_fastrtps_cpp;rosidl_typesupport_introspection_cpp
[0.851s] -- Found rmw_implementation_cmake: 6.1.2 (/opt/ros/humble/share/rmw_implementation_cmake/cmake)
[0.853s] -- Found rmw_fastrtps_cpp: 6.2.7 (/opt/ros/humble/share/rmw_fastrtps_cpp/cmake)
[0.915s] -- Found OpenSSL: /usr/lib/x86_64-linux-gnu/libcrypto.so (found version "3.0.2")  
[0.937s] -- Found FastRTPS: /opt/ros/humble/include  
[0.966s] -- Using RMW implementation 'rmw_fastrtps_cpp' as default
[0.972s] -- Looking for pthread.h
[1.016s] -- Looking for pthread.h - found
[1.016s] -- Performing Test CMAKE_HAVE_LIBC_PTHREAD
[1.060s] -- Performing Test CMAKE_HAVE_LIBC_PTHREAD - Success
[1.061s] -- Found Threads: TRUE  
[1.213s] -- Checking for module 'eigen3'
[1.223s] --   Found eigen3, version 3.4.0
[1.249s] -- Found Eigen: /usr/include/eigen3 (Required is at least version "3.1") 
[1.249s] -- Eigen found (include: /usr/include/eigen3, version: 3.4.0)
[1.282s] -- Checking for module 'flann'
[1.291s] --   Found flann, version 1.9.1
[1.320s] -- Found FLANN: /usr/lib/x86_64-linux-gnu/libflann_cpp.so  
[1.320s] -- FLANN found (include: /usr/include, lib: /usr/lib/x86_64-linux-gnu/libflann_cpp.so)
[1.959s] -- Checking for module 'libusb-1.0'
[1.968s] --   Found libusb-1.0, version 1.0.25
[1.993s] -- Found libusb: /usr/lib/x86_64-linux-gnu/libusb-1.0.so  
[1.994s] -- OpenNI found (version: 1.5.4.0, include: /usr/include/ni, lib: /usr/lib/libOpenNI.so;libusb::libusb)
[2.029s] -- OpenNI2 found (version: 2.2.0.33, include: /usr/include/openni2, lib: /usr/lib/x86_64-linux-gnu/libOpenNI2.so;libusb::libusb)
[2.144s] -- Eigen found (include: /usr/include/eigen3, version: 3.4.0)
[2.148s] -- OpenNI found (version: 1.5.4.0, include: /usr/include/ni, lib: /usr/lib/libOpenNI.so;libusb::libusb)
[2.152s] -- OpenNI2 found (version: 2.2.0.33, include: /usr/include/openni2, lib: /usr/lib/x86_64-linux-gnu/libOpenNI2.so;libusb::libusb)
[2.251s] -- Found Qhull version 8.0.2
[2.353s] -- OpenNI found (version: 1.5.4.0, include: /usr/include/ni, lib: /usr/lib/libOpenNI.so;libusb::libusb)
[2.452s] -- Found PCL_COMMON: /usr/lib/x86_64-linux-gnu/libpcl_common.so  
[2.452s] -- Found PCL_KDTREE: /usr/lib/x86_64-linux-gnu/libpcl_kdtree.so  
[2.453s] -- Found PCL_OCTREE: /usr/lib/x86_64-linux-gnu/libpcl_octree.so  
[2.454s] -- Found PCL_SEARCH: /usr/lib/x86_64-linux-gnu/libpcl_search.so  
[2.454s] -- Found PCL_SAMPLE_CONSENSUS: /usr/lib/x86_64-linux-gnu/libpcl_sample_consensus.so  
[2.455s] -- Found PCL_FILTERS: /usr/lib/x86_64-linux-gnu/libpcl_filters.so  
[2.455s] -- Found PCL_2D: /usr/include/pcl-1.12  
[2.455s] -- Found PCL_GEOMETRY: /usr/include/pcl-1.12  
[2.456s] -- Found PCL_IO: /usr/lib/x86_64-linux-gnu/libpcl_io.so  
[2.456s] -- Found PCL_FEATURES: /usr/lib/x86_64-linux-gnu/libpcl_features.so  
[2.457s] -- Found PCL_ML: /usr/lib/x86_64-linux-gnu/libpcl_ml.so  
[2.458s] -- Found PCL_SEGMENTATION: /usr/lib/x86_64-linux-gnu/libpcl_segmentation.so  
[2.458s] -- Found PCL_VISUALIZATION: /usr/lib/x86_64-linux-gnu/libpcl_visualization.so  
[2.459s] -- Found PCL_SURFACE: /usr/lib/x86_64-linux-gnu/libpcl_surface.so  
[2.460s] -- Found PCL_REGISTRATION: /usr/lib/x86_64-linux-gnu/libpcl_registration.so  
[2.461s] -- Found PCL_KEYPOINTS: /usr/lib/x86_64-linux-gnu/libpcl_keypoints.so  
[2.461s] -- Found PCL_TRACKING: /usr/lib/x86_64-linux-gnu/libpcl_tracking.so  
[2.462s] -- Found PCL_RECOGNITION: /usr/lib/x86_64-linux-gnu/libpcl_recognition.so  
[2.463s] -- Found PCL_STEREO: /usr/lib/x86_64-linux-gnu/libpcl_stereo.so  
[2.463s] -- Found PCL_APPS: /usr/lib/x86_64-linux-gnu/libpcl_apps.so  
[2.464s] -- Found PCL_IN_HAND_SCANNER: /usr/include/pcl-1.12  
[2.464s] -- Found PCL_MODELER: /usr/include/pcl-1.12  
[2.464s] -- Found PCL_POINT_CLOUD_EDITOR: /usr/include/pcl-1.12  
[2.465s] -- Found PCL_OUTOFCORE: /usr/lib/x86_64-linux-gnu/libpcl_outofcore.so  
[2.465s] -- Found PCL_PEOPLE: /usr/lib/x86_64-linux-gnu/libpcl_people.so  
[2.474s] -- Found ament_lint_auto: 0.12.12 (/opt/ros/humble/share/ament_lint_auto/cmake)
[2.490s] -- Added test 'copyright' to check source files copyright and LICENSE
[2.490s] -- Added test 'cppcheck' to perform static code analysis on C / C++ code
[2.491s] -- Configured cppcheck include dirs: /home/kswlt/Desktop/Nav导航改进/ros_ws/src/pb2025_sentry_nav/small_gicp_relocalization/include
[2.491s] -- Configured cppcheck exclude dirs and/or files: 
[2.492s] -- Added test 'cpplint' to check C / C++ code against the Google style
[2.492s] -- Configured cpplint exclude dirs and/or files: 
[2.492s] -- Added test 'lint_cmake' to check CMake code style
[2.492s] -- Added test 'pep257' to check Python code against some of the docstring style conventions in PEP 257
[2.492s] -- Added test 'xmllint' to check XML markup files
[2.493s] -- Added test 'clang_format' to check C / C++ code style
[2.493s] -- Added test 'black' to check Python code style
[2.495s] -- Configuring done
[2.515s] -- Generating done
[2.522s] -- Build files have been written to: /home/kswlt/Desktop/Nav导航改进/ros_ws/build/small_gicp_relocalization
