[0.011s] Invoking command in '/home/adam/ros_ws/build/small_gicp_relocalization': CMAKE_PREFIX_PATH=/opt/ros/humble /usr/bin/cmake /home/adam/ros_ws/src/pb2025_sentry_nav/small_gicp_relocalization -DCMAKE_BUILD_TYPE=Release -DAMENT_CMAKE_SYMLINK_INSTALL=1 -DCMAKE_INSTALL_PREFIX=/home/adam/ros_ws/install/small_gicp_relocalization
[0.579s] -- The C compiler identification is GNU 11.4.0
[0.579s] -- The CXX compiler identification is GNU 11.4.0
[0.580s] -- Detecting C compiler ABI info
[0.580s] -- Detecting C compiler ABI info - done
[0.580s] -- Check for working C compiler: /usr/bin/cc - skipped
[0.580s] -- Detecting C compile features
[0.580s] -- Detecting C compile features - done
[0.580s] -- Detecting CXX compiler ABI info
[0.580s] -- Detecting CXX compiler ABI info - done
[0.580s] -- Check for working CXX compiler: /usr/bin/c++ - skipped
[0.580s] -- Detecting CXX compile features
[0.580s] -- Detecting CXX compile features - done
[0.580s] -- Found ament_cmake_auto: 1.3.11 (/opt/ros/humble/share/ament_cmake_auto/cmake)
[0.819s] -- Found Python3: /usr/bin/python3 (found version "3.10.12") found components: Interpreter 
[0.920s] -- Override CMake install command with custom implementation using symlinks instead of copying resources
[1.428s] -- Found OpenMP_C: -fopenmp (found version "4.5") 
[1.563s] -- Found OpenMP_CXX: -fopenmp (found version "4.5") 
[1.563s] -- Found OpenMP: TRUE (found version "4.5")  
[1.721s] -- Found rosidl_generator_c: 3.1.6 (/opt/ros/humble/share/rosidl_generator_c/cmake)
[1.731s] -- Found rosidl_adapter: 3.1.6 (/opt/ros/humble/share/rosidl_adapter/cmake)
[1.741s] -- Found rosidl_generator_cpp: 3.1.6 (/opt/ros/humble/share/rosidl_generator_cpp/cmake)
[1.761s] -- Using all available rosidl_typesupport_c: rosidl_typesupport_fastrtps_c;rosidl_typesupport_introspection_c
[1.783s] -- Using all available rosidl_typesupport_cpp: rosidl_typesupport_fastrtps_cpp;rosidl_typesupport_introspection_cpp
[1.846s] -- Found rmw_implementation_cmake: 6.1.2 (/opt/ros/humble/share/rmw_implementation_cmake/cmake)
[1.852s] -- Found rmw_fastrtps_cpp: 6.2.7 (/opt/ros/humble/share/rmw_fastrtps_cpp/cmake)
[1.975s] -- Found OpenSSL: /usr/lib/x86_64-linux-gnu/libcrypto.so (found version "3.0.2")  
[2.008s] -- Found FastRTPS: /opt/ros/humble/include  
[2.077s] -- Using RMW implementation 'rmw_fastrtps_cpp' as default
[2.090s] -- Looking for pthread.h
[2.218s] -- Looking for pthread.h - found
[2.218s] -- Performing Test CMAKE_HAVE_LIBC_PTHREAD
[2.345s] -- Performing Test CMAKE_HAVE_LIBC_PTHREAD - Success
[2.347s] -- Found Threads: TRUE  
[2.638s] -- Checking for module 'eigen3'
[2.653s] --   Found eigen3, version 3.4.0
[2.695s] -- Found Eigen: /usr/include/eigen3 (Required is at least version "3.1") 
[2.695s] -- Eigen found (include: /usr/include/eigen3, version: 3.4.0)
[2.733s] -- Checking for module 'flann'
[2.755s] --   Found flann, version 1.9.1
[2.816s] -- Found FLANN: /usr/lib/x86_64-linux-gnu/libflann_cpp.so  
[2.816s] -- FLANN found (include: /usr/include, lib: /usr/lib/x86_64-linux-gnu/libflann_cpp.so)
[3.932s] -- Checking for module 'libusb-1.0'
[3.960s] --   Found libusb-1.0, version 1.0.25
[4.001s] -- Found libusb: /usr/lib/x86_64-linux-gnu/libusb-1.0.so  
[4.002s] -- OpenNI found (version: 1.5.4.0, include: /usr/include/ni, lib: /usr/lib/libOpenNI.so;libusb::libusb)
[4.081s] -- OpenNI2 found (version: 2.2.0.33, include: /usr/include/openni2, lib: /usr/lib/x86_64-linux-gnu/libOpenNI2.so;libusb::libusb)
[4.265s] -- Eigen found (include: /usr/include/eigen3, version: 3.4.0)
[4.271s] -- OpenNI found (version: 1.5.4.0, include: /usr/include/ni, lib: /usr/lib/libOpenNI.so;libusb::libusb)
[4.276s] -- OpenNI2 found (version: 2.2.0.33, include: /usr/include/openni2, lib: /usr/lib/x86_64-linux-gnu/libOpenNI2.so;libusb::libusb)
[4.473s] -- Found Qhull version 8.0.2
[4.686s] -- OpenNI found (version: 1.5.4.0, include: /usr/include/ni, lib: /usr/lib/libOpenNI.so;libusb::libusb)
[4.899s] -- Found PCL_COMMON: /usr/lib/x86_64-linux-gnu/libpcl_common.so  
[4.899s] -- Found PCL_KDTREE: /usr/lib/x86_64-linux-gnu/libpcl_kdtree.so  
[4.900s] -- Found PCL_OCTREE: /usr/lib/x86_64-linux-gnu/libpcl_octree.so  
[4.902s] -- Found PCL_SEARCH: /usr/lib/x86_64-linux-gnu/libpcl_search.so  
[4.904s] -- Found PCL_SAMPLE_CONSENSUS: /usr/lib/x86_64-linux-gnu/libpcl_sample_consensus.so  
[4.906s] -- Found PCL_FILTERS: /usr/lib/x86_64-linux-gnu/libpcl_filters.so  
[4.912s] -- Found PCL_2D: /usr/include/pcl-1.12  
[4.919s] -- Found PCL_GEOMETRY: /usr/include/pcl-1.12  
[4.929s] -- Found PCL_IO: /usr/lib/x86_64-linux-gnu/libpcl_io.so  
[4.929s] -- Found PCL_FEATURES: /usr/lib/x86_64-linux-gnu/libpcl_features.so  
[4.931s] -- Found PCL_ML: /usr/lib/x86_64-linux-gnu/libpcl_ml.so  
[4.931s] -- Found PCL_SEGMENTATION: /usr/lib/x86_64-linux-gnu/libpcl_segmentation.so  
[4.932s] -- Found PCL_VISUALIZATION: /usr/lib/x86_64-linux-gnu/libpcl_visualization.so  
[4.932s] -- Found PCL_SURFACE: /usr/lib/x86_64-linux-gnu/libpcl_surface.so  
[4.932s] -- Found PCL_REGISTRATION: /usr/lib/x86_64-linux-gnu/libpcl_registration.so  
[4.939s] -- Found PCL_KEYPOINTS: /usr/lib/x86_64-linux-gnu/libpcl_keypoints.so  
[4.939s] -- Found PCL_TRACKING: /usr/lib/x86_64-linux-gnu/libpcl_tracking.so  
[4.939s] -- Found PCL_RECOGNITION: /usr/lib/x86_64-linux-gnu/libpcl_recognition.so  
[4.939s] -- Found PCL_STEREO: /usr/lib/x86_64-linux-gnu/libpcl_stereo.so  
[4.939s] -- Found PCL_APPS: /usr/lib/x86_64-linux-gnu/libpcl_apps.so  
[4.939s] -- Found PCL_IN_HAND_SCANNER: /usr/include/pcl-1.12  
[4.939s] -- Found PCL_MODELER: /usr/include/pcl-1.12  
[4.939s] -- Found PCL_POINT_CLOUD_EDITOR: /usr/include/pcl-1.12  
[4.939s] -- Found PCL_OUTOFCORE: /usr/lib/x86_64-linux-gnu/libpcl_outofcore.so  
[4.939s] -- Found PCL_PEOPLE: /usr/lib/x86_64-linux-gnu/libpcl_people.so  
[4.956s] -- Found ament_lint_auto: 0.12.11 (/opt/ros/humble/share/ament_lint_auto/cmake)
[4.983s] -- Added test 'copyright' to check source files copyright and LICENSE
[4.985s] -- Added test 'cppcheck' to perform static code analysis on C / C++ code
[4.988s] -- Configured cppcheck include dirs: /home/adam/ros_ws/src/pb2025_sentry_nav/small_gicp_relocalization/include
[4.988s] -- Configured cppcheck exclude dirs and/or files: 
[4.988s] -- Added test 'cpplint' to check C / C++ code against the Google style
[4.988s] -- Configured cpplint exclude dirs and/or files: 
[4.988s] -- Added test 'lint_cmake' to check CMake code style
[4.989s] -- Added test 'pep257' to check Python code against some of the docstring style conventions in PEP 257
[4.989s] -- Added test 'xmllint' to check XML markup files
[4.990s] -- Added test 'clang_format' to check C / C++ code style
[4.993s] -- Added test 'black' to check Python code style
[4.994s] -- Configuring done
[5.040s] -- Generating done
[5.051s] -- Build files have been written to: /home/adam/ros_ws/build/small_gicp_relocalization
[5.268s] Invoked command in '/home/adam/ros_ws/build/small_gicp_relocalization' returned '0': CMAKE_PREFIX_PATH=/opt/ros/humble /usr/bin/cmake /home/adam/ros_ws/src/pb2025_sentry_nav/small_gicp_relocalization -DCMAKE_BUILD_TYPE=Release -DAMENT_CMAKE_SYMLINK_INSTALL=1 -DCMAKE_INSTALL_PREFIX=/home/adam/ros_ws/install/small_gicp_relocalization
[5.270s] Invoking command in '/home/adam/ros_ws/build/small_gicp_relocalization': CMAKE_PREFIX_PATH=/opt/ros/humble /usr/bin/cmake --build /home/adam/ros_ws/build/small_gicp_relocalization -- -j8 -l8
[5.395s] [ 25%] [32mBuilding CXX object CMakeFiles/small_gicp_relocalization_node.dir/rclcpp_components/node_main_small_gicp_relocalization_node.cpp.o[0m
[5.395s] [ 50%] [32mBuilding CXX object CMakeFiles/small_gicp_relocalization.dir/src/small_gicp_relocalization.cpp.o[0m
[12.440s] [ 75%] [32m[1mLinking CXX executable small_gicp_relocalization_node[0m
[12.780s] [ 75%] Built target small_gicp_relocalization_node
[44.457s] [100%] [32m[1mLinking CXX shared library libsmall_gicp_relocalization.so[0m
[44.822s] [100%] Built target small_gicp_relocalization
[44.830s] Invoked command in '/home/adam/ros_ws/build/small_gicp_relocalization' returned '0': CMAKE_PREFIX_PATH=/opt/ros/humble /usr/bin/cmake --build /home/adam/ros_ws/build/small_gicp_relocalization -- -j8 -l8
[44.832s] Invoking command in '/home/adam/ros_ws/build/small_gicp_relocalization': CMAKE_PREFIX_PATH=/opt/ros/humble /usr/bin/cmake --install /home/adam/ros_ws/build/small_gicp_relocalization
[44.837s] -- Install configuration: "Release"
[44.837s] -- Execute custom install script
[44.837s] -- Symlinking: /home/adam/ros_ws/install/small_gicp_relocalization/lib/small_gicp_relocalization/small_gicp_relocalization_node
[44.844s] -- Symlinking: /home/adam/ros_ws/install/small_gicp_relocalization/include/small_gicp_relocalization/small_gicp_relocalization.hpp
[44.850s] -- Symlinking: /home/adam/ros_ws/install/small_gicp_relocalization/share/small_gicp_relocalization/environment/library_path.sh
[44.857s] -- Symlinking: /home/adam/ros_ws/install/small_gicp_relocalization/share/small_gicp_relocalization/environment/library_path.dsv
[44.863s] -- Symlinking: /home/adam/ros_ws/install/small_gicp_relocalization/lib/libsmall_gicp_relocalization.so
[44.869s] -- Symlinking: /home/adam/ros_ws/install/small_gicp_relocalization/share/small_gicp_relocalization/launch/small_gicp_relocalization_launch.py
[44.876s] -- Symlinking: /home/adam/ros_ws/install/small_gicp_relocalization/share/ament_index/resource_index/package_run_dependencies/small_gicp_relocalization
[44.882s] -- Symlinking: /home/adam/ros_ws/install/small_gicp_relocalization/share/ament_index/resource_index/parent_prefix_path/small_gicp_relocalization
[44.889s] -- Symlinking: /home/adam/ros_ws/install/small_gicp_relocalization/share/small_gicp_relocalization/environment/ament_prefix_path.sh
[44.895s] -- Symlinking: /home/adam/ros_ws/install/small_gicp_relocalization/share/small_gicp_relocalization/environment/ament_prefix_path.dsv
[44.901s] -- Symlinking: /home/adam/ros_ws/install/small_gicp_relocalization/share/small_gicp_relocalization/environment/path.sh
[44.907s] -- Symlinking: /home/adam/ros_ws/install/small_gicp_relocalization/share/small_gicp_relocalization/environment/path.dsv
[44.913s] -- Symlinking: /home/adam/ros_ws/install/small_gicp_relocalization/share/small_gicp_relocalization/local_setup.bash
[44.920s] -- Symlinking: /home/adam/ros_ws/install/small_gicp_relocalization/share/small_gicp_relocalization/local_setup.sh
[44.926s] -- Symlinking: /home/adam/ros_ws/install/small_gicp_relocalization/share/small_gicp_relocalization/local_setup.zsh
[44.932s] -- Symlinking: /home/adam/ros_ws/install/small_gicp_relocalization/share/small_gicp_relocalization/local_setup.dsv
[44.938s] -- Symlinking: /home/adam/ros_ws/install/small_gicp_relocalization/share/small_gicp_relocalization/package.dsv
[44.945s] -- Symlinking: /home/adam/ros_ws/install/small_gicp_relocalization/share/ament_index/resource_index/packages/small_gicp_relocalization
[44.951s] -- Symlinking: /home/adam/ros_ws/install/small_gicp_relocalization/share/ament_index/resource_index/rclcpp_components/small_gicp_relocalization
[44.957s] -- Symlinking: /home/adam/ros_ws/install/small_gicp_relocalization/share/small_gicp_relocalization/cmake/ament_cmake_export_dependencies-extras.cmake
[44.964s] -- Symlinking: /home/adam/ros_ws/install/small_gicp_relocalization/share/small_gicp_relocalization/cmake/ament_cmake_export_include_directories-extras.cmake
[44.971s] -- Symlinking: /home/adam/ros_ws/install/small_gicp_relocalization/share/small_gicp_relocalization/cmake/ament_cmake_export_libraries-extras.cmake
[44.977s] -- Symlinking: /home/adam/ros_ws/install/small_gicp_relocalization/share/small_gicp_relocalization/cmake/small_gicp_relocalizationConfig.cmake
[44.983s] -- Symlinking: /home/adam/ros_ws/install/small_gicp_relocalization/share/small_gicp_relocalization/cmake/small_gicp_relocalizationConfig-version.cmake
[44.989s] -- Symlinking: /home/adam/ros_ws/install/small_gicp_relocalization/share/small_gicp_relocalization/package.xml
[44.997s] Invoked command in '/home/adam/ros_ws/build/small_gicp_relocalization' returned '0': CMAKE_PREFIX_PATH=/opt/ros/humble /usr/bin/cmake --install /home/adam/ros_ws/build/small_gicp_relocalization
